ARM GAS  C:\Users\minde\AppData\Local\Temp\ccfwQTPB.s 			page 1


   1              		.cpu cortex-m4
   2              		.arch armv7e-m
   3              		.fpu fpv4-sp-d16
   4              		.eabi_attribute 27, 1
   5              		.eabi_attribute 28, 1
   6              		.eabi_attribute 20, 1
   7              		.eabi_attribute 21, 1
   8              		.eabi_attribute 23, 3
   9              		.eabi_attribute 24, 1
  10              		.eabi_attribute 25, 1
  11              		.eabi_attribute 26, 1
  12              		.eabi_attribute 30, 1
  13              		.eabi_attribute 34, 1
  14              		.eabi_attribute 18, 4
  15              		.file	"EKM_Buffer.c"
  16              		.text
  17              	.Ltext0:
  18              		.cfi_sections	.debug_frame
  19              		.section	.text.EKM_Buffer_Index_Increment,"ax",%progbits
  20              		.align	1
  21              		.syntax unified
  22              		.thumb
  23              		.thumb_func
  25              	EKM_Buffer_Index_Increment:
  26              	.LVL0:
  27              	.LFB5:
  28              		.file 1 "../02_OS/EKM_Buffer/EKM_Buffer.c"
   1:../02_OS/EKM_Buffer/EKM_Buffer.c **** /*
   2:../02_OS/EKM_Buffer/EKM_Buffer.c ****  * EKM_Buffer.c
   3:../02_OS/EKM_Buffer/EKM_Buffer.c ****  *
   4:../02_OS/EKM_Buffer/EKM_Buffer.c ****  *  Created on: Jan 14, 2020
   5:../02_OS/EKM_Buffer/EKM_Buffer.c ****  *      Author: Eakawit
   6:../02_OS/EKM_Buffer/EKM_Buffer.c ****  *      Email: mindek30@gmail.com
   7:../02_OS/EKM_Buffer/EKM_Buffer.c ****  * 
   8:../02_OS/EKM_Buffer/EKM_Buffer.c ****  *  Update on: 03 Jun, 2022
   9:../02_OS/EKM_Buffer/EKM_Buffer.c ****  *      Update :
  10:../02_OS/EKM_Buffer/EKM_Buffer.c ****  *          1. Clear bug increment from EKM_Buffer_Index_Increment function.
  11:../02_OS/EKM_Buffer/EKM_Buffer.c ****  *          2. Clear bug increment from EKM_Buffer_Set_Muti, EKM_Buffer_Get_Muti.
  12:../02_OS/EKM_Buffer/EKM_Buffer.c ****  *          3. Clear bug form EKM_Buffer_Index_Decrement.
  13:../02_OS/EKM_Buffer/EKM_Buffer.c ****  *      Remove :
  14:../02_OS/EKM_Buffer/EKM_Buffer.c ****  *          1. Comment
  15:../02_OS/EKM_Buffer/EKM_Buffer.c ****  *      Add :
  16:../02_OS/EKM_Buffer/EKM_Buffer.c ****  *          1. EKM_Buffer_readline
  17:../02_OS/EKM_Buffer/EKM_Buffer.c ****  *          2. EKM_Buffer_Raw_Reset
  18:../02_OS/EKM_Buffer/EKM_Buffer.c ****  *          3. EKM_Buffer_Raw_set
  19:../02_OS/EKM_Buffer/EKM_Buffer.c ****  * 
  20:../02_OS/EKM_Buffer/EKM_Buffer.c ****  */
  21:../02_OS/EKM_Buffer/EKM_Buffer.c **** 
  22:../02_OS/EKM_Buffer/EKM_Buffer.c **** /*******************************************************************************
  23:../02_OS/EKM_Buffer/EKM_Buffer.c **** *
  24:../02_OS/EKM_Buffer/EKM_Buffer.c **** * INCLUDE
  25:../02_OS/EKM_Buffer/EKM_Buffer.c **** *
  26:../02_OS/EKM_Buffer/EKM_Buffer.c **** ******************************************************************************/
  27:../02_OS/EKM_Buffer/EKM_Buffer.c **** #include <stdio.h>
  28:../02_OS/EKM_Buffer/EKM_Buffer.c **** #include <stdarg.h>
  29:../02_OS/EKM_Buffer/EKM_Buffer.c **** #include <stdint.h>
  30:../02_OS/EKM_Buffer/EKM_Buffer.c **** #include <stdbool.h>
ARM GAS  C:\Users\minde\AppData\Local\Temp\ccfwQTPB.s 			page 2


  31:../02_OS/EKM_Buffer/EKM_Buffer.c **** #include <string.h>
  32:../02_OS/EKM_Buffer/EKM_Buffer.c **** #include "EKM_Buffer.h"
  33:../02_OS/EKM_Buffer/EKM_Buffer.c **** 
  34:../02_OS/EKM_Buffer/EKM_Buffer.c **** /*******************************************************************************
  35:../02_OS/EKM_Buffer/EKM_Buffer.c **** *
  36:../02_OS/EKM_Buffer/EKM_Buffer.c **** * DEFINE
  37:../02_OS/EKM_Buffer/EKM_Buffer.c **** *
  38:../02_OS/EKM_Buffer/EKM_Buffer.c **** ******************************************************************************/
  39:../02_OS/EKM_Buffer/EKM_Buffer.c **** 
  40:../02_OS/EKM_Buffer/EKM_Buffer.c **** /*******************************************************************************
  41:../02_OS/EKM_Buffer/EKM_Buffer.c **** *
  42:../02_OS/EKM_Buffer/EKM_Buffer.c **** * GOBAL VARIABLE
  43:../02_OS/EKM_Buffer/EKM_Buffer.c **** *
  44:../02_OS/EKM_Buffer/EKM_Buffer.c **** ******************************************************************************/
  45:../02_OS/EKM_Buffer/EKM_Buffer.c **** 
  46:../02_OS/EKM_Buffer/EKM_Buffer.c **** /////////////////////////////////// BUFFER SESSION //////////////////////////////////
  47:../02_OS/EKM_Buffer/EKM_Buffer.c **** 
  48:../02_OS/EKM_Buffer/EKM_Buffer.c **** void EKM_Buffer_Setup(EKM_Buffer_t *tmp, uint8_t Size, uint8_t *buffer);
  49:../02_OS/EKM_Buffer/EKM_Buffer.c **** void EKM_Buffer_Reset(EKM_Buffer_t *tmp);
  50:../02_OS/EKM_Buffer/EKM_Buffer.c **** static void EKM_Buffer_Index_Increment(EKM_Buffer_t *tmp);
  51:../02_OS/EKM_Buffer/EKM_Buffer.c **** static void EKM_Buffer_Index_Decrement(EKM_Buffer_t *tmp);
  52:../02_OS/EKM_Buffer/EKM_Buffer.c **** uint8_t EKM_Buffer_Element(EKM_Buffer_t *tmp);
  53:../02_OS/EKM_Buffer/EKM_Buffer.c **** uint8_t EKM_Buffer_Set(EKM_Buffer_t *tmp, uint8_t c);
  54:../02_OS/EKM_Buffer/EKM_Buffer.c **** uint8_t EKM_Buffer_Get(EKM_Buffer_t *tmp, uint8_t *c);
  55:../02_OS/EKM_Buffer/EKM_Buffer.c **** uint8_t EKM_Buffer_Set_Muti(EKM_Buffer_t *tmp, uint8_t *buffer, uint8_t N);
  56:../02_OS/EKM_Buffer/EKM_Buffer.c **** uint8_t EKM_Buffer_Get_Muti(EKM_Buffer_t *tmp, uint8_t *buffer, uint8_t N);
  57:../02_OS/EKM_Buffer/EKM_Buffer.c **** uint8_t EKM_Buffer_Raw_Reset(uint8_t *c, uint8_t *Raw_pointer, uint8_t Size);
  58:../02_OS/EKM_Buffer/EKM_Buffer.c **** uint8_t EKM_Buffer_Raw_set(uint8_t *c, uint8_t Size, uint8_t *Raw_pointer, uint8_t buf);
  59:../02_OS/EKM_Buffer/EKM_Buffer.c **** uint8_t EKM_Buffer_readline(EKM_Buffer_t *tmp, uint8_t *readline, const char *varsplit);
  60:../02_OS/EKM_Buffer/EKM_Buffer.c **** 
  61:../02_OS/EKM_Buffer/EKM_Buffer.c **** /*******************************************************************************
  62:../02_OS/EKM_Buffer/EKM_Buffer.c ****  *
  63:../02_OS/EKM_Buffer/EKM_Buffer.c ****  * PRIVATE VARIABLE
  64:../02_OS/EKM_Buffer/EKM_Buffer.c ****  *
  65:../02_OS/EKM_Buffer/EKM_Buffer.c ****  ******************************************************************************/
  66:../02_OS/EKM_Buffer/EKM_Buffer.c **** 
  67:../02_OS/EKM_Buffer/EKM_Buffer.c **** /////////////////////////////////// BUFFER SESSION //////////////////////////////////
  68:../02_OS/EKM_Buffer/EKM_Buffer.c **** 
  69:../02_OS/EKM_Buffer/EKM_Buffer.c **** /*******************************************************************************
  70:../02_OS/EKM_Buffer/EKM_Buffer.c ****  * Function: EKM_Buffer_Setup
  71:../02_OS/EKM_Buffer/EKM_Buffer.c ****  *
  72:../02_OS/EKM_Buffer/EKM_Buffer.c ****  * Parameters:      -
  73:../02_OS/EKM_Buffer/EKM_Buffer.c ****  * Returned value:  -
  74:../02_OS/EKM_Buffer/EKM_Buffer.c ****  *
  75:../02_OS/EKM_Buffer/EKM_Buffer.c ****  * Description:
  76:../02_OS/EKM_Buffer/EKM_Buffer.c ****  *
  77:../02_OS/EKM_Buffer/EKM_Buffer.c ****  * Calling:
  78:../02_OS/EKM_Buffer/EKM_Buffer.c ****  ******************************************************************************/
  79:../02_OS/EKM_Buffer/EKM_Buffer.c **** void EKM_Buffer_Setup(EKM_Buffer_t *tmp, uint8_t Size, uint8_t *buffer)
  80:../02_OS/EKM_Buffer/EKM_Buffer.c **** {
  81:../02_OS/EKM_Buffer/EKM_Buffer.c ****     if (tmp == ((void *)0))
  82:../02_OS/EKM_Buffer/EKM_Buffer.c ****         return;
  83:../02_OS/EKM_Buffer/EKM_Buffer.c ****     tmp->buffer = buffer;
  84:../02_OS/EKM_Buffer/EKM_Buffer.c ****     tmp->SizeMax = Size;
  85:../02_OS/EKM_Buffer/EKM_Buffer.c ****     tmp->Size = 0;
  86:../02_OS/EKM_Buffer/EKM_Buffer.c ****     tmp->LineCount = 0;
  87:../02_OS/EKM_Buffer/EKM_Buffer.c ****     EKM_Buffer_Reset(tmp);
ARM GAS  C:\Users\minde\AppData\Local\Temp\ccfwQTPB.s 			page 3


  88:../02_OS/EKM_Buffer/EKM_Buffer.c **** }
  89:../02_OS/EKM_Buffer/EKM_Buffer.c **** 
  90:../02_OS/EKM_Buffer/EKM_Buffer.c **** /*******************************************************************************
  91:../02_OS/EKM_Buffer/EKM_Buffer.c ****  * Function: EKM_Buffer_Reset
  92:../02_OS/EKM_Buffer/EKM_Buffer.c ****  *
  93:../02_OS/EKM_Buffer/EKM_Buffer.c ****  * Parameters:      -
  94:../02_OS/EKM_Buffer/EKM_Buffer.c ****  * Returned value:  -
  95:../02_OS/EKM_Buffer/EKM_Buffer.c ****  *
  96:../02_OS/EKM_Buffer/EKM_Buffer.c ****  * Description:
  97:../02_OS/EKM_Buffer/EKM_Buffer.c ****  *
  98:../02_OS/EKM_Buffer/EKM_Buffer.c ****  * Calling:
  99:../02_OS/EKM_Buffer/EKM_Buffer.c ****  ******************************************************************************/
 100:../02_OS/EKM_Buffer/EKM_Buffer.c **** void EKM_Buffer_Reset(EKM_Buffer_t *tmp)
 101:../02_OS/EKM_Buffer/EKM_Buffer.c **** {
 102:../02_OS/EKM_Buffer/EKM_Buffer.c ****     if (tmp == ((void *)0))
 103:../02_OS/EKM_Buffer/EKM_Buffer.c ****         return;
 104:../02_OS/EKM_Buffer/EKM_Buffer.c ****     tmp->read = 0;
 105:../02_OS/EKM_Buffer/EKM_Buffer.c ****     tmp->write = 0;
 106:../02_OS/EKM_Buffer/EKM_Buffer.c ****     tmp->full = 0;
 107:../02_OS/EKM_Buffer/EKM_Buffer.c ****     tmp->Size = 0;
 108:../02_OS/EKM_Buffer/EKM_Buffer.c ****     tmp->LineCount = 0;
 109:../02_OS/EKM_Buffer/EKM_Buffer.c ****     memset(tmp->buffer, 0, tmp->SizeMax * sizeof(uint8_t));
 110:../02_OS/EKM_Buffer/EKM_Buffer.c **** }
 111:../02_OS/EKM_Buffer/EKM_Buffer.c **** 
 112:../02_OS/EKM_Buffer/EKM_Buffer.c **** /*******************************************************************************
 113:../02_OS/EKM_Buffer/EKM_Buffer.c ****  * Function: EKM_Buffer_Index_Increment
 114:../02_OS/EKM_Buffer/EKM_Buffer.c ****  *
 115:../02_OS/EKM_Buffer/EKM_Buffer.c ****  * Parameters:      -
 116:../02_OS/EKM_Buffer/EKM_Buffer.c ****  * Returned value:  -
 117:../02_OS/EKM_Buffer/EKM_Buffer.c ****  *
 118:../02_OS/EKM_Buffer/EKM_Buffer.c ****  * Description:
 119:../02_OS/EKM_Buffer/EKM_Buffer.c ****  *
 120:../02_OS/EKM_Buffer/EKM_Buffer.c ****  * Calling:
 121:../02_OS/EKM_Buffer/EKM_Buffer.c ****  ******************************************************************************/
 122:../02_OS/EKM_Buffer/EKM_Buffer.c **** static void EKM_Buffer_Index_Increment(EKM_Buffer_t *tmp)
 123:../02_OS/EKM_Buffer/EKM_Buffer.c **** {
  29              		.loc 1 123 1 view -0
  30              		.cfi_startproc
  31              		@ args = 0, pretend = 0, frame = 0
  32              		@ frame_needed = 0, uses_anonymous_args = 0
  33              		@ link register save eliminated.
 124:../02_OS/EKM_Buffer/EKM_Buffer.c ****     if (tmp == ((void *)0))
  34              		.loc 1 124 5 view .LVU1
  35              		.loc 1 124 8 is_stmt 0 view .LVU2
  36 0000 0246     		mov	r2, r0
  37 0002 88B1     		cbz	r0, .L1
 125:../02_OS/EKM_Buffer/EKM_Buffer.c ****         return;
 126:../02_OS/EKM_Buffer/EKM_Buffer.c ****     if (tmp->full == 1)
  38              		.loc 1 126 5 is_stmt 1 view .LVU3
  39              		.loc 1 126 12 is_stmt 0 view .LVU4
  40 0004 0379     		ldrb	r3, [r0, #4]	@ zero_extendqisi2
  41              		.loc 1 126 8 view .LVU5
  42 0006 012B     		cmp	r3, #1
  43 0008 0FD0     		beq	.L4
  44              	.LVL1:
  45              	.L3:
 127:../02_OS/EKM_Buffer/EKM_Buffer.c ****     {
ARM GAS  C:\Users\minde\AppData\Local\Temp\ccfwQTPB.s 			page 4


 128:../02_OS/EKM_Buffer/EKM_Buffer.c ****         tmp->read = (tmp->read + 1) % tmp->SizeMax;
 129:../02_OS/EKM_Buffer/EKM_Buffer.c ****     }
 130:../02_OS/EKM_Buffer/EKM_Buffer.c ****     tmp->write = (tmp->write + 1) % tmp->SizeMax;
  46              		.loc 1 130 5 is_stmt 1 view .LVU6
  47              		.loc 1 130 22 is_stmt 0 view .LVU7
  48 000a 5378     		ldrb	r3, [r2, #1]	@ zero_extendqisi2
  49              		.loc 1 130 30 view .LVU8
  50 000c 0133     		adds	r3, r3, #1
  51              		.loc 1 130 40 view .LVU9
  52 000e D178     		ldrb	r1, [r2, #3]	@ zero_extendqisi2
  53              		.loc 1 130 35 view .LVU10
  54 0010 93FBF1F0 		sdiv	r0, r3, r1
  55 0014 01FB1033 		mls	r3, r1, r0, r3
  56              		.loc 1 130 16 view .LVU11
  57 0018 DBB2     		uxtb	r3, r3
  58 001a 5370     		strb	r3, [r2, #1]
 131:../02_OS/EKM_Buffer/EKM_Buffer.c ****     tmp->full = (tmp->write == tmp->read);
  59              		.loc 1 131 5 is_stmt 1 view .LVU12
  60              		.loc 1 131 35 is_stmt 0 view .LVU13
  61 001c 1178     		ldrb	r1, [r2]	@ zero_extendqisi2
  62              		.loc 1 131 29 view .LVU14
  63 001e 8B42     		cmp	r3, r1
  64 0020 14BF     		ite	ne
  65 0022 0023     		movne	r3, #0
  66 0024 0123     		moveq	r3, #1
  67              		.loc 1 131 15 view .LVU15
  68 0026 1371     		strb	r3, [r2, #4]
  69              	.L1:
 132:../02_OS/EKM_Buffer/EKM_Buffer.c **** }
  70              		.loc 1 132 1 view .LVU16
  71 0028 7047     		bx	lr
  72              	.LVL2:
  73              	.L4:
 128:../02_OS/EKM_Buffer/EKM_Buffer.c ****     }
  74              		.loc 1 128 9 is_stmt 1 view .LVU17
 128:../02_OS/EKM_Buffer/EKM_Buffer.c ****     }
  75              		.loc 1 128 25 is_stmt 0 view .LVU18
  76 002a 0378     		ldrb	r3, [r0]	@ zero_extendqisi2
 128:../02_OS/EKM_Buffer/EKM_Buffer.c ****     }
  77              		.loc 1 128 32 view .LVU19
  78 002c 0133     		adds	r3, r3, #1
 128:../02_OS/EKM_Buffer/EKM_Buffer.c ****     }
  79              		.loc 1 128 42 view .LVU20
  80 002e C178     		ldrb	r1, [r0, #3]	@ zero_extendqisi2
 128:../02_OS/EKM_Buffer/EKM_Buffer.c ****     }
  81              		.loc 1 128 37 view .LVU21
  82 0030 93FBF1F0 		sdiv	r0, r3, r1
  83              	.LVL3:
 128:../02_OS/EKM_Buffer/EKM_Buffer.c ****     }
  84              		.loc 1 128 37 view .LVU22
  85 0034 01FB1033 		mls	r3, r1, r0, r3
 128:../02_OS/EKM_Buffer/EKM_Buffer.c ****     }
  86              		.loc 1 128 19 view .LVU23
  87 0038 1370     		strb	r3, [r2]
  88 003a E6E7     		b	.L3
  89              		.cfi_endproc
  90              	.LFE5:
ARM GAS  C:\Users\minde\AppData\Local\Temp\ccfwQTPB.s 			page 5


  92              		.section	.text.EKM_Buffer_Reset,"ax",%progbits
  93              		.align	1
  94              		.global	EKM_Buffer_Reset
  95              		.syntax unified
  96              		.thumb
  97              		.thumb_func
  99              	EKM_Buffer_Reset:
 100              	.LVL4:
 101              	.LFB4:
 101:../02_OS/EKM_Buffer/EKM_Buffer.c ****     if (tmp == ((void *)0))
 102              		.loc 1 101 1 is_stmt 1 view -0
 103              		.cfi_startproc
 104              		@ args = 0, pretend = 0, frame = 0
 105              		@ frame_needed = 0, uses_anonymous_args = 0
 102:../02_OS/EKM_Buffer/EKM_Buffer.c ****         return;
 106              		.loc 1 102 5 view .LVU25
 102:../02_OS/EKM_Buffer/EKM_Buffer.c ****         return;
 107              		.loc 1 102 8 is_stmt 0 view .LVU26
 108 0000 58B1     		cbz	r0, .L8
 101:../02_OS/EKM_Buffer/EKM_Buffer.c ****     if (tmp == ((void *)0))
 109              		.loc 1 101 1 view .LVU27
 110 0002 08B5     		push	{r3, lr}
 111              	.LCFI0:
 112              		.cfi_def_cfa_offset 8
 113              		.cfi_offset 3, -8
 114              		.cfi_offset 14, -4
 104:../02_OS/EKM_Buffer/EKM_Buffer.c ****     tmp->write = 0;
 115              		.loc 1 104 5 is_stmt 1 view .LVU28
 104:../02_OS/EKM_Buffer/EKM_Buffer.c ****     tmp->write = 0;
 116              		.loc 1 104 15 is_stmt 0 view .LVU29
 117 0004 0021     		movs	r1, #0
 118 0006 0170     		strb	r1, [r0]
 105:../02_OS/EKM_Buffer/EKM_Buffer.c ****     tmp->full = 0;
 119              		.loc 1 105 5 is_stmt 1 view .LVU30
 105:../02_OS/EKM_Buffer/EKM_Buffer.c ****     tmp->full = 0;
 120              		.loc 1 105 16 is_stmt 0 view .LVU31
 121 0008 4170     		strb	r1, [r0, #1]
 106:../02_OS/EKM_Buffer/EKM_Buffer.c ****     tmp->Size = 0;
 122              		.loc 1 106 5 is_stmt 1 view .LVU32
 106:../02_OS/EKM_Buffer/EKM_Buffer.c ****     tmp->Size = 0;
 123              		.loc 1 106 15 is_stmt 0 view .LVU33
 124 000a 0171     		strb	r1, [r0, #4]
 107:../02_OS/EKM_Buffer/EKM_Buffer.c ****     tmp->LineCount = 0;
 125              		.loc 1 107 5 is_stmt 1 view .LVU34
 107:../02_OS/EKM_Buffer/EKM_Buffer.c ****     tmp->LineCount = 0;
 126              		.loc 1 107 15 is_stmt 0 view .LVU35
 127 000c 8170     		strb	r1, [r0, #2]
 108:../02_OS/EKM_Buffer/EKM_Buffer.c ****     memset(tmp->buffer, 0, tmp->SizeMax * sizeof(uint8_t));
 128              		.loc 1 108 5 is_stmt 1 view .LVU36
 108:../02_OS/EKM_Buffer/EKM_Buffer.c ****     memset(tmp->buffer, 0, tmp->SizeMax * sizeof(uint8_t));
 129              		.loc 1 108 20 is_stmt 0 view .LVU37
 130 000e 4171     		strb	r1, [r0, #5]
 109:../02_OS/EKM_Buffer/EKM_Buffer.c **** }
 131              		.loc 1 109 5 is_stmt 1 view .LVU38
 132 0010 C278     		ldrb	r2, [r0, #3]	@ zero_extendqisi2
 133 0012 8068     		ldr	r0, [r0, #8]
 134              	.LVL5:
ARM GAS  C:\Users\minde\AppData\Local\Temp\ccfwQTPB.s 			page 6


 109:../02_OS/EKM_Buffer/EKM_Buffer.c **** }
 135              		.loc 1 109 5 is_stmt 0 view .LVU39
 136 0014 FFF7FEFF 		bl	memset
 137              	.LVL6:
 110:../02_OS/EKM_Buffer/EKM_Buffer.c **** 
 138              		.loc 1 110 1 view .LVU40
 139 0018 08BD     		pop	{r3, pc}
 140              	.LVL7:
 141              	.L8:
 142              	.LCFI1:
 143              		.cfi_def_cfa_offset 0
 144              		.cfi_restore 3
 145              		.cfi_restore 14
 110:../02_OS/EKM_Buffer/EKM_Buffer.c **** 
 146              		.loc 1 110 1 view .LVU41
 147 001a 7047     		bx	lr
 148              		.cfi_endproc
 149              	.LFE4:
 151              		.section	.text.EKM_Buffer_Setup,"ax",%progbits
 152              		.align	1
 153              		.global	EKM_Buffer_Setup
 154              		.syntax unified
 155              		.thumb
 156              		.thumb_func
 158              	EKM_Buffer_Setup:
 159              	.LVL8:
 160              	.LFB3:
  80:../02_OS/EKM_Buffer/EKM_Buffer.c ****     if (tmp == ((void *)0))
 161              		.loc 1 80 1 is_stmt 1 view -0
 162              		.cfi_startproc
 163              		@ args = 0, pretend = 0, frame = 0
 164              		@ frame_needed = 0, uses_anonymous_args = 0
  81:../02_OS/EKM_Buffer/EKM_Buffer.c ****         return;
 165              		.loc 1 81 5 view .LVU43
  81:../02_OS/EKM_Buffer/EKM_Buffer.c ****         return;
 166              		.loc 1 81 8 is_stmt 0 view .LVU44
 167 0000 40B1     		cbz	r0, .L14
  80:../02_OS/EKM_Buffer/EKM_Buffer.c ****     if (tmp == ((void *)0))
 168              		.loc 1 80 1 view .LVU45
 169 0002 08B5     		push	{r3, lr}
 170              	.LCFI2:
 171              		.cfi_def_cfa_offset 8
 172              		.cfi_offset 3, -8
 173              		.cfi_offset 14, -4
  83:../02_OS/EKM_Buffer/EKM_Buffer.c ****     tmp->SizeMax = Size;
 174              		.loc 1 83 5 is_stmt 1 view .LVU46
  83:../02_OS/EKM_Buffer/EKM_Buffer.c ****     tmp->SizeMax = Size;
 175              		.loc 1 83 17 is_stmt 0 view .LVU47
 176 0004 8260     		str	r2, [r0, #8]
  84:../02_OS/EKM_Buffer/EKM_Buffer.c ****     tmp->Size = 0;
 177              		.loc 1 84 5 is_stmt 1 view .LVU48
  84:../02_OS/EKM_Buffer/EKM_Buffer.c ****     tmp->Size = 0;
 178              		.loc 1 84 18 is_stmt 0 view .LVU49
 179 0006 C170     		strb	r1, [r0, #3]
  85:../02_OS/EKM_Buffer/EKM_Buffer.c ****     tmp->LineCount = 0;
 180              		.loc 1 85 5 is_stmt 1 view .LVU50
  85:../02_OS/EKM_Buffer/EKM_Buffer.c ****     tmp->LineCount = 0;
ARM GAS  C:\Users\minde\AppData\Local\Temp\ccfwQTPB.s 			page 7


 181              		.loc 1 85 15 is_stmt 0 view .LVU51
 182 0008 0022     		movs	r2, #0
 183              	.LVL9:
  85:../02_OS/EKM_Buffer/EKM_Buffer.c ****     tmp->LineCount = 0;
 184              		.loc 1 85 15 view .LVU52
 185 000a 8270     		strb	r2, [r0, #2]
  86:../02_OS/EKM_Buffer/EKM_Buffer.c ****     EKM_Buffer_Reset(tmp);
 186              		.loc 1 86 5 is_stmt 1 view .LVU53
  86:../02_OS/EKM_Buffer/EKM_Buffer.c ****     EKM_Buffer_Reset(tmp);
 187              		.loc 1 86 20 is_stmt 0 view .LVU54
 188 000c 4271     		strb	r2, [r0, #5]
  87:../02_OS/EKM_Buffer/EKM_Buffer.c **** }
 189              		.loc 1 87 5 is_stmt 1 view .LVU55
 190 000e FFF7FEFF 		bl	EKM_Buffer_Reset
 191              	.LVL10:
  88:../02_OS/EKM_Buffer/EKM_Buffer.c **** 
 192              		.loc 1 88 1 is_stmt 0 view .LVU56
 193 0012 08BD     		pop	{r3, pc}
 194              	.LVL11:
 195              	.L14:
 196              	.LCFI3:
 197              		.cfi_def_cfa_offset 0
 198              		.cfi_restore 3
 199              		.cfi_restore 14
  88:../02_OS/EKM_Buffer/EKM_Buffer.c **** 
 200              		.loc 1 88 1 view .LVU57
 201 0014 7047     		bx	lr
 202              		.cfi_endproc
 203              	.LFE3:
 205              		.section	.text.EKM_Buffer_Set,"ax",%progbits
 206              		.align	1
 207              		.global	EKM_Buffer_Set
 208              		.syntax unified
 209              		.thumb
 210              		.thumb_func
 212              	EKM_Buffer_Set:
 213              	.LVL12:
 214              	.LFB9:
 133:../02_OS/EKM_Buffer/EKM_Buffer.c **** 
 134:../02_OS/EKM_Buffer/EKM_Buffer.c **** /*******************************************************************************
 135:../02_OS/EKM_Buffer/EKM_Buffer.c ****  * Function: EKM_Buffer_Index_Decrement
 136:../02_OS/EKM_Buffer/EKM_Buffer.c ****  *
 137:../02_OS/EKM_Buffer/EKM_Buffer.c ****  * Parameters:      -
 138:../02_OS/EKM_Buffer/EKM_Buffer.c ****  * Returned value:  -
 139:../02_OS/EKM_Buffer/EKM_Buffer.c ****  *
 140:../02_OS/EKM_Buffer/EKM_Buffer.c ****  * Description:
 141:../02_OS/EKM_Buffer/EKM_Buffer.c ****  *
 142:../02_OS/EKM_Buffer/EKM_Buffer.c ****  * Calling:
 143:../02_OS/EKM_Buffer/EKM_Buffer.c ****  ******************************************************************************/
 144:../02_OS/EKM_Buffer/EKM_Buffer.c **** static void EKM_Buffer_Index_Decrement(EKM_Buffer_t *tmp)
 145:../02_OS/EKM_Buffer/EKM_Buffer.c **** {
 146:../02_OS/EKM_Buffer/EKM_Buffer.c ****     if (tmp == ((void *)0))
 147:../02_OS/EKM_Buffer/EKM_Buffer.c ****         return;
 148:../02_OS/EKM_Buffer/EKM_Buffer.c ****     tmp->full = 0;
 149:../02_OS/EKM_Buffer/EKM_Buffer.c ****     tmp->read = (tmp->read + 1) % tmp->SizeMax;
 150:../02_OS/EKM_Buffer/EKM_Buffer.c ****     tmp->Size = EKM_Buffer_Element(tmp);
 151:../02_OS/EKM_Buffer/EKM_Buffer.c **** }
ARM GAS  C:\Users\minde\AppData\Local\Temp\ccfwQTPB.s 			page 8


 152:../02_OS/EKM_Buffer/EKM_Buffer.c **** 
 153:../02_OS/EKM_Buffer/EKM_Buffer.c **** /*******************************************************************************
 154:../02_OS/EKM_Buffer/EKM_Buffer.c ****  * Function: EKM_Buffer_Get
 155:../02_OS/EKM_Buffer/EKM_Buffer.c ****  *
 156:../02_OS/EKM_Buffer/EKM_Buffer.c ****  * Parameters:      -
 157:../02_OS/EKM_Buffer/EKM_Buffer.c ****  * Returned value:  -
 158:../02_OS/EKM_Buffer/EKM_Buffer.c ****  *
 159:../02_OS/EKM_Buffer/EKM_Buffer.c ****  * Description:
 160:../02_OS/EKM_Buffer/EKM_Buffer.c ****  *
 161:../02_OS/EKM_Buffer/EKM_Buffer.c ****  * Calling:
 162:../02_OS/EKM_Buffer/EKM_Buffer.c ****  ******************************************************************************/
 163:../02_OS/EKM_Buffer/EKM_Buffer.c **** uint8_t EKM_Buffer_Get(EKM_Buffer_t *tmp, uint8_t *c)
 164:../02_OS/EKM_Buffer/EKM_Buffer.c **** {
 165:../02_OS/EKM_Buffer/EKM_Buffer.c ****     if (tmp == ((void *)0))
 166:../02_OS/EKM_Buffer/EKM_Buffer.c ****         return 1;
 167:../02_OS/EKM_Buffer/EKM_Buffer.c ****     if (((tmp->full == 0) && (tmp->write == tmp->read)) == 0)
 168:../02_OS/EKM_Buffer/EKM_Buffer.c ****     {
 169:../02_OS/EKM_Buffer/EKM_Buffer.c ****         *c = tmp->buffer[tmp->read];
 170:../02_OS/EKM_Buffer/EKM_Buffer.c ****         EKM_Buffer_Index_Decrement(tmp);
 171:../02_OS/EKM_Buffer/EKM_Buffer.c ****         return 0;
 172:../02_OS/EKM_Buffer/EKM_Buffer.c ****     }
 173:../02_OS/EKM_Buffer/EKM_Buffer.c ****     return 1;
 174:../02_OS/EKM_Buffer/EKM_Buffer.c **** }
 175:../02_OS/EKM_Buffer/EKM_Buffer.c **** 
 176:../02_OS/EKM_Buffer/EKM_Buffer.c **** /*******************************************************************************
 177:../02_OS/EKM_Buffer/EKM_Buffer.c ****  * Function: EKM_Buffer_Get_Muti
 178:../02_OS/EKM_Buffer/EKM_Buffer.c ****  *
 179:../02_OS/EKM_Buffer/EKM_Buffer.c ****  * Parameters:      -
 180:../02_OS/EKM_Buffer/EKM_Buffer.c ****  * Returned value:  -
 181:../02_OS/EKM_Buffer/EKM_Buffer.c ****  *
 182:../02_OS/EKM_Buffer/EKM_Buffer.c ****  * Description:
 183:../02_OS/EKM_Buffer/EKM_Buffer.c ****  *
 184:../02_OS/EKM_Buffer/EKM_Buffer.c ****  * Calling:
 185:../02_OS/EKM_Buffer/EKM_Buffer.c ****  ******************************************************************************/
 186:../02_OS/EKM_Buffer/EKM_Buffer.c **** uint8_t EKM_Buffer_Get_Muti(EKM_Buffer_t *tmp, uint8_t *buffer, uint8_t N)
 187:../02_OS/EKM_Buffer/EKM_Buffer.c **** {
 188:../02_OS/EKM_Buffer/EKM_Buffer.c ****     if (tmp == ((void *)0))
 189:../02_OS/EKM_Buffer/EKM_Buffer.c ****         return 0;
 190:../02_OS/EKM_Buffer/EKM_Buffer.c ****     for (int i = 0; i < N; i++)
 191:../02_OS/EKM_Buffer/EKM_Buffer.c ****     {
 192:../02_OS/EKM_Buffer/EKM_Buffer.c ****         if (((tmp->full == 0) && (tmp->write == tmp->read)) == 0)
 193:../02_OS/EKM_Buffer/EKM_Buffer.c ****         {
 194:../02_OS/EKM_Buffer/EKM_Buffer.c ****             buffer[i] = tmp->buffer[tmp->read];
 195:../02_OS/EKM_Buffer/EKM_Buffer.c ****             EKM_Buffer_Index_Decrement(tmp);
 196:../02_OS/EKM_Buffer/EKM_Buffer.c ****             tmp->Size = EKM_Buffer_Element(tmp);
 197:../02_OS/EKM_Buffer/EKM_Buffer.c ****             continue;
 198:../02_OS/EKM_Buffer/EKM_Buffer.c ****         }
 199:../02_OS/EKM_Buffer/EKM_Buffer.c ****         return N;
 200:../02_OS/EKM_Buffer/EKM_Buffer.c ****     }
 201:../02_OS/EKM_Buffer/EKM_Buffer.c ****     return 0;
 202:../02_OS/EKM_Buffer/EKM_Buffer.c **** }
 203:../02_OS/EKM_Buffer/EKM_Buffer.c **** 
 204:../02_OS/EKM_Buffer/EKM_Buffer.c **** /*******************************************************************************
 205:../02_OS/EKM_Buffer/EKM_Buffer.c ****  * Function: EKM_Buffer_Set
 206:../02_OS/EKM_Buffer/EKM_Buffer.c ****  *
 207:../02_OS/EKM_Buffer/EKM_Buffer.c ****  * Parameters:      -
 208:../02_OS/EKM_Buffer/EKM_Buffer.c ****  * Returned value:  -
ARM GAS  C:\Users\minde\AppData\Local\Temp\ccfwQTPB.s 			page 9


 209:../02_OS/EKM_Buffer/EKM_Buffer.c ****  *
 210:../02_OS/EKM_Buffer/EKM_Buffer.c ****  * Description:
 211:../02_OS/EKM_Buffer/EKM_Buffer.c ****  *
 212:../02_OS/EKM_Buffer/EKM_Buffer.c ****  * Calling:
 213:../02_OS/EKM_Buffer/EKM_Buffer.c ****  ******************************************************************************/
 214:../02_OS/EKM_Buffer/EKM_Buffer.c **** uint8_t EKM_Buffer_Set(EKM_Buffer_t *tmp, uint8_t c)
 215:../02_OS/EKM_Buffer/EKM_Buffer.c **** {
 215              		.loc 1 215 1 is_stmt 1 view -0
 216              		.cfi_startproc
 217              		@ args = 0, pretend = 0, frame = 0
 218              		@ frame_needed = 0, uses_anonymous_args = 0
 219              		.loc 1 215 1 is_stmt 0 view .LVU59
 220 0000 10B5     		push	{r4, lr}
 221              	.LCFI4:
 222              		.cfi_def_cfa_offset 8
 223              		.cfi_offset 4, -8
 224              		.cfi_offset 14, -4
 216:../02_OS/EKM_Buffer/EKM_Buffer.c ****     if (tmp == ((void *)0))
 225              		.loc 1 216 5 is_stmt 1 view .LVU60
 226              		.loc 1 216 8 is_stmt 0 view .LVU61
 227 0002 60B1     		cbz	r0, .L19
 228 0004 0346     		mov	r3, r0
 217:../02_OS/EKM_Buffer/EKM_Buffer.c ****         return 1;
 218:../02_OS/EKM_Buffer/EKM_Buffer.c ****     if (tmp->full == 0)
 229              		.loc 1 218 5 is_stmt 1 view .LVU62
 230              		.loc 1 218 12 is_stmt 0 view .LVU63
 231 0006 0479     		ldrb	r4, [r0, #4]	@ zero_extendqisi2
 232              		.loc 1 218 8 view .LVU64
 233 0008 14B1     		cbz	r4, .L22
 219:../02_OS/EKM_Buffer/EKM_Buffer.c ****     {
 220:../02_OS/EKM_Buffer/EKM_Buffer.c ****         tmp->buffer[tmp->write] = c;
 221:../02_OS/EKM_Buffer/EKM_Buffer.c ****         EKM_Buffer_Index_Increment(tmp);
 222:../02_OS/EKM_Buffer/EKM_Buffer.c ****         return 0;
 223:../02_OS/EKM_Buffer/EKM_Buffer.c ****     }
 224:../02_OS/EKM_Buffer/EKM_Buffer.c ****     return 1;
 234              		.loc 1 224 12 view .LVU65
 235 000a 0124     		movs	r4, #1
 236              	.LVL13:
 237              	.L18:
 225:../02_OS/EKM_Buffer/EKM_Buffer.c **** }
 238              		.loc 1 225 1 view .LVU66
 239 000c 2046     		mov	r0, r4
 240 000e 10BD     		pop	{r4, pc}
 241              	.LVL14:
 242              	.L22:
 220:../02_OS/EKM_Buffer/EKM_Buffer.c ****         EKM_Buffer_Index_Increment(tmp);
 243              		.loc 1 220 9 is_stmt 1 view .LVU67
 220:../02_OS/EKM_Buffer/EKM_Buffer.c ****         EKM_Buffer_Index_Increment(tmp);
 244              		.loc 1 220 12 is_stmt 0 view .LVU68
 245 0010 8068     		ldr	r0, [r0, #8]
 246              	.LVL15:
 220:../02_OS/EKM_Buffer/EKM_Buffer.c ****         EKM_Buffer_Index_Increment(tmp);
 247              		.loc 1 220 24 view .LVU69
 248 0012 5A78     		ldrb	r2, [r3, #1]	@ zero_extendqisi2
 220:../02_OS/EKM_Buffer/EKM_Buffer.c ****         EKM_Buffer_Index_Increment(tmp);
 249              		.loc 1 220 33 view .LVU70
 250 0014 8154     		strb	r1, [r0, r2]
ARM GAS  C:\Users\minde\AppData\Local\Temp\ccfwQTPB.s 			page 10


 221:../02_OS/EKM_Buffer/EKM_Buffer.c ****         return 0;
 251              		.loc 1 221 9 is_stmt 1 view .LVU71
 252 0016 1846     		mov	r0, r3
 253 0018 FFF7FEFF 		bl	EKM_Buffer_Index_Increment
 254              	.LVL16:
 222:../02_OS/EKM_Buffer/EKM_Buffer.c ****     }
 255              		.loc 1 222 9 view .LVU72
 222:../02_OS/EKM_Buffer/EKM_Buffer.c ****     }
 256              		.loc 1 222 16 is_stmt 0 view .LVU73
 257 001c F6E7     		b	.L18
 258              	.LVL17:
 259              	.L19:
 217:../02_OS/EKM_Buffer/EKM_Buffer.c ****     if (tmp->full == 0)
 260              		.loc 1 217 16 view .LVU74
 261 001e 0124     		movs	r4, #1
 262 0020 F4E7     		b	.L18
 263              		.cfi_endproc
 264              	.LFE9:
 266              		.section	.text.EKM_Buffer_Element,"ax",%progbits
 267              		.align	1
 268              		.global	EKM_Buffer_Element
 269              		.syntax unified
 270              		.thumb
 271              		.thumb_func
 273              	EKM_Buffer_Element:
 274              	.LVL18:
 275              	.LFB11:
 226:../02_OS/EKM_Buffer/EKM_Buffer.c **** 
 227:../02_OS/EKM_Buffer/EKM_Buffer.c **** /*******************************************************************************
 228:../02_OS/EKM_Buffer/EKM_Buffer.c ****  * Function: EKM_Buffer_Set_Muti
 229:../02_OS/EKM_Buffer/EKM_Buffer.c ****  *
 230:../02_OS/EKM_Buffer/EKM_Buffer.c ****  * Parameters:      -
 231:../02_OS/EKM_Buffer/EKM_Buffer.c ****  * Returned value:  -
 232:../02_OS/EKM_Buffer/EKM_Buffer.c ****  *
 233:../02_OS/EKM_Buffer/EKM_Buffer.c ****  * Description:
 234:../02_OS/EKM_Buffer/EKM_Buffer.c ****  *
 235:../02_OS/EKM_Buffer/EKM_Buffer.c ****  * Calling:
 236:../02_OS/EKM_Buffer/EKM_Buffer.c ****  ******************************************************************************/
 237:../02_OS/EKM_Buffer/EKM_Buffer.c **** uint8_t EKM_Buffer_Set_Muti(EKM_Buffer_t *tmp, uint8_t *buffer, uint8_t N)
 238:../02_OS/EKM_Buffer/EKM_Buffer.c **** {
 239:../02_OS/EKM_Buffer/EKM_Buffer.c ****     if (tmp == ((void *)0))
 240:../02_OS/EKM_Buffer/EKM_Buffer.c ****         return 1;
 241:../02_OS/EKM_Buffer/EKM_Buffer.c ****     for (int i = 0; i < N; i++)
 242:../02_OS/EKM_Buffer/EKM_Buffer.c ****     {
 243:../02_OS/EKM_Buffer/EKM_Buffer.c ****         if (tmp->full == 0)
 244:../02_OS/EKM_Buffer/EKM_Buffer.c ****         {
 245:../02_OS/EKM_Buffer/EKM_Buffer.c ****             tmp->buffer[tmp->write] = buffer[i];
 246:../02_OS/EKM_Buffer/EKM_Buffer.c ****             EKM_Buffer_Index_Increment(tmp);
 247:../02_OS/EKM_Buffer/EKM_Buffer.c ****             tmp->Size = EKM_Buffer_Element(tmp);
 248:../02_OS/EKM_Buffer/EKM_Buffer.c ****         }
 249:../02_OS/EKM_Buffer/EKM_Buffer.c ****         else
 250:../02_OS/EKM_Buffer/EKM_Buffer.c ****         {
 251:../02_OS/EKM_Buffer/EKM_Buffer.c ****             return N;
 252:../02_OS/EKM_Buffer/EKM_Buffer.c ****         }
 253:../02_OS/EKM_Buffer/EKM_Buffer.c ****     }
 254:../02_OS/EKM_Buffer/EKM_Buffer.c ****     return 0;
 255:../02_OS/EKM_Buffer/EKM_Buffer.c **** }
ARM GAS  C:\Users\minde\AppData\Local\Temp\ccfwQTPB.s 			page 11


 256:../02_OS/EKM_Buffer/EKM_Buffer.c **** 
 257:../02_OS/EKM_Buffer/EKM_Buffer.c **** /*******************************************************************************
 258:../02_OS/EKM_Buffer/EKM_Buffer.c ****  * Function: EKM_Buffer_Element
 259:../02_OS/EKM_Buffer/EKM_Buffer.c ****  *
 260:../02_OS/EKM_Buffer/EKM_Buffer.c ****  * Parameters:      - tmp       : pointer for Buffer type use in process read line.
 261:../02_OS/EKM_Buffer/EKM_Buffer.c ****  * Returned value:  - size      : size of buffer.
 262:../02_OS/EKM_Buffer/EKM_Buffer.c ****  *
 263:../02_OS/EKM_Buffer/EKM_Buffer.c ****  * Description:
 264:../02_OS/EKM_Buffer/EKM_Buffer.c ****  *
 265:../02_OS/EKM_Buffer/EKM_Buffer.c ****  * Calling:
 266:../02_OS/EKM_Buffer/EKM_Buffer.c ****  ******************************************************************************/
 267:../02_OS/EKM_Buffer/EKM_Buffer.c **** uint8_t EKM_Buffer_Element(EKM_Buffer_t *tmp)
 268:../02_OS/EKM_Buffer/EKM_Buffer.c **** {
 276              		.loc 1 268 1 is_stmt 1 view -0
 277              		.cfi_startproc
 278              		@ args = 0, pretend = 0, frame = 0
 279              		@ frame_needed = 0, uses_anonymous_args = 0
 280              		@ link register save eliminated.
 281              		.loc 1 268 1 is_stmt 0 view .LVU76
 282 0000 0346     		mov	r3, r0
 269:../02_OS/EKM_Buffer/EKM_Buffer.c ****     uint8_t size = tmp->Size;
 283              		.loc 1 269 5 is_stmt 1 view .LVU77
 284              		.loc 1 269 13 is_stmt 0 view .LVU78
 285 0002 8078     		ldrb	r0, [r0, #2]	@ zero_extendqisi2
 286              	.LVL19:
 270:../02_OS/EKM_Buffer/EKM_Buffer.c ****     if (tmp == ((void *)0))
 287              		.loc 1 270 5 is_stmt 1 view .LVU79
 288              		.loc 1 270 8 is_stmt 0 view .LVU80
 289 0004 6BB1     		cbz	r3, .L26
 271:../02_OS/EKM_Buffer/EKM_Buffer.c ****         return 0;
 272:../02_OS/EKM_Buffer/EKM_Buffer.c ****     if ((tmp->full) == 0)
 290              		.loc 1 272 5 is_stmt 1 view .LVU81
 291              		.loc 1 272 13 is_stmt 0 view .LVU82
 292 0006 1A79     		ldrb	r2, [r3, #4]	@ zero_extendqisi2
 293              		.loc 1 272 8 view .LVU83
 294 0008 62B9     		cbnz	r2, .L24
 273:../02_OS/EKM_Buffer/EKM_Buffer.c ****     {
 274:../02_OS/EKM_Buffer/EKM_Buffer.c ****         if (tmp->write >= tmp->read)
 295              		.loc 1 274 9 is_stmt 1 view .LVU84
 296              		.loc 1 274 16 is_stmt 0 view .LVU85
 297 000a 5A78     		ldrb	r2, [r3, #1]	@ zero_extendqisi2
 298              		.loc 1 274 30 view .LVU86
 299 000c 1B78     		ldrb	r3, [r3]	@ zero_extendqisi2
 300              	.LVL20:
 301              		.loc 1 274 12 view .LVU87
 302 000e 9A42     		cmp	r2, r3
 303 0010 02D3     		bcc	.L25
 275:../02_OS/EKM_Buffer/EKM_Buffer.c ****         {
 276:../02_OS/EKM_Buffer/EKM_Buffer.c ****             size = (tmp->write - tmp->read);
 304              		.loc 1 276 13 is_stmt 1 view .LVU88
 305              		.loc 1 276 18 is_stmt 0 view .LVU89
 306 0012 D01A     		subs	r0, r2, r3
 307              	.LVL21:
 308              		.loc 1 276 18 view .LVU90
 309 0014 C0B2     		uxtb	r0, r0
 310              	.LVL22:
 311              		.loc 1 276 18 view .LVU91
ARM GAS  C:\Users\minde\AppData\Local\Temp\ccfwQTPB.s 			page 12


 312 0016 7047     		bx	lr
 313              	.L25:
 277:../02_OS/EKM_Buffer/EKM_Buffer.c ****         }
 278:../02_OS/EKM_Buffer/EKM_Buffer.c ****         else
 279:../02_OS/EKM_Buffer/EKM_Buffer.c ****         {
 280:../02_OS/EKM_Buffer/EKM_Buffer.c ****             size = (tmp->Size + tmp->write - tmp->read);
 314              		.loc 1 280 13 is_stmt 1 view .LVU92
 315              		.loc 1 280 31 is_stmt 0 view .LVU93
 316 0018 1044     		add	r0, r0, r2
 317              	.LVL23:
 318              		.loc 1 280 31 view .LVU94
 319 001a C0B2     		uxtb	r0, r0
 320              		.loc 1 280 18 view .LVU95
 321 001c C01A     		subs	r0, r0, r3
 322 001e C0B2     		uxtb	r0, r0
 323              	.LVL24:
 324              		.loc 1 280 18 view .LVU96
 325 0020 7047     		bx	lr
 326              	.LVL25:
 327              	.L26:
 271:../02_OS/EKM_Buffer/EKM_Buffer.c ****     if ((tmp->full) == 0)
 328              		.loc 1 271 16 view .LVU97
 329 0022 0020     		movs	r0, #0
 330              	.LVL26:
 331              	.L24:
 281:../02_OS/EKM_Buffer/EKM_Buffer.c ****         }
 282:../02_OS/EKM_Buffer/EKM_Buffer.c ****     }
 283:../02_OS/EKM_Buffer/EKM_Buffer.c ****     return size;
 284:../02_OS/EKM_Buffer/EKM_Buffer.c **** }
 332              		.loc 1 284 1 view .LVU98
 333 0024 7047     		bx	lr
 334              		.cfi_endproc
 335              	.LFE11:
 337              		.section	.text.EKM_Buffer_Index_Decrement,"ax",%progbits
 338              		.align	1
 339              		.syntax unified
 340              		.thumb
 341              		.thumb_func
 343              	EKM_Buffer_Index_Decrement:
 344              	.LVL27:
 345              	.LFB6:
 145:../02_OS/EKM_Buffer/EKM_Buffer.c ****     if (tmp == ((void *)0))
 346              		.loc 1 145 1 is_stmt 1 view -0
 347              		.cfi_startproc
 348              		@ args = 0, pretend = 0, frame = 0
 349              		@ frame_needed = 0, uses_anonymous_args = 0
 146:../02_OS/EKM_Buffer/EKM_Buffer.c ****         return;
 350              		.loc 1 146 5 view .LVU100
 146:../02_OS/EKM_Buffer/EKM_Buffer.c ****         return;
 351              		.loc 1 146 8 is_stmt 0 view .LVU101
 352 0000 78B1     		cbz	r0, .L30
 145:../02_OS/EKM_Buffer/EKM_Buffer.c ****     if (tmp == ((void *)0))
 353              		.loc 1 145 1 view .LVU102
 354 0002 10B5     		push	{r4, lr}
 355              	.LCFI5:
 356              		.cfi_def_cfa_offset 8
 357              		.cfi_offset 4, -8
ARM GAS  C:\Users\minde\AppData\Local\Temp\ccfwQTPB.s 			page 13


 358              		.cfi_offset 14, -4
 359 0004 0446     		mov	r4, r0
 148:../02_OS/EKM_Buffer/EKM_Buffer.c ****     tmp->read = (tmp->read + 1) % tmp->SizeMax;
 360              		.loc 1 148 5 is_stmt 1 view .LVU103
 148:../02_OS/EKM_Buffer/EKM_Buffer.c ****     tmp->read = (tmp->read + 1) % tmp->SizeMax;
 361              		.loc 1 148 15 is_stmt 0 view .LVU104
 362 0006 0023     		movs	r3, #0
 363 0008 0371     		strb	r3, [r0, #4]
 149:../02_OS/EKM_Buffer/EKM_Buffer.c ****     tmp->Size = EKM_Buffer_Element(tmp);
 364              		.loc 1 149 5 is_stmt 1 view .LVU105
 149:../02_OS/EKM_Buffer/EKM_Buffer.c ****     tmp->Size = EKM_Buffer_Element(tmp);
 365              		.loc 1 149 21 is_stmt 0 view .LVU106
 366 000a 0378     		ldrb	r3, [r0]	@ zero_extendqisi2
 149:../02_OS/EKM_Buffer/EKM_Buffer.c ****     tmp->Size = EKM_Buffer_Element(tmp);
 367              		.loc 1 149 28 view .LVU107
 368 000c 0133     		adds	r3, r3, #1
 149:../02_OS/EKM_Buffer/EKM_Buffer.c ****     tmp->Size = EKM_Buffer_Element(tmp);
 369              		.loc 1 149 38 view .LVU108
 370 000e C278     		ldrb	r2, [r0, #3]	@ zero_extendqisi2
 149:../02_OS/EKM_Buffer/EKM_Buffer.c ****     tmp->Size = EKM_Buffer_Element(tmp);
 371              		.loc 1 149 33 view .LVU109
 372 0010 93FBF2F1 		sdiv	r1, r3, r2
 373 0014 02FB1133 		mls	r3, r2, r1, r3
 149:../02_OS/EKM_Buffer/EKM_Buffer.c ****     tmp->Size = EKM_Buffer_Element(tmp);
 374              		.loc 1 149 15 view .LVU110
 375 0018 0370     		strb	r3, [r0]
 150:../02_OS/EKM_Buffer/EKM_Buffer.c **** }
 376              		.loc 1 150 5 is_stmt 1 view .LVU111
 150:../02_OS/EKM_Buffer/EKM_Buffer.c **** }
 377              		.loc 1 150 17 is_stmt 0 view .LVU112
 378 001a FFF7FEFF 		bl	EKM_Buffer_Element
 379              	.LVL28:
 150:../02_OS/EKM_Buffer/EKM_Buffer.c **** }
 380              		.loc 1 150 15 view .LVU113
 381 001e A070     		strb	r0, [r4, #2]
 151:../02_OS/EKM_Buffer/EKM_Buffer.c **** 
 382              		.loc 1 151 1 view .LVU114
 383 0020 10BD     		pop	{r4, pc}
 384              	.LVL29:
 385              	.L30:
 386              	.LCFI6:
 387              		.cfi_def_cfa_offset 0
 388              		.cfi_restore 4
 389              		.cfi_restore 14
 151:../02_OS/EKM_Buffer/EKM_Buffer.c **** 
 390              		.loc 1 151 1 view .LVU115
 391 0022 7047     		bx	lr
 392              		.cfi_endproc
 393              	.LFE6:
 395              		.section	.text.EKM_Buffer_Get,"ax",%progbits
 396              		.align	1
 397              		.global	EKM_Buffer_Get
 398              		.syntax unified
 399              		.thumb
 400              		.thumb_func
 402              	EKM_Buffer_Get:
 403              	.LVL30:
ARM GAS  C:\Users\minde\AppData\Local\Temp\ccfwQTPB.s 			page 14


 404              	.LFB7:
 164:../02_OS/EKM_Buffer/EKM_Buffer.c ****     if (tmp == ((void *)0))
 405              		.loc 1 164 1 is_stmt 1 view -0
 406              		.cfi_startproc
 407              		@ args = 0, pretend = 0, frame = 0
 408              		@ frame_needed = 0, uses_anonymous_args = 0
 165:../02_OS/EKM_Buffer/EKM_Buffer.c ****         return 1;
 409              		.loc 1 165 5 view .LVU117
 165:../02_OS/EKM_Buffer/EKM_Buffer.c ****         return 1;
 410              		.loc 1 165 8 is_stmt 0 view .LVU118
 411 0000 80B1     		cbz	r0, .L36
 164:../02_OS/EKM_Buffer/EKM_Buffer.c ****     if (tmp == ((void *)0))
 412              		.loc 1 164 1 view .LVU119
 413 0002 08B5     		push	{r3, lr}
 414              	.LCFI7:
 415              		.cfi_def_cfa_offset 8
 416              		.cfi_offset 3, -8
 417              		.cfi_offset 14, -4
 418 0004 0346     		mov	r3, r0
 167:../02_OS/EKM_Buffer/EKM_Buffer.c ****     {
 419              		.loc 1 167 5 is_stmt 1 view .LVU120
 167:../02_OS/EKM_Buffer/EKM_Buffer.c ****     {
 420              		.loc 1 167 14 is_stmt 0 view .LVU121
 421 0006 0279     		ldrb	r2, [r0, #4]	@ zero_extendqisi2
 167:../02_OS/EKM_Buffer/EKM_Buffer.c ****     {
 422              		.loc 1 167 27 view .LVU122
 423 0008 1AB9     		cbnz	r2, .L35
 167:../02_OS/EKM_Buffer/EKM_Buffer.c ****     {
 424              		.loc 1 167 34 discriminator 1 view .LVU123
 425 000a 4078     		ldrb	r0, [r0, #1]	@ zero_extendqisi2
 426              	.LVL31:
 167:../02_OS/EKM_Buffer/EKM_Buffer.c ****     {
 427              		.loc 1 167 48 discriminator 1 view .LVU124
 428 000c 1A78     		ldrb	r2, [r3]	@ zero_extendqisi2
 167:../02_OS/EKM_Buffer/EKM_Buffer.c ****     {
 429              		.loc 1 167 27 discriminator 1 view .LVU125
 430 000e 9042     		cmp	r0, r2
 431 0010 0AD0     		beq	.L37
 432              	.L35:
 169:../02_OS/EKM_Buffer/EKM_Buffer.c ****         EKM_Buffer_Index_Decrement(tmp);
 433              		.loc 1 169 9 is_stmt 1 view .LVU126
 169:../02_OS/EKM_Buffer/EKM_Buffer.c ****         EKM_Buffer_Index_Decrement(tmp);
 434              		.loc 1 169 17 is_stmt 0 view .LVU127
 435 0012 9868     		ldr	r0, [r3, #8]
 169:../02_OS/EKM_Buffer/EKM_Buffer.c ****         EKM_Buffer_Index_Decrement(tmp);
 436              		.loc 1 169 29 view .LVU128
 437 0014 1A78     		ldrb	r2, [r3]	@ zero_extendqisi2
 169:../02_OS/EKM_Buffer/EKM_Buffer.c ****         EKM_Buffer_Index_Decrement(tmp);
 438              		.loc 1 169 25 view .LVU129
 439 0016 825C     		ldrb	r2, [r0, r2]	@ zero_extendqisi2
 169:../02_OS/EKM_Buffer/EKM_Buffer.c ****         EKM_Buffer_Index_Decrement(tmp);
 440              		.loc 1 169 12 view .LVU130
 441 0018 0A70     		strb	r2, [r1]
 170:../02_OS/EKM_Buffer/EKM_Buffer.c ****         return 0;
 442              		.loc 1 170 9 is_stmt 1 view .LVU131
 443 001a 1846     		mov	r0, r3
 444 001c FFF7FEFF 		bl	EKM_Buffer_Index_Decrement
ARM GAS  C:\Users\minde\AppData\Local\Temp\ccfwQTPB.s 			page 15


 445              	.LVL32:
 171:../02_OS/EKM_Buffer/EKM_Buffer.c ****     }
 446              		.loc 1 171 9 view .LVU132
 171:../02_OS/EKM_Buffer/EKM_Buffer.c ****     }
 447              		.loc 1 171 16 is_stmt 0 view .LVU133
 448 0020 0020     		movs	r0, #0
 449              	.L34:
 174:../02_OS/EKM_Buffer/EKM_Buffer.c **** 
 450              		.loc 1 174 1 view .LVU134
 451 0022 08BD     		pop	{r3, pc}
 452              	.LVL33:
 453              	.L36:
 454              	.LCFI8:
 455              		.cfi_def_cfa_offset 0
 456              		.cfi_restore 3
 457              		.cfi_restore 14
 166:../02_OS/EKM_Buffer/EKM_Buffer.c ****     if (((tmp->full == 0) && (tmp->write == tmp->read)) == 0)
 458              		.loc 1 166 16 view .LVU135
 459 0024 0120     		movs	r0, #1
 460              	.LVL34:
 174:../02_OS/EKM_Buffer/EKM_Buffer.c **** 
 461              		.loc 1 174 1 view .LVU136
 462 0026 7047     		bx	lr
 463              	.LVL35:
 464              	.L37:
 465              	.LCFI9:
 466              		.cfi_def_cfa_offset 8
 467              		.cfi_offset 3, -8
 468              		.cfi_offset 14, -4
 173:../02_OS/EKM_Buffer/EKM_Buffer.c **** }
 469              		.loc 1 173 12 view .LVU137
 470 0028 0120     		movs	r0, #1
 471 002a FAE7     		b	.L34
 472              		.cfi_endproc
 473              	.LFE7:
 475              		.section	.text.EKM_Buffer_Get_Muti,"ax",%progbits
 476              		.align	1
 477              		.global	EKM_Buffer_Get_Muti
 478              		.syntax unified
 479              		.thumb
 480              		.thumb_func
 482              	EKM_Buffer_Get_Muti:
 483              	.LVL36:
 484              	.LFB8:
 187:../02_OS/EKM_Buffer/EKM_Buffer.c ****     if (tmp == ((void *)0))
 485              		.loc 1 187 1 is_stmt 1 view -0
 486              		.cfi_startproc
 487              		@ args = 0, pretend = 0, frame = 0
 488              		@ frame_needed = 0, uses_anonymous_args = 0
 187:../02_OS/EKM_Buffer/EKM_Buffer.c ****     if (tmp == ((void *)0))
 489              		.loc 1 187 1 is_stmt 0 view .LVU139
 490 0000 F8B5     		push	{r3, r4, r5, r6, r7, lr}
 491              	.LCFI10:
 492              		.cfi_def_cfa_offset 24
 493              		.cfi_offset 3, -24
 494              		.cfi_offset 4, -20
 495              		.cfi_offset 5, -16
ARM GAS  C:\Users\minde\AppData\Local\Temp\ccfwQTPB.s 			page 16


 496              		.cfi_offset 6, -12
 497              		.cfi_offset 7, -8
 498              		.cfi_offset 14, -4
 188:../02_OS/EKM_Buffer/EKM_Buffer.c ****         return 0;
 499              		.loc 1 188 5 is_stmt 1 view .LVU140
 188:../02_OS/EKM_Buffer/EKM_Buffer.c ****         return 0;
 500              		.loc 1 188 8 is_stmt 0 view .LVU141
 501 0002 E8B1     		cbz	r0, .L47
 502 0004 0F46     		mov	r7, r1
 503 0006 1546     		mov	r5, r2
 504 0008 0446     		mov	r4, r0
 505              	.LBB2:
 190:../02_OS/EKM_Buffer/EKM_Buffer.c ****     {
 506              		.loc 1 190 14 view .LVU142
 507 000a 0026     		movs	r6, #0
 508 000c 0BE0     		b	.L44
 509              	.LVL37:
 510              	.L45:
 194:../02_OS/EKM_Buffer/EKM_Buffer.c ****             EKM_Buffer_Index_Decrement(tmp);
 511              		.loc 1 194 13 is_stmt 1 view .LVU143
 194:../02_OS/EKM_Buffer/EKM_Buffer.c ****             EKM_Buffer_Index_Decrement(tmp);
 512              		.loc 1 194 28 is_stmt 0 view .LVU144
 513 000e A268     		ldr	r2, [r4, #8]
 194:../02_OS/EKM_Buffer/EKM_Buffer.c ****             EKM_Buffer_Index_Decrement(tmp);
 514              		.loc 1 194 40 view .LVU145
 515 0010 2378     		ldrb	r3, [r4]	@ zero_extendqisi2
 194:../02_OS/EKM_Buffer/EKM_Buffer.c ****             EKM_Buffer_Index_Decrement(tmp);
 516              		.loc 1 194 36 view .LVU146
 517 0012 D35C     		ldrb	r3, [r2, r3]	@ zero_extendqisi2
 194:../02_OS/EKM_Buffer/EKM_Buffer.c ****             EKM_Buffer_Index_Decrement(tmp);
 518              		.loc 1 194 23 view .LVU147
 519 0014 BB55     		strb	r3, [r7, r6]
 195:../02_OS/EKM_Buffer/EKM_Buffer.c ****             tmp->Size = EKM_Buffer_Element(tmp);
 520              		.loc 1 195 13 is_stmt 1 view .LVU148
 521 0016 2046     		mov	r0, r4
 522 0018 FFF7FEFF 		bl	EKM_Buffer_Index_Decrement
 523              	.LVL38:
 196:../02_OS/EKM_Buffer/EKM_Buffer.c ****             continue;
 524              		.loc 1 196 13 view .LVU149
 196:../02_OS/EKM_Buffer/EKM_Buffer.c ****             continue;
 525              		.loc 1 196 25 is_stmt 0 view .LVU150
 526 001c 2046     		mov	r0, r4
 527 001e FFF7FEFF 		bl	EKM_Buffer_Element
 528              	.LVL39:
 196:../02_OS/EKM_Buffer/EKM_Buffer.c ****             continue;
 529              		.loc 1 196 23 view .LVU151
 530 0022 A070     		strb	r0, [r4, #2]
 197:../02_OS/EKM_Buffer/EKM_Buffer.c ****         }
 531              		.loc 1 197 13 is_stmt 1 view .LVU152
 190:../02_OS/EKM_Buffer/EKM_Buffer.c ****     {
 532              		.loc 1 190 28 view .LVU153
 190:../02_OS/EKM_Buffer/EKM_Buffer.c ****     {
 533              		.loc 1 190 29 is_stmt 0 view .LVU154
 534 0024 0136     		adds	r6, r6, #1
 535              	.LVL40:
 536              	.L44:
 190:../02_OS/EKM_Buffer/EKM_Buffer.c ****     {
ARM GAS  C:\Users\minde\AppData\Local\Temp\ccfwQTPB.s 			page 17


 537              		.loc 1 190 21 is_stmt 1 discriminator 1 view .LVU155
 190:../02_OS/EKM_Buffer/EKM_Buffer.c ****     {
 538              		.loc 1 190 5 is_stmt 0 discriminator 1 view .LVU156
 539 0026 B542     		cmp	r5, r6
 540 0028 08DD     		ble	.L49
 192:../02_OS/EKM_Buffer/EKM_Buffer.c ****         {
 541              		.loc 1 192 9 is_stmt 1 view .LVU157
 192:../02_OS/EKM_Buffer/EKM_Buffer.c ****         {
 542              		.loc 1 192 18 is_stmt 0 view .LVU158
 543 002a 2379     		ldrb	r3, [r4, #4]	@ zero_extendqisi2
 192:../02_OS/EKM_Buffer/EKM_Buffer.c ****         {
 544              		.loc 1 192 31 view .LVU159
 545 002c 002B     		cmp	r3, #0
 546 002e EED1     		bne	.L45
 192:../02_OS/EKM_Buffer/EKM_Buffer.c ****         {
 547              		.loc 1 192 38 discriminator 1 view .LVU160
 548 0030 6278     		ldrb	r2, [r4, #1]	@ zero_extendqisi2
 192:../02_OS/EKM_Buffer/EKM_Buffer.c ****         {
 549              		.loc 1 192 52 discriminator 1 view .LVU161
 550 0032 2378     		ldrb	r3, [r4]	@ zero_extendqisi2
 192:../02_OS/EKM_Buffer/EKM_Buffer.c ****         {
 551              		.loc 1 192 31 discriminator 1 view .LVU162
 552 0034 9A42     		cmp	r2, r3
 553 0036 EAD1     		bne	.L45
 554              	.LVL41:
 555              	.L43:
 192:../02_OS/EKM_Buffer/EKM_Buffer.c ****         {
 556              		.loc 1 192 31 discriminator 1 view .LVU163
 557              	.LBE2:
 202:../02_OS/EKM_Buffer/EKM_Buffer.c **** 
 558              		.loc 1 202 1 view .LVU164
 559 0038 2846     		mov	r0, r5
 560 003a F8BD     		pop	{r3, r4, r5, r6, r7, pc}
 561              	.LVL42:
 562              	.L49:
 201:../02_OS/EKM_Buffer/EKM_Buffer.c **** }
 563              		.loc 1 201 12 view .LVU165
 564 003c 0025     		movs	r5, #0
 565              	.LBB3:
 566 003e FBE7     		b	.L43
 567              	.LVL43:
 568              	.L47:
 201:../02_OS/EKM_Buffer/EKM_Buffer.c **** }
 569              		.loc 1 201 12 view .LVU166
 570              	.LBE3:
 189:../02_OS/EKM_Buffer/EKM_Buffer.c ****     for (int i = 0; i < N; i++)
 571              		.loc 1 189 16 view .LVU167
 572 0040 0025     		movs	r5, #0
 573 0042 F9E7     		b	.L43
 574              		.cfi_endproc
 575              	.LFE8:
 577              		.section	.text.EKM_Buffer_Set_Muti,"ax",%progbits
 578              		.align	1
 579              		.global	EKM_Buffer_Set_Muti
 580              		.syntax unified
 581              		.thumb
 582              		.thumb_func
ARM GAS  C:\Users\minde\AppData\Local\Temp\ccfwQTPB.s 			page 18


 584              	EKM_Buffer_Set_Muti:
 585              	.LVL44:
 586              	.LFB10:
 238:../02_OS/EKM_Buffer/EKM_Buffer.c ****     if (tmp == ((void *)0))
 587              		.loc 1 238 1 is_stmt 1 view -0
 588              		.cfi_startproc
 589              		@ args = 0, pretend = 0, frame = 0
 590              		@ frame_needed = 0, uses_anonymous_args = 0
 239:../02_OS/EKM_Buffer/EKM_Buffer.c ****         return 1;
 591              		.loc 1 239 5 view .LVU169
 239:../02_OS/EKM_Buffer/EKM_Buffer.c ****         return 1;
 592              		.loc 1 239 8 is_stmt 0 view .LVU170
 593 0000 B8B1     		cbz	r0, .L54
 238:../02_OS/EKM_Buffer/EKM_Buffer.c ****     if (tmp == ((void *)0))
 594              		.loc 1 238 1 view .LVU171
 595 0002 F8B5     		push	{r3, r4, r5, r6, r7, lr}
 596              	.LCFI11:
 597              		.cfi_def_cfa_offset 24
 598              		.cfi_offset 3, -24
 599              		.cfi_offset 4, -20
 600              		.cfi_offset 5, -16
 601              		.cfi_offset 6, -12
 602              		.cfi_offset 7, -8
 603              		.cfi_offset 14, -4
 604 0004 0F46     		mov	r7, r1
 605 0006 1646     		mov	r6, r2
 606 0008 0446     		mov	r4, r0
 607              	.LBB4:
 241:../02_OS/EKM_Buffer/EKM_Buffer.c ****     {
 608              		.loc 1 241 14 view .LVU172
 609 000a 0025     		movs	r5, #0
 610              	.LVL45:
 611              	.L52:
 241:../02_OS/EKM_Buffer/EKM_Buffer.c ****     {
 612              		.loc 1 241 21 is_stmt 1 discriminator 1 view .LVU173
 241:../02_OS/EKM_Buffer/EKM_Buffer.c ****     {
 613              		.loc 1 241 5 is_stmt 0 discriminator 1 view .LVU174
 614 000c AE42     		cmp	r6, r5
 615 000e 0EDD     		ble	.L60
 243:../02_OS/EKM_Buffer/EKM_Buffer.c ****         {
 616              		.loc 1 243 9 is_stmt 1 view .LVU175
 243:../02_OS/EKM_Buffer/EKM_Buffer.c ****         {
 617              		.loc 1 243 16 is_stmt 0 view .LVU176
 618 0010 2379     		ldrb	r3, [r4, #4]	@ zero_extendqisi2
 243:../02_OS/EKM_Buffer/EKM_Buffer.c ****         {
 619              		.loc 1 243 12 view .LVU177
 620 0012 83B9     		cbnz	r3, .L55
 245:../02_OS/EKM_Buffer/EKM_Buffer.c ****             EKM_Buffer_Index_Increment(tmp);
 621              		.loc 1 245 13 is_stmt 1 view .LVU178
 245:../02_OS/EKM_Buffer/EKM_Buffer.c ****             EKM_Buffer_Index_Increment(tmp);
 622              		.loc 1 245 28 is_stmt 0 view .LVU179
 623 0014 6378     		ldrb	r3, [r4, #1]	@ zero_extendqisi2
 245:../02_OS/EKM_Buffer/EKM_Buffer.c ****             EKM_Buffer_Index_Increment(tmp);
 624              		.loc 1 245 45 view .LVU180
 625 0016 7A5D     		ldrb	r2, [r7, r5]	@ zero_extendqisi2
 245:../02_OS/EKM_Buffer/EKM_Buffer.c ****             EKM_Buffer_Index_Increment(tmp);
 626              		.loc 1 245 37 view .LVU181
ARM GAS  C:\Users\minde\AppData\Local\Temp\ccfwQTPB.s 			page 19


 627 0018 A168     		ldr	r1, [r4, #8]
 628 001a CA54     		strb	r2, [r1, r3]
 246:../02_OS/EKM_Buffer/EKM_Buffer.c ****             tmp->Size = EKM_Buffer_Element(tmp);
 629              		.loc 1 246 13 is_stmt 1 view .LVU182
 630 001c 2046     		mov	r0, r4
 631 001e FFF7FEFF 		bl	EKM_Buffer_Index_Increment
 632              	.LVL46:
 247:../02_OS/EKM_Buffer/EKM_Buffer.c ****         }
 633              		.loc 1 247 13 view .LVU183
 247:../02_OS/EKM_Buffer/EKM_Buffer.c ****         }
 634              		.loc 1 247 25 is_stmt 0 view .LVU184
 635 0022 2046     		mov	r0, r4
 636 0024 FFF7FEFF 		bl	EKM_Buffer_Element
 637              	.LVL47:
 247:../02_OS/EKM_Buffer/EKM_Buffer.c ****         }
 638              		.loc 1 247 23 view .LVU185
 639 0028 A070     		strb	r0, [r4, #2]
 241:../02_OS/EKM_Buffer/EKM_Buffer.c ****     {
 640              		.loc 1 241 28 is_stmt 1 view .LVU186
 241:../02_OS/EKM_Buffer/EKM_Buffer.c ****     {
 641              		.loc 1 241 29 is_stmt 0 view .LVU187
 642 002a 0135     		adds	r5, r5, #1
 643              	.LVL48:
 241:../02_OS/EKM_Buffer/EKM_Buffer.c ****     {
 644              		.loc 1 241 29 view .LVU188
 645 002c EEE7     		b	.L52
 646              	.L60:
 241:../02_OS/EKM_Buffer/EKM_Buffer.c ****     {
 647              		.loc 1 241 29 view .LVU189
 648              	.LBE4:
 254:../02_OS/EKM_Buffer/EKM_Buffer.c **** }
 649              		.loc 1 254 12 view .LVU190
 650 002e 0020     		movs	r0, #0
 651              	.L51:
 255:../02_OS/EKM_Buffer/EKM_Buffer.c **** 
 652              		.loc 1 255 1 view .LVU191
 653 0030 F8BD     		pop	{r3, r4, r5, r6, r7, pc}
 654              	.LVL49:
 655              	.L54:
 656              	.LCFI12:
 657              		.cfi_def_cfa_offset 0
 658              		.cfi_restore 3
 659              		.cfi_restore 4
 660              		.cfi_restore 5
 661              		.cfi_restore 6
 662              		.cfi_restore 7
 663              		.cfi_restore 14
 240:../02_OS/EKM_Buffer/EKM_Buffer.c ****     for (int i = 0; i < N; i++)
 664              		.loc 1 240 16 view .LVU192
 665 0032 0120     		movs	r0, #1
 666              	.LVL50:
 255:../02_OS/EKM_Buffer/EKM_Buffer.c **** 
 667              		.loc 1 255 1 view .LVU193
 668 0034 7047     		bx	lr
 669              	.LVL51:
 670              	.L55:
 671              	.LCFI13:
ARM GAS  C:\Users\minde\AppData\Local\Temp\ccfwQTPB.s 			page 20


 672              		.cfi_def_cfa_offset 24
 673              		.cfi_offset 3, -24
 674              		.cfi_offset 4, -20
 675              		.cfi_offset 5, -16
 676              		.cfi_offset 6, -12
 677              		.cfi_offset 7, -8
 678              		.cfi_offset 14, -4
 679              	.LBB5:
 251:../02_OS/EKM_Buffer/EKM_Buffer.c ****         }
 680              		.loc 1 251 20 view .LVU194
 681 0036 3046     		mov	r0, r6
 682 0038 FAE7     		b	.L51
 683              	.LBE5:
 684              		.cfi_endproc
 685              	.LFE10:
 687              		.section	.text.EKM_Buffer_Raw_Reset,"ax",%progbits
 688              		.align	1
 689              		.global	EKM_Buffer_Raw_Reset
 690              		.syntax unified
 691              		.thumb
 692              		.thumb_func
 694              	EKM_Buffer_Raw_Reset:
 695              	.LVL52:
 696              	.LFB12:
 285:../02_OS/EKM_Buffer/EKM_Buffer.c **** 
 286:../02_OS/EKM_Buffer/EKM_Buffer.c **** /*******************************************************************************
 287:../02_OS/EKM_Buffer/EKM_Buffer.c ****  * Function: EKM_Buffer_Raw_Reset
 288:../02_OS/EKM_Buffer/EKM_Buffer.c ****  *
 289:../02_OS/EKM_Buffer/EKM_Buffer.c ****  * Parameters:      -
 290:../02_OS/EKM_Buffer/EKM_Buffer.c ****  * Returned value:  -
 291:../02_OS/EKM_Buffer/EKM_Buffer.c ****  *
 292:../02_OS/EKM_Buffer/EKM_Buffer.c ****  * Description:
 293:../02_OS/EKM_Buffer/EKM_Buffer.c ****  *
 294:../02_OS/EKM_Buffer/EKM_Buffer.c ****  * Calling:
 295:../02_OS/EKM_Buffer/EKM_Buffer.c ****  ******************************************************************************/
 296:../02_OS/EKM_Buffer/EKM_Buffer.c **** uint8_t EKM_Buffer_Raw_Reset(uint8_t *c, uint8_t *Raw_pointer, uint8_t Size)
 297:../02_OS/EKM_Buffer/EKM_Buffer.c **** {
 697              		.loc 1 297 1 is_stmt 1 view -0
 698              		.cfi_startproc
 699              		@ args = 0, pretend = 0, frame = 0
 700              		@ frame_needed = 0, uses_anonymous_args = 0
 298:../02_OS/EKM_Buffer/EKM_Buffer.c ****     if (c == ((void *)0))
 701              		.loc 1 298 5 view .LVU196
 702              		.loc 1 298 8 is_stmt 0 view .LVU197
 703 0000 40B1     		cbz	r0, .L63
 299:../02_OS/EKM_Buffer/EKM_Buffer.c ****         return 1;
 300:../02_OS/EKM_Buffer/EKM_Buffer.c ****     if (Raw_pointer == ((void *)0))
 704              		.loc 1 300 5 is_stmt 1 view .LVU198
 705              		.loc 1 300 8 is_stmt 0 view .LVU199
 706 0002 49B1     		cbz	r1, .L64
 297:../02_OS/EKM_Buffer/EKM_Buffer.c ****     if (c == ((void *)0))
 707              		.loc 1 297 1 view .LVU200
 708 0004 10B5     		push	{r4, lr}
 709              	.LCFI14:
 710              		.cfi_def_cfa_offset 8
 711              		.cfi_offset 4, -8
 712              		.cfi_offset 14, -4
ARM GAS  C:\Users\minde\AppData\Local\Temp\ccfwQTPB.s 			page 21


 301:../02_OS/EKM_Buffer/EKM_Buffer.c ****         return 1;
 302:../02_OS/EKM_Buffer/EKM_Buffer.c ****     *Raw_pointer = 0;
 713              		.loc 1 302 5 is_stmt 1 view .LVU201
 714              		.loc 1 302 18 is_stmt 0 view .LVU202
 715 0006 0024     		movs	r4, #0
 716 0008 0C70     		strb	r4, [r1]
 303:../02_OS/EKM_Buffer/EKM_Buffer.c ****     memset(c, 0, Size);
 717              		.loc 1 303 5 is_stmt 1 view .LVU203
 718 000a 2146     		mov	r1, r4
 719              	.LVL53:
 720              		.loc 1 303 5 is_stmt 0 view .LVU204
 721 000c FFF7FEFF 		bl	memset
 722              	.LVL54:
 304:../02_OS/EKM_Buffer/EKM_Buffer.c ****     return 0;
 723              		.loc 1 304 5 is_stmt 1 view .LVU205
 724              		.loc 1 304 12 is_stmt 0 view .LVU206
 725 0010 2046     		mov	r0, r4
 305:../02_OS/EKM_Buffer/EKM_Buffer.c **** }
 726              		.loc 1 305 1 view .LVU207
 727 0012 10BD     		pop	{r4, pc}
 728              	.LVL55:
 729              	.L63:
 730              	.LCFI15:
 731              		.cfi_def_cfa_offset 0
 732              		.cfi_restore 4
 733              		.cfi_restore 14
 299:../02_OS/EKM_Buffer/EKM_Buffer.c ****     if (Raw_pointer == ((void *)0))
 734              		.loc 1 299 16 view .LVU208
 735 0014 0120     		movs	r0, #1
 736              	.LVL56:
 299:../02_OS/EKM_Buffer/EKM_Buffer.c ****     if (Raw_pointer == ((void *)0))
 737              		.loc 1 299 16 view .LVU209
 738 0016 7047     		bx	lr
 739              	.LVL57:
 740              	.L64:
 301:../02_OS/EKM_Buffer/EKM_Buffer.c ****     *Raw_pointer = 0;
 741              		.loc 1 301 16 view .LVU210
 742 0018 0120     		movs	r0, #1
 743              	.LVL58:
 744              		.loc 1 305 1 view .LVU211
 745 001a 7047     		bx	lr
 746              		.cfi_endproc
 747              	.LFE12:
 749              		.section	.text.EKM_Buffer_Raw_set,"ax",%progbits
 750              		.align	1
 751              		.global	EKM_Buffer_Raw_set
 752              		.syntax unified
 753              		.thumb
 754              		.thumb_func
 756              	EKM_Buffer_Raw_set:
 757              	.LVL59:
 758              	.LFB13:
 306:../02_OS/EKM_Buffer/EKM_Buffer.c **** 
 307:../02_OS/EKM_Buffer/EKM_Buffer.c **** /*******************************************************************************
 308:../02_OS/EKM_Buffer/EKM_Buffer.c ****  * Function: EKM_Buffer_Raw_set
 309:../02_OS/EKM_Buffer/EKM_Buffer.c ****  *
 310:../02_OS/EKM_Buffer/EKM_Buffer.c ****  * Parameters:      - tmp       : pointer for Buffer type use in process read line.
ARM GAS  C:\Users\minde\AppData\Local\Temp\ccfwQTPB.s 			page 22


 311:../02_OS/EKM_Buffer/EKM_Buffer.c ****  * Returned value:  -
 312:../02_OS/EKM_Buffer/EKM_Buffer.c ****  *
 313:../02_OS/EKM_Buffer/EKM_Buffer.c ****  * Description:
 314:../02_OS/EKM_Buffer/EKM_Buffer.c ****  *
 315:../02_OS/EKM_Buffer/EKM_Buffer.c ****  * Calling:
 316:../02_OS/EKM_Buffer/EKM_Buffer.c ****  ******************************************************************************/
 317:../02_OS/EKM_Buffer/EKM_Buffer.c **** uint8_t EKM_Buffer_Raw_set(uint8_t *c, uint8_t Size, uint8_t *Raw_pointer, uint8_t buf)
 318:../02_OS/EKM_Buffer/EKM_Buffer.c **** {
 759              		.loc 1 318 1 is_stmt 1 view -0
 760              		.cfi_startproc
 761              		@ args = 0, pretend = 0, frame = 0
 762              		@ frame_needed = 0, uses_anonymous_args = 0
 319:../02_OS/EKM_Buffer/EKM_Buffer.c ****     if (c == ((void *)0))
 763              		.loc 1 319 5 view .LVU213
 764              		.loc 1 319 8 is_stmt 0 view .LVU214
 765 0000 78B1     		cbz	r0, .L72
 318:../02_OS/EKM_Buffer/EKM_Buffer.c ****     if (c == ((void *)0))
 766              		.loc 1 318 1 view .LVU215
 767 0002 08B5     		push	{r3, lr}
 768              	.LCFI16:
 769              		.cfi_def_cfa_offset 8
 770              		.cfi_offset 3, -8
 771              		.cfi_offset 14, -4
 772 0004 8C46     		mov	ip, r1
 773 0006 1146     		mov	r1, r2
 774              	.LVL60:
 318:../02_OS/EKM_Buffer/EKM_Buffer.c ****     if (c == ((void *)0))
 775              		.loc 1 318 1 view .LVU216
 776 0008 8646     		mov	lr, r0
 320:../02_OS/EKM_Buffer/EKM_Buffer.c ****         return 1;
 321:../02_OS/EKM_Buffer/EKM_Buffer.c ****     if (Raw_pointer == ((void *)0))
 777              		.loc 1 321 5 is_stmt 1 view .LVU217
 778              		.loc 1 321 8 is_stmt 0 view .LVU218
 779 000a 62B1     		cbz	r2, .L73
 322:../02_OS/EKM_Buffer/EKM_Buffer.c ****         return 1;
 323:../02_OS/EKM_Buffer/EKM_Buffer.c **** 
 324:../02_OS/EKM_Buffer/EKM_Buffer.c ****     if (*Raw_pointer < Size)
 780              		.loc 1 324 5 is_stmt 1 view .LVU219
 781              		.loc 1 324 9 is_stmt 0 view .LVU220
 782 000c 1278     		ldrb	r2, [r2]	@ zero_extendqisi2
 783              	.LVL61:
 784              		.loc 1 324 8 view .LVU221
 785 000e 6245     		cmp	r2, ip
 786 0010 02D2     		bcs	.L71
 325:../02_OS/EKM_Buffer/EKM_Buffer.c ****     {
 326:../02_OS/EKM_Buffer/EKM_Buffer.c ****         c[*Raw_pointer++] = buf;
 787              		.loc 1 326 9 is_stmt 1 view .LVU222
 788              	.LVL62:
 789              		.loc 1 326 27 is_stmt 0 view .LVU223
 790 0012 8354     		strb	r3, [r0, r2]
 327:../02_OS/EKM_Buffer/EKM_Buffer.c ****     }
 328:../02_OS/EKM_Buffer/EKM_Buffer.c ****     else
 329:../02_OS/EKM_Buffer/EKM_Buffer.c ****     {
 330:../02_OS/EKM_Buffer/EKM_Buffer.c ****         EKM_Buffer_Raw_Reset(c, Raw_pointer, Size);
 331:../02_OS/EKM_Buffer/EKM_Buffer.c ****         //c[*Raw_pointer++] = buf;
 332:../02_OS/EKM_Buffer/EKM_Buffer.c ****     }
 333:../02_OS/EKM_Buffer/EKM_Buffer.c ****     return 0;
ARM GAS  C:\Users\minde\AppData\Local\Temp\ccfwQTPB.s 			page 23


 791              		.loc 1 333 12 view .LVU224
 792 0014 0020     		movs	r0, #0
 793              	.LVL63:
 794              	.L70:
 334:../02_OS/EKM_Buffer/EKM_Buffer.c **** }
 795              		.loc 1 334 1 view .LVU225
 796 0016 08BD     		pop	{r3, pc}
 797              	.LVL64:
 798              	.L71:
 330:../02_OS/EKM_Buffer/EKM_Buffer.c ****         //c[*Raw_pointer++] = buf;
 799              		.loc 1 330 9 is_stmt 1 view .LVU226
 800 0018 6246     		mov	r2, ip
 801 001a FFF7FEFF 		bl	EKM_Buffer_Raw_Reset
 802              	.LVL65:
 333:../02_OS/EKM_Buffer/EKM_Buffer.c **** }
 803              		.loc 1 333 12 is_stmt 0 view .LVU227
 804 001e 0020     		movs	r0, #0
 805 0020 F9E7     		b	.L70
 806              	.LVL66:
 807              	.L72:
 808              	.LCFI17:
 809              		.cfi_def_cfa_offset 0
 810              		.cfi_restore 3
 811              		.cfi_restore 14
 320:../02_OS/EKM_Buffer/EKM_Buffer.c ****     if (Raw_pointer == ((void *)0))
 812              		.loc 1 320 16 view .LVU228
 813 0022 0120     		movs	r0, #1
 814              	.LVL67:
 815              		.loc 1 334 1 view .LVU229
 816 0024 7047     		bx	lr
 817              	.LVL68:
 818              	.L73:
 819              	.LCFI18:
 820              		.cfi_def_cfa_offset 8
 821              		.cfi_offset 3, -8
 822              		.cfi_offset 14, -4
 322:../02_OS/EKM_Buffer/EKM_Buffer.c **** 
 823              		.loc 1 322 16 view .LVU230
 824 0026 0120     		movs	r0, #1
 825              	.LVL69:
 322:../02_OS/EKM_Buffer/EKM_Buffer.c **** 
 826              		.loc 1 322 16 view .LVU231
 827 0028 F5E7     		b	.L70
 828              		.cfi_endproc
 829              	.LFE13:
 831              		.section	.text.EKM_Buffer_readline,"ax",%progbits
 832              		.align	1
 833              		.global	EKM_Buffer_readline
 834              		.syntax unified
 835              		.thumb
 836              		.thumb_func
 838              	EKM_Buffer_readline:
 839              	.LVL70:
 840              	.LFB14:
 335:../02_OS/EKM_Buffer/EKM_Buffer.c **** 
 336:../02_OS/EKM_Buffer/EKM_Buffer.c **** /*******************************************************************************
 337:../02_OS/EKM_Buffer/EKM_Buffer.c ****  * Function: EKM_Buffer_readline
ARM GAS  C:\Users\minde\AppData\Local\Temp\ccfwQTPB.s 			page 24


 338:../02_OS/EKM_Buffer/EKM_Buffer.c ****  *
 339:../02_OS/EKM_Buffer/EKM_Buffer.c ****  * Parameters:      - tmp       : pointer for Buffer type use in process read line.
 340:../02_OS/EKM_Buffer/EKM_Buffer.c ****  *                  - readline  : pointer for get line data.
 341:../02_OS/EKM_Buffer/EKM_Buffer.c ****  *                  - varsplit  : char for end line, use for since 2 character.
 342:../02_OS/EKM_Buffer/EKM_Buffer.c ****  * Returned value:  - 1         : continue line.
 343:../02_OS/EKM_Buffer/EKM_Buffer.c ****  *                  - 0         : last line.
 344:../02_OS/EKM_Buffer/EKM_Buffer.c ****  *
 345:../02_OS/EKM_Buffer/EKM_Buffer.c ****  * Description: This's read line for buffer, Please use EKM_Buffer type for get data
 346:../02_OS/EKM_Buffer/EKM_Buffer.c ****  *              and check run this function time for processing.
 347:../02_OS/EKM_Buffer/EKM_Buffer.c ****  *
 348:../02_OS/EKM_Buffer/EKM_Buffer.c ****  * Calling:
 349:../02_OS/EKM_Buffer/EKM_Buffer.c ****  ******************************************************************************/
 350:../02_OS/EKM_Buffer/EKM_Buffer.c **** uint8_t EKM_Buffer_readline(EKM_Buffer_t *tmp, uint8_t *readline, const char *varsplit)
 351:../02_OS/EKM_Buffer/EKM_Buffer.c **** {
 841              		.loc 1 351 1 is_stmt 1 view -0
 842              		.cfi_startproc
 843              		@ args = 0, pretend = 0, frame = 8
 844              		@ frame_needed = 1, uses_anonymous_args = 0
 352:../02_OS/EKM_Buffer/EKM_Buffer.c ****     if (tmp == ((void *)0))
 845              		.loc 1 352 5 view .LVU233
 846              		.loc 1 352 8 is_stmt 0 view .LVU234
 847 0000 0028     		cmp	r0, #0
 848 0002 7BD0     		beq	.L89
 351:../02_OS/EKM_Buffer/EKM_Buffer.c ****     if (tmp == ((void *)0))
 849              		.loc 1 351 1 view .LVU235
 850 0004 2DE9F04F 		push	{r4, r5, r6, r7, r8, r9, r10, fp, lr}
 851              	.LCFI19:
 852              		.cfi_def_cfa_offset 36
 853              		.cfi_offset 4, -36
 854              		.cfi_offset 5, -32
 855              		.cfi_offset 6, -28
 856              		.cfi_offset 7, -24
 857              		.cfi_offset 8, -20
 858              		.cfi_offset 9, -16
 859              		.cfi_offset 10, -12
 860              		.cfi_offset 11, -8
 861              		.cfi_offset 14, -4
 862 0008 83B0     		sub	sp, sp, #12
 863              	.LCFI20:
 864              		.cfi_def_cfa_offset 48
 865 000a 00AF     		add	r7, sp, #0
 866              	.LCFI21:
 867              		.cfi_def_cfa_register 7
 868 000c 8A46     		mov	r10, r1
 869 000e 9046     		mov	r8, r2
 870 0010 0646     		mov	r6, r0
 353:../02_OS/EKM_Buffer/EKM_Buffer.c ****         return 1;
 354:../02_OS/EKM_Buffer/EKM_Buffer.c ****     if (readline == ((void *)0))
 871              		.loc 1 354 5 is_stmt 1 view .LVU236
 872              		.loc 1 354 8 is_stmt 0 view .LVU237
 873 0012 0029     		cmp	r1, #0
 874 0014 74D0     		beq	.L90
 355:../02_OS/EKM_Buffer/EKM_Buffer.c ****         return 1;
 356:../02_OS/EKM_Buffer/EKM_Buffer.c **** 
 357:../02_OS/EKM_Buffer/EKM_Buffer.c ****     uint8_t i = 0;
 875              		.loc 1 357 5 is_stmt 1 view .LVU238
 876              	.LVL71:
ARM GAS  C:\Users\minde\AppData\Local\Temp\ccfwQTPB.s 			page 25


 358:../02_OS/EKM_Buffer/EKM_Buffer.c ****     uint8_t j = 0;
 877              		.loc 1 358 5 view .LVU239
 359:../02_OS/EKM_Buffer/EKM_Buffer.c ****     uint8_t firstLine = 0;
 878              		.loc 1 359 5 view .LVU240
 360:../02_OS/EKM_Buffer/EKM_Buffer.c ****     uint8_t vs = strlen(varsplit);
 879              		.loc 1 360 5 view .LVU241
 880              		.loc 1 360 18 is_stmt 0 view .LVU242
 881 0016 1046     		mov	r0, r2
 882              	.LVL72:
 883              		.loc 1 360 18 view .LVU243
 884 0018 FFF7FEFF 		bl	strlen
 885              	.LVL73:
 886              		.loc 1 360 18 view .LVU244
 887 001c 7860     		str	r0, [r7, #4]
 888              		.loc 1 360 13 view .LVU245
 889 001e 5FFA80FB 		uxtb	fp, r0
 890              	.LVL74:
 361:../02_OS/EKM_Buffer/EKM_Buffer.c ****     uint8_t vb = 0;
 891              		.loc 1 361 5 is_stmt 1 view .LVU246
 362:../02_OS/EKM_Buffer/EKM_Buffer.c ****     uint8_t index_read = tmp->read;
 892              		.loc 1 362 5 view .LVU247
 893              		.loc 1 362 13 is_stmt 0 view .LVU248
 894 0022 3478     		ldrb	r4, [r6]	@ zero_extendqisi2
 895              	.LVL75:
 363:../02_OS/EKM_Buffer/EKM_Buffer.c ****     uint8_t Buffer_temp[tmp->SizeMax];
 896              		.loc 1 363 5 is_stmt 1 view .LVU249
 897              		.loc 1 363 28 is_stmt 0 view .LVU250
 898 0024 F278     		ldrb	r2, [r6, #3]	@ zero_extendqisi2
 899              	.LVL76:
 900              		.loc 1 363 13 view .LVU251
 901 0026 D31D     		adds	r3, r2, #7
 902 0028 03F4FC73 		and	r3, r3, #504
 903 002c ADEB030D 		sub	sp, sp, r3
 904 0030 E946     		mov	r9, sp
 905              	.LVL77:
 364:../02_OS/EKM_Buffer/EKM_Buffer.c ****     tmp->LineCount = 0;
 906              		.loc 1 364 5 is_stmt 1 view .LVU252
 907              		.loc 1 364 20 is_stmt 0 view .LVU253
 908 0032 0025     		movs	r5, #0
 909 0034 7571     		strb	r5, [r6, #5]
 365:../02_OS/EKM_Buffer/EKM_Buffer.c **** 
 366:../02_OS/EKM_Buffer/EKM_Buffer.c ****     memset(Buffer_temp, 0, tmp->SizeMax);
 910              		.loc 1 366 5 is_stmt 1 view .LVU254
 911 0036 2946     		mov	r1, r5
 912 0038 6846     		mov	r0, sp
 913 003a FFF7FEFF 		bl	memset
 914              	.LVL78:
 367:../02_OS/EKM_Buffer/EKM_Buffer.c ****     for (i = 0; i < EKM_Buffer_Element(tmp); i++)
 915              		.loc 1 367 5 view .LVU255
 359:../02_OS/EKM_Buffer/EKM_Buffer.c ****     uint8_t vs = strlen(varsplit);
 916              		.loc 1 359 13 is_stmt 0 view .LVU256
 917 003e 3D60     		str	r5, [r7]
 918              		.loc 1 367 5 view .LVU257
 919 0040 14E0     		b	.L80
 920              	.LVL79:
 921              	.L91:
 922              	.LBB6:
ARM GAS  C:\Users\minde\AppData\Local\Temp\ccfwQTPB.s 			page 26


 368:../02_OS/EKM_Buffer/EKM_Buffer.c ****     {
 369:../02_OS/EKM_Buffer/EKM_Buffer.c ****         uint8_t t = 0;
 370:../02_OS/EKM_Buffer/EKM_Buffer.c ****         Buffer_temp[i] = tmp->buffer[index_read];
 371:../02_OS/EKM_Buffer/EKM_Buffer.c ****         index_read = (index_read + 1) % tmp->SizeMax;
 372:../02_OS/EKM_Buffer/EKM_Buffer.c ****         if (Buffer_temp[i] == varsplit[vs - 1])
 373:../02_OS/EKM_Buffer/EKM_Buffer.c ****         {
 374:../02_OS/EKM_Buffer/EKM_Buffer.c ****             t = 1;
 375:../02_OS/EKM_Buffer/EKM_Buffer.c ****             for (j = vs; j > 0; j--)
 923              		.loc 1 375 20 view .LVU258
 924 0042 5B46     		mov	r3, fp
 925              	.LVL80:
 926              	.L81:
 927              		.loc 1 375 26 is_stmt 1 discriminator 1 view .LVU259
 928              		.loc 1 375 13 is_stmt 0 discriminator 1 view .LVU260
 929 0044 5BB1     		cbz	r3, .L99
 376:../02_OS/EKM_Buffer/EKM_Buffer.c ****             {
 377:../02_OS/EKM_Buffer/EKM_Buffer.c ****                 if (Buffer_temp[i + j - 2] != varsplit[j - 1])
 930              		.loc 1 377 17 is_stmt 1 view .LVU261
 931              		.loc 1 377 35 is_stmt 0 view .LVU262
 932 0046 5A18     		adds	r2, r3, r1
 933              		.loc 1 377 39 view .LVU263
 934 0048 023A     		subs	r2, r2, #2
 935              		.loc 1 377 32 view .LVU264
 936 004a 19F80200 		ldrb	r0, [r9, r2]	@ zero_extendqisi2
 937              		.loc 1 377 55 view .LVU265
 938 004e 5A1E     		subs	r2, r3, #1
 939              		.loc 1 377 44 view .LVU266
 940 0050 18F80220 		ldrb	r2, [r8, r2]	@ zero_extendqisi2
 941              		.loc 1 377 20 view .LVU267
 942 0054 9042     		cmp	r0, r2
 943 0056 22D1     		bne	.L92
 375:../02_OS/EKM_Buffer/EKM_Buffer.c ****             {
 944              		.loc 1 375 33 is_stmt 1 discriminator 2 view .LVU268
 375:../02_OS/EKM_Buffer/EKM_Buffer.c ****             {
 945              		.loc 1 375 34 is_stmt 0 discriminator 2 view .LVU269
 946 0058 013B     		subs	r3, r3, #1
 947              	.LVL81:
 375:../02_OS/EKM_Buffer/EKM_Buffer.c ****             {
 948              		.loc 1 375 34 discriminator 2 view .LVU270
 949 005a DBB2     		uxtb	r3, r3
 950              	.LVL82:
 375:../02_OS/EKM_Buffer/EKM_Buffer.c ****             {
 951              		.loc 1 375 34 discriminator 2 view .LVU271
 952 005c F2E7     		b	.L81
 953              	.L99:
 374:../02_OS/EKM_Buffer/EKM_Buffer.c ****             for (j = vs; j > 0; j--)
 954              		.loc 1 374 15 view .LVU272
 955 005e 0123     		movs	r3, #1
 956              	.LVL83:
 957              	.L83:
 378:../02_OS/EKM_Buffer/EKM_Buffer.c ****                 {
 379:../02_OS/EKM_Buffer/EKM_Buffer.c ****                     t = 0;
 380:../02_OS/EKM_Buffer/EKM_Buffer.c ****                     break;
 381:../02_OS/EKM_Buffer/EKM_Buffer.c ****                 }
 382:../02_OS/EKM_Buffer/EKM_Buffer.c ****             }
 383:../02_OS/EKM_Buffer/EKM_Buffer.c ****         }
 384:../02_OS/EKM_Buffer/EKM_Buffer.c ****         if (t == 1)
ARM GAS  C:\Users\minde\AppData\Local\Temp\ccfwQTPB.s 			page 27


 958              		.loc 1 384 9 is_stmt 1 view .LVU273
 959              		.loc 1 384 12 is_stmt 0 view .LVU274
 960 0060 FBB9     		cbnz	r3, .L100
 961              	.LVL84:
 962              	.L82:
 385:../02_OS/EKM_Buffer/EKM_Buffer.c ****         {
 386:../02_OS/EKM_Buffer/EKM_Buffer.c ****             if (firstLine == 0)
 387:../02_OS/EKM_Buffer/EKM_Buffer.c ****                 firstLine = i;
 388:../02_OS/EKM_Buffer/EKM_Buffer.c ****         }
 389:../02_OS/EKM_Buffer/EKM_Buffer.c ****         tmp->LineCount += t;
 963              		.loc 1 389 9 is_stmt 1 discriminator 2 view .LVU275
 964              		.loc 1 389 24 is_stmt 0 discriminator 2 view .LVU276
 965 0062 7279     		ldrb	r2, [r6, #5]	@ zero_extendqisi2
 966 0064 1344     		add	r3, r3, r2
 967 0066 7371     		strb	r3, [r6, #5]
 968              	.LBE6:
 367:../02_OS/EKM_Buffer/EKM_Buffer.c ****     {
 969              		.loc 1 367 46 is_stmt 1 discriminator 2 view .LVU277
 367:../02_OS/EKM_Buffer/EKM_Buffer.c ****     {
 970              		.loc 1 367 47 is_stmt 0 discriminator 2 view .LVU278
 971 0068 0135     		adds	r5, r5, #1
 972              	.LVL85:
 367:../02_OS/EKM_Buffer/EKM_Buffer.c ****     {
 973              		.loc 1 367 47 discriminator 2 view .LVU279
 974 006a EDB2     		uxtb	r5, r5
 975              	.LVL86:
 976              	.L80:
 367:../02_OS/EKM_Buffer/EKM_Buffer.c ****     {
 977              		.loc 1 367 17 is_stmt 1 discriminator 1 view .LVU280
 367:../02_OS/EKM_Buffer/EKM_Buffer.c ****     {
 978              		.loc 1 367 21 is_stmt 0 discriminator 1 view .LVU281
 979 006c 3046     		mov	r0, r6
 980 006e FFF7FEFF 		bl	EKM_Buffer_Element
 981              	.LVL87:
 367:../02_OS/EKM_Buffer/EKM_Buffer.c ****     {
 982              		.loc 1 367 5 discriminator 1 view .LVU282
 983 0072 8542     		cmp	r5, r0
 984 0074 1AD2     		bcs	.L101
 985              	.LBB7:
 369:../02_OS/EKM_Buffer/EKM_Buffer.c ****         Buffer_temp[i] = tmp->buffer[index_read];
 986              		.loc 1 369 9 is_stmt 1 view .LVU283
 987              	.LVL88:
 370:../02_OS/EKM_Buffer/EKM_Buffer.c ****         index_read = (index_read + 1) % tmp->SizeMax;
 988              		.loc 1 370 9 view .LVU284
 370:../02_OS/EKM_Buffer/EKM_Buffer.c ****         index_read = (index_read + 1) % tmp->SizeMax;
 989              		.loc 1 370 29 is_stmt 0 view .LVU285
 990 0076 B368     		ldr	r3, [r6, #8]
 370:../02_OS/EKM_Buffer/EKM_Buffer.c ****         index_read = (index_read + 1) % tmp->SizeMax;
 991              		.loc 1 370 20 view .LVU286
 992 0078 2946     		mov	r1, r5
 370:../02_OS/EKM_Buffer/EKM_Buffer.c ****         index_read = (index_read + 1) % tmp->SizeMax;
 993              		.loc 1 370 37 view .LVU287
 994 007a 1A5D     		ldrb	r2, [r3, r4]	@ zero_extendqisi2
 370:../02_OS/EKM_Buffer/EKM_Buffer.c ****         index_read = (index_read + 1) % tmp->SizeMax;
 995              		.loc 1 370 24 view .LVU288
 996 007c 09F80520 		strb	r2, [r9, r5]
 371:../02_OS/EKM_Buffer/EKM_Buffer.c ****         if (Buffer_temp[i] == varsplit[vs - 1])
ARM GAS  C:\Users\minde\AppData\Local\Temp\ccfwQTPB.s 			page 28


 997              		.loc 1 371 9 is_stmt 1 view .LVU289
 371:../02_OS/EKM_Buffer/EKM_Buffer.c ****         if (Buffer_temp[i] == varsplit[vs - 1])
 998              		.loc 1 371 34 is_stmt 0 view .LVU290
 999 0080 0134     		adds	r4, r4, #1
 1000              	.LVL89:
 371:../02_OS/EKM_Buffer/EKM_Buffer.c ****         if (Buffer_temp[i] == varsplit[vs - 1])
 1001              		.loc 1 371 44 view .LVU291
 1002 0082 F378     		ldrb	r3, [r6, #3]	@ zero_extendqisi2
 371:../02_OS/EKM_Buffer/EKM_Buffer.c ****         if (Buffer_temp[i] == varsplit[vs - 1])
 1003              		.loc 1 371 39 view .LVU292
 1004 0084 94FBF3F0 		sdiv	r0, r4, r3
 1005 0088 03FB1044 		mls	r4, r3, r0, r4
 371:../02_OS/EKM_Buffer/EKM_Buffer.c ****         if (Buffer_temp[i] == varsplit[vs - 1])
 1006              		.loc 1 371 20 view .LVU293
 1007 008c E4B2     		uxtb	r4, r4
 1008              	.LVL90:
 372:../02_OS/EKM_Buffer/EKM_Buffer.c ****         {
 1009              		.loc 1 372 9 is_stmt 1 view .LVU294
 372:../02_OS/EKM_Buffer/EKM_Buffer.c ****         {
 1010              		.loc 1 372 39 is_stmt 0 view .LVU295
 1011 008e 3B79     		ldrb	r3, [r7, #4]	@ zero_extendqisi2
 1012 0090 013B     		subs	r3, r3, #1
 372:../02_OS/EKM_Buffer/EKM_Buffer.c ****         {
 1013              		.loc 1 372 28 view .LVU296
 1014 0092 18F80330 		ldrb	r3, [r8, r3]	@ zero_extendqisi2
 372:../02_OS/EKM_Buffer/EKM_Buffer.c ****         {
 1015              		.loc 1 372 12 view .LVU297
 1016 0096 9A42     		cmp	r2, r3
 1017 0098 D3D0     		beq	.L91
 369:../02_OS/EKM_Buffer/EKM_Buffer.c ****         Buffer_temp[i] = tmp->buffer[index_read];
 1018              		.loc 1 369 17 view .LVU298
 1019 009a 0023     		movs	r3, #0
 1020 009c E1E7     		b	.L82
 1021              	.LVL91:
 1022              	.L92:
 379:../02_OS/EKM_Buffer/EKM_Buffer.c ****                     break;
 1023              		.loc 1 379 23 view .LVU299
 1024 009e 0023     		movs	r3, #0
 1025              	.LVL92:
 379:../02_OS/EKM_Buffer/EKM_Buffer.c ****                     break;
 1026              		.loc 1 379 23 view .LVU300
 1027 00a0 DEE7     		b	.L83
 1028              	.LVL93:
 1029              	.L100:
 386:../02_OS/EKM_Buffer/EKM_Buffer.c ****                 firstLine = i;
 1030              		.loc 1 386 13 is_stmt 1 view .LVU301
 386:../02_OS/EKM_Buffer/EKM_Buffer.c ****                 firstLine = i;
 1031              		.loc 1 386 16 is_stmt 0 view .LVU302
 1032 00a2 3A68     		ldr	r2, [r7]
 1033 00a4 002A     		cmp	r2, #0
 1034 00a6 DCD1     		bne	.L82
 387:../02_OS/EKM_Buffer/EKM_Buffer.c ****         }
 1035              		.loc 1 387 27 view .LVU303
 1036 00a8 3D60     		str	r5, [r7]
 1037              	.LVL94:
 387:../02_OS/EKM_Buffer/EKM_Buffer.c ****         }
 1038              		.loc 1 387 27 view .LVU304
ARM GAS  C:\Users\minde\AppData\Local\Temp\ccfwQTPB.s 			page 29


 1039 00aa DAE7     		b	.L82
 1040              	.LVL95:
 1041              	.L101:
 387:../02_OS/EKM_Buffer/EKM_Buffer.c ****         }
 1042              		.loc 1 387 27 view .LVU305
 1043              	.LBE7:
 390:../02_OS/EKM_Buffer/EKM_Buffer.c ****     }
 391:../02_OS/EKM_Buffer/EKM_Buffer.c **** 
 392:../02_OS/EKM_Buffer/EKM_Buffer.c ****     if (tmp->LineCount > 0)
 1044              		.loc 1 392 5 is_stmt 1 view .LVU306
 1045              		.loc 1 392 12 is_stmt 0 view .LVU307
 1046 00ac 96F90530 		ldrsb	r3, [r6, #5]
 1047              		.loc 1 392 8 view .LVU308
 1048 00b0 002B     		cmp	r3, #0
 1049 00b2 04DC     		bgt	.L102
 393:../02_OS/EKM_Buffer/EKM_Buffer.c ****     {
 394:../02_OS/EKM_Buffer/EKM_Buffer.c ****         EKM_Buffer_Get_Muti(tmp, readline, firstLine + vs - 1);
 395:../02_OS/EKM_Buffer/EKM_Buffer.c ****         vb = strlen((char *)readline) - 1;
 396:../02_OS/EKM_Buffer/EKM_Buffer.c ****         for (i = 0; i < vb; i++)
 397:../02_OS/EKM_Buffer/EKM_Buffer.c ****         {
 398:../02_OS/EKM_Buffer/EKM_Buffer.c ****             if (i > vb - vs)
 399:../02_OS/EKM_Buffer/EKM_Buffer.c ****             {
 400:../02_OS/EKM_Buffer/EKM_Buffer.c ****                 readline[i] = 0;
 401:../02_OS/EKM_Buffer/EKM_Buffer.c ****             }
 402:../02_OS/EKM_Buffer/EKM_Buffer.c ****         }
 403:../02_OS/EKM_Buffer/EKM_Buffer.c ****         return 1;
 404:../02_OS/EKM_Buffer/EKM_Buffer.c ****     }
 405:../02_OS/EKM_Buffer/EKM_Buffer.c ****     else
 406:../02_OS/EKM_Buffer/EKM_Buffer.c ****     {
 407:../02_OS/EKM_Buffer/EKM_Buffer.c ****         return 0;
 1050              		.loc 1 407 16 view .LVU309
 1051 00b4 0020     		movs	r0, #0
 1052              	.LVL96:
 1053              	.L79:
 408:../02_OS/EKM_Buffer/EKM_Buffer.c ****     }
 409:../02_OS/EKM_Buffer/EKM_Buffer.c **** }
 1054              		.loc 1 409 1 view .LVU310
 1055 00b6 0C37     		adds	r7, r7, #12
 1056              	.LCFI22:
 1057              		.cfi_remember_state
 1058              		.cfi_def_cfa_offset 36
 1059 00b8 BD46     		mov	sp, r7
 1060              	.LCFI23:
 1061              		.cfi_def_cfa_register 13
 1062              		@ sp needed
 1063 00ba BDE8F08F 		pop	{r4, r5, r6, r7, r8, r9, r10, fp, pc}
 1064              	.LVL97:
 1065              	.L102:
 1066              	.LCFI24:
 1067              		.cfi_restore_state
 394:../02_OS/EKM_Buffer/EKM_Buffer.c ****         vb = strlen((char *)readline) - 1;
 1068              		.loc 1 394 9 is_stmt 1 view .LVU311
 394:../02_OS/EKM_Buffer/EKM_Buffer.c ****         vb = strlen((char *)readline) - 1;
 1069              		.loc 1 394 54 is_stmt 0 view .LVU312
 1070 00be 3A68     		ldr	r2, [r7]
 1071 00c0 5A44     		add	r2, r2, fp
 1072 00c2 D2B2     		uxtb	r2, r2
ARM GAS  C:\Users\minde\AppData\Local\Temp\ccfwQTPB.s 			page 30


 394:../02_OS/EKM_Buffer/EKM_Buffer.c ****         vb = strlen((char *)readline) - 1;
 1073              		.loc 1 394 9 view .LVU313
 1074 00c4 013A     		subs	r2, r2, #1
 1075 00c6 D2B2     		uxtb	r2, r2
 1076 00c8 5146     		mov	r1, r10
 1077 00ca 3046     		mov	r0, r6
 1078 00cc FFF7FEFF 		bl	EKM_Buffer_Get_Muti
 1079              	.LVL98:
 395:../02_OS/EKM_Buffer/EKM_Buffer.c ****         for (i = 0; i < vb; i++)
 1080              		.loc 1 395 9 is_stmt 1 view .LVU314
 395:../02_OS/EKM_Buffer/EKM_Buffer.c ****         for (i = 0; i < vb; i++)
 1081              		.loc 1 395 14 is_stmt 0 view .LVU315
 1082 00d0 5046     		mov	r0, r10
 1083 00d2 FFF7FEFF 		bl	strlen
 1084              	.LVL99:
 395:../02_OS/EKM_Buffer/EKM_Buffer.c ****         for (i = 0; i < vb; i++)
 1085              		.loc 1 395 39 view .LVU316
 1086 00d6 C1B2     		uxtb	r1, r0
 395:../02_OS/EKM_Buffer/EKM_Buffer.c ****         for (i = 0; i < vb; i++)
 1087              		.loc 1 395 12 view .LVU317
 1088 00d8 0139     		subs	r1, r1, #1
 1089 00da C9B2     		uxtb	r1, r1
 1090              	.LVL100:
 396:../02_OS/EKM_Buffer/EKM_Buffer.c ****         {
 1091              		.loc 1 396 9 is_stmt 1 view .LVU318
 396:../02_OS/EKM_Buffer/EKM_Buffer.c ****         {
 1092              		.loc 1 396 16 is_stmt 0 view .LVU319
 1093 00dc 0023     		movs	r3, #0
 396:../02_OS/EKM_Buffer/EKM_Buffer.c ****         {
 1094              		.loc 1 396 9 view .LVU320
 1095 00de 01E0     		b	.L86
 1096              	.LVL101:
 1097              	.L87:
 396:../02_OS/EKM_Buffer/EKM_Buffer.c ****         {
 1098              		.loc 1 396 29 is_stmt 1 discriminator 2 view .LVU321
 396:../02_OS/EKM_Buffer/EKM_Buffer.c ****         {
 1099              		.loc 1 396 30 is_stmt 0 discriminator 2 view .LVU322
 1100 00e0 0133     		adds	r3, r3, #1
 1101              	.LVL102:
 396:../02_OS/EKM_Buffer/EKM_Buffer.c ****         {
 1102              		.loc 1 396 30 discriminator 2 view .LVU323
 1103 00e2 DBB2     		uxtb	r3, r3
 1104              	.LVL103:
 1105              	.L86:
 396:../02_OS/EKM_Buffer/EKM_Buffer.c ****         {
 1106              		.loc 1 396 21 is_stmt 1 discriminator 1 view .LVU324
 396:../02_OS/EKM_Buffer/EKM_Buffer.c ****         {
 1107              		.loc 1 396 9 is_stmt 0 discriminator 1 view .LVU325
 1108 00e4 8B42     		cmp	r3, r1
 1109 00e6 07D2     		bcs	.L103
 398:../02_OS/EKM_Buffer/EKM_Buffer.c ****             {
 1110              		.loc 1 398 13 is_stmt 1 view .LVU326
 398:../02_OS/EKM_Buffer/EKM_Buffer.c ****             {
 1111              		.loc 1 398 24 is_stmt 0 view .LVU327
 1112 00e8 3A79     		ldrb	r2, [r7, #4]	@ zero_extendqisi2
 1113 00ea 8A1A     		subs	r2, r1, r2
 398:../02_OS/EKM_Buffer/EKM_Buffer.c ****             {
ARM GAS  C:\Users\minde\AppData\Local\Temp\ccfwQTPB.s 			page 31


 1114              		.loc 1 398 16 view .LVU328
 1115 00ec 9342     		cmp	r3, r2
 1116 00ee F7DD     		ble	.L87
 400:../02_OS/EKM_Buffer/EKM_Buffer.c ****             }
 1117              		.loc 1 400 17 is_stmt 1 view .LVU329
 400:../02_OS/EKM_Buffer/EKM_Buffer.c ****             }
 1118              		.loc 1 400 29 is_stmt 0 view .LVU330
 1119 00f0 0022     		movs	r2, #0
 1120 00f2 0AF80320 		strb	r2, [r10, r3]
 1121 00f6 F3E7     		b	.L87
 1122              	.L103:
 403:../02_OS/EKM_Buffer/EKM_Buffer.c ****     }
 1123              		.loc 1 403 16 view .LVU331
 1124 00f8 0120     		movs	r0, #1
 1125 00fa DCE7     		b	.L79
 1126              	.LVL104:
 1127              	.L89:
 1128              	.LCFI25:
 1129              		.cfi_def_cfa 13, 0
 1130              		.cfi_restore 4
 1131              		.cfi_restore 5
 1132              		.cfi_restore 6
 1133              		.cfi_restore 7
 1134              		.cfi_restore 8
 1135              		.cfi_restore 9
 1136              		.cfi_restore 10
 1137              		.cfi_restore 11
 1138              		.cfi_restore 14
 353:../02_OS/EKM_Buffer/EKM_Buffer.c ****     if (readline == ((void *)0))
 1139              		.loc 1 353 16 view .LVU332
 1140 00fc 0120     		movs	r0, #1
 1141              	.LVL105:
 1142              		.loc 1 409 1 view .LVU333
 1143 00fe 7047     		bx	lr
 1144              	.LVL106:
 1145              	.L90:
 1146              	.LCFI26:
 1147              		.cfi_def_cfa 7, 48
 1148              		.cfi_offset 4, -36
 1149              		.cfi_offset 5, -32
 1150              		.cfi_offset 6, -28
 1151              		.cfi_offset 7, -24
 1152              		.cfi_offset 8, -20
 1153              		.cfi_offset 9, -16
 1154              		.cfi_offset 10, -12
 1155              		.cfi_offset 11, -8
 1156              		.cfi_offset 14, -4
 355:../02_OS/EKM_Buffer/EKM_Buffer.c **** 
 1157              		.loc 1 355 16 view .LVU334
 1158 0100 0120     		movs	r0, #1
 1159              	.LVL107:
 355:../02_OS/EKM_Buffer/EKM_Buffer.c **** 
 1160              		.loc 1 355 16 view .LVU335
 1161 0102 D8E7     		b	.L79
 1162              		.cfi_endproc
 1163              	.LFE14:
 1165              		.text
ARM GAS  C:\Users\minde\AppData\Local\Temp\ccfwQTPB.s 			page 32


 1166              	.Letext0:
 1167              		.file 2 "c:\\gnuarm\\arm-none-eabi\\include\\machine\\_default_types.h"
 1168              		.file 3 "c:\\gnuarm\\arm-none-eabi\\include\\sys\\_stdint.h"
 1169              		.file 4 "../02_OS/EKM_Buffer/EKM_Buffer.h"
 1170              		.file 5 "c:\\gnuarm\\arm-none-eabi\\include\\string.h"
 1171              		.file 6 "<built-in>"
ARM GAS  C:\Users\minde\AppData\Local\Temp\ccfwQTPB.s 			page 33


DEFINED SYMBOLS
                            *ABS*:00000000 EKM_Buffer.c
C:\Users\minde\AppData\Local\Temp\ccfwQTPB.s:20     .text.EKM_Buffer_Index_Increment:00000000 $t
C:\Users\minde\AppData\Local\Temp\ccfwQTPB.s:25     .text.EKM_Buffer_Index_Increment:00000000 EKM_Buffer_Index_Increment
C:\Users\minde\AppData\Local\Temp\ccfwQTPB.s:93     .text.EKM_Buffer_Reset:00000000 $t
C:\Users\minde\AppData\Local\Temp\ccfwQTPB.s:99     .text.EKM_Buffer_Reset:00000000 EKM_Buffer_Reset
C:\Users\minde\AppData\Local\Temp\ccfwQTPB.s:152    .text.EKM_Buffer_Setup:00000000 $t
C:\Users\minde\AppData\Local\Temp\ccfwQTPB.s:158    .text.EKM_Buffer_Setup:00000000 EKM_Buffer_Setup
C:\Users\minde\AppData\Local\Temp\ccfwQTPB.s:206    .text.EKM_Buffer_Set:00000000 $t
C:\Users\minde\AppData\Local\Temp\ccfwQTPB.s:212    .text.EKM_Buffer_Set:00000000 EKM_Buffer_Set
C:\Users\minde\AppData\Local\Temp\ccfwQTPB.s:267    .text.EKM_Buffer_Element:00000000 $t
C:\Users\minde\AppData\Local\Temp\ccfwQTPB.s:273    .text.EKM_Buffer_Element:00000000 EKM_Buffer_Element
C:\Users\minde\AppData\Local\Temp\ccfwQTPB.s:338    .text.EKM_Buffer_Index_Decrement:00000000 $t
C:\Users\minde\AppData\Local\Temp\ccfwQTPB.s:343    .text.EKM_Buffer_Index_Decrement:00000000 EKM_Buffer_Index_Decrement
C:\Users\minde\AppData\Local\Temp\ccfwQTPB.s:396    .text.EKM_Buffer_Get:00000000 $t
C:\Users\minde\AppData\Local\Temp\ccfwQTPB.s:402    .text.EKM_Buffer_Get:00000000 EKM_Buffer_Get
C:\Users\minde\AppData\Local\Temp\ccfwQTPB.s:476    .text.EKM_Buffer_Get_Muti:00000000 $t
C:\Users\minde\AppData\Local\Temp\ccfwQTPB.s:482    .text.EKM_Buffer_Get_Muti:00000000 EKM_Buffer_Get_Muti
C:\Users\minde\AppData\Local\Temp\ccfwQTPB.s:578    .text.EKM_Buffer_Set_Muti:00000000 $t
C:\Users\minde\AppData\Local\Temp\ccfwQTPB.s:584    .text.EKM_Buffer_Set_Muti:00000000 EKM_Buffer_Set_Muti
C:\Users\minde\AppData\Local\Temp\ccfwQTPB.s:688    .text.EKM_Buffer_Raw_Reset:00000000 $t
C:\Users\minde\AppData\Local\Temp\ccfwQTPB.s:694    .text.EKM_Buffer_Raw_Reset:00000000 EKM_Buffer_Raw_Reset
C:\Users\minde\AppData\Local\Temp\ccfwQTPB.s:750    .text.EKM_Buffer_Raw_set:00000000 $t
C:\Users\minde\AppData\Local\Temp\ccfwQTPB.s:756    .text.EKM_Buffer_Raw_set:00000000 EKM_Buffer_Raw_set
C:\Users\minde\AppData\Local\Temp\ccfwQTPB.s:832    .text.EKM_Buffer_readline:00000000 $t
C:\Users\minde\AppData\Local\Temp\ccfwQTPB.s:838    .text.EKM_Buffer_readline:00000000 EKM_Buffer_readline

UNDEFINED SYMBOLS
memset
strlen
