ARM GAS  C:\Users\minde\AppData\Local\Temp\ccawk7Bz.s 			page 1


   1              		.cpu cortex-m4
   2              		.arch armv7e-m
   3              		.fpu fpv4-sp-d16
   4              		.eabi_attribute 27, 1
   5              		.eabi_attribute 28, 1
   6              		.eabi_attribute 20, 1
   7              		.eabi_attribute 21, 1
   8              		.eabi_attribute 23, 3
   9              		.eabi_attribute 24, 1
  10              		.eabi_attribute 25, 1
  11              		.eabi_attribute 26, 1
  12              		.eabi_attribute 30, 1
  13              		.eabi_attribute 34, 1
  14              		.eabi_attribute 18, 4
  15              		.file	"stm32l4xx_it.c"
  16              		.text
  17              	.Ltext0:
  18              		.cfi_sections	.debug_frame
  19              		.section	.rodata.NMI_Handler.str1.4,"aMS",%progbits,1
  20              		.align	2
  21              	.LC0:
  22 0000 4E4D495F 		.ascii	"NMI_Handler\015\012\000"
  22      48616E64 
  22      6C65720D 
  22      0A00
  23              		.section	.text.NMI_Handler,"ax",%progbits
  24              		.align	1
  25              		.global	NMI_Handler
  26              		.syntax unified
  27              		.thumb
  28              		.thumb_func
  30              	NMI_Handler:
  31              	.LFB288:
  32              		.file 1 "../02_OS/Core_REG/stm32l4xx_it.c"
   1:../02_OS/Core_REG/stm32l4xx_it.c **** /* USER CODE BEGIN Header */
   2:../02_OS/Core_REG/stm32l4xx_it.c **** /**
   3:../02_OS/Core_REG/stm32l4xx_it.c ****   ******************************************************************************
   4:../02_OS/Core_REG/stm32l4xx_it.c ****   * @file    stm32l4xx_it.c
   5:../02_OS/Core_REG/stm32l4xx_it.c ****   * @brief   Interrupt Service Routines.
   6:../02_OS/Core_REG/stm32l4xx_it.c ****   ******************************************************************************
   7:../02_OS/Core_REG/stm32l4xx_it.c ****   * @attention
   8:../02_OS/Core_REG/stm32l4xx_it.c ****   *
   9:../02_OS/Core_REG/stm32l4xx_it.c ****   * Copyright (c) 2022 STMicroelectronics.
  10:../02_OS/Core_REG/stm32l4xx_it.c ****   * All rights reserved.
  11:../02_OS/Core_REG/stm32l4xx_it.c ****   *
  12:../02_OS/Core_REG/stm32l4xx_it.c ****   * This software is licensed under terms that can be found in the LICENSE file
  13:../02_OS/Core_REG/stm32l4xx_it.c ****   * in the root directory of this software component.
  14:../02_OS/Core_REG/stm32l4xx_it.c ****   * If no LICENSE file comes with this software, it is provided AS-IS.
  15:../02_OS/Core_REG/stm32l4xx_it.c ****   *
  16:../02_OS/Core_REG/stm32l4xx_it.c ****   ******************************************************************************
  17:../02_OS/Core_REG/stm32l4xx_it.c ****   */
  18:../02_OS/Core_REG/stm32l4xx_it.c **** /* USER CODE END Header */
  19:../02_OS/Core_REG/stm32l4xx_it.c **** 
  20:../02_OS/Core_REG/stm32l4xx_it.c **** /* Includes ------------------------------------------------------------------*/
  21:../02_OS/Core_REG/stm32l4xx_it.c **** #include "main.h"
  22:../02_OS/Core_REG/stm32l4xx_it.c **** #include "stm32l4xx_it.h"
  23:../02_OS/Core_REG/stm32l4xx_it.c **** #include "EKM_Buffer.h"
ARM GAS  C:\Users\minde\AppData\Local\Temp\ccawk7Bz.s 			page 2


  24:../02_OS/Core_REG/stm32l4xx_it.c **** #include "APPL_DMA_LTE.h"
  25:../02_OS/Core_REG/stm32l4xx_it.c **** /* Private includes ----------------------------------------------------------*/
  26:../02_OS/Core_REG/stm32l4xx_it.c **** /* USER CODE BEGIN Includes */
  27:../02_OS/Core_REG/stm32l4xx_it.c **** /* USER CODE END Includes */
  28:../02_OS/Core_REG/stm32l4xx_it.c **** 
  29:../02_OS/Core_REG/stm32l4xx_it.c **** /* Private typedef -----------------------------------------------------------*/
  30:../02_OS/Core_REG/stm32l4xx_it.c **** /* USER CODE BEGIN TD */
  31:../02_OS/Core_REG/stm32l4xx_it.c **** 
  32:../02_OS/Core_REG/stm32l4xx_it.c **** /* USER CODE END TD */
  33:../02_OS/Core_REG/stm32l4xx_it.c **** 
  34:../02_OS/Core_REG/stm32l4xx_it.c **** /* Private define ------------------------------------------------------------*/
  35:../02_OS/Core_REG/stm32l4xx_it.c **** /* USER CODE BEGIN PD */
  36:../02_OS/Core_REG/stm32l4xx_it.c **** 
  37:../02_OS/Core_REG/stm32l4xx_it.c **** /* USER CODE END PD */
  38:../02_OS/Core_REG/stm32l4xx_it.c **** 
  39:../02_OS/Core_REG/stm32l4xx_it.c **** /* Private macro -------------------------------------------------------------*/
  40:../02_OS/Core_REG/stm32l4xx_it.c **** /* USER CODE BEGIN PM */
  41:../02_OS/Core_REG/stm32l4xx_it.c **** 
  42:../02_OS/Core_REG/stm32l4xx_it.c **** /* USER CODE END PM */
  43:../02_OS/Core_REG/stm32l4xx_it.c **** 
  44:../02_OS/Core_REG/stm32l4xx_it.c **** /* Private variables ---------------------------------------------------------*/
  45:../02_OS/Core_REG/stm32l4xx_it.c **** /* USER CODE BEGIN PV */
  46:../02_OS/Core_REG/stm32l4xx_it.c **** 
  47:../02_OS/Core_REG/stm32l4xx_it.c **** /* USER CODE END PV */
  48:../02_OS/Core_REG/stm32l4xx_it.c **** 
  49:../02_OS/Core_REG/stm32l4xx_it.c **** /* Private function prototypes -----------------------------------------------*/
  50:../02_OS/Core_REG/stm32l4xx_it.c **** /* USER CODE BEGIN PFP */
  51:../02_OS/Core_REG/stm32l4xx_it.c **** 
  52:../02_OS/Core_REG/stm32l4xx_it.c **** /* USER CODE END PFP */
  53:../02_OS/Core_REG/stm32l4xx_it.c **** 
  54:../02_OS/Core_REG/stm32l4xx_it.c **** /* Private user code ---------------------------------------------------------*/
  55:../02_OS/Core_REG/stm32l4xx_it.c **** /* USER CODE BEGIN 0 */
  56:../02_OS/Core_REG/stm32l4xx_it.c **** 
  57:../02_OS/Core_REG/stm32l4xx_it.c **** /* USER CODE END 0 */
  58:../02_OS/Core_REG/stm32l4xx_it.c **** 
  59:../02_OS/Core_REG/stm32l4xx_it.c **** /* External variables --------------------------------------------------------*/
  60:../02_OS/Core_REG/stm32l4xx_it.c **** extern PCD_HandleTypeDef hpcd_USB_FS;
  61:../02_OS/Core_REG/stm32l4xx_it.c **** extern UART_HandleTypeDef huart1;
  62:../02_OS/Core_REG/stm32l4xx_it.c **** extern UART_HandleTypeDef huart2;
  63:../02_OS/Core_REG/stm32l4xx_it.c **** /* USER CODE BEGIN EV */
  64:../02_OS/Core_REG/stm32l4xx_it.c **** extern void APPL_USB_printf(const char *format, ...);
  65:../02_OS/Core_REG/stm32l4xx_it.c **** /* USER CODE END EV */
  66:../02_OS/Core_REG/stm32l4xx_it.c **** 
  67:../02_OS/Core_REG/stm32l4xx_it.c **** /******************************************************************************/
  68:../02_OS/Core_REG/stm32l4xx_it.c **** /*           Cortex-M4 Processor Interruption and Exception Handlers          */
  69:../02_OS/Core_REG/stm32l4xx_it.c **** /******************************************************************************/
  70:../02_OS/Core_REG/stm32l4xx_it.c **** /**
  71:../02_OS/Core_REG/stm32l4xx_it.c ****   * @brief This function handles Non maskable interrupt.
  72:../02_OS/Core_REG/stm32l4xx_it.c ****   */
  73:../02_OS/Core_REG/stm32l4xx_it.c **** void NMI_Handler(void)
  74:../02_OS/Core_REG/stm32l4xx_it.c **** {
  33              		.loc 1 74 1 view -0
  34              		.cfi_startproc
  35              		@ Volatile: function does not return.
  36              		@ args = 0, pretend = 0, frame = 0
  37              		@ frame_needed = 0, uses_anonymous_args = 0
  38 0000 08B5     		push	{r3, lr}
ARM GAS  C:\Users\minde\AppData\Local\Temp\ccawk7Bz.s 			page 3


  39              	.LCFI0:
  40              		.cfi_def_cfa_offset 8
  41              		.cfi_offset 3, -8
  42              		.cfi_offset 14, -4
  75:../02_OS/Core_REG/stm32l4xx_it.c ****   /* USER CODE BEGIN NonMaskableInt_IRQn 0 */
  76:../02_OS/Core_REG/stm32l4xx_it.c ****   APPL_USB_printf("NMI_Handler\r\n");
  43              		.loc 1 76 3 view .LVU1
  44 0002 0248     		ldr	r0, .L4
  45 0004 FFF7FEFF 		bl	APPL_USB_printf
  46              	.LVL0:
  47              	.L2:
  77:../02_OS/Core_REG/stm32l4xx_it.c ****   /* USER CODE END NonMaskableInt_IRQn 0 */
  78:../02_OS/Core_REG/stm32l4xx_it.c ****   /* USER CODE BEGIN NonMaskableInt_IRQn 1 */
  79:../02_OS/Core_REG/stm32l4xx_it.c ****   while (1)
  48              		.loc 1 79 3 discriminator 1 view .LVU2
  80:../02_OS/Core_REG/stm32l4xx_it.c ****   {
  81:../02_OS/Core_REG/stm32l4xx_it.c ****   }
  49              		.loc 1 81 3 discriminator 1 view .LVU3
  79:../02_OS/Core_REG/stm32l4xx_it.c ****   {
  50              		.loc 1 79 9 discriminator 1 view .LVU4
  51 0008 FEE7     		b	.L2
  52              	.L5:
  53 000a 00BF     		.align	2
  54              	.L4:
  55 000c 00000000 		.word	.LC0
  56              		.cfi_endproc
  57              	.LFE288:
  59              		.section	.rodata.HardFault_Handler.str1.4,"aMS",%progbits,1
  60              		.align	2
  61              	.LC1:
  62 0000 48617264 		.ascii	"HardFault_Handler\015\012\000"
  62      4661756C 
  62      745F4861 
  62      6E646C65 
  62      720D0A00 
  63              		.section	.text.HardFault_Handler,"ax",%progbits
  64              		.align	1
  65              		.global	HardFault_Handler
  66              		.syntax unified
  67              		.thumb
  68              		.thumb_func
  70              	HardFault_Handler:
  71              	.LFB289:
  82:../02_OS/Core_REG/stm32l4xx_it.c ****   /* USER CODE END NonMaskableInt_IRQn 1 */
  83:../02_OS/Core_REG/stm32l4xx_it.c **** }
  84:../02_OS/Core_REG/stm32l4xx_it.c **** 
  85:../02_OS/Core_REG/stm32l4xx_it.c **** /**
  86:../02_OS/Core_REG/stm32l4xx_it.c ****   * @brief This function handles Hard fault interrupt.
  87:../02_OS/Core_REG/stm32l4xx_it.c ****   */
  88:../02_OS/Core_REG/stm32l4xx_it.c **** void HardFault_Handler(void)
  89:../02_OS/Core_REG/stm32l4xx_it.c **** {
  72              		.loc 1 89 1 view -0
  73              		.cfi_startproc
  74              		@ Volatile: function does not return.
  75              		@ args = 0, pretend = 0, frame = 0
  76              		@ frame_needed = 0, uses_anonymous_args = 0
  77 0000 08B5     		push	{r3, lr}
ARM GAS  C:\Users\minde\AppData\Local\Temp\ccawk7Bz.s 			page 4


  78              	.LCFI1:
  79              		.cfi_def_cfa_offset 8
  80              		.cfi_offset 3, -8
  81              		.cfi_offset 14, -4
  90:../02_OS/Core_REG/stm32l4xx_it.c ****   /* USER CODE BEGIN HardFault_IRQn 0 */
  91:../02_OS/Core_REG/stm32l4xx_it.c ****   APPL_USB_printf("HardFault_Handler\r\n");
  82              		.loc 1 91 3 view .LVU6
  83 0002 0248     		ldr	r0, .L9
  84 0004 FFF7FEFF 		bl	APPL_USB_printf
  85              	.LVL1:
  86              	.L7:
  92:../02_OS/Core_REG/stm32l4xx_it.c ****   /* USER CODE END HardFault_IRQn 0 */
  93:../02_OS/Core_REG/stm32l4xx_it.c ****   while (1)
  87              		.loc 1 93 3 discriminator 1 view .LVU7
  94:../02_OS/Core_REG/stm32l4xx_it.c ****   {
  95:../02_OS/Core_REG/stm32l4xx_it.c ****     /* USER CODE BEGIN W1_HardFault_IRQn 0 */
  96:../02_OS/Core_REG/stm32l4xx_it.c ****     /* USER CODE END W1_HardFault_IRQn 0 */
  97:../02_OS/Core_REG/stm32l4xx_it.c ****   }
  88              		.loc 1 97 3 discriminator 1 view .LVU8
  93:../02_OS/Core_REG/stm32l4xx_it.c ****   {
  89              		.loc 1 93 9 discriminator 1 view .LVU9
  90 0008 FEE7     		b	.L7
  91              	.L10:
  92 000a 00BF     		.align	2
  93              	.L9:
  94 000c 00000000 		.word	.LC1
  95              		.cfi_endproc
  96              	.LFE289:
  98              		.section	.rodata.MemManage_Handler.str1.4,"aMS",%progbits,1
  99              		.align	2
 100              	.LC2:
 101 0000 4D656D4D 		.ascii	"MemManage_Handler\015\012\000"
 101      616E6167 
 101      655F4861 
 101      6E646C65 
 101      720D0A00 
 102              		.section	.text.MemManage_Handler,"ax",%progbits
 103              		.align	1
 104              		.global	MemManage_Handler
 105              		.syntax unified
 106              		.thumb
 107              		.thumb_func
 109              	MemManage_Handler:
 110              	.LFB290:
  98:../02_OS/Core_REG/stm32l4xx_it.c **** }
  99:../02_OS/Core_REG/stm32l4xx_it.c **** 
 100:../02_OS/Core_REG/stm32l4xx_it.c **** /**
 101:../02_OS/Core_REG/stm32l4xx_it.c ****   * @brief This function handles Memory management fault.
 102:../02_OS/Core_REG/stm32l4xx_it.c ****   */
 103:../02_OS/Core_REG/stm32l4xx_it.c **** void MemManage_Handler(void)
 104:../02_OS/Core_REG/stm32l4xx_it.c **** {
 111              		.loc 1 104 1 view -0
 112              		.cfi_startproc
 113              		@ Volatile: function does not return.
 114              		@ args = 0, pretend = 0, frame = 0
 115              		@ frame_needed = 0, uses_anonymous_args = 0
 116 0000 08B5     		push	{r3, lr}
ARM GAS  C:\Users\minde\AppData\Local\Temp\ccawk7Bz.s 			page 5


 117              	.LCFI2:
 118              		.cfi_def_cfa_offset 8
 119              		.cfi_offset 3, -8
 120              		.cfi_offset 14, -4
 105:../02_OS/Core_REG/stm32l4xx_it.c ****   /* USER CODE BEGIN MemoryManagement_IRQn 0 */
 106:../02_OS/Core_REG/stm32l4xx_it.c ****   APPL_USB_printf("MemManage_Handler\r\n");
 121              		.loc 1 106 3 view .LVU11
 122 0002 0248     		ldr	r0, .L14
 123 0004 FFF7FEFF 		bl	APPL_USB_printf
 124              	.LVL2:
 125              	.L12:
 107:../02_OS/Core_REG/stm32l4xx_it.c ****   /* USER CODE END MemoryManagement_IRQn 0 */
 108:../02_OS/Core_REG/stm32l4xx_it.c ****   while (1)
 126              		.loc 1 108 3 discriminator 1 view .LVU12
 109:../02_OS/Core_REG/stm32l4xx_it.c ****   {
 110:../02_OS/Core_REG/stm32l4xx_it.c ****     /* USER CODE BEGIN W1_MemoryManagement_IRQn 0 */
 111:../02_OS/Core_REG/stm32l4xx_it.c ****     /* USER CODE END W1_MemoryManagement_IRQn 0 */
 112:../02_OS/Core_REG/stm32l4xx_it.c ****   }
 127              		.loc 1 112 3 discriminator 1 view .LVU13
 108:../02_OS/Core_REG/stm32l4xx_it.c ****   {
 128              		.loc 1 108 9 discriminator 1 view .LVU14
 129 0008 FEE7     		b	.L12
 130              	.L15:
 131 000a 00BF     		.align	2
 132              	.L14:
 133 000c 00000000 		.word	.LC2
 134              		.cfi_endproc
 135              	.LFE290:
 137              		.section	.rodata.BusFault_Handler.str1.4,"aMS",%progbits,1
 138              		.align	2
 139              	.LC3:
 140 0000 42757346 		.ascii	"BusFault_Handler\015\012\000"
 140      61756C74 
 140      5F48616E 
 140      646C6572 
 140      0D0A00
 141              		.section	.text.BusFault_Handler,"ax",%progbits
 142              		.align	1
 143              		.global	BusFault_Handler
 144              		.syntax unified
 145              		.thumb
 146              		.thumb_func
 148              	BusFault_Handler:
 149              	.LFB291:
 113:../02_OS/Core_REG/stm32l4xx_it.c **** }
 114:../02_OS/Core_REG/stm32l4xx_it.c **** 
 115:../02_OS/Core_REG/stm32l4xx_it.c **** /**
 116:../02_OS/Core_REG/stm32l4xx_it.c ****   * @brief This function handles Prefetch fault, memory access fault.
 117:../02_OS/Core_REG/stm32l4xx_it.c ****   */
 118:../02_OS/Core_REG/stm32l4xx_it.c **** void BusFault_Handler(void)
 119:../02_OS/Core_REG/stm32l4xx_it.c **** {
 150              		.loc 1 119 1 view -0
 151              		.cfi_startproc
 152              		@ Volatile: function does not return.
 153              		@ args = 0, pretend = 0, frame = 0
 154              		@ frame_needed = 0, uses_anonymous_args = 0
 155 0000 08B5     		push	{r3, lr}
ARM GAS  C:\Users\minde\AppData\Local\Temp\ccawk7Bz.s 			page 6


 156              	.LCFI3:
 157              		.cfi_def_cfa_offset 8
 158              		.cfi_offset 3, -8
 159              		.cfi_offset 14, -4
 120:../02_OS/Core_REG/stm32l4xx_it.c ****   /* USER CODE BEGIN BusFault_IRQn 0 */
 121:../02_OS/Core_REG/stm32l4xx_it.c ****   APPL_USB_printf("BusFault_Handler\r\n");
 160              		.loc 1 121 3 view .LVU16
 161 0002 0248     		ldr	r0, .L19
 162 0004 FFF7FEFF 		bl	APPL_USB_printf
 163              	.LVL3:
 164              	.L17:
 122:../02_OS/Core_REG/stm32l4xx_it.c ****   /* USER CODE END BusFault_IRQn 0 */
 123:../02_OS/Core_REG/stm32l4xx_it.c ****   while (1)
 165              		.loc 1 123 3 discriminator 1 view .LVU17
 124:../02_OS/Core_REG/stm32l4xx_it.c ****   {
 125:../02_OS/Core_REG/stm32l4xx_it.c ****     /* USER CODE BEGIN W1_BusFault_IRQn 0 */
 126:../02_OS/Core_REG/stm32l4xx_it.c ****     /* USER CODE END W1_BusFault_IRQn 0 */
 127:../02_OS/Core_REG/stm32l4xx_it.c ****   }
 166              		.loc 1 127 3 discriminator 1 view .LVU18
 123:../02_OS/Core_REG/stm32l4xx_it.c ****   {
 167              		.loc 1 123 9 discriminator 1 view .LVU19
 168 0008 FEE7     		b	.L17
 169              	.L20:
 170 000a 00BF     		.align	2
 171              	.L19:
 172 000c 00000000 		.word	.LC3
 173              		.cfi_endproc
 174              	.LFE291:
 176              		.section	.rodata.UsageFault_Handler.str1.4,"aMS",%progbits,1
 177              		.align	2
 178              	.LC4:
 179 0000 55736167 		.ascii	"UsageFault_Handler\015\012\000"
 179      65466175 
 179      6C745F48 
 179      616E646C 
 179      65720D0A 
 180              		.section	.text.UsageFault_Handler,"ax",%progbits
 181              		.align	1
 182              		.global	UsageFault_Handler
 183              		.syntax unified
 184              		.thumb
 185              		.thumb_func
 187              	UsageFault_Handler:
 188              	.LFB292:
 128:../02_OS/Core_REG/stm32l4xx_it.c **** }
 129:../02_OS/Core_REG/stm32l4xx_it.c **** 
 130:../02_OS/Core_REG/stm32l4xx_it.c **** /**
 131:../02_OS/Core_REG/stm32l4xx_it.c ****   * @brief This function handles Undefined instruction or illegal state.
 132:../02_OS/Core_REG/stm32l4xx_it.c ****   */
 133:../02_OS/Core_REG/stm32l4xx_it.c **** void UsageFault_Handler(void)
 134:../02_OS/Core_REG/stm32l4xx_it.c **** {
 189              		.loc 1 134 1 view -0
 190              		.cfi_startproc
 191              		@ Volatile: function does not return.
 192              		@ args = 0, pretend = 0, frame = 0
 193              		@ frame_needed = 0, uses_anonymous_args = 0
 194 0000 08B5     		push	{r3, lr}
ARM GAS  C:\Users\minde\AppData\Local\Temp\ccawk7Bz.s 			page 7


 195              	.LCFI4:
 196              		.cfi_def_cfa_offset 8
 197              		.cfi_offset 3, -8
 198              		.cfi_offset 14, -4
 135:../02_OS/Core_REG/stm32l4xx_it.c ****   /* USER CODE BEGIN UsageFault_IRQn 0 */
 136:../02_OS/Core_REG/stm32l4xx_it.c ****   APPL_USB_printf("UsageFault_Handler\r\n");
 199              		.loc 1 136 3 view .LVU21
 200 0002 0248     		ldr	r0, .L24
 201 0004 FFF7FEFF 		bl	APPL_USB_printf
 202              	.LVL4:
 203              	.L22:
 137:../02_OS/Core_REG/stm32l4xx_it.c ****   /* USER CODE END UsageFault_IRQn 0 */
 138:../02_OS/Core_REG/stm32l4xx_it.c ****   while (1)
 204              		.loc 1 138 3 discriminator 1 view .LVU22
 139:../02_OS/Core_REG/stm32l4xx_it.c ****   {
 140:../02_OS/Core_REG/stm32l4xx_it.c ****     /* USER CODE BEGIN W1_UsageFault_IRQn 0 */
 141:../02_OS/Core_REG/stm32l4xx_it.c ****     /* USER CODE END W1_UsageFault_IRQn 0 */
 142:../02_OS/Core_REG/stm32l4xx_it.c ****   }
 205              		.loc 1 142 3 discriminator 1 view .LVU23
 138:../02_OS/Core_REG/stm32l4xx_it.c ****   {
 206              		.loc 1 138 9 discriminator 1 view .LVU24
 207 0008 FEE7     		b	.L22
 208              	.L25:
 209 000a 00BF     		.align	2
 210              	.L24:
 211 000c 00000000 		.word	.LC4
 212              		.cfi_endproc
 213              	.LFE292:
 215              		.section	.rodata.SVC_Handler.str1.4,"aMS",%progbits,1
 216              		.align	2
 217              	.LC5:
 218 0000 5356435F 		.ascii	"SVC_Handler\015\012\000"
 218      48616E64 
 218      6C65720D 
 218      0A00
 219              		.section	.text.SVC_Handler,"ax",%progbits
 220              		.align	1
 221              		.global	SVC_Handler
 222              		.syntax unified
 223              		.thumb
 224              		.thumb_func
 226              	SVC_Handler:
 227              	.LFB293:
 143:../02_OS/Core_REG/stm32l4xx_it.c **** }
 144:../02_OS/Core_REG/stm32l4xx_it.c **** 
 145:../02_OS/Core_REG/stm32l4xx_it.c **** /**
 146:../02_OS/Core_REG/stm32l4xx_it.c ****   * @brief This function handles System service call via SWI instruction.
 147:../02_OS/Core_REG/stm32l4xx_it.c ****   */
 148:../02_OS/Core_REG/stm32l4xx_it.c **** void SVC_Handler(void)
 149:../02_OS/Core_REG/stm32l4xx_it.c **** {
 228              		.loc 1 149 1 view -0
 229              		.cfi_startproc
 230              		@ args = 0, pretend = 0, frame = 0
 231              		@ frame_needed = 0, uses_anonymous_args = 0
 232 0000 08B5     		push	{r3, lr}
 233              	.LCFI5:
 234              		.cfi_def_cfa_offset 8
ARM GAS  C:\Users\minde\AppData\Local\Temp\ccawk7Bz.s 			page 8


 235              		.cfi_offset 3, -8
 236              		.cfi_offset 14, -4
 150:../02_OS/Core_REG/stm32l4xx_it.c ****   /* USER CODE BEGIN SVCall_IRQn 0 */
 151:../02_OS/Core_REG/stm32l4xx_it.c ****   APPL_USB_printf("SVC_Handler\r\n");
 237              		.loc 1 151 3 view .LVU26
 238 0002 0248     		ldr	r0, .L28
 239 0004 FFF7FEFF 		bl	APPL_USB_printf
 240              	.LVL5:
 152:../02_OS/Core_REG/stm32l4xx_it.c ****   /* USER CODE END SVCall_IRQn 0 */
 153:../02_OS/Core_REG/stm32l4xx_it.c ****   /* USER CODE BEGIN SVCall_IRQn 1 */
 154:../02_OS/Core_REG/stm32l4xx_it.c **** 
 155:../02_OS/Core_REG/stm32l4xx_it.c ****   /* USER CODE END SVCall_IRQn 1 */
 156:../02_OS/Core_REG/stm32l4xx_it.c **** }
 241              		.loc 1 156 1 is_stmt 0 view .LVU27
 242 0008 08BD     		pop	{r3, pc}
 243              	.L29:
 244 000a 00BF     		.align	2
 245              	.L28:
 246 000c 00000000 		.word	.LC5
 247              		.cfi_endproc
 248              	.LFE293:
 250              		.section	.rodata.DebugMon_Handler.str1.4,"aMS",%progbits,1
 251              		.align	2
 252              	.LC6:
 253 0000 44656275 		.ascii	"DebugMon_Handler\015\012\000"
 253      674D6F6E 
 253      5F48616E 
 253      646C6572 
 253      0D0A00
 254              		.section	.text.DebugMon_Handler,"ax",%progbits
 255              		.align	1
 256              		.global	DebugMon_Handler
 257              		.syntax unified
 258              		.thumb
 259              		.thumb_func
 261              	DebugMon_Handler:
 262              	.LFB294:
 157:../02_OS/Core_REG/stm32l4xx_it.c **** 
 158:../02_OS/Core_REG/stm32l4xx_it.c **** /**
 159:../02_OS/Core_REG/stm32l4xx_it.c ****   * @brief This function handles Debug monitor.
 160:../02_OS/Core_REG/stm32l4xx_it.c ****   */
 161:../02_OS/Core_REG/stm32l4xx_it.c **** void DebugMon_Handler(void)
 162:../02_OS/Core_REG/stm32l4xx_it.c **** {
 263              		.loc 1 162 1 is_stmt 1 view -0
 264              		.cfi_startproc
 265              		@ args = 0, pretend = 0, frame = 0
 266              		@ frame_needed = 0, uses_anonymous_args = 0
 267 0000 08B5     		push	{r3, lr}
 268              	.LCFI6:
 269              		.cfi_def_cfa_offset 8
 270              		.cfi_offset 3, -8
 271              		.cfi_offset 14, -4
 163:../02_OS/Core_REG/stm32l4xx_it.c ****   /* USER CODE BEGIN DebugMonitor_IRQn 0 */
 164:../02_OS/Core_REG/stm32l4xx_it.c ****   APPL_USB_printf("DebugMon_Handler\r\n");
 272              		.loc 1 164 3 view .LVU29
 273 0002 0248     		ldr	r0, .L32
 274 0004 FFF7FEFF 		bl	APPL_USB_printf
ARM GAS  C:\Users\minde\AppData\Local\Temp\ccawk7Bz.s 			page 9


 275              	.LVL6:
 165:../02_OS/Core_REG/stm32l4xx_it.c ****   /* USER CODE END DebugMonitor_IRQn 0 */
 166:../02_OS/Core_REG/stm32l4xx_it.c ****   /* USER CODE BEGIN DebugMonitor_IRQn 1 */
 167:../02_OS/Core_REG/stm32l4xx_it.c **** 
 168:../02_OS/Core_REG/stm32l4xx_it.c ****   /* USER CODE END DebugMonitor_IRQn 1 */
 169:../02_OS/Core_REG/stm32l4xx_it.c **** }
 276              		.loc 1 169 1 is_stmt 0 view .LVU30
 277 0008 08BD     		pop	{r3, pc}
 278              	.L33:
 279 000a 00BF     		.align	2
 280              	.L32:
 281 000c 00000000 		.word	.LC6
 282              		.cfi_endproc
 283              	.LFE294:
 285              		.section	.rodata.PendSV_Handler.str1.4,"aMS",%progbits,1
 286              		.align	2
 287              	.LC7:
 288 0000 50656E64 		.ascii	"PendSV_Handler\015\012\000"
 288      53565F48 
 288      616E646C 
 288      65720D0A 
 288      00
 289              		.section	.text.PendSV_Handler,"ax",%progbits
 290              		.align	1
 291              		.global	PendSV_Handler
 292              		.syntax unified
 293              		.thumb
 294              		.thumb_func
 296              	PendSV_Handler:
 297              	.LFB295:
 170:../02_OS/Core_REG/stm32l4xx_it.c **** 
 171:../02_OS/Core_REG/stm32l4xx_it.c **** /**
 172:../02_OS/Core_REG/stm32l4xx_it.c ****   * @brief This function handles Pendable request for system service.
 173:../02_OS/Core_REG/stm32l4xx_it.c ****   */
 174:../02_OS/Core_REG/stm32l4xx_it.c **** void PendSV_Handler(void)
 175:../02_OS/Core_REG/stm32l4xx_it.c **** {
 298              		.loc 1 175 1 is_stmt 1 view -0
 299              		.cfi_startproc
 300              		@ args = 0, pretend = 0, frame = 0
 301              		@ frame_needed = 0, uses_anonymous_args = 0
 302 0000 08B5     		push	{r3, lr}
 303              	.LCFI7:
 304              		.cfi_def_cfa_offset 8
 305              		.cfi_offset 3, -8
 306              		.cfi_offset 14, -4
 176:../02_OS/Core_REG/stm32l4xx_it.c ****   /* USER CODE BEGIN PendSV_IRQn 0 */
 177:../02_OS/Core_REG/stm32l4xx_it.c ****   APPL_USB_printf("PendSV_Handler\r\n");
 307              		.loc 1 177 3 view .LVU32
 308 0002 0248     		ldr	r0, .L36
 309 0004 FFF7FEFF 		bl	APPL_USB_printf
 310              	.LVL7:
 178:../02_OS/Core_REG/stm32l4xx_it.c ****   /* USER CODE END PendSV_IRQn 0 */
 179:../02_OS/Core_REG/stm32l4xx_it.c ****   /* USER CODE BEGIN PendSV_IRQn 1 */
 180:../02_OS/Core_REG/stm32l4xx_it.c **** 
 181:../02_OS/Core_REG/stm32l4xx_it.c ****   /* USER CODE END PendSV_IRQn 1 */
 182:../02_OS/Core_REG/stm32l4xx_it.c **** }
 311              		.loc 1 182 1 is_stmt 0 view .LVU33
ARM GAS  C:\Users\minde\AppData\Local\Temp\ccawk7Bz.s 			page 10


 312 0008 08BD     		pop	{r3, pc}
 313              	.L37:
 314 000a 00BF     		.align	2
 315              	.L36:
 316 000c 00000000 		.word	.LC7
 317              		.cfi_endproc
 318              	.LFE295:
 320              		.section	.text.SysTick_Handler,"ax",%progbits
 321              		.align	1
 322              		.global	SysTick_Handler
 323              		.syntax unified
 324              		.thumb
 325              		.thumb_func
 327              	SysTick_Handler:
 328              	.LFB296:
 183:../02_OS/Core_REG/stm32l4xx_it.c **** 
 184:../02_OS/Core_REG/stm32l4xx_it.c **** /**
 185:../02_OS/Core_REG/stm32l4xx_it.c ****   * @brief This function handles System tick timer.
 186:../02_OS/Core_REG/stm32l4xx_it.c ****   */
 187:../02_OS/Core_REG/stm32l4xx_it.c **** void SysTick_Handler(void)
 188:../02_OS/Core_REG/stm32l4xx_it.c **** {
 329              		.loc 1 188 1 is_stmt 1 view -0
 330              		.cfi_startproc
 331              		@ args = 0, pretend = 0, frame = 0
 332              		@ frame_needed = 0, uses_anonymous_args = 0
 333 0000 08B5     		push	{r3, lr}
 334              	.LCFI8:
 335              		.cfi_def_cfa_offset 8
 336              		.cfi_offset 3, -8
 337              		.cfi_offset 14, -4
 189:../02_OS/Core_REG/stm32l4xx_it.c ****   /* USER CODE BEGIN SysTick_IRQn 0 */
 190:../02_OS/Core_REG/stm32l4xx_it.c **** 
 191:../02_OS/Core_REG/stm32l4xx_it.c ****   /* USER CODE END SysTick_IRQn 0 */
 192:../02_OS/Core_REG/stm32l4xx_it.c ****   HAL_IncTick();
 338              		.loc 1 192 3 view .LVU35
 339 0002 FFF7FEFF 		bl	HAL_IncTick
 340              	.LVL8:
 193:../02_OS/Core_REG/stm32l4xx_it.c ****   /* USER CODE BEGIN SysTick_IRQn 1 */
 194:../02_OS/Core_REG/stm32l4xx_it.c **** 
 195:../02_OS/Core_REG/stm32l4xx_it.c ****   /* USER CODE END SysTick_IRQn 1 */
 196:../02_OS/Core_REG/stm32l4xx_it.c **** }
 341              		.loc 1 196 1 is_stmt 0 view .LVU36
 342 0006 08BD     		pop	{r3, pc}
 343              		.cfi_endproc
 344              	.LFE296:
 346              		.section	.text.USART1_IRQHandler,"ax",%progbits
 347              		.align	1
 348              		.global	USART1_IRQHandler
 349              		.syntax unified
 350              		.thumb
 351              		.thumb_func
 353              	USART1_IRQHandler:
 354              	.LFB297:
 197:../02_OS/Core_REG/stm32l4xx_it.c **** 
 198:../02_OS/Core_REG/stm32l4xx_it.c **** /******************************************************************************/
 199:../02_OS/Core_REG/stm32l4xx_it.c **** /* STM32L4xx Peripheral Interrupt Handlers                                    */
 200:../02_OS/Core_REG/stm32l4xx_it.c **** /* Add here the Interrupt Handlers for the used peripherals.                  */
ARM GAS  C:\Users\minde\AppData\Local\Temp\ccawk7Bz.s 			page 11


 201:../02_OS/Core_REG/stm32l4xx_it.c **** /* For the available peripheral interrupt handler names,                      */
 202:../02_OS/Core_REG/stm32l4xx_it.c **** /* please refer to the startup file (startup_stm32l4xx.s).                    */
 203:../02_OS/Core_REG/stm32l4xx_it.c **** /******************************************************************************/
 204:../02_OS/Core_REG/stm32l4xx_it.c **** 
 205:../02_OS/Core_REG/stm32l4xx_it.c **** /**
 206:../02_OS/Core_REG/stm32l4xx_it.c ****   * @brief This function handles USART1 global interrupt.
 207:../02_OS/Core_REG/stm32l4xx_it.c ****   */
 208:../02_OS/Core_REG/stm32l4xx_it.c **** void USART1_IRQHandler(void)
 209:../02_OS/Core_REG/stm32l4xx_it.c **** {
 355              		.loc 1 209 1 is_stmt 1 view -0
 356              		.cfi_startproc
 357              		@ args = 0, pretend = 0, frame = 0
 358              		@ frame_needed = 0, uses_anonymous_args = 0
 359 0000 08B5     		push	{r3, lr}
 360              	.LCFI9:
 361              		.cfi_def_cfa_offset 8
 362              		.cfi_offset 3, -8
 363              		.cfi_offset 14, -4
 210:../02_OS/Core_REG/stm32l4xx_it.c ****   /* USER CODE BEGIN USART1_IRQn 0 */
 211:../02_OS/Core_REG/stm32l4xx_it.c ****   uint8_t c = huart1.Instance->RDR;
 364              		.loc 1 211 3 view .LVU38
 365              		.loc 1 211 21 is_stmt 0 view .LVU39
 366 0002 044B     		ldr	r3, .L42
 367 0004 1B68     		ldr	r3, [r3]
 368              		.loc 1 211 30 view .LVU40
 369 0006 998C     		ldrh	r1, [r3, #36]
 370              	.LVL9:
 212:../02_OS/Core_REG/stm32l4xx_it.c ****   EKM_Buffer_Set(&APPL_DMA_LTE_Buffer, c);
 371              		.loc 1 212 3 is_stmt 1 view .LVU41
 372 0008 C9B2     		uxtb	r1, r1
 373              		.loc 1 212 3 is_stmt 0 view .LVU42
 374 000a 0348     		ldr	r0, .L42+4
 375 000c FFF7FEFF 		bl	EKM_Buffer_Set
 376              	.LVL10:
 213:../02_OS/Core_REG/stm32l4xx_it.c ****   return;
 377              		.loc 1 213 3 is_stmt 1 view .LVU43
 214:../02_OS/Core_REG/stm32l4xx_it.c ****   /* USER CODE END USART1_IRQn 0 */
 215:../02_OS/Core_REG/stm32l4xx_it.c ****   HAL_UART_IRQHandler(&huart1);
 216:../02_OS/Core_REG/stm32l4xx_it.c ****   /* USER CODE BEGIN USART1_IRQn 1 */
 217:../02_OS/Core_REG/stm32l4xx_it.c **** 
 218:../02_OS/Core_REG/stm32l4xx_it.c ****   /* USER CODE END USART1_IRQn 1 */
 219:../02_OS/Core_REG/stm32l4xx_it.c **** }
 378              		.loc 1 219 1 is_stmt 0 view .LVU44
 379 0010 08BD     		pop	{r3, pc}
 380              	.L43:
 381 0012 00BF     		.align	2
 382              	.L42:
 383 0014 00000000 		.word	huart1
 384 0018 00000000 		.word	APPL_DMA_LTE_Buffer
 385              		.cfi_endproc
 386              	.LFE297:
 388              		.section	.text.USART2_IRQHandler,"ax",%progbits
 389              		.align	1
 390              		.global	USART2_IRQHandler
 391              		.syntax unified
 392              		.thumb
 393              		.thumb_func
ARM GAS  C:\Users\minde\AppData\Local\Temp\ccawk7Bz.s 			page 12


 395              	USART2_IRQHandler:
 396              	.LFB298:
 220:../02_OS/Core_REG/stm32l4xx_it.c **** 
 221:../02_OS/Core_REG/stm32l4xx_it.c **** /**
 222:../02_OS/Core_REG/stm32l4xx_it.c ****   * @brief This function handles USART2 global interrupt.
 223:../02_OS/Core_REG/stm32l4xx_it.c ****   */
 224:../02_OS/Core_REG/stm32l4xx_it.c **** void USART2_IRQHandler(void)
 225:../02_OS/Core_REG/stm32l4xx_it.c **** {
 397              		.loc 1 225 1 is_stmt 1 view -0
 398              		.cfi_startproc
 399              		@ args = 0, pretend = 0, frame = 0
 400              		@ frame_needed = 0, uses_anonymous_args = 0
 401 0000 08B5     		push	{r3, lr}
 402              	.LCFI10:
 403              		.cfi_def_cfa_offset 8
 404              		.cfi_offset 3, -8
 405              		.cfi_offset 14, -4
 226:../02_OS/Core_REG/stm32l4xx_it.c ****   /* USER CODE BEGIN USART2_IRQn 0 */
 227:../02_OS/Core_REG/stm32l4xx_it.c **** 
 228:../02_OS/Core_REG/stm32l4xx_it.c ****   /* USER CODE END USART2_IRQn 0 */
 229:../02_OS/Core_REG/stm32l4xx_it.c ****   HAL_UART_IRQHandler(&huart2);
 406              		.loc 1 229 3 view .LVU46
 407 0002 0248     		ldr	r0, .L46
 408 0004 FFF7FEFF 		bl	HAL_UART_IRQHandler
 409              	.LVL11:
 230:../02_OS/Core_REG/stm32l4xx_it.c ****   /* USER CODE BEGIN USART2_IRQn 1 */
 231:../02_OS/Core_REG/stm32l4xx_it.c **** 
 232:../02_OS/Core_REG/stm32l4xx_it.c ****   /* USER CODE END USART2_IRQn 1 */
 233:../02_OS/Core_REG/stm32l4xx_it.c **** }
 410              		.loc 1 233 1 is_stmt 0 view .LVU47
 411 0008 08BD     		pop	{r3, pc}
 412              	.L47:
 413 000a 00BF     		.align	2
 414              	.L46:
 415 000c 00000000 		.word	huart2
 416              		.cfi_endproc
 417              	.LFE298:
 419              		.section	.text.USB_IRQHandler,"ax",%progbits
 420              		.align	1
 421              		.global	USB_IRQHandler
 422              		.syntax unified
 423              		.thumb
 424              		.thumb_func
 426              	USB_IRQHandler:
 427              	.LFB299:
 234:../02_OS/Core_REG/stm32l4xx_it.c **** 
 235:../02_OS/Core_REG/stm32l4xx_it.c **** /**
 236:../02_OS/Core_REG/stm32l4xx_it.c ****   * @brief This function handles USB event interrupt through EXTI line 17.
 237:../02_OS/Core_REG/stm32l4xx_it.c ****   */
 238:../02_OS/Core_REG/stm32l4xx_it.c **** void USB_IRQHandler(void)
 239:../02_OS/Core_REG/stm32l4xx_it.c **** {
 428              		.loc 1 239 1 is_stmt 1 view -0
 429              		.cfi_startproc
 430              		@ args = 0, pretend = 0, frame = 0
 431              		@ frame_needed = 0, uses_anonymous_args = 0
 432 0000 08B5     		push	{r3, lr}
 433              	.LCFI11:
ARM GAS  C:\Users\minde\AppData\Local\Temp\ccawk7Bz.s 			page 13


 434              		.cfi_def_cfa_offset 8
 435              		.cfi_offset 3, -8
 436              		.cfi_offset 14, -4
 240:../02_OS/Core_REG/stm32l4xx_it.c ****   /* USER CODE BEGIN USB_IRQn 0 */
 241:../02_OS/Core_REG/stm32l4xx_it.c **** 
 242:../02_OS/Core_REG/stm32l4xx_it.c ****   /* USER CODE END USB_IRQn 0 */
 243:../02_OS/Core_REG/stm32l4xx_it.c ****   HAL_PCD_IRQHandler(&hpcd_USB_FS);
 437              		.loc 1 243 3 view .LVU49
 438 0002 0248     		ldr	r0, .L50
 439 0004 FFF7FEFF 		bl	HAL_PCD_IRQHandler
 440              	.LVL12:
 244:../02_OS/Core_REG/stm32l4xx_it.c ****   /* USER CODE BEGIN USB_IRQn 1 */
 245:../02_OS/Core_REG/stm32l4xx_it.c **** 
 246:../02_OS/Core_REG/stm32l4xx_it.c ****   /* USER CODE END USB_IRQn 1 */
 247:../02_OS/Core_REG/stm32l4xx_it.c **** }
 441              		.loc 1 247 1 is_stmt 0 view .LVU50
 442 0008 08BD     		pop	{r3, pc}
 443              	.L51:
 444 000a 00BF     		.align	2
 445              	.L50:
 446 000c 00000000 		.word	hpcd_USB_FS
 447              		.cfi_endproc
 448              	.LFE299:
 450              		.text
 451              	.Letext0:
 452              		.file 2 "c:\\gnuarm\\arm-none-eabi\\include\\machine\\_default_types.h"
 453              		.file 3 "c:\\gnuarm\\arm-none-eabi\\include\\sys\\_stdint.h"
 454              		.file 4 "../03_Drivers/CMSIS/Device/ST/STM32L4xx/Include/stm32l432xx.h"
 455              		.file 5 "../03_Drivers/STM32L4xx_HAL_Driver/Inc/stm32l4xx_hal_def.h"
 456              		.file 6 "../03_Drivers/STM32L4xx_HAL_Driver/Inc/stm32l4xx_hal_dma.h"
 457              		.file 7 "../03_Drivers/STM32L4xx_HAL_Driver/Inc/stm32l4xx_ll_usb.h"
 458              		.file 8 "../03_Drivers/STM32L4xx_HAL_Driver/Inc/stm32l4xx_hal_pcd.h"
 459              		.file 9 "../03_Drivers/STM32L4xx_HAL_Driver/Inc/stm32l4xx_hal_uart.h"
 460              		.file 10 "../02_OS/EKM_Buffer/EKM_Buffer.h"
 461              		.file 11 "../01_Applcation/APPL_DMA_LTE/APPL_DMA_LTE.h"
 462              		.file 12 "../03_Drivers/STM32L4xx_HAL_Driver/Inc/stm32l4xx_hal.h"
ARM GAS  C:\Users\minde\AppData\Local\Temp\ccawk7Bz.s 			page 14


DEFINED SYMBOLS
                            *ABS*:00000000 stm32l4xx_it.c
C:\Users\minde\AppData\Local\Temp\ccawk7Bz.s:20     .rodata.NMI_Handler.str1.4:00000000 $d
C:\Users\minde\AppData\Local\Temp\ccawk7Bz.s:24     .text.NMI_Handler:00000000 $t
C:\Users\minde\AppData\Local\Temp\ccawk7Bz.s:30     .text.NMI_Handler:00000000 NMI_Handler
C:\Users\minde\AppData\Local\Temp\ccawk7Bz.s:55     .text.NMI_Handler:0000000c $d
C:\Users\minde\AppData\Local\Temp\ccawk7Bz.s:60     .rodata.HardFault_Handler.str1.4:00000000 $d
C:\Users\minde\AppData\Local\Temp\ccawk7Bz.s:64     .text.HardFault_Handler:00000000 $t
C:\Users\minde\AppData\Local\Temp\ccawk7Bz.s:70     .text.HardFault_Handler:00000000 HardFault_Handler
C:\Users\minde\AppData\Local\Temp\ccawk7Bz.s:94     .text.HardFault_Handler:0000000c $d
C:\Users\minde\AppData\Local\Temp\ccawk7Bz.s:99     .rodata.MemManage_Handler.str1.4:00000000 $d
C:\Users\minde\AppData\Local\Temp\ccawk7Bz.s:103    .text.MemManage_Handler:00000000 $t
C:\Users\minde\AppData\Local\Temp\ccawk7Bz.s:109    .text.MemManage_Handler:00000000 MemManage_Handler
C:\Users\minde\AppData\Local\Temp\ccawk7Bz.s:133    .text.MemManage_Handler:0000000c $d
C:\Users\minde\AppData\Local\Temp\ccawk7Bz.s:138    .rodata.BusFault_Handler.str1.4:00000000 $d
C:\Users\minde\AppData\Local\Temp\ccawk7Bz.s:142    .text.BusFault_Handler:00000000 $t
C:\Users\minde\AppData\Local\Temp\ccawk7Bz.s:148    .text.BusFault_Handler:00000000 BusFault_Handler
C:\Users\minde\AppData\Local\Temp\ccawk7Bz.s:172    .text.BusFault_Handler:0000000c $d
C:\Users\minde\AppData\Local\Temp\ccawk7Bz.s:177    .rodata.UsageFault_Handler.str1.4:00000000 $d
C:\Users\minde\AppData\Local\Temp\ccawk7Bz.s:181    .text.UsageFault_Handler:00000000 $t
C:\Users\minde\AppData\Local\Temp\ccawk7Bz.s:187    .text.UsageFault_Handler:00000000 UsageFault_Handler
C:\Users\minde\AppData\Local\Temp\ccawk7Bz.s:211    .text.UsageFault_Handler:0000000c $d
C:\Users\minde\AppData\Local\Temp\ccawk7Bz.s:216    .rodata.SVC_Handler.str1.4:00000000 $d
C:\Users\minde\AppData\Local\Temp\ccawk7Bz.s:220    .text.SVC_Handler:00000000 $t
C:\Users\minde\AppData\Local\Temp\ccawk7Bz.s:226    .text.SVC_Handler:00000000 SVC_Handler
C:\Users\minde\AppData\Local\Temp\ccawk7Bz.s:246    .text.SVC_Handler:0000000c $d
C:\Users\minde\AppData\Local\Temp\ccawk7Bz.s:251    .rodata.DebugMon_Handler.str1.4:00000000 $d
C:\Users\minde\AppData\Local\Temp\ccawk7Bz.s:255    .text.DebugMon_Handler:00000000 $t
C:\Users\minde\AppData\Local\Temp\ccawk7Bz.s:261    .text.DebugMon_Handler:00000000 DebugMon_Handler
C:\Users\minde\AppData\Local\Temp\ccawk7Bz.s:281    .text.DebugMon_Handler:0000000c $d
C:\Users\minde\AppData\Local\Temp\ccawk7Bz.s:286    .rodata.PendSV_Handler.str1.4:00000000 $d
C:\Users\minde\AppData\Local\Temp\ccawk7Bz.s:290    .text.PendSV_Handler:00000000 $t
C:\Users\minde\AppData\Local\Temp\ccawk7Bz.s:296    .text.PendSV_Handler:00000000 PendSV_Handler
C:\Users\minde\AppData\Local\Temp\ccawk7Bz.s:316    .text.PendSV_Handler:0000000c $d
C:\Users\minde\AppData\Local\Temp\ccawk7Bz.s:321    .text.SysTick_Handler:00000000 $t
C:\Users\minde\AppData\Local\Temp\ccawk7Bz.s:327    .text.SysTick_Handler:00000000 SysTick_Handler
C:\Users\minde\AppData\Local\Temp\ccawk7Bz.s:347    .text.USART1_IRQHandler:00000000 $t
C:\Users\minde\AppData\Local\Temp\ccawk7Bz.s:353    .text.USART1_IRQHandler:00000000 USART1_IRQHandler
C:\Users\minde\AppData\Local\Temp\ccawk7Bz.s:383    .text.USART1_IRQHandler:00000014 $d
C:\Users\minde\AppData\Local\Temp\ccawk7Bz.s:389    .text.USART2_IRQHandler:00000000 $t
C:\Users\minde\AppData\Local\Temp\ccawk7Bz.s:395    .text.USART2_IRQHandler:00000000 USART2_IRQHandler
C:\Users\minde\AppData\Local\Temp\ccawk7Bz.s:415    .text.USART2_IRQHandler:0000000c $d
C:\Users\minde\AppData\Local\Temp\ccawk7Bz.s:420    .text.USB_IRQHandler:00000000 $t
C:\Users\minde\AppData\Local\Temp\ccawk7Bz.s:426    .text.USB_IRQHandler:00000000 USB_IRQHandler
C:\Users\minde\AppData\Local\Temp\ccawk7Bz.s:446    .text.USB_IRQHandler:0000000c $d

UNDEFINED SYMBOLS
APPL_USB_printf
HAL_IncTick
EKM_Buffer_Set
huart1
APPL_DMA_LTE_Buffer
HAL_UART_IRQHandler
huart2
HAL_PCD_IRQHandler
hpcd_USB_FS
