ARM GAS  C:\Users\minde\AppData\Local\Temp\ccfjsy5L.s 			page 1


   1              		.cpu cortex-m4
   2              		.arch armv7e-m
   3              		.fpu fpv4-sp-d16
   4              		.eabi_attribute 27, 1
   5              		.eabi_attribute 28, 1
   6              		.eabi_attribute 20, 1
   7              		.eabi_attribute 21, 1
   8              		.eabi_attribute 23, 3
   9              		.eabi_attribute 24, 1
  10              		.eabi_attribute 25, 1
  11              		.eabi_attribute 26, 1
  12              		.eabi_attribute 30, 1
  13              		.eabi_attribute 34, 1
  14              		.eabi_attribute 18, 4
  15              		.file	"stm32l4xx_hal_i2c_ex.c"
  16              		.text
  17              	.Ltext0:
  18              		.cfi_sections	.debug_frame
  19              		.section	.text.HAL_I2CEx_ConfigAnalogFilter,"ax",%progbits
  20              		.align	1
  21              		.global	HAL_I2CEx_ConfigAnalogFilter
  22              		.syntax unified
  23              		.thumb
  24              		.thumb_func
  26              	HAL_I2CEx_ConfigAnalogFilter:
  27              	.LVL0:
  28              	.LFB288:
  29              		.file 1 "../03_Drivers/STM32L4xx_HAL_Driver/Src/stm32l4xx_hal_i2c_ex.c"
   1:../03_Drivers/STM32L4xx_HAL_Driver/Src/stm32l4xx_hal_i2c_ex.c **** /**
   2:../03_Drivers/STM32L4xx_HAL_Driver/Src/stm32l4xx_hal_i2c_ex.c ****   ******************************************************************************
   3:../03_Drivers/STM32L4xx_HAL_Driver/Src/stm32l4xx_hal_i2c_ex.c ****   * @file    stm32l4xx_hal_i2c_ex.c
   4:../03_Drivers/STM32L4xx_HAL_Driver/Src/stm32l4xx_hal_i2c_ex.c ****   * @author  MCD Application Team
   5:../03_Drivers/STM32L4xx_HAL_Driver/Src/stm32l4xx_hal_i2c_ex.c ****   * @brief   I2C Extended HAL module driver.
   6:../03_Drivers/STM32L4xx_HAL_Driver/Src/stm32l4xx_hal_i2c_ex.c ****   *          This file provides firmware functions to manage the following
   7:../03_Drivers/STM32L4xx_HAL_Driver/Src/stm32l4xx_hal_i2c_ex.c ****   *          functionalities of I2C Extended peripheral:
   8:../03_Drivers/STM32L4xx_HAL_Driver/Src/stm32l4xx_hal_i2c_ex.c ****   *           + Filter Mode Functions
   9:../03_Drivers/STM32L4xx_HAL_Driver/Src/stm32l4xx_hal_i2c_ex.c ****   *           + WakeUp Mode Functions
  10:../03_Drivers/STM32L4xx_HAL_Driver/Src/stm32l4xx_hal_i2c_ex.c ****   *           + FastModePlus Functions
  11:../03_Drivers/STM32L4xx_HAL_Driver/Src/stm32l4xx_hal_i2c_ex.c ****   *
  12:../03_Drivers/STM32L4xx_HAL_Driver/Src/stm32l4xx_hal_i2c_ex.c ****   ******************************************************************************
  13:../03_Drivers/STM32L4xx_HAL_Driver/Src/stm32l4xx_hal_i2c_ex.c ****   * @attention
  14:../03_Drivers/STM32L4xx_HAL_Driver/Src/stm32l4xx_hal_i2c_ex.c ****   *
  15:../03_Drivers/STM32L4xx_HAL_Driver/Src/stm32l4xx_hal_i2c_ex.c ****   * Copyright (c) 2017 STMicroelectronics.
  16:../03_Drivers/STM32L4xx_HAL_Driver/Src/stm32l4xx_hal_i2c_ex.c ****   * All rights reserved.
  17:../03_Drivers/STM32L4xx_HAL_Driver/Src/stm32l4xx_hal_i2c_ex.c ****   *
  18:../03_Drivers/STM32L4xx_HAL_Driver/Src/stm32l4xx_hal_i2c_ex.c ****   * This software is licensed under terms that can be found in the LICENSE file
  19:../03_Drivers/STM32L4xx_HAL_Driver/Src/stm32l4xx_hal_i2c_ex.c ****   * in the root directory of this software component.
  20:../03_Drivers/STM32L4xx_HAL_Driver/Src/stm32l4xx_hal_i2c_ex.c ****   * If no LICENSE file comes with this software, it is provided AS-IS.
  21:../03_Drivers/STM32L4xx_HAL_Driver/Src/stm32l4xx_hal_i2c_ex.c ****   *
  22:../03_Drivers/STM32L4xx_HAL_Driver/Src/stm32l4xx_hal_i2c_ex.c ****   ******************************************************************************
  23:../03_Drivers/STM32L4xx_HAL_Driver/Src/stm32l4xx_hal_i2c_ex.c ****   @verbatim
  24:../03_Drivers/STM32L4xx_HAL_Driver/Src/stm32l4xx_hal_i2c_ex.c ****   ==============================================================================
  25:../03_Drivers/STM32L4xx_HAL_Driver/Src/stm32l4xx_hal_i2c_ex.c ****                ##### I2C peripheral Extended features  #####
  26:../03_Drivers/STM32L4xx_HAL_Driver/Src/stm32l4xx_hal_i2c_ex.c ****   ==============================================================================
  27:../03_Drivers/STM32L4xx_HAL_Driver/Src/stm32l4xx_hal_i2c_ex.c **** 
  28:../03_Drivers/STM32L4xx_HAL_Driver/Src/stm32l4xx_hal_i2c_ex.c ****   [..] Comparing to other previous devices, the I2C interface for STM32L4xx
  29:../03_Drivers/STM32L4xx_HAL_Driver/Src/stm32l4xx_hal_i2c_ex.c ****        devices contains the following additional features
ARM GAS  C:\Users\minde\AppData\Local\Temp\ccfjsy5L.s 			page 2


  30:../03_Drivers/STM32L4xx_HAL_Driver/Src/stm32l4xx_hal_i2c_ex.c **** 
  31:../03_Drivers/STM32L4xx_HAL_Driver/Src/stm32l4xx_hal_i2c_ex.c ****        (+) Possibility to disable or enable Analog Noise Filter
  32:../03_Drivers/STM32L4xx_HAL_Driver/Src/stm32l4xx_hal_i2c_ex.c ****        (+) Use of a configured Digital Noise Filter
  33:../03_Drivers/STM32L4xx_HAL_Driver/Src/stm32l4xx_hal_i2c_ex.c ****        (+) Disable or enable wakeup from Stop mode(s)
  34:../03_Drivers/STM32L4xx_HAL_Driver/Src/stm32l4xx_hal_i2c_ex.c ****        (+) Disable or enable Fast Mode Plus
  35:../03_Drivers/STM32L4xx_HAL_Driver/Src/stm32l4xx_hal_i2c_ex.c **** 
  36:../03_Drivers/STM32L4xx_HAL_Driver/Src/stm32l4xx_hal_i2c_ex.c ****                      ##### How to use this driver #####
  37:../03_Drivers/STM32L4xx_HAL_Driver/Src/stm32l4xx_hal_i2c_ex.c ****   ==============================================================================
  38:../03_Drivers/STM32L4xx_HAL_Driver/Src/stm32l4xx_hal_i2c_ex.c ****   [..] This driver provides functions to configure Noise Filter and Wake Up Feature
  39:../03_Drivers/STM32L4xx_HAL_Driver/Src/stm32l4xx_hal_i2c_ex.c ****     (#) Configure I2C Analog noise filter using the function HAL_I2CEx_ConfigAnalogFilter()
  40:../03_Drivers/STM32L4xx_HAL_Driver/Src/stm32l4xx_hal_i2c_ex.c ****     (#) Configure I2C Digital noise filter using the function HAL_I2CEx_ConfigDigitalFilter()
  41:../03_Drivers/STM32L4xx_HAL_Driver/Src/stm32l4xx_hal_i2c_ex.c ****     (#) Configure the enable or disable of I2C Wake Up Mode using the functions :
  42:../03_Drivers/STM32L4xx_HAL_Driver/Src/stm32l4xx_hal_i2c_ex.c ****           (++) HAL_I2CEx_EnableWakeUp()
  43:../03_Drivers/STM32L4xx_HAL_Driver/Src/stm32l4xx_hal_i2c_ex.c ****           (++) HAL_I2CEx_DisableWakeUp()
  44:../03_Drivers/STM32L4xx_HAL_Driver/Src/stm32l4xx_hal_i2c_ex.c ****     (#) Configure the enable or disable of fast mode plus driving capability using the functions :
  45:../03_Drivers/STM32L4xx_HAL_Driver/Src/stm32l4xx_hal_i2c_ex.c ****           (++) HAL_I2CEx_EnableFastModePlus()
  46:../03_Drivers/STM32L4xx_HAL_Driver/Src/stm32l4xx_hal_i2c_ex.c ****           (++) HAL_I2CEx_DisableFastModePlus()
  47:../03_Drivers/STM32L4xx_HAL_Driver/Src/stm32l4xx_hal_i2c_ex.c ****   @endverbatim
  48:../03_Drivers/STM32L4xx_HAL_Driver/Src/stm32l4xx_hal_i2c_ex.c ****   */
  49:../03_Drivers/STM32L4xx_HAL_Driver/Src/stm32l4xx_hal_i2c_ex.c **** 
  50:../03_Drivers/STM32L4xx_HAL_Driver/Src/stm32l4xx_hal_i2c_ex.c **** /* Includes ------------------------------------------------------------------*/
  51:../03_Drivers/STM32L4xx_HAL_Driver/Src/stm32l4xx_hal_i2c_ex.c **** #include "stm32l4xx_hal.h"
  52:../03_Drivers/STM32L4xx_HAL_Driver/Src/stm32l4xx_hal_i2c_ex.c **** 
  53:../03_Drivers/STM32L4xx_HAL_Driver/Src/stm32l4xx_hal_i2c_ex.c **** /** @addtogroup STM32L4xx_HAL_Driver
  54:../03_Drivers/STM32L4xx_HAL_Driver/Src/stm32l4xx_hal_i2c_ex.c ****   * @{
  55:../03_Drivers/STM32L4xx_HAL_Driver/Src/stm32l4xx_hal_i2c_ex.c ****   */
  56:../03_Drivers/STM32L4xx_HAL_Driver/Src/stm32l4xx_hal_i2c_ex.c **** 
  57:../03_Drivers/STM32L4xx_HAL_Driver/Src/stm32l4xx_hal_i2c_ex.c **** /** @defgroup I2CEx I2CEx
  58:../03_Drivers/STM32L4xx_HAL_Driver/Src/stm32l4xx_hal_i2c_ex.c ****   * @brief I2C Extended HAL module driver
  59:../03_Drivers/STM32L4xx_HAL_Driver/Src/stm32l4xx_hal_i2c_ex.c ****   * @{
  60:../03_Drivers/STM32L4xx_HAL_Driver/Src/stm32l4xx_hal_i2c_ex.c ****   */
  61:../03_Drivers/STM32L4xx_HAL_Driver/Src/stm32l4xx_hal_i2c_ex.c **** 
  62:../03_Drivers/STM32L4xx_HAL_Driver/Src/stm32l4xx_hal_i2c_ex.c **** #ifdef HAL_I2C_MODULE_ENABLED
  63:../03_Drivers/STM32L4xx_HAL_Driver/Src/stm32l4xx_hal_i2c_ex.c **** 
  64:../03_Drivers/STM32L4xx_HAL_Driver/Src/stm32l4xx_hal_i2c_ex.c **** /* Private typedef -----------------------------------------------------------*/
  65:../03_Drivers/STM32L4xx_HAL_Driver/Src/stm32l4xx_hal_i2c_ex.c **** /* Private define ------------------------------------------------------------*/
  66:../03_Drivers/STM32L4xx_HAL_Driver/Src/stm32l4xx_hal_i2c_ex.c **** /* Private macro -------------------------------------------------------------*/
  67:../03_Drivers/STM32L4xx_HAL_Driver/Src/stm32l4xx_hal_i2c_ex.c **** /* Private variables ---------------------------------------------------------*/
  68:../03_Drivers/STM32L4xx_HAL_Driver/Src/stm32l4xx_hal_i2c_ex.c **** /* Private function prototypes -----------------------------------------------*/
  69:../03_Drivers/STM32L4xx_HAL_Driver/Src/stm32l4xx_hal_i2c_ex.c **** /* Private functions ---------------------------------------------------------*/
  70:../03_Drivers/STM32L4xx_HAL_Driver/Src/stm32l4xx_hal_i2c_ex.c **** 
  71:../03_Drivers/STM32L4xx_HAL_Driver/Src/stm32l4xx_hal_i2c_ex.c **** /** @defgroup I2CEx_Exported_Functions I2C Extended Exported Functions
  72:../03_Drivers/STM32L4xx_HAL_Driver/Src/stm32l4xx_hal_i2c_ex.c ****   * @{
  73:../03_Drivers/STM32L4xx_HAL_Driver/Src/stm32l4xx_hal_i2c_ex.c ****   */
  74:../03_Drivers/STM32L4xx_HAL_Driver/Src/stm32l4xx_hal_i2c_ex.c **** 
  75:../03_Drivers/STM32L4xx_HAL_Driver/Src/stm32l4xx_hal_i2c_ex.c **** /** @defgroup I2CEx_Exported_Functions_Group1 Filter Mode Functions
  76:../03_Drivers/STM32L4xx_HAL_Driver/Src/stm32l4xx_hal_i2c_ex.c ****   * @brief    Filter Mode Functions
  77:../03_Drivers/STM32L4xx_HAL_Driver/Src/stm32l4xx_hal_i2c_ex.c ****   *
  78:../03_Drivers/STM32L4xx_HAL_Driver/Src/stm32l4xx_hal_i2c_ex.c **** @verbatim
  79:../03_Drivers/STM32L4xx_HAL_Driver/Src/stm32l4xx_hal_i2c_ex.c ****  ===============================================================================
  80:../03_Drivers/STM32L4xx_HAL_Driver/Src/stm32l4xx_hal_i2c_ex.c ****                       ##### Filter Mode Functions #####
  81:../03_Drivers/STM32L4xx_HAL_Driver/Src/stm32l4xx_hal_i2c_ex.c ****  ===============================================================================
  82:../03_Drivers/STM32L4xx_HAL_Driver/Src/stm32l4xx_hal_i2c_ex.c ****     [..] This section provides functions allowing to:
  83:../03_Drivers/STM32L4xx_HAL_Driver/Src/stm32l4xx_hal_i2c_ex.c ****       (+) Configure Noise Filters
  84:../03_Drivers/STM32L4xx_HAL_Driver/Src/stm32l4xx_hal_i2c_ex.c **** 
  85:../03_Drivers/STM32L4xx_HAL_Driver/Src/stm32l4xx_hal_i2c_ex.c **** @endverbatim
  86:../03_Drivers/STM32L4xx_HAL_Driver/Src/stm32l4xx_hal_i2c_ex.c ****   * @{
ARM GAS  C:\Users\minde\AppData\Local\Temp\ccfjsy5L.s 			page 3


  87:../03_Drivers/STM32L4xx_HAL_Driver/Src/stm32l4xx_hal_i2c_ex.c ****   */
  88:../03_Drivers/STM32L4xx_HAL_Driver/Src/stm32l4xx_hal_i2c_ex.c **** 
  89:../03_Drivers/STM32L4xx_HAL_Driver/Src/stm32l4xx_hal_i2c_ex.c **** /**
  90:../03_Drivers/STM32L4xx_HAL_Driver/Src/stm32l4xx_hal_i2c_ex.c ****   * @brief  Configure I2C Analog noise filter.
  91:../03_Drivers/STM32L4xx_HAL_Driver/Src/stm32l4xx_hal_i2c_ex.c ****   * @param  hi2c Pointer to a I2C_HandleTypeDef structure that contains
  92:../03_Drivers/STM32L4xx_HAL_Driver/Src/stm32l4xx_hal_i2c_ex.c ****   *                the configuration information for the specified I2Cx peripheral.
  93:../03_Drivers/STM32L4xx_HAL_Driver/Src/stm32l4xx_hal_i2c_ex.c ****   * @param  AnalogFilter New state of the Analog filter.
  94:../03_Drivers/STM32L4xx_HAL_Driver/Src/stm32l4xx_hal_i2c_ex.c ****   * @retval HAL status
  95:../03_Drivers/STM32L4xx_HAL_Driver/Src/stm32l4xx_hal_i2c_ex.c ****   */
  96:../03_Drivers/STM32L4xx_HAL_Driver/Src/stm32l4xx_hal_i2c_ex.c **** HAL_StatusTypeDef HAL_I2CEx_ConfigAnalogFilter(I2C_HandleTypeDef *hi2c, uint32_t AnalogFilter)
  97:../03_Drivers/STM32L4xx_HAL_Driver/Src/stm32l4xx_hal_i2c_ex.c **** {
  30              		.loc 1 97 1 view -0
  31              		.cfi_startproc
  32              		@ args = 0, pretend = 0, frame = 0
  33              		@ frame_needed = 0, uses_anonymous_args = 0
  34              		@ link register save eliminated.
  98:../03_Drivers/STM32L4xx_HAL_Driver/Src/stm32l4xx_hal_i2c_ex.c ****   /* Check the parameters */
  99:../03_Drivers/STM32L4xx_HAL_Driver/Src/stm32l4xx_hal_i2c_ex.c ****   assert_param(IS_I2C_ALL_INSTANCE(hi2c->Instance));
  35              		.loc 1 99 3 view .LVU1
 100:../03_Drivers/STM32L4xx_HAL_Driver/Src/stm32l4xx_hal_i2c_ex.c ****   assert_param(IS_I2C_ANALOG_FILTER(AnalogFilter));
  36              		.loc 1 100 3 view .LVU2
 101:../03_Drivers/STM32L4xx_HAL_Driver/Src/stm32l4xx_hal_i2c_ex.c **** 
 102:../03_Drivers/STM32L4xx_HAL_Driver/Src/stm32l4xx_hal_i2c_ex.c ****   if (hi2c->State == HAL_I2C_STATE_READY)
  37              		.loc 1 102 3 view .LVU3
  38              		.loc 1 102 11 is_stmt 0 view .LVU4
  39 0000 90F84130 		ldrb	r3, [r0, #65]	@ zero_extendqisi2
  40 0004 DBB2     		uxtb	r3, r3
  41              		.loc 1 102 6 view .LVU5
  42 0006 202B     		cmp	r3, #32
  43 0008 24D1     		bne	.L3
 103:../03_Drivers/STM32L4xx_HAL_Driver/Src/stm32l4xx_hal_i2c_ex.c ****   {
 104:../03_Drivers/STM32L4xx_HAL_Driver/Src/stm32l4xx_hal_i2c_ex.c ****     /* Process Locked */
 105:../03_Drivers/STM32L4xx_HAL_Driver/Src/stm32l4xx_hal_i2c_ex.c ****     __HAL_LOCK(hi2c);
  44              		.loc 1 105 5 is_stmt 1 view .LVU6
  45              		.loc 1 105 5 view .LVU7
  46 000a 90F84030 		ldrb	r3, [r0, #64]	@ zero_extendqisi2
  47 000e 012B     		cmp	r3, #1
  48 0010 22D0     		beq	.L4
  49              		.loc 1 105 5 discriminator 2 view .LVU8
  50 0012 0123     		movs	r3, #1
  51 0014 80F84030 		strb	r3, [r0, #64]
  52              		.loc 1 105 5 discriminator 2 view .LVU9
 106:../03_Drivers/STM32L4xx_HAL_Driver/Src/stm32l4xx_hal_i2c_ex.c **** 
 107:../03_Drivers/STM32L4xx_HAL_Driver/Src/stm32l4xx_hal_i2c_ex.c ****     hi2c->State = HAL_I2C_STATE_BUSY;
  53              		.loc 1 107 5 discriminator 2 view .LVU10
  54              		.loc 1 107 17 is_stmt 0 discriminator 2 view .LVU11
  55 0018 2423     		movs	r3, #36
  56 001a 80F84130 		strb	r3, [r0, #65]
 108:../03_Drivers/STM32L4xx_HAL_Driver/Src/stm32l4xx_hal_i2c_ex.c **** 
 109:../03_Drivers/STM32L4xx_HAL_Driver/Src/stm32l4xx_hal_i2c_ex.c ****     /* Disable the selected I2C peripheral */
 110:../03_Drivers/STM32L4xx_HAL_Driver/Src/stm32l4xx_hal_i2c_ex.c ****     __HAL_I2C_DISABLE(hi2c);
  57              		.loc 1 110 5 is_stmt 1 discriminator 2 view .LVU12
  58 001e 0268     		ldr	r2, [r0]
  59 0020 1368     		ldr	r3, [r2]
  60 0022 23F00103 		bic	r3, r3, #1
  61 0026 1360     		str	r3, [r2]
 111:../03_Drivers/STM32L4xx_HAL_Driver/Src/stm32l4xx_hal_i2c_ex.c **** 
ARM GAS  C:\Users\minde\AppData\Local\Temp\ccfjsy5L.s 			page 4


 112:../03_Drivers/STM32L4xx_HAL_Driver/Src/stm32l4xx_hal_i2c_ex.c ****     /* Reset I2Cx ANOFF bit */
 113:../03_Drivers/STM32L4xx_HAL_Driver/Src/stm32l4xx_hal_i2c_ex.c ****     hi2c->Instance->CR1 &= ~(I2C_CR1_ANFOFF);
  62              		.loc 1 113 5 discriminator 2 view .LVU13
  63              		.loc 1 113 9 is_stmt 0 discriminator 2 view .LVU14
  64 0028 0268     		ldr	r2, [r0]
  65              		.loc 1 113 25 discriminator 2 view .LVU15
  66 002a 1368     		ldr	r3, [r2]
  67 002c 23F48053 		bic	r3, r3, #4096
  68 0030 1360     		str	r3, [r2]
 114:../03_Drivers/STM32L4xx_HAL_Driver/Src/stm32l4xx_hal_i2c_ex.c **** 
 115:../03_Drivers/STM32L4xx_HAL_Driver/Src/stm32l4xx_hal_i2c_ex.c ****     /* Set analog filter bit*/
 116:../03_Drivers/STM32L4xx_HAL_Driver/Src/stm32l4xx_hal_i2c_ex.c ****     hi2c->Instance->CR1 |= AnalogFilter;
  69              		.loc 1 116 5 is_stmt 1 discriminator 2 view .LVU16
  70              		.loc 1 116 9 is_stmt 0 discriminator 2 view .LVU17
  71 0032 0268     		ldr	r2, [r0]
  72              		.loc 1 116 25 discriminator 2 view .LVU18
  73 0034 1368     		ldr	r3, [r2]
  74 0036 1943     		orrs	r1, r1, r3
  75              	.LVL1:
  76              		.loc 1 116 25 discriminator 2 view .LVU19
  77 0038 1160     		str	r1, [r2]
 117:../03_Drivers/STM32L4xx_HAL_Driver/Src/stm32l4xx_hal_i2c_ex.c **** 
 118:../03_Drivers/STM32L4xx_HAL_Driver/Src/stm32l4xx_hal_i2c_ex.c ****     __HAL_I2C_ENABLE(hi2c);
  78              		.loc 1 118 5 is_stmt 1 discriminator 2 view .LVU20
  79 003a 0268     		ldr	r2, [r0]
  80 003c 1368     		ldr	r3, [r2]
  81 003e 43F00103 		orr	r3, r3, #1
  82 0042 1360     		str	r3, [r2]
 119:../03_Drivers/STM32L4xx_HAL_Driver/Src/stm32l4xx_hal_i2c_ex.c **** 
 120:../03_Drivers/STM32L4xx_HAL_Driver/Src/stm32l4xx_hal_i2c_ex.c ****     hi2c->State = HAL_I2C_STATE_READY;
  83              		.loc 1 120 5 discriminator 2 view .LVU21
  84              		.loc 1 120 17 is_stmt 0 discriminator 2 view .LVU22
  85 0044 2023     		movs	r3, #32
  86 0046 80F84130 		strb	r3, [r0, #65]
 121:../03_Drivers/STM32L4xx_HAL_Driver/Src/stm32l4xx_hal_i2c_ex.c **** 
 122:../03_Drivers/STM32L4xx_HAL_Driver/Src/stm32l4xx_hal_i2c_ex.c ****     /* Process Unlocked */
 123:../03_Drivers/STM32L4xx_HAL_Driver/Src/stm32l4xx_hal_i2c_ex.c ****     __HAL_UNLOCK(hi2c);
  87              		.loc 1 123 5 is_stmt 1 discriminator 2 view .LVU23
  88              		.loc 1 123 5 discriminator 2 view .LVU24
  89 004a 0023     		movs	r3, #0
  90 004c 80F84030 		strb	r3, [r0, #64]
  91              		.loc 1 123 5 discriminator 2 view .LVU25
 124:../03_Drivers/STM32L4xx_HAL_Driver/Src/stm32l4xx_hal_i2c_ex.c **** 
 125:../03_Drivers/STM32L4xx_HAL_Driver/Src/stm32l4xx_hal_i2c_ex.c ****     return HAL_OK;
  92              		.loc 1 125 5 discriminator 2 view .LVU26
  93              		.loc 1 125 12 is_stmt 0 discriminator 2 view .LVU27
  94 0050 1846     		mov	r0, r3
  95              	.LVL2:
  96              		.loc 1 125 12 discriminator 2 view .LVU28
  97 0052 7047     		bx	lr
  98              	.LVL3:
  99              	.L3:
 126:../03_Drivers/STM32L4xx_HAL_Driver/Src/stm32l4xx_hal_i2c_ex.c ****   }
 127:../03_Drivers/STM32L4xx_HAL_Driver/Src/stm32l4xx_hal_i2c_ex.c ****   else
 128:../03_Drivers/STM32L4xx_HAL_Driver/Src/stm32l4xx_hal_i2c_ex.c ****   {
 129:../03_Drivers/STM32L4xx_HAL_Driver/Src/stm32l4xx_hal_i2c_ex.c ****     return HAL_BUSY;
 100              		.loc 1 129 12 view .LVU29
ARM GAS  C:\Users\minde\AppData\Local\Temp\ccfjsy5L.s 			page 5


 101 0054 0220     		movs	r0, #2
 102              	.LVL4:
 103              		.loc 1 129 12 view .LVU30
 104 0056 7047     		bx	lr
 105              	.LVL5:
 106              	.L4:
 105:../03_Drivers/STM32L4xx_HAL_Driver/Src/stm32l4xx_hal_i2c_ex.c **** 
 107              		.loc 1 105 5 view .LVU31
 108 0058 0220     		movs	r0, #2
 109              	.LVL6:
 130:../03_Drivers/STM32L4xx_HAL_Driver/Src/stm32l4xx_hal_i2c_ex.c ****   }
 131:../03_Drivers/STM32L4xx_HAL_Driver/Src/stm32l4xx_hal_i2c_ex.c **** }
 110              		.loc 1 131 1 view .LVU32
 111 005a 7047     		bx	lr
 112              		.cfi_endproc
 113              	.LFE288:
 115              		.section	.text.HAL_I2CEx_ConfigDigitalFilter,"ax",%progbits
 116              		.align	1
 117              		.global	HAL_I2CEx_ConfigDigitalFilter
 118              		.syntax unified
 119              		.thumb
 120              		.thumb_func
 122              	HAL_I2CEx_ConfigDigitalFilter:
 123              	.LVL7:
 124              	.LFB289:
 132:../03_Drivers/STM32L4xx_HAL_Driver/Src/stm32l4xx_hal_i2c_ex.c **** 
 133:../03_Drivers/STM32L4xx_HAL_Driver/Src/stm32l4xx_hal_i2c_ex.c **** /**
 134:../03_Drivers/STM32L4xx_HAL_Driver/Src/stm32l4xx_hal_i2c_ex.c ****   * @brief  Configure I2C Digital noise filter.
 135:../03_Drivers/STM32L4xx_HAL_Driver/Src/stm32l4xx_hal_i2c_ex.c ****   * @param  hi2c Pointer to a I2C_HandleTypeDef structure that contains
 136:../03_Drivers/STM32L4xx_HAL_Driver/Src/stm32l4xx_hal_i2c_ex.c ****   *                the configuration information for the specified I2Cx peripheral.
 137:../03_Drivers/STM32L4xx_HAL_Driver/Src/stm32l4xx_hal_i2c_ex.c ****   * @param  DigitalFilter Coefficient of digital noise filter between Min_Data=0x00 and Max_Data=0x
 138:../03_Drivers/STM32L4xx_HAL_Driver/Src/stm32l4xx_hal_i2c_ex.c ****   * @retval HAL status
 139:../03_Drivers/STM32L4xx_HAL_Driver/Src/stm32l4xx_hal_i2c_ex.c ****   */
 140:../03_Drivers/STM32L4xx_HAL_Driver/Src/stm32l4xx_hal_i2c_ex.c **** HAL_StatusTypeDef HAL_I2CEx_ConfigDigitalFilter(I2C_HandleTypeDef *hi2c, uint32_t DigitalFilter)
 141:../03_Drivers/STM32L4xx_HAL_Driver/Src/stm32l4xx_hal_i2c_ex.c **** {
 125              		.loc 1 141 1 is_stmt 1 view -0
 126              		.cfi_startproc
 127              		@ args = 0, pretend = 0, frame = 0
 128              		@ frame_needed = 0, uses_anonymous_args = 0
 129              		@ link register save eliminated.
 142:../03_Drivers/STM32L4xx_HAL_Driver/Src/stm32l4xx_hal_i2c_ex.c ****   uint32_t tmpreg;
 130              		.loc 1 142 3 view .LVU34
 143:../03_Drivers/STM32L4xx_HAL_Driver/Src/stm32l4xx_hal_i2c_ex.c **** 
 144:../03_Drivers/STM32L4xx_HAL_Driver/Src/stm32l4xx_hal_i2c_ex.c ****   /* Check the parameters */
 145:../03_Drivers/STM32L4xx_HAL_Driver/Src/stm32l4xx_hal_i2c_ex.c ****   assert_param(IS_I2C_ALL_INSTANCE(hi2c->Instance));
 131              		.loc 1 145 3 view .LVU35
 146:../03_Drivers/STM32L4xx_HAL_Driver/Src/stm32l4xx_hal_i2c_ex.c ****   assert_param(IS_I2C_DIGITAL_FILTER(DigitalFilter));
 132              		.loc 1 146 3 view .LVU36
 147:../03_Drivers/STM32L4xx_HAL_Driver/Src/stm32l4xx_hal_i2c_ex.c **** 
 148:../03_Drivers/STM32L4xx_HAL_Driver/Src/stm32l4xx_hal_i2c_ex.c ****   if (hi2c->State == HAL_I2C_STATE_READY)
 133              		.loc 1 148 3 view .LVU37
 134              		.loc 1 148 11 is_stmt 0 view .LVU38
 135 0000 90F84130 		ldrb	r3, [r0, #65]	@ zero_extendqisi2
 136 0004 DBB2     		uxtb	r3, r3
 137              		.loc 1 148 6 view .LVU39
 138 0006 202B     		cmp	r3, #32
 139 0008 22D1     		bne	.L7
ARM GAS  C:\Users\minde\AppData\Local\Temp\ccfjsy5L.s 			page 6


 149:../03_Drivers/STM32L4xx_HAL_Driver/Src/stm32l4xx_hal_i2c_ex.c ****   {
 150:../03_Drivers/STM32L4xx_HAL_Driver/Src/stm32l4xx_hal_i2c_ex.c ****     /* Process Locked */
 151:../03_Drivers/STM32L4xx_HAL_Driver/Src/stm32l4xx_hal_i2c_ex.c ****     __HAL_LOCK(hi2c);
 140              		.loc 1 151 5 is_stmt 1 view .LVU40
 141              		.loc 1 151 5 view .LVU41
 142 000a 90F84030 		ldrb	r3, [r0, #64]	@ zero_extendqisi2
 143 000e 012B     		cmp	r3, #1
 144 0010 20D0     		beq	.L8
 145              		.loc 1 151 5 discriminator 2 view .LVU42
 146 0012 0123     		movs	r3, #1
 147 0014 80F84030 		strb	r3, [r0, #64]
 148              		.loc 1 151 5 discriminator 2 view .LVU43
 152:../03_Drivers/STM32L4xx_HAL_Driver/Src/stm32l4xx_hal_i2c_ex.c **** 
 153:../03_Drivers/STM32L4xx_HAL_Driver/Src/stm32l4xx_hal_i2c_ex.c ****     hi2c->State = HAL_I2C_STATE_BUSY;
 149              		.loc 1 153 5 discriminator 2 view .LVU44
 150              		.loc 1 153 17 is_stmt 0 discriminator 2 view .LVU45
 151 0018 2423     		movs	r3, #36
 152 001a 80F84130 		strb	r3, [r0, #65]
 154:../03_Drivers/STM32L4xx_HAL_Driver/Src/stm32l4xx_hal_i2c_ex.c **** 
 155:../03_Drivers/STM32L4xx_HAL_Driver/Src/stm32l4xx_hal_i2c_ex.c ****     /* Disable the selected I2C peripheral */
 156:../03_Drivers/STM32L4xx_HAL_Driver/Src/stm32l4xx_hal_i2c_ex.c ****     __HAL_I2C_DISABLE(hi2c);
 153              		.loc 1 156 5 is_stmt 1 discriminator 2 view .LVU46
 154 001e 0268     		ldr	r2, [r0]
 155 0020 1368     		ldr	r3, [r2]
 156 0022 23F00103 		bic	r3, r3, #1
 157 0026 1360     		str	r3, [r2]
 157:../03_Drivers/STM32L4xx_HAL_Driver/Src/stm32l4xx_hal_i2c_ex.c **** 
 158:../03_Drivers/STM32L4xx_HAL_Driver/Src/stm32l4xx_hal_i2c_ex.c ****     /* Get the old register value */
 159:../03_Drivers/STM32L4xx_HAL_Driver/Src/stm32l4xx_hal_i2c_ex.c ****     tmpreg = hi2c->Instance->CR1;
 158              		.loc 1 159 5 discriminator 2 view .LVU47
 159              		.loc 1 159 18 is_stmt 0 discriminator 2 view .LVU48
 160 0028 0268     		ldr	r2, [r0]
 161              		.loc 1 159 12 discriminator 2 view .LVU49
 162 002a 1368     		ldr	r3, [r2]
 163              	.LVL8:
 160:../03_Drivers/STM32L4xx_HAL_Driver/Src/stm32l4xx_hal_i2c_ex.c **** 
 161:../03_Drivers/STM32L4xx_HAL_Driver/Src/stm32l4xx_hal_i2c_ex.c ****     /* Reset I2Cx DNF bits [11:8] */
 162:../03_Drivers/STM32L4xx_HAL_Driver/Src/stm32l4xx_hal_i2c_ex.c ****     tmpreg &= ~(I2C_CR1_DNF);
 164              		.loc 1 162 5 is_stmt 1 discriminator 2 view .LVU50
 165              		.loc 1 162 12 is_stmt 0 discriminator 2 view .LVU51
 166 002c 23F47063 		bic	r3, r3, #3840
 167              	.LVL9:
 163:../03_Drivers/STM32L4xx_HAL_Driver/Src/stm32l4xx_hal_i2c_ex.c **** 
 164:../03_Drivers/STM32L4xx_HAL_Driver/Src/stm32l4xx_hal_i2c_ex.c ****     /* Set I2Cx DNF coefficient */
 165:../03_Drivers/STM32L4xx_HAL_Driver/Src/stm32l4xx_hal_i2c_ex.c ****     tmpreg |= DigitalFilter << 8U;
 168              		.loc 1 165 5 is_stmt 1 discriminator 2 view .LVU52
 169              		.loc 1 165 12 is_stmt 0 discriminator 2 view .LVU53
 170 0030 43EA0121 		orr	r1, r3, r1, lsl #8
 171              	.LVL10:
 166:../03_Drivers/STM32L4xx_HAL_Driver/Src/stm32l4xx_hal_i2c_ex.c **** 
 167:../03_Drivers/STM32L4xx_HAL_Driver/Src/stm32l4xx_hal_i2c_ex.c ****     /* Store the new register value */
 168:../03_Drivers/STM32L4xx_HAL_Driver/Src/stm32l4xx_hal_i2c_ex.c ****     hi2c->Instance->CR1 = tmpreg;
 172              		.loc 1 168 5 is_stmt 1 discriminator 2 view .LVU54
 173              		.loc 1 168 25 is_stmt 0 discriminator 2 view .LVU55
 174 0034 1160     		str	r1, [r2]
 169:../03_Drivers/STM32L4xx_HAL_Driver/Src/stm32l4xx_hal_i2c_ex.c **** 
 170:../03_Drivers/STM32L4xx_HAL_Driver/Src/stm32l4xx_hal_i2c_ex.c ****     __HAL_I2C_ENABLE(hi2c);
ARM GAS  C:\Users\minde\AppData\Local\Temp\ccfjsy5L.s 			page 7


 175              		.loc 1 170 5 is_stmt 1 discriminator 2 view .LVU56
 176 0036 0268     		ldr	r2, [r0]
 177 0038 1368     		ldr	r3, [r2]
 178 003a 43F00103 		orr	r3, r3, #1
 179 003e 1360     		str	r3, [r2]
 171:../03_Drivers/STM32L4xx_HAL_Driver/Src/stm32l4xx_hal_i2c_ex.c **** 
 172:../03_Drivers/STM32L4xx_HAL_Driver/Src/stm32l4xx_hal_i2c_ex.c ****     hi2c->State = HAL_I2C_STATE_READY;
 180              		.loc 1 172 5 discriminator 2 view .LVU57
 181              		.loc 1 172 17 is_stmt 0 discriminator 2 view .LVU58
 182 0040 2023     		movs	r3, #32
 183 0042 80F84130 		strb	r3, [r0, #65]
 173:../03_Drivers/STM32L4xx_HAL_Driver/Src/stm32l4xx_hal_i2c_ex.c **** 
 174:../03_Drivers/STM32L4xx_HAL_Driver/Src/stm32l4xx_hal_i2c_ex.c ****     /* Process Unlocked */
 175:../03_Drivers/STM32L4xx_HAL_Driver/Src/stm32l4xx_hal_i2c_ex.c ****     __HAL_UNLOCK(hi2c);
 184              		.loc 1 175 5 is_stmt 1 discriminator 2 view .LVU59
 185              		.loc 1 175 5 discriminator 2 view .LVU60
 186 0046 0023     		movs	r3, #0
 187 0048 80F84030 		strb	r3, [r0, #64]
 188              		.loc 1 175 5 discriminator 2 view .LVU61
 176:../03_Drivers/STM32L4xx_HAL_Driver/Src/stm32l4xx_hal_i2c_ex.c **** 
 177:../03_Drivers/STM32L4xx_HAL_Driver/Src/stm32l4xx_hal_i2c_ex.c ****     return HAL_OK;
 189              		.loc 1 177 5 discriminator 2 view .LVU62
 190              		.loc 1 177 12 is_stmt 0 discriminator 2 view .LVU63
 191 004c 1846     		mov	r0, r3
 192              	.LVL11:
 193              		.loc 1 177 12 discriminator 2 view .LVU64
 194 004e 7047     		bx	lr
 195              	.LVL12:
 196              	.L7:
 178:../03_Drivers/STM32L4xx_HAL_Driver/Src/stm32l4xx_hal_i2c_ex.c ****   }
 179:../03_Drivers/STM32L4xx_HAL_Driver/Src/stm32l4xx_hal_i2c_ex.c ****   else
 180:../03_Drivers/STM32L4xx_HAL_Driver/Src/stm32l4xx_hal_i2c_ex.c ****   {
 181:../03_Drivers/STM32L4xx_HAL_Driver/Src/stm32l4xx_hal_i2c_ex.c ****     return HAL_BUSY;
 197              		.loc 1 181 12 view .LVU65
 198 0050 0220     		movs	r0, #2
 199              	.LVL13:
 200              		.loc 1 181 12 view .LVU66
 201 0052 7047     		bx	lr
 202              	.LVL14:
 203              	.L8:
 151:../03_Drivers/STM32L4xx_HAL_Driver/Src/stm32l4xx_hal_i2c_ex.c **** 
 204              		.loc 1 151 5 view .LVU67
 205 0054 0220     		movs	r0, #2
 206              	.LVL15:
 182:../03_Drivers/STM32L4xx_HAL_Driver/Src/stm32l4xx_hal_i2c_ex.c ****   }
 183:../03_Drivers/STM32L4xx_HAL_Driver/Src/stm32l4xx_hal_i2c_ex.c **** }
 207              		.loc 1 183 1 view .LVU68
 208 0056 7047     		bx	lr
 209              		.cfi_endproc
 210              	.LFE289:
 212              		.section	.text.HAL_I2CEx_EnableWakeUp,"ax",%progbits
 213              		.align	1
 214              		.global	HAL_I2CEx_EnableWakeUp
 215              		.syntax unified
 216              		.thumb
 217              		.thumb_func
 219              	HAL_I2CEx_EnableWakeUp:
ARM GAS  C:\Users\minde\AppData\Local\Temp\ccfjsy5L.s 			page 8


 220              	.LVL16:
 221              	.LFB290:
 184:../03_Drivers/STM32L4xx_HAL_Driver/Src/stm32l4xx_hal_i2c_ex.c **** /**
 185:../03_Drivers/STM32L4xx_HAL_Driver/Src/stm32l4xx_hal_i2c_ex.c ****   * @}
 186:../03_Drivers/STM32L4xx_HAL_Driver/Src/stm32l4xx_hal_i2c_ex.c ****   */
 187:../03_Drivers/STM32L4xx_HAL_Driver/Src/stm32l4xx_hal_i2c_ex.c **** 
 188:../03_Drivers/STM32L4xx_HAL_Driver/Src/stm32l4xx_hal_i2c_ex.c **** /** @defgroup I2CEx_Exported_Functions_Group2 WakeUp Mode Functions
 189:../03_Drivers/STM32L4xx_HAL_Driver/Src/stm32l4xx_hal_i2c_ex.c ****   * @brief    WakeUp Mode Functions
 190:../03_Drivers/STM32L4xx_HAL_Driver/Src/stm32l4xx_hal_i2c_ex.c ****   *
 191:../03_Drivers/STM32L4xx_HAL_Driver/Src/stm32l4xx_hal_i2c_ex.c **** @verbatim
 192:../03_Drivers/STM32L4xx_HAL_Driver/Src/stm32l4xx_hal_i2c_ex.c ****  ===============================================================================
 193:../03_Drivers/STM32L4xx_HAL_Driver/Src/stm32l4xx_hal_i2c_ex.c ****                       ##### WakeUp Mode Functions #####
 194:../03_Drivers/STM32L4xx_HAL_Driver/Src/stm32l4xx_hal_i2c_ex.c ****  ===============================================================================
 195:../03_Drivers/STM32L4xx_HAL_Driver/Src/stm32l4xx_hal_i2c_ex.c ****     [..] This section provides functions allowing to:
 196:../03_Drivers/STM32L4xx_HAL_Driver/Src/stm32l4xx_hal_i2c_ex.c ****       (+) Configure Wake Up Feature
 197:../03_Drivers/STM32L4xx_HAL_Driver/Src/stm32l4xx_hal_i2c_ex.c **** 
 198:../03_Drivers/STM32L4xx_HAL_Driver/Src/stm32l4xx_hal_i2c_ex.c **** @endverbatim
 199:../03_Drivers/STM32L4xx_HAL_Driver/Src/stm32l4xx_hal_i2c_ex.c ****   * @{
 200:../03_Drivers/STM32L4xx_HAL_Driver/Src/stm32l4xx_hal_i2c_ex.c ****   */
 201:../03_Drivers/STM32L4xx_HAL_Driver/Src/stm32l4xx_hal_i2c_ex.c **** 
 202:../03_Drivers/STM32L4xx_HAL_Driver/Src/stm32l4xx_hal_i2c_ex.c **** /**
 203:../03_Drivers/STM32L4xx_HAL_Driver/Src/stm32l4xx_hal_i2c_ex.c ****   * @brief  Enable I2C wakeup from Stop mode(s).
 204:../03_Drivers/STM32L4xx_HAL_Driver/Src/stm32l4xx_hal_i2c_ex.c ****   * @param  hi2c Pointer to a I2C_HandleTypeDef structure that contains
 205:../03_Drivers/STM32L4xx_HAL_Driver/Src/stm32l4xx_hal_i2c_ex.c ****   *                the configuration information for the specified I2Cx peripheral.
 206:../03_Drivers/STM32L4xx_HAL_Driver/Src/stm32l4xx_hal_i2c_ex.c ****   * @retval HAL status
 207:../03_Drivers/STM32L4xx_HAL_Driver/Src/stm32l4xx_hal_i2c_ex.c ****   */
 208:../03_Drivers/STM32L4xx_HAL_Driver/Src/stm32l4xx_hal_i2c_ex.c **** HAL_StatusTypeDef HAL_I2CEx_EnableWakeUp(I2C_HandleTypeDef *hi2c)
 209:../03_Drivers/STM32L4xx_HAL_Driver/Src/stm32l4xx_hal_i2c_ex.c **** {
 222              		.loc 1 209 1 is_stmt 1 view -0
 223              		.cfi_startproc
 224              		@ args = 0, pretend = 0, frame = 0
 225              		@ frame_needed = 0, uses_anonymous_args = 0
 226              		@ link register save eliminated.
 210:../03_Drivers/STM32L4xx_HAL_Driver/Src/stm32l4xx_hal_i2c_ex.c ****   /* Check the parameters */
 211:../03_Drivers/STM32L4xx_HAL_Driver/Src/stm32l4xx_hal_i2c_ex.c ****   assert_param(IS_I2C_WAKEUP_FROMSTOP_INSTANCE(hi2c->Instance));
 227              		.loc 1 211 3 view .LVU70
 212:../03_Drivers/STM32L4xx_HAL_Driver/Src/stm32l4xx_hal_i2c_ex.c **** 
 213:../03_Drivers/STM32L4xx_HAL_Driver/Src/stm32l4xx_hal_i2c_ex.c ****   if (hi2c->State == HAL_I2C_STATE_READY)
 228              		.loc 1 213 3 view .LVU71
 229              		.loc 1 213 11 is_stmt 0 view .LVU72
 230 0000 90F84130 		ldrb	r3, [r0, #65]	@ zero_extendqisi2
 231 0004 DBB2     		uxtb	r3, r3
 232              		.loc 1 213 6 view .LVU73
 233 0006 202B     		cmp	r3, #32
 234 0008 20D1     		bne	.L11
 214:../03_Drivers/STM32L4xx_HAL_Driver/Src/stm32l4xx_hal_i2c_ex.c ****   {
 215:../03_Drivers/STM32L4xx_HAL_Driver/Src/stm32l4xx_hal_i2c_ex.c ****     /* Process Locked */
 216:../03_Drivers/STM32L4xx_HAL_Driver/Src/stm32l4xx_hal_i2c_ex.c ****     __HAL_LOCK(hi2c);
 235              		.loc 1 216 5 is_stmt 1 view .LVU74
 236              		.loc 1 216 5 view .LVU75
 237 000a 90F84030 		ldrb	r3, [r0, #64]	@ zero_extendqisi2
 238 000e 012B     		cmp	r3, #1
 239 0010 1ED0     		beq	.L12
 240              		.loc 1 216 5 discriminator 2 view .LVU76
 241 0012 0123     		movs	r3, #1
 242 0014 80F84030 		strb	r3, [r0, #64]
 243              		.loc 1 216 5 discriminator 2 view .LVU77
ARM GAS  C:\Users\minde\AppData\Local\Temp\ccfjsy5L.s 			page 9


 217:../03_Drivers/STM32L4xx_HAL_Driver/Src/stm32l4xx_hal_i2c_ex.c **** 
 218:../03_Drivers/STM32L4xx_HAL_Driver/Src/stm32l4xx_hal_i2c_ex.c ****     hi2c->State = HAL_I2C_STATE_BUSY;
 244              		.loc 1 218 5 discriminator 2 view .LVU78
 245              		.loc 1 218 17 is_stmt 0 discriminator 2 view .LVU79
 246 0018 2423     		movs	r3, #36
 247 001a 80F84130 		strb	r3, [r0, #65]
 219:../03_Drivers/STM32L4xx_HAL_Driver/Src/stm32l4xx_hal_i2c_ex.c **** 
 220:../03_Drivers/STM32L4xx_HAL_Driver/Src/stm32l4xx_hal_i2c_ex.c ****     /* Disable the selected I2C peripheral */
 221:../03_Drivers/STM32L4xx_HAL_Driver/Src/stm32l4xx_hal_i2c_ex.c ****     __HAL_I2C_DISABLE(hi2c);
 248              		.loc 1 221 5 is_stmt 1 discriminator 2 view .LVU80
 249 001e 0268     		ldr	r2, [r0]
 250 0020 1368     		ldr	r3, [r2]
 251 0022 23F00103 		bic	r3, r3, #1
 252 0026 1360     		str	r3, [r2]
 222:../03_Drivers/STM32L4xx_HAL_Driver/Src/stm32l4xx_hal_i2c_ex.c **** 
 223:../03_Drivers/STM32L4xx_HAL_Driver/Src/stm32l4xx_hal_i2c_ex.c ****     /* Enable wakeup from stop mode */
 224:../03_Drivers/STM32L4xx_HAL_Driver/Src/stm32l4xx_hal_i2c_ex.c ****     hi2c->Instance->CR1 |= I2C_CR1_WUPEN;
 253              		.loc 1 224 5 discriminator 2 view .LVU81
 254              		.loc 1 224 9 is_stmt 0 discriminator 2 view .LVU82
 255 0028 0268     		ldr	r2, [r0]
 256              		.loc 1 224 25 discriminator 2 view .LVU83
 257 002a 1368     		ldr	r3, [r2]
 258 002c 43F48023 		orr	r3, r3, #262144
 259 0030 1360     		str	r3, [r2]
 225:../03_Drivers/STM32L4xx_HAL_Driver/Src/stm32l4xx_hal_i2c_ex.c **** 
 226:../03_Drivers/STM32L4xx_HAL_Driver/Src/stm32l4xx_hal_i2c_ex.c ****     __HAL_I2C_ENABLE(hi2c);
 260              		.loc 1 226 5 is_stmt 1 discriminator 2 view .LVU84
 261 0032 0268     		ldr	r2, [r0]
 262 0034 1368     		ldr	r3, [r2]
 263 0036 43F00103 		orr	r3, r3, #1
 264 003a 1360     		str	r3, [r2]
 227:../03_Drivers/STM32L4xx_HAL_Driver/Src/stm32l4xx_hal_i2c_ex.c **** 
 228:../03_Drivers/STM32L4xx_HAL_Driver/Src/stm32l4xx_hal_i2c_ex.c ****     hi2c->State = HAL_I2C_STATE_READY;
 265              		.loc 1 228 5 discriminator 2 view .LVU85
 266              		.loc 1 228 17 is_stmt 0 discriminator 2 view .LVU86
 267 003c 2023     		movs	r3, #32
 268 003e 80F84130 		strb	r3, [r0, #65]
 229:../03_Drivers/STM32L4xx_HAL_Driver/Src/stm32l4xx_hal_i2c_ex.c **** 
 230:../03_Drivers/STM32L4xx_HAL_Driver/Src/stm32l4xx_hal_i2c_ex.c ****     /* Process Unlocked */
 231:../03_Drivers/STM32L4xx_HAL_Driver/Src/stm32l4xx_hal_i2c_ex.c ****     __HAL_UNLOCK(hi2c);
 269              		.loc 1 231 5 is_stmt 1 discriminator 2 view .LVU87
 270              		.loc 1 231 5 discriminator 2 view .LVU88
 271 0042 0023     		movs	r3, #0
 272 0044 80F84030 		strb	r3, [r0, #64]
 273              		.loc 1 231 5 discriminator 2 view .LVU89
 232:../03_Drivers/STM32L4xx_HAL_Driver/Src/stm32l4xx_hal_i2c_ex.c **** 
 233:../03_Drivers/STM32L4xx_HAL_Driver/Src/stm32l4xx_hal_i2c_ex.c ****     return HAL_OK;
 274              		.loc 1 233 5 discriminator 2 view .LVU90
 275              		.loc 1 233 12 is_stmt 0 discriminator 2 view .LVU91
 276 0048 1846     		mov	r0, r3
 277              	.LVL17:
 278              		.loc 1 233 12 discriminator 2 view .LVU92
 279 004a 7047     		bx	lr
 280              	.LVL18:
 281              	.L11:
 234:../03_Drivers/STM32L4xx_HAL_Driver/Src/stm32l4xx_hal_i2c_ex.c ****   }
 235:../03_Drivers/STM32L4xx_HAL_Driver/Src/stm32l4xx_hal_i2c_ex.c ****   else
ARM GAS  C:\Users\minde\AppData\Local\Temp\ccfjsy5L.s 			page 10


 236:../03_Drivers/STM32L4xx_HAL_Driver/Src/stm32l4xx_hal_i2c_ex.c ****   {
 237:../03_Drivers/STM32L4xx_HAL_Driver/Src/stm32l4xx_hal_i2c_ex.c ****     return HAL_BUSY;
 282              		.loc 1 237 12 view .LVU93
 283 004c 0220     		movs	r0, #2
 284              	.LVL19:
 285              		.loc 1 237 12 view .LVU94
 286 004e 7047     		bx	lr
 287              	.LVL20:
 288              	.L12:
 216:../03_Drivers/STM32L4xx_HAL_Driver/Src/stm32l4xx_hal_i2c_ex.c **** 
 289              		.loc 1 216 5 view .LVU95
 290 0050 0220     		movs	r0, #2
 291              	.LVL21:
 238:../03_Drivers/STM32L4xx_HAL_Driver/Src/stm32l4xx_hal_i2c_ex.c ****   }
 239:../03_Drivers/STM32L4xx_HAL_Driver/Src/stm32l4xx_hal_i2c_ex.c **** }
 292              		.loc 1 239 1 view .LVU96
 293 0052 7047     		bx	lr
 294              		.cfi_endproc
 295              	.LFE290:
 297              		.section	.text.HAL_I2CEx_DisableWakeUp,"ax",%progbits
 298              		.align	1
 299              		.global	HAL_I2CEx_DisableWakeUp
 300              		.syntax unified
 301              		.thumb
 302              		.thumb_func
 304              	HAL_I2CEx_DisableWakeUp:
 305              	.LVL22:
 306              	.LFB291:
 240:../03_Drivers/STM32L4xx_HAL_Driver/Src/stm32l4xx_hal_i2c_ex.c **** 
 241:../03_Drivers/STM32L4xx_HAL_Driver/Src/stm32l4xx_hal_i2c_ex.c **** /**
 242:../03_Drivers/STM32L4xx_HAL_Driver/Src/stm32l4xx_hal_i2c_ex.c ****   * @brief  Disable I2C wakeup from Stop mode(s).
 243:../03_Drivers/STM32L4xx_HAL_Driver/Src/stm32l4xx_hal_i2c_ex.c ****   * @param  hi2c Pointer to a I2C_HandleTypeDef structure that contains
 244:../03_Drivers/STM32L4xx_HAL_Driver/Src/stm32l4xx_hal_i2c_ex.c ****   *                the configuration information for the specified I2Cx peripheral.
 245:../03_Drivers/STM32L4xx_HAL_Driver/Src/stm32l4xx_hal_i2c_ex.c ****   * @retval HAL status
 246:../03_Drivers/STM32L4xx_HAL_Driver/Src/stm32l4xx_hal_i2c_ex.c ****   */
 247:../03_Drivers/STM32L4xx_HAL_Driver/Src/stm32l4xx_hal_i2c_ex.c **** HAL_StatusTypeDef HAL_I2CEx_DisableWakeUp(I2C_HandleTypeDef *hi2c)
 248:../03_Drivers/STM32L4xx_HAL_Driver/Src/stm32l4xx_hal_i2c_ex.c **** {
 307              		.loc 1 248 1 is_stmt 1 view -0
 308              		.cfi_startproc
 309              		@ args = 0, pretend = 0, frame = 0
 310              		@ frame_needed = 0, uses_anonymous_args = 0
 311              		@ link register save eliminated.
 249:../03_Drivers/STM32L4xx_HAL_Driver/Src/stm32l4xx_hal_i2c_ex.c ****   /* Check the parameters */
 250:../03_Drivers/STM32L4xx_HAL_Driver/Src/stm32l4xx_hal_i2c_ex.c ****   assert_param(IS_I2C_WAKEUP_FROMSTOP_INSTANCE(hi2c->Instance));
 312              		.loc 1 250 3 view .LVU98
 251:../03_Drivers/STM32L4xx_HAL_Driver/Src/stm32l4xx_hal_i2c_ex.c **** 
 252:../03_Drivers/STM32L4xx_HAL_Driver/Src/stm32l4xx_hal_i2c_ex.c ****   if (hi2c->State == HAL_I2C_STATE_READY)
 313              		.loc 1 252 3 view .LVU99
 314              		.loc 1 252 11 is_stmt 0 view .LVU100
 315 0000 90F84130 		ldrb	r3, [r0, #65]	@ zero_extendqisi2
 316 0004 DBB2     		uxtb	r3, r3
 317              		.loc 1 252 6 view .LVU101
 318 0006 202B     		cmp	r3, #32
 319 0008 20D1     		bne	.L15
 253:../03_Drivers/STM32L4xx_HAL_Driver/Src/stm32l4xx_hal_i2c_ex.c ****   {
 254:../03_Drivers/STM32L4xx_HAL_Driver/Src/stm32l4xx_hal_i2c_ex.c ****     /* Process Locked */
 255:../03_Drivers/STM32L4xx_HAL_Driver/Src/stm32l4xx_hal_i2c_ex.c ****     __HAL_LOCK(hi2c);
ARM GAS  C:\Users\minde\AppData\Local\Temp\ccfjsy5L.s 			page 11


 320              		.loc 1 255 5 is_stmt 1 view .LVU102
 321              		.loc 1 255 5 view .LVU103
 322 000a 90F84030 		ldrb	r3, [r0, #64]	@ zero_extendqisi2
 323 000e 012B     		cmp	r3, #1
 324 0010 1ED0     		beq	.L16
 325              		.loc 1 255 5 discriminator 2 view .LVU104
 326 0012 0123     		movs	r3, #1
 327 0014 80F84030 		strb	r3, [r0, #64]
 328              		.loc 1 255 5 discriminator 2 view .LVU105
 256:../03_Drivers/STM32L4xx_HAL_Driver/Src/stm32l4xx_hal_i2c_ex.c **** 
 257:../03_Drivers/STM32L4xx_HAL_Driver/Src/stm32l4xx_hal_i2c_ex.c ****     hi2c->State = HAL_I2C_STATE_BUSY;
 329              		.loc 1 257 5 discriminator 2 view .LVU106
 330              		.loc 1 257 17 is_stmt 0 discriminator 2 view .LVU107
 331 0018 2423     		movs	r3, #36
 332 001a 80F84130 		strb	r3, [r0, #65]
 258:../03_Drivers/STM32L4xx_HAL_Driver/Src/stm32l4xx_hal_i2c_ex.c **** 
 259:../03_Drivers/STM32L4xx_HAL_Driver/Src/stm32l4xx_hal_i2c_ex.c ****     /* Disable the selected I2C peripheral */
 260:../03_Drivers/STM32L4xx_HAL_Driver/Src/stm32l4xx_hal_i2c_ex.c ****     __HAL_I2C_DISABLE(hi2c);
 333              		.loc 1 260 5 is_stmt 1 discriminator 2 view .LVU108
 334 001e 0268     		ldr	r2, [r0]
 335 0020 1368     		ldr	r3, [r2]
 336 0022 23F00103 		bic	r3, r3, #1
 337 0026 1360     		str	r3, [r2]
 261:../03_Drivers/STM32L4xx_HAL_Driver/Src/stm32l4xx_hal_i2c_ex.c **** 
 262:../03_Drivers/STM32L4xx_HAL_Driver/Src/stm32l4xx_hal_i2c_ex.c ****     /* Enable wakeup from stop mode */
 263:../03_Drivers/STM32L4xx_HAL_Driver/Src/stm32l4xx_hal_i2c_ex.c ****     hi2c->Instance->CR1 &= ~(I2C_CR1_WUPEN);
 338              		.loc 1 263 5 discriminator 2 view .LVU109
 339              		.loc 1 263 9 is_stmt 0 discriminator 2 view .LVU110
 340 0028 0268     		ldr	r2, [r0]
 341              		.loc 1 263 25 discriminator 2 view .LVU111
 342 002a 1368     		ldr	r3, [r2]
 343 002c 23F48023 		bic	r3, r3, #262144
 344 0030 1360     		str	r3, [r2]
 264:../03_Drivers/STM32L4xx_HAL_Driver/Src/stm32l4xx_hal_i2c_ex.c **** 
 265:../03_Drivers/STM32L4xx_HAL_Driver/Src/stm32l4xx_hal_i2c_ex.c ****     __HAL_I2C_ENABLE(hi2c);
 345              		.loc 1 265 5 is_stmt 1 discriminator 2 view .LVU112
 346 0032 0268     		ldr	r2, [r0]
 347 0034 1368     		ldr	r3, [r2]
 348 0036 43F00103 		orr	r3, r3, #1
 349 003a 1360     		str	r3, [r2]
 266:../03_Drivers/STM32L4xx_HAL_Driver/Src/stm32l4xx_hal_i2c_ex.c **** 
 267:../03_Drivers/STM32L4xx_HAL_Driver/Src/stm32l4xx_hal_i2c_ex.c ****     hi2c->State = HAL_I2C_STATE_READY;
 350              		.loc 1 267 5 discriminator 2 view .LVU113
 351              		.loc 1 267 17 is_stmt 0 discriminator 2 view .LVU114
 352 003c 2023     		movs	r3, #32
 353 003e 80F84130 		strb	r3, [r0, #65]
 268:../03_Drivers/STM32L4xx_HAL_Driver/Src/stm32l4xx_hal_i2c_ex.c **** 
 269:../03_Drivers/STM32L4xx_HAL_Driver/Src/stm32l4xx_hal_i2c_ex.c ****     /* Process Unlocked */
 270:../03_Drivers/STM32L4xx_HAL_Driver/Src/stm32l4xx_hal_i2c_ex.c ****     __HAL_UNLOCK(hi2c);
 354              		.loc 1 270 5 is_stmt 1 discriminator 2 view .LVU115
 355              		.loc 1 270 5 discriminator 2 view .LVU116
 356 0042 0023     		movs	r3, #0
 357 0044 80F84030 		strb	r3, [r0, #64]
 358              		.loc 1 270 5 discriminator 2 view .LVU117
 271:../03_Drivers/STM32L4xx_HAL_Driver/Src/stm32l4xx_hal_i2c_ex.c **** 
 272:../03_Drivers/STM32L4xx_HAL_Driver/Src/stm32l4xx_hal_i2c_ex.c ****     return HAL_OK;
 359              		.loc 1 272 5 discriminator 2 view .LVU118
ARM GAS  C:\Users\minde\AppData\Local\Temp\ccfjsy5L.s 			page 12


 360              		.loc 1 272 12 is_stmt 0 discriminator 2 view .LVU119
 361 0048 1846     		mov	r0, r3
 362              	.LVL23:
 363              		.loc 1 272 12 discriminator 2 view .LVU120
 364 004a 7047     		bx	lr
 365              	.LVL24:
 366              	.L15:
 273:../03_Drivers/STM32L4xx_HAL_Driver/Src/stm32l4xx_hal_i2c_ex.c ****   }
 274:../03_Drivers/STM32L4xx_HAL_Driver/Src/stm32l4xx_hal_i2c_ex.c ****   else
 275:../03_Drivers/STM32L4xx_HAL_Driver/Src/stm32l4xx_hal_i2c_ex.c ****   {
 276:../03_Drivers/STM32L4xx_HAL_Driver/Src/stm32l4xx_hal_i2c_ex.c ****     return HAL_BUSY;
 367              		.loc 1 276 12 view .LVU121
 368 004c 0220     		movs	r0, #2
 369              	.LVL25:
 370              		.loc 1 276 12 view .LVU122
 371 004e 7047     		bx	lr
 372              	.LVL26:
 373              	.L16:
 255:../03_Drivers/STM32L4xx_HAL_Driver/Src/stm32l4xx_hal_i2c_ex.c **** 
 374              		.loc 1 255 5 view .LVU123
 375 0050 0220     		movs	r0, #2
 376              	.LVL27:
 277:../03_Drivers/STM32L4xx_HAL_Driver/Src/stm32l4xx_hal_i2c_ex.c ****   }
 278:../03_Drivers/STM32L4xx_HAL_Driver/Src/stm32l4xx_hal_i2c_ex.c **** }
 377              		.loc 1 278 1 view .LVU124
 378 0052 7047     		bx	lr
 379              		.cfi_endproc
 380              	.LFE291:
 382              		.section	.text.HAL_I2CEx_EnableFastModePlus,"ax",%progbits
 383              		.align	1
 384              		.global	HAL_I2CEx_EnableFastModePlus
 385              		.syntax unified
 386              		.thumb
 387              		.thumb_func
 389              	HAL_I2CEx_EnableFastModePlus:
 390              	.LVL28:
 391              	.LFB292:
 279:../03_Drivers/STM32L4xx_HAL_Driver/Src/stm32l4xx_hal_i2c_ex.c **** /**
 280:../03_Drivers/STM32L4xx_HAL_Driver/Src/stm32l4xx_hal_i2c_ex.c ****   * @}
 281:../03_Drivers/STM32L4xx_HAL_Driver/Src/stm32l4xx_hal_i2c_ex.c ****   */
 282:../03_Drivers/STM32L4xx_HAL_Driver/Src/stm32l4xx_hal_i2c_ex.c **** 
 283:../03_Drivers/STM32L4xx_HAL_Driver/Src/stm32l4xx_hal_i2c_ex.c **** /** @defgroup I2CEx_Exported_Functions_Group3 Fast Mode Plus Functions
 284:../03_Drivers/STM32L4xx_HAL_Driver/Src/stm32l4xx_hal_i2c_ex.c ****   * @brief    Fast Mode Plus Functions
 285:../03_Drivers/STM32L4xx_HAL_Driver/Src/stm32l4xx_hal_i2c_ex.c ****   *
 286:../03_Drivers/STM32L4xx_HAL_Driver/Src/stm32l4xx_hal_i2c_ex.c **** @verbatim
 287:../03_Drivers/STM32L4xx_HAL_Driver/Src/stm32l4xx_hal_i2c_ex.c ****  ===============================================================================
 288:../03_Drivers/STM32L4xx_HAL_Driver/Src/stm32l4xx_hal_i2c_ex.c ****                       ##### Fast Mode Plus Functions #####
 289:../03_Drivers/STM32L4xx_HAL_Driver/Src/stm32l4xx_hal_i2c_ex.c ****  ===============================================================================
 290:../03_Drivers/STM32L4xx_HAL_Driver/Src/stm32l4xx_hal_i2c_ex.c ****     [..] This section provides functions allowing to:
 291:../03_Drivers/STM32L4xx_HAL_Driver/Src/stm32l4xx_hal_i2c_ex.c ****       (+) Configure Fast Mode Plus
 292:../03_Drivers/STM32L4xx_HAL_Driver/Src/stm32l4xx_hal_i2c_ex.c **** 
 293:../03_Drivers/STM32L4xx_HAL_Driver/Src/stm32l4xx_hal_i2c_ex.c **** @endverbatim
 294:../03_Drivers/STM32L4xx_HAL_Driver/Src/stm32l4xx_hal_i2c_ex.c ****   * @{
 295:../03_Drivers/STM32L4xx_HAL_Driver/Src/stm32l4xx_hal_i2c_ex.c ****   */
 296:../03_Drivers/STM32L4xx_HAL_Driver/Src/stm32l4xx_hal_i2c_ex.c **** 
 297:../03_Drivers/STM32L4xx_HAL_Driver/Src/stm32l4xx_hal_i2c_ex.c **** /**
 298:../03_Drivers/STM32L4xx_HAL_Driver/Src/stm32l4xx_hal_i2c_ex.c ****   * @brief Enable the I2C fast mode plus driving capability.
ARM GAS  C:\Users\minde\AppData\Local\Temp\ccfjsy5L.s 			page 13


 299:../03_Drivers/STM32L4xx_HAL_Driver/Src/stm32l4xx_hal_i2c_ex.c ****   * @param ConfigFastModePlus Selects the pin.
 300:../03_Drivers/STM32L4xx_HAL_Driver/Src/stm32l4xx_hal_i2c_ex.c ****   *   This parameter can be one of the @ref I2CEx_FastModePlus values
 301:../03_Drivers/STM32L4xx_HAL_Driver/Src/stm32l4xx_hal_i2c_ex.c ****   * @note  For I2C1, fast mode plus driving capability can be enabled on all selected
 302:../03_Drivers/STM32L4xx_HAL_Driver/Src/stm32l4xx_hal_i2c_ex.c ****   *        I2C1 pins using I2C_FASTMODEPLUS_I2C1 parameter or independently
 303:../03_Drivers/STM32L4xx_HAL_Driver/Src/stm32l4xx_hal_i2c_ex.c ****   *        on each one of the following pins PB6, PB7, PB8 and PB9.
 304:../03_Drivers/STM32L4xx_HAL_Driver/Src/stm32l4xx_hal_i2c_ex.c ****   * @note  For remaining I2C1 pins (PA14, PA15...) fast mode plus driving capability
 305:../03_Drivers/STM32L4xx_HAL_Driver/Src/stm32l4xx_hal_i2c_ex.c ****   *        can be enabled only by using I2C_FASTMODEPLUS_I2C1 parameter.
 306:../03_Drivers/STM32L4xx_HAL_Driver/Src/stm32l4xx_hal_i2c_ex.c ****   * @note  For all I2C2 pins fast mode plus driving capability can be enabled
 307:../03_Drivers/STM32L4xx_HAL_Driver/Src/stm32l4xx_hal_i2c_ex.c ****   *        only by using I2C_FASTMODEPLUS_I2C2 parameter.
 308:../03_Drivers/STM32L4xx_HAL_Driver/Src/stm32l4xx_hal_i2c_ex.c ****   * @note  For all I2C3 pins fast mode plus driving capability can be enabled
 309:../03_Drivers/STM32L4xx_HAL_Driver/Src/stm32l4xx_hal_i2c_ex.c ****   *        only by using I2C_FASTMODEPLUS_I2C3 parameter.
 310:../03_Drivers/STM32L4xx_HAL_Driver/Src/stm32l4xx_hal_i2c_ex.c ****   * @note  For all I2C4 pins fast mode plus driving capability can be enabled
 311:../03_Drivers/STM32L4xx_HAL_Driver/Src/stm32l4xx_hal_i2c_ex.c ****   *        only by using I2C_FASTMODEPLUS_I2C4 parameter.
 312:../03_Drivers/STM32L4xx_HAL_Driver/Src/stm32l4xx_hal_i2c_ex.c ****   * @retval None
 313:../03_Drivers/STM32L4xx_HAL_Driver/Src/stm32l4xx_hal_i2c_ex.c ****   */
 314:../03_Drivers/STM32L4xx_HAL_Driver/Src/stm32l4xx_hal_i2c_ex.c **** void HAL_I2CEx_EnableFastModePlus(uint32_t ConfigFastModePlus)
 315:../03_Drivers/STM32L4xx_HAL_Driver/Src/stm32l4xx_hal_i2c_ex.c **** {
 392              		.loc 1 315 1 is_stmt 1 view -0
 393              		.cfi_startproc
 394              		@ args = 0, pretend = 0, frame = 8
 395              		@ frame_needed = 0, uses_anonymous_args = 0
 396              		@ link register save eliminated.
 397              		.loc 1 315 1 is_stmt 0 view .LVU126
 398 0000 82B0     		sub	sp, sp, #8
 399              	.LCFI0:
 400              		.cfi_def_cfa_offset 8
 316:../03_Drivers/STM32L4xx_HAL_Driver/Src/stm32l4xx_hal_i2c_ex.c ****   /* Check the parameter */
 317:../03_Drivers/STM32L4xx_HAL_Driver/Src/stm32l4xx_hal_i2c_ex.c ****   assert_param(IS_I2C_FASTMODEPLUS(ConfigFastModePlus));
 401              		.loc 1 317 3 is_stmt 1 view .LVU127
 318:../03_Drivers/STM32L4xx_HAL_Driver/Src/stm32l4xx_hal_i2c_ex.c **** 
 319:../03_Drivers/STM32L4xx_HAL_Driver/Src/stm32l4xx_hal_i2c_ex.c ****   /* Enable SYSCFG clock */
 320:../03_Drivers/STM32L4xx_HAL_Driver/Src/stm32l4xx_hal_i2c_ex.c ****   __HAL_RCC_SYSCFG_CLK_ENABLE();
 402              		.loc 1 320 3 view .LVU128
 403              	.LBB2:
 404              		.loc 1 320 3 view .LVU129
 405              		.loc 1 320 3 view .LVU130
 406 0002 084A     		ldr	r2, .L19
 407 0004 116E     		ldr	r1, [r2, #96]
 408 0006 41F00101 		orr	r1, r1, #1
 409 000a 1166     		str	r1, [r2, #96]
 410              		.loc 1 320 3 view .LVU131
 411 000c 126E     		ldr	r2, [r2, #96]
 412 000e 02F00102 		and	r2, r2, #1
 413 0012 0192     		str	r2, [sp, #4]
 414              		.loc 1 320 3 view .LVU132
 415 0014 019B     		ldr	r3, [sp, #4]
 416              	.LBE2:
 417              		.loc 1 320 3 view .LVU133
 321:../03_Drivers/STM32L4xx_HAL_Driver/Src/stm32l4xx_hal_i2c_ex.c **** 
 322:../03_Drivers/STM32L4xx_HAL_Driver/Src/stm32l4xx_hal_i2c_ex.c ****   /* Enable fast mode plus driving capability for selected pin */
 323:../03_Drivers/STM32L4xx_HAL_Driver/Src/stm32l4xx_hal_i2c_ex.c ****   SET_BIT(SYSCFG->CFGR1, (uint32_t)ConfigFastModePlus);
 418              		.loc 1 323 3 view .LVU134
 419 0016 044A     		ldr	r2, .L19+4
 420 0018 5368     		ldr	r3, [r2, #4]
 421 001a 0343     		orrs	r3, r3, r0
 422 001c 5360     		str	r3, [r2, #4]
 324:../03_Drivers/STM32L4xx_HAL_Driver/Src/stm32l4xx_hal_i2c_ex.c **** }
ARM GAS  C:\Users\minde\AppData\Local\Temp\ccfjsy5L.s 			page 14


 423              		.loc 1 324 1 is_stmt 0 view .LVU135
 424 001e 02B0     		add	sp, sp, #8
 425              	.LCFI1:
 426              		.cfi_def_cfa_offset 0
 427              		@ sp needed
 428 0020 7047     		bx	lr
 429              	.L20:
 430 0022 00BF     		.align	2
 431              	.L19:
 432 0024 00100240 		.word	1073876992
 433 0028 00000140 		.word	1073807360
 434              		.cfi_endproc
 435              	.LFE292:
 437              		.section	.text.HAL_I2CEx_DisableFastModePlus,"ax",%progbits
 438              		.align	1
 439              		.global	HAL_I2CEx_DisableFastModePlus
 440              		.syntax unified
 441              		.thumb
 442              		.thumb_func
 444              	HAL_I2CEx_DisableFastModePlus:
 445              	.LVL29:
 446              	.LFB293:
 325:../03_Drivers/STM32L4xx_HAL_Driver/Src/stm32l4xx_hal_i2c_ex.c **** 
 326:../03_Drivers/STM32L4xx_HAL_Driver/Src/stm32l4xx_hal_i2c_ex.c **** /**
 327:../03_Drivers/STM32L4xx_HAL_Driver/Src/stm32l4xx_hal_i2c_ex.c ****   * @brief Disable the I2C fast mode plus driving capability.
 328:../03_Drivers/STM32L4xx_HAL_Driver/Src/stm32l4xx_hal_i2c_ex.c ****   * @param ConfigFastModePlus Selects the pin.
 329:../03_Drivers/STM32L4xx_HAL_Driver/Src/stm32l4xx_hal_i2c_ex.c ****   *   This parameter can be one of the @ref I2CEx_FastModePlus values
 330:../03_Drivers/STM32L4xx_HAL_Driver/Src/stm32l4xx_hal_i2c_ex.c ****   * @note  For I2C1, fast mode plus driving capability can be disabled on all selected
 331:../03_Drivers/STM32L4xx_HAL_Driver/Src/stm32l4xx_hal_i2c_ex.c ****   *        I2C1 pins using I2C_FASTMODEPLUS_I2C1 parameter or independently
 332:../03_Drivers/STM32L4xx_HAL_Driver/Src/stm32l4xx_hal_i2c_ex.c ****   *        on each one of the following pins PB6, PB7, PB8 and PB9.
 333:../03_Drivers/STM32L4xx_HAL_Driver/Src/stm32l4xx_hal_i2c_ex.c ****   * @note  For remaining I2C1 pins (PA14, PA15...) fast mode plus driving capability
 334:../03_Drivers/STM32L4xx_HAL_Driver/Src/stm32l4xx_hal_i2c_ex.c ****   *        can be disabled only by using I2C_FASTMODEPLUS_I2C1 parameter.
 335:../03_Drivers/STM32L4xx_HAL_Driver/Src/stm32l4xx_hal_i2c_ex.c ****   * @note  For all I2C2 pins fast mode plus driving capability can be disabled
 336:../03_Drivers/STM32L4xx_HAL_Driver/Src/stm32l4xx_hal_i2c_ex.c ****   *        only by using I2C_FASTMODEPLUS_I2C2 parameter.
 337:../03_Drivers/STM32L4xx_HAL_Driver/Src/stm32l4xx_hal_i2c_ex.c ****   * @note  For all I2C3 pins fast mode plus driving capability can be disabled
 338:../03_Drivers/STM32L4xx_HAL_Driver/Src/stm32l4xx_hal_i2c_ex.c ****   *        only by using I2C_FASTMODEPLUS_I2C3 parameter.
 339:../03_Drivers/STM32L4xx_HAL_Driver/Src/stm32l4xx_hal_i2c_ex.c ****   * @note  For all I2C4 pins fast mode plus driving capability can be disabled
 340:../03_Drivers/STM32L4xx_HAL_Driver/Src/stm32l4xx_hal_i2c_ex.c ****   *        only by using I2C_FASTMODEPLUS_I2C4 parameter.
 341:../03_Drivers/STM32L4xx_HAL_Driver/Src/stm32l4xx_hal_i2c_ex.c ****   * @retval None
 342:../03_Drivers/STM32L4xx_HAL_Driver/Src/stm32l4xx_hal_i2c_ex.c ****   */
 343:../03_Drivers/STM32L4xx_HAL_Driver/Src/stm32l4xx_hal_i2c_ex.c **** void HAL_I2CEx_DisableFastModePlus(uint32_t ConfigFastModePlus)
 344:../03_Drivers/STM32L4xx_HAL_Driver/Src/stm32l4xx_hal_i2c_ex.c **** {
 447              		.loc 1 344 1 is_stmt 1 view -0
 448              		.cfi_startproc
 449              		@ args = 0, pretend = 0, frame = 8
 450              		@ frame_needed = 0, uses_anonymous_args = 0
 451              		@ link register save eliminated.
 452              		.loc 1 344 1 is_stmt 0 view .LVU137
 453 0000 82B0     		sub	sp, sp, #8
 454              	.LCFI2:
 455              		.cfi_def_cfa_offset 8
 345:../03_Drivers/STM32L4xx_HAL_Driver/Src/stm32l4xx_hal_i2c_ex.c ****   /* Check the parameter */
 346:../03_Drivers/STM32L4xx_HAL_Driver/Src/stm32l4xx_hal_i2c_ex.c ****   assert_param(IS_I2C_FASTMODEPLUS(ConfigFastModePlus));
 456              		.loc 1 346 3 is_stmt 1 view .LVU138
 347:../03_Drivers/STM32L4xx_HAL_Driver/Src/stm32l4xx_hal_i2c_ex.c **** 
 348:../03_Drivers/STM32L4xx_HAL_Driver/Src/stm32l4xx_hal_i2c_ex.c ****   /* Enable SYSCFG clock */
 349:../03_Drivers/STM32L4xx_HAL_Driver/Src/stm32l4xx_hal_i2c_ex.c ****   __HAL_RCC_SYSCFG_CLK_ENABLE();
ARM GAS  C:\Users\minde\AppData\Local\Temp\ccfjsy5L.s 			page 15


 457              		.loc 1 349 3 view .LVU139
 458              	.LBB3:
 459              		.loc 1 349 3 view .LVU140
 460              		.loc 1 349 3 view .LVU141
 461 0002 084A     		ldr	r2, .L23
 462 0004 116E     		ldr	r1, [r2, #96]
 463 0006 41F00101 		orr	r1, r1, #1
 464 000a 1166     		str	r1, [r2, #96]
 465              		.loc 1 349 3 view .LVU142
 466 000c 126E     		ldr	r2, [r2, #96]
 467 000e 02F00102 		and	r2, r2, #1
 468 0012 0192     		str	r2, [sp, #4]
 469              		.loc 1 349 3 view .LVU143
 470 0014 019B     		ldr	r3, [sp, #4]
 471              	.LBE3:
 472              		.loc 1 349 3 view .LVU144
 350:../03_Drivers/STM32L4xx_HAL_Driver/Src/stm32l4xx_hal_i2c_ex.c **** 
 351:../03_Drivers/STM32L4xx_HAL_Driver/Src/stm32l4xx_hal_i2c_ex.c ****   /* Disable fast mode plus driving capability for selected pin */
 352:../03_Drivers/STM32L4xx_HAL_Driver/Src/stm32l4xx_hal_i2c_ex.c ****   CLEAR_BIT(SYSCFG->CFGR1, (uint32_t)ConfigFastModePlus);
 473              		.loc 1 352 3 view .LVU145
 474 0016 044A     		ldr	r2, .L23+4
 475 0018 5368     		ldr	r3, [r2, #4]
 476 001a 23EA0003 		bic	r3, r3, r0
 477 001e 5360     		str	r3, [r2, #4]
 353:../03_Drivers/STM32L4xx_HAL_Driver/Src/stm32l4xx_hal_i2c_ex.c **** }
 478              		.loc 1 353 1 is_stmt 0 view .LVU146
 479 0020 02B0     		add	sp, sp, #8
 480              	.LCFI3:
 481              		.cfi_def_cfa_offset 0
 482              		@ sp needed
 483 0022 7047     		bx	lr
 484              	.L24:
 485              		.align	2
 486              	.L23:
 487 0024 00100240 		.word	1073876992
 488 0028 00000140 		.word	1073807360
 489              		.cfi_endproc
 490              	.LFE293:
 492              		.text
 493              	.Letext0:
 494              		.file 2 "c:\\gnuarm\\arm-none-eabi\\include\\machine\\_default_types.h"
 495              		.file 3 "c:\\gnuarm\\arm-none-eabi\\include\\sys\\_stdint.h"
 496              		.file 4 "../03_Drivers/CMSIS/Device/ST/STM32L4xx/Include/stm32l432xx.h"
 497              		.file 5 "../03_Drivers/STM32L4xx_HAL_Driver/Inc/stm32l4xx_hal_def.h"
 498              		.file 6 "../03_Drivers/STM32L4xx_HAL_Driver/Inc/stm32l4xx_hal_dma.h"
 499              		.file 7 "../03_Drivers/STM32L4xx_HAL_Driver/Inc/stm32l4xx_hal_i2c.h"
ARM GAS  C:\Users\minde\AppData\Local\Temp\ccfjsy5L.s 			page 16


DEFINED SYMBOLS
                            *ABS*:00000000 stm32l4xx_hal_i2c_ex.c
C:\Users\minde\AppData\Local\Temp\ccfjsy5L.s:20     .text.HAL_I2CEx_ConfigAnalogFilter:00000000 $t
C:\Users\minde\AppData\Local\Temp\ccfjsy5L.s:26     .text.HAL_I2CEx_ConfigAnalogFilter:00000000 HAL_I2CEx_ConfigAnalogFilter
C:\Users\minde\AppData\Local\Temp\ccfjsy5L.s:116    .text.HAL_I2CEx_ConfigDigitalFilter:00000000 $t
C:\Users\minde\AppData\Local\Temp\ccfjsy5L.s:122    .text.HAL_I2CEx_ConfigDigitalFilter:00000000 HAL_I2CEx_ConfigDigitalFilter
C:\Users\minde\AppData\Local\Temp\ccfjsy5L.s:213    .text.HAL_I2CEx_EnableWakeUp:00000000 $t
C:\Users\minde\AppData\Local\Temp\ccfjsy5L.s:219    .text.HAL_I2CEx_EnableWakeUp:00000000 HAL_I2CEx_EnableWakeUp
C:\Users\minde\AppData\Local\Temp\ccfjsy5L.s:298    .text.HAL_I2CEx_DisableWakeUp:00000000 $t
C:\Users\minde\AppData\Local\Temp\ccfjsy5L.s:304    .text.HAL_I2CEx_DisableWakeUp:00000000 HAL_I2CEx_DisableWakeUp
C:\Users\minde\AppData\Local\Temp\ccfjsy5L.s:383    .text.HAL_I2CEx_EnableFastModePlus:00000000 $t
C:\Users\minde\AppData\Local\Temp\ccfjsy5L.s:389    .text.HAL_I2CEx_EnableFastModePlus:00000000 HAL_I2CEx_EnableFastModePlus
C:\Users\minde\AppData\Local\Temp\ccfjsy5L.s:432    .text.HAL_I2CEx_EnableFastModePlus:00000024 $d
C:\Users\minde\AppData\Local\Temp\ccfjsy5L.s:438    .text.HAL_I2CEx_DisableFastModePlus:00000000 $t
C:\Users\minde\AppData\Local\Temp\ccfjsy5L.s:444    .text.HAL_I2CEx_DisableFastModePlus:00000000 HAL_I2CEx_DisableFastModePlus
C:\Users\minde\AppData\Local\Temp\ccfjsy5L.s:487    .text.HAL_I2CEx_DisableFastModePlus:00000024 $d

NO UNDEFINED SYMBOLS
