make.exe all --print-data-base --no-builtin-variables --no-builtin-rules --question
# GNU Make 3.81
# Copyright (C) 2006  Free Software Foundation, Inc.
# This is free software; see the source for copying conditions.
# There is NO warranty; not even for MERCHANTABILITY or FITNESS FOR A
# PARTICULAR PURPOSE.

# This program built for i386-pc-mingw32
 

# Make data base, printed on Fri Jul 01 09:48:29 2022

# Variables

# automatic
<D = $(patsubst %/,%,$(dir $<))
# automatic
?F = $(notdir $?)
# makefile
MAKEFLAGS = Rrqp
# environment
VSCODE_LOG_NATIVE = false
# automatic
?D = $(patsubst %/,%,$(dir $?))
# automatic
@D = $(patsubst %/,%,$(dir $@))
# environment
HOMEDRIVE = C:
# automatic
@F = $(notdir $@)
# automatic
^D = $(patsubst %/,%,$(dir $^))
# makefile
CURDIR := c:/Users/eakawit_kor/OneDrive - EASTWATER GROUP/Workspace/6_UUFirmware/UU005_UUTurbidity
 
# default
SHELL := sh.exe
# environment
WINDIR = C:\Windows
# environment
VSCODE_NLS_CONFIG = {"locale":"en-us","availableLanguages":{},"_languagePackSupport":true}
# environment
VBOX_MSI_INSTALL_PATH = C:\Program Files\Oracle\VirtualBox\
# environment
ONEDRIVE = C:\Users\eakawit_kor\OneDrive - EASTWATER GROUP
# environment
PATHEXT = .COM;.EXE;.BAT;.CMD;.VBS;.VBE;.JS;.JSE;.WSF;.WSH;.MSC;.PY;.PYW
# makefile
MAKEFILE_LIST := 
# environment
TMP = C:\Users\EAKAWI~1\AppData\Local\Temp
# environment
VSCODE_VERBOSE_LOGGING = true
# environment
PROGRAMW6432 = C:\Program Files
# environment
ONEDRIVECOMMERCIAL = C:\Users\eakawit_kor\OneDrive - EASTWATER GROUP
# environment
PROGRAMDATA = C:\ProgramData
# environment
VSCODE_IPC_HOOK_EXTHOST = \\.\pipe\vscode-ipc-dad3ff1b-7ad6-4297-80d5-44b0b7671ec0-sock
# environment
VSCODE_CWD = C:\Users\eakawit_kor\OneDrive - EASTWATER GROUP\Workspace\6_UUFirmware\UU005_UUTurbidity
# environment
PATH = C:\Program Files\Common Files\Oracle\Java\javapath;C:\Program Files\Python310\Scripts\;C:\Program Files\Python310\;C:\Windows\system32;C:\Windows;C:\Windows\System32\Wbem;C:\Windows\System32\WindowsPowerShell\v1.0\;C:\Windows\System32\OpenSSH\;C:\Program Files (x86)\Intel\Intel(R) Management Engine Components\DAL;C:\Program Files\Intel\Intel(R) Management Engine Components\DAL;C:\Program Files\Microsoft VS Code\bin;C:\Program Files\Microchip\xc8\v2.31\bin;C:\GnuWin32\bin;C:\Program Files\Microsoft SQL Server\120\Tools\Binn\;C:\Program Files\dotnet\;C:\MinGW\bin;C:\Program Files (x86)\Arm GNU Toolchain arm-none-eabi\11.2 2022.02\bin;C:\Users\eakawit_kor\AppData\Local\Microsoft\WindowsApps;C:\Users\eakawit_kor\AppData\Local\GitHubDesktop\bin
# environment
COMMONPROGRAMW6432 = C:\Program Files\Common Files
# environment
ZES_ENABLE_SYSMAN = 1
# environment
PROCESSOR_ARCHITECTURE = x86
# environment
USERPROFILE = C:\Users\eakawit_kor
# environment
ALLUSERSPROFILE = C:\ProgramData
# environment
VSCODE_LOG_STACK = false
# environment
NUMBER_OF_PROCESSORS = 8
# environment
ELECTRON_RUN_AS_NODE = 1
# 
 default
.FEATURES := target-specific order-only second-expansion else-if archives
# automatic
%F = $(notdir $%)
# environment
CHROME_CRASHPAD_PIPE_NAME = \\.\pipe\crashpad_15172_QURBEBIZQOSLTWPW
# environment
VSCODE_PIPE_LOGGING = true
# environment
COMPUTERNAME = UUNB6207-092
# environment
PROGRAMFILES = C:\Program Files (x86)
# environment
USERDNSDOMAIN = EASTWATER.ADINFRA
# environment
DRIVERDATA = C:\Windows\System32\Drivers\DriverData
# environment
ORIGINAL_XDG_CURRENT_DESKTOP = undefined
# environmen 
t
USERNAME = Eakawit_kor
# environment
PUBLIC = C:\Users\Public
# environment
VSCODE_AMD_ENTRYPOINT = vs/workbench/api/node/extensionHostProcess
# environment
VSCODE_CODE_CACHE_PATH = C:\Users\eakawit_kor\AppData\Roaming\Code\CachedData\da15b6fd3ef856477bf6f4fb29ba1b7af717770d
# environment
APPLICATION_INSIGHTS_NO_DIAGNOSTIC_CHANNEL = true
# environment
COMMONPROGRAMFILES = C:\Program Files (x86)\Common Files
# environment
LOGONSERVER = \\EWBKDC1
# environment
VSCODE_HANDLES_UNCAUGHT_ERRORS = true
# environ 
ment
USERDOMAIN = EASTERNWATER
# default
MAKE = $(MAKE_COMMAND)
# default
MAKECMDGOALS := all
# environment
OMP_NUM_THREADS = 8
# default
MAKE_VERSION := 3.81
# makefile
.DEFAULT_GOAL := 
# environment
PROGRAMFILES(X86) = C:\Program Files (x86)
# automatic
%D = $(patsubst %/,%,$(dir $%))
# environment
LOCALAPPDATA = C:\Users\eakawit_kor\AppData\Local
# environment
PSMODULEPATH = %ProgramFiles%\WindowsPowerShell\Modules;C:\Windows\system32\WindowsPowerShell\v1.0\Modules
# default
MAKE_COMMAND := make.exe
# environment
PROCESSOR_ARCHITEW6432 = AMD64
# default
.VARIABLES := 
# automatic
*F = $(notdir $*)
# environment
PROCESSOR_IDENTIFIER = Intel64 Family 6 Model 142 Stepping 10, GenuineIntel
# environment
OS = Windows_NT
# environment
VSCODE_IPC_HOOK = \\.\pipe\686e1d5fe5431ce57587e4d77c41f8dd-1.67.1-main-sock
# environment
HOMEPATH = \Users\eakawit_kor
# environment
COMMONPROGRAMFILES(X86) = C:\Program Files (x86)\Common Files
# environment
PROMPT = $P$G
# environment
MFLAGS = -Rrqp
# automatic
*D = $(patsubst 
 %/,%,$(dir $*))
# environment
SYSTEMROOT = C:\Windows
# automatic
+D = $(patsubst %/,%,$(dir $+))
# automatic
+F = $(notdir $+)
# environment
APPDATA = C:\Users\eakawit_kor\AppData\Roaming
# environment
TEMP = C:\Users\EAKAWI~1\AppData\Local\Temp
# environment
COMSPEC = C:\Windows\system32\cmd.exe
# default
MAKEFILES := 
# automatic
<F = $(notdir $<)
# environment
LC_ALL = C
# automatic
^F = $(notdir $^)
# default
SUFFIXES := 
# environment
SYSTEMDRIVE = C:
# environment
PROCESSOR_REVISION = 8e0a
# environment
MAKELEVEL := 0
# environment
LANG = C
# environment
PROCESSOR_LEVEL = 6
# environment
VSCODE_PID = 15172
# environment
USERDOMAIN_ROAMINGPROFILE = EASTERNWATER
# variable set hash-table stats:
# Load=90/1024=9%, Rehash=0, Collisions=10/107=9%

# Pattern-specific Variable Values

# No pattern-specific variable values.

# Directories

# C:\Program Files\Common Files\Oracle\Java\javapath (key C:/Program Files/Common Files/Oracle/Java/javapath, mtime 1654075677): 6 files, no impossibilities.
# C:\Windows\S 
ystem32\WindowsPowerShell\v1.0\ (key C:/Windows/System32/WindowsPowerShell/v1.0/, mtime 1622903042): 30 files, no impossibilities.
# C:\Windows\System32\Wbem (key C:/Windows/System32/Wbem, mtime 1653584325): 170 files, no impossibilities.
# . (key c:/Users/eakawit_kor/OneDrive - EASTWATER GROUP/Workspace/6_UUFirmware/UU005_UUTurbidity, mtime 1654488418): 9 files, no impossibilities.
# C:\Program Files\Microchip\xc8\v2.31\bin (key C:/Program Files/Microchip/xc8/v2.31/bin, mtime 1646116571): 11 files, no impo 
ssibilities.
# C:\Users\eakawit_kor\AppData\Local\GitHubDesktop\bin (key C:/Users/eakawit_kor/AppData/Local/GitHubDesktop/bin, mtime 1652737060): 4 files, no impossibilities.
# C:\Program Files\dotnet\ (key C:/Program Files/dotnet/, mtime 1653362066): 8 files, no impossibilities.
# C:\GnuWin32\bin (key C:/GnuWin32/bin, mtime 1646117843): 5 files, no impossibilities.
# C:\MinGW\bin (key C:/MinGW/bin, mtime 1646118811): 55 files, no impossibilities.
# C:\Users\eakawit_kor\AppData\Local\Microsoft\WindowsApps ( 
key C:/Users/eakawit_kor/AppData/Local/Microsoft/WindowsApps, mtime 1656047977): 20 files, no impossibilities.
# C:\Windows\System32\OpenSSH\: could not be stat'd.
# C:\Program Files\Python310\ (key C:/Program Files/Python310/, mtime 1652047872): 21 files, no impossibilities.
# C:\Program Files\Microsoft VS Code\bin (key C:/Program Files/Microsoft VS Code/bin, mtime 1652365915): 4 files, no impossibilities.
# C:\Program Files\Intel\Intel(R) Management Engine Components\DAL (key C:/Program Files/Intel/Intel(R) Management Engine Components/DAL, mtime 1644297898): 4 files, no impossibilities.
# C:\Windows (key C:/Windows, mtime 1653584433): 119 files, no impossibilities.
# C:\Program Files\Python310\Scripts\ (key C:/Program Files/Python310/Scripts/, mtime 1652047872): 5 files, no impossibilities.
# C:\Program Files (x86)\Arm GNU Toolchain arm-none-eabi\11.2 2022.02\bin (key C:/Program Files (x86)/Arm GNU Toolchain arm-none-eabi/11.2 2022.02/bin, mtime 1651075241): 33 files, no impossibilities.
# C:\Program Files 
\Microsoft SQL Server\120\Tools\Binn\ (key C:/Program Files/Microsoft SQL Server/120/Tools/Binn/, mtime 1647404819): 4 files, no impossibilities.
# C:\Windows\system32 (key C:/Windows/system32, mtime 1656608550): 2960 files, no impossibilities.
# C:\Program Files (x86)\Intel\Intel(R) Management Engine Components\DAL (key C:/Program Files (x86)/Intel/Intel(R) Management Engine Components/DAL, mtime 1644297898): 7 files, no impossibilities.

# 3475 files, no impossibilities in 20 directories.

# Implicit Rule 
s

# No implicit rules.

# Files

# Not a target:
all:
#  Command-line target.
#  Implicit rule search has been done.
#  File does not exist.
#  File has not been updated.
# variable set hash-table stats:
# Load=0/32=0%, Rehash=0, Collisions=0/0=0%

# Not a target:
.DEFAULT:
#  Implicit rule search has not been done.
#  Modification time never checked.
#  File has not been updated.

# Not a target:
makefile:
#  A default, MAKEFILES, or -include/sinclude makefile.
#  Implicit rule search has been done.
#  Fi 
le does not exist.
#  File has been updated.
#  Failed to be updated.
# variable set hash-table stats:
# Load=0/32=0%, Rehash=0, Collisions=0/0=0%

# Not a target:
.SUFFIXES:
#  Implicit rule search has not been done.
#  Modification time never checked.
#  File has not been updated.

# Not a target:
GNUmakefile:
#  A default, MAKEFILES, or -include/sinclude makefile.
#  Implicit rule search has been done.
#  File does not exist.
#  File has been updated.
#  Failed to be updated.
# variable set hash-table st 
make.exe: *** No rule to make target `all'.  Stop.

ats:
# Load=0/32=0%, Rehash=0, Collisions=0/0=0%

# files hash-table stats:
# Load=5/1024=0%, Rehash=0, Collisions=0/16=0%
# VPATH Search Paths

# No `vpath' search paths.

# No general (`VPATH' variable) search path.

# # of strings in strcache: 0
# # of strcache buffers: 0
# strcache size: total = 0 / max = 0 / min = 4096 / avg = 0
# strcache free: total = 0 / max = 0 / min = 4096 / avg = 0

# Finished Make data base on Fri Jul 01 09:48:29 2022

 
