ARM GAS  C:\Users\minde\AppData\Local\Temp\ccncrajo.s 			page 1


   1              		.cpu cortex-m4
   2              		.eabi_attribute 27, 1
   3              		.eabi_attribute 28, 1
   4              		.eabi_attribute 20, 1
   5              		.eabi_attribute 21, 1
   6              		.eabi_attribute 23, 3
   7              		.eabi_attribute 24, 1
   8              		.eabi_attribute 25, 1
   9              		.eabi_attribute 26, 1
  10              		.eabi_attribute 30, 1
  11              		.eabi_attribute 34, 1
  12              		.eabi_attribute 18, 4
  13              		.file	"adc.c"
  14              		.text
  15              	.Ltext0:
  16              		.cfi_sections	.debug_frame
  17              		.section	.text.MX_ADC1_Init,"ax",%progbits
  18              		.align	1
  19              		.global	MX_ADC1_Init
  20              		.arch armv7e-m
  21              		.syntax unified
  22              		.thumb
  23              		.thumb_func
  24              		.fpu fpv4-sp-d16
  26              	MX_ADC1_Init:
  27              	.LFB291:
  28              		.file 1 "../02_OS/Core_ADC/adc.c"
   1:../02_OS/Core_ADC/adc.c **** /**
   2:../02_OS/Core_ADC/adc.c ****   ******************************************************************************
   3:../02_OS/Core_ADC/adc.c ****   * @file    adc.c
   4:../02_OS/Core_ADC/adc.c ****   * @brief   This file provides code for the configuration
   5:../02_OS/Core_ADC/adc.c ****   *          of the ADC instances.
   6:../02_OS/Core_ADC/adc.c ****   ******************************************************************************
   7:../02_OS/Core_ADC/adc.c ****   * @attention
   8:../02_OS/Core_ADC/adc.c ****   *
   9:../02_OS/Core_ADC/adc.c ****   * <h2><center>&copy; Copyright (c) 2021 STMicroelectronics.
  10:../02_OS/Core_ADC/adc.c ****   * All rights reserved.</center></h2>
  11:../02_OS/Core_ADC/adc.c ****   *
  12:../02_OS/Core_ADC/adc.c ****   * This software component is licensed by ST under BSD 3-Clause license,
  13:../02_OS/Core_ADC/adc.c ****   * the "License"; You may not use this file except in compliance with the
  14:../02_OS/Core_ADC/adc.c ****   * License. You may obtain a copy of the License at:
  15:../02_OS/Core_ADC/adc.c ****   *                        opensource.org/licenses/BSD-3-Clause
  16:../02_OS/Core_ADC/adc.c ****   *
  17:../02_OS/Core_ADC/adc.c ****   ******************************************************************************
  18:../02_OS/Core_ADC/adc.c ****   */
  19:../02_OS/Core_ADC/adc.c **** 
  20:../02_OS/Core_ADC/adc.c **** /* Includes ------------------------------------------------------------------*/
  21:../02_OS/Core_ADC/adc.c **** #include "adc.h"
  22:../02_OS/Core_ADC/adc.c **** 
  23:../02_OS/Core_ADC/adc.c **** /* USER CODE BEGIN 0 */
  24:../02_OS/Core_ADC/adc.c **** 
  25:../02_OS/Core_ADC/adc.c **** /* USER CODE END 0 */
  26:../02_OS/Core_ADC/adc.c **** 
  27:../02_OS/Core_ADC/adc.c **** ADC_HandleTypeDef hadc1;
  28:../02_OS/Core_ADC/adc.c **** 
  29:../02_OS/Core_ADC/adc.c **** /* ADC1 init function */
  30:../02_OS/Core_ADC/adc.c **** void MX_ADC1_Init(void)
ARM GAS  C:\Users\minde\AppData\Local\Temp\ccncrajo.s 			page 2


  31:../02_OS/Core_ADC/adc.c **** {
  29              		.loc 1 31 1 view -0
  30              		.cfi_startproc
  31              		@ args = 0, pretend = 0, frame = 24
  32              		@ frame_needed = 0, uses_anonymous_args = 0
  33 0000 00B5     		push	{lr}
  34              	.LCFI0:
  35              		.cfi_def_cfa_offset 4
  36              		.cfi_offset 14, -4
  37 0002 87B0     		sub	sp, sp, #28
  38              	.LCFI1:
  39              		.cfi_def_cfa_offset 32
  32:../02_OS/Core_ADC/adc.c **** 
  33:../02_OS/Core_ADC/adc.c ****   /* USER CODE BEGIN ADC1_Init 0 */
  34:../02_OS/Core_ADC/adc.c **** 
  35:../02_OS/Core_ADC/adc.c ****   /* USER CODE END ADC1_Init 0 */
  36:../02_OS/Core_ADC/adc.c **** 
  37:../02_OS/Core_ADC/adc.c ****   ADC_ChannelConfTypeDef sConfig = {0};
  40              		.loc 1 37 3 view .LVU1
  41              		.loc 1 37 26 is_stmt 0 view .LVU2
  42 0004 0023     		movs	r3, #0
  43 0006 0093     		str	r3, [sp]
  44 0008 0193     		str	r3, [sp, #4]
  45 000a 0293     		str	r3, [sp, #8]
  46 000c 0393     		str	r3, [sp, #12]
  47 000e 0493     		str	r3, [sp, #16]
  48 0010 0593     		str	r3, [sp, #20]
  38:../02_OS/Core_ADC/adc.c **** 
  39:../02_OS/Core_ADC/adc.c ****   /* USER CODE BEGIN ADC1_Init 1 */
  40:../02_OS/Core_ADC/adc.c **** 
  41:../02_OS/Core_ADC/adc.c ****   /* USER CODE END ADC1_Init 1 */
  42:../02_OS/Core_ADC/adc.c ****   /** Common config
  43:../02_OS/Core_ADC/adc.c ****   */
  44:../02_OS/Core_ADC/adc.c ****   hadc1.Instance = ADC1;
  49              		.loc 1 44 3 is_stmt 1 view .LVU3
  50              		.loc 1 44 18 is_stmt 0 view .LVU4
  51 0012 1948     		ldr	r0, .L7
  52 0014 194A     		ldr	r2, .L7+4
  53 0016 0260     		str	r2, [r0]
  45:../02_OS/Core_ADC/adc.c ****   hadc1.Init.ClockPrescaler = ADC_CLOCK_ASYNC_DIV1;
  54              		.loc 1 45 3 is_stmt 1 view .LVU5
  55              		.loc 1 45 29 is_stmt 0 view .LVU6
  56 0018 4360     		str	r3, [r0, #4]
  46:../02_OS/Core_ADC/adc.c ****   hadc1.Init.Resolution = ADC_RESOLUTION_12B;
  57              		.loc 1 46 3 is_stmt 1 view .LVU7
  58              		.loc 1 46 25 is_stmt 0 view .LVU8
  59 001a 8360     		str	r3, [r0, #8]
  47:../02_OS/Core_ADC/adc.c ****   hadc1.Init.DataAlign = ADC_DATAALIGN_RIGHT;
  60              		.loc 1 47 3 is_stmt 1 view .LVU9
  61              		.loc 1 47 24 is_stmt 0 view .LVU10
  62 001c C360     		str	r3, [r0, #12]
  48:../02_OS/Core_ADC/adc.c ****   hadc1.Init.ScanConvMode = ADC_SCAN_DISABLE;
  63              		.loc 1 48 3 is_stmt 1 view .LVU11
  64              		.loc 1 48 27 is_stmt 0 view .LVU12
  65 001e 0361     		str	r3, [r0, #16]
  49:../02_OS/Core_ADC/adc.c ****   hadc1.Init.EOCSelection = ADC_EOC_SINGLE_CONV;
  66              		.loc 1 49 3 is_stmt 1 view .LVU13
ARM GAS  C:\Users\minde\AppData\Local\Temp\ccncrajo.s 			page 3


  67              		.loc 1 49 27 is_stmt 0 view .LVU14
  68 0020 0422     		movs	r2, #4
  69 0022 4261     		str	r2, [r0, #20]
  50:../02_OS/Core_ADC/adc.c ****   hadc1.Init.LowPowerAutoWait = DISABLE;
  70              		.loc 1 50 3 is_stmt 1 view .LVU15
  71              		.loc 1 50 31 is_stmt 0 view .LVU16
  72 0024 0376     		strb	r3, [r0, #24]
  51:../02_OS/Core_ADC/adc.c ****   hadc1.Init.ContinuousConvMode = DISABLE;
  73              		.loc 1 51 3 is_stmt 1 view .LVU17
  74              		.loc 1 51 33 is_stmt 0 view .LVU18
  75 0026 4376     		strb	r3, [r0, #25]
  52:../02_OS/Core_ADC/adc.c ****   hadc1.Init.NbrOfConversion = 1;
  76              		.loc 1 52 3 is_stmt 1 view .LVU19
  77              		.loc 1 52 30 is_stmt 0 view .LVU20
  78 0028 0122     		movs	r2, #1
  79 002a C261     		str	r2, [r0, #28]
  53:../02_OS/Core_ADC/adc.c ****   hadc1.Init.DiscontinuousConvMode = DISABLE;
  80              		.loc 1 53 3 is_stmt 1 view .LVU21
  81              		.loc 1 53 36 is_stmt 0 view .LVU22
  82 002c 80F82030 		strb	r3, [r0, #32]
  54:../02_OS/Core_ADC/adc.c ****   hadc1.Init.ExternalTrigConv = ADC_SOFTWARE_START;
  83              		.loc 1 54 3 is_stmt 1 view .LVU23
  84              		.loc 1 54 31 is_stmt 0 view .LVU24
  85 0030 8362     		str	r3, [r0, #40]
  55:../02_OS/Core_ADC/adc.c ****   hadc1.Init.ExternalTrigConvEdge = ADC_EXTERNALTRIGCONVEDGE_NONE;
  86              		.loc 1 55 3 is_stmt 1 view .LVU25
  87              		.loc 1 55 35 is_stmt 0 view .LVU26
  88 0032 C362     		str	r3, [r0, #44]
  56:../02_OS/Core_ADC/adc.c ****   hadc1.Init.DMAContinuousRequests = DISABLE;
  89              		.loc 1 56 3 is_stmt 1 view .LVU27
  90              		.loc 1 56 36 is_stmt 0 view .LVU28
  91 0034 80F83030 		strb	r3, [r0, #48]
  57:../02_OS/Core_ADC/adc.c ****   hadc1.Init.Overrun = ADC_OVR_DATA_PRESERVED;
  92              		.loc 1 57 3 is_stmt 1 view .LVU29
  93              		.loc 1 57 22 is_stmt 0 view .LVU30
  94 0038 4363     		str	r3, [r0, #52]
  58:../02_OS/Core_ADC/adc.c ****   hadc1.Init.OversamplingMode = DISABLE;
  95              		.loc 1 58 3 is_stmt 1 view .LVU31
  96              		.loc 1 58 31 is_stmt 0 view .LVU32
  97 003a 80F83830 		strb	r3, [r0, #56]
  59:../02_OS/Core_ADC/adc.c ****   if (HAL_ADC_Init(&hadc1) != HAL_OK)
  98              		.loc 1 59 3 is_stmt 1 view .LVU33
  99              		.loc 1 59 7 is_stmt 0 view .LVU34
 100 003e FFF7FEFF 		bl	HAL_ADC_Init
 101              	.LVL0:
 102              		.loc 1 59 6 view .LVU35
 103 0042 90B9     		cbnz	r0, .L5
 104              	.L2:
  60:../02_OS/Core_ADC/adc.c ****   {
  61:../02_OS/Core_ADC/adc.c ****     Error_Handler();
  62:../02_OS/Core_ADC/adc.c ****   }
  63:../02_OS/Core_ADC/adc.c ****   /** Configure Regular Channel
  64:../02_OS/Core_ADC/adc.c ****   */
  65:../02_OS/Core_ADC/adc.c ****   sConfig.Channel = ADC_CHANNEL_15;
 105              		.loc 1 65 3 is_stmt 1 view .LVU36
 106              		.loc 1 65 19 is_stmt 0 view .LVU37
 107 0044 0E4B     		ldr	r3, .L7+8
ARM GAS  C:\Users\minde\AppData\Local\Temp\ccncrajo.s 			page 4


 108 0046 0093     		str	r3, [sp]
  66:../02_OS/Core_ADC/adc.c ****   sConfig.Rank = ADC_REGULAR_RANK_1;
 109              		.loc 1 66 3 is_stmt 1 view .LVU38
 110              		.loc 1 66 16 is_stmt 0 view .LVU39
 111 0048 0623     		movs	r3, #6
 112 004a 0193     		str	r3, [sp, #4]
  67:../02_OS/Core_ADC/adc.c ****   sConfig.SamplingTime = ADC_SAMPLETIME_2CYCLES_5;
 113              		.loc 1 67 3 is_stmt 1 view .LVU40
 114              		.loc 1 67 24 is_stmt 0 view .LVU41
 115 004c 0023     		movs	r3, #0
 116 004e 0293     		str	r3, [sp, #8]
  68:../02_OS/Core_ADC/adc.c ****   sConfig.SingleDiff = ADC_SINGLE_ENDED;
 117              		.loc 1 68 3 is_stmt 1 view .LVU42
 118              		.loc 1 68 22 is_stmt 0 view .LVU43
 119 0050 7F22     		movs	r2, #127
 120 0052 0392     		str	r2, [sp, #12]
  69:../02_OS/Core_ADC/adc.c ****   sConfig.OffsetNumber = ADC_OFFSET_NONE;
 121              		.loc 1 69 3 is_stmt 1 view .LVU44
 122              		.loc 1 69 24 is_stmt 0 view .LVU45
 123 0054 0422     		movs	r2, #4
 124 0056 0492     		str	r2, [sp, #16]
  70:../02_OS/Core_ADC/adc.c ****   sConfig.Offset = 0;
 125              		.loc 1 70 3 is_stmt 1 view .LVU46
 126              		.loc 1 70 18 is_stmt 0 view .LVU47
 127 0058 0593     		str	r3, [sp, #20]
  71:../02_OS/Core_ADC/adc.c ****   if (HAL_ADC_ConfigChannel(&hadc1, &sConfig) != HAL_OK)
 128              		.loc 1 71 3 is_stmt 1 view .LVU48
 129              		.loc 1 71 7 is_stmt 0 view .LVU49
 130 005a 6946     		mov	r1, sp
 131 005c 0648     		ldr	r0, .L7
 132 005e FFF7FEFF 		bl	HAL_ADC_ConfigChannel
 133              	.LVL1:
 134              		.loc 1 71 6 view .LVU50
 135 0062 28B9     		cbnz	r0, .L6
 136              	.L1:
  72:../02_OS/Core_ADC/adc.c ****   {
  73:../02_OS/Core_ADC/adc.c ****     Error_Handler();
  74:../02_OS/Core_ADC/adc.c ****   }
  75:../02_OS/Core_ADC/adc.c ****   /* USER CODE BEGIN ADC1_Init 2 */
  76:../02_OS/Core_ADC/adc.c **** 
  77:../02_OS/Core_ADC/adc.c ****   /* USER CODE END ADC1_Init 2 */
  78:../02_OS/Core_ADC/adc.c **** 
  79:../02_OS/Core_ADC/adc.c **** }
 137              		.loc 1 79 1 view .LVU51
 138 0064 07B0     		add	sp, sp, #28
 139              	.LCFI2:
 140              		.cfi_remember_state
 141              		.cfi_def_cfa_offset 4
 142              		@ sp needed
 143 0066 5DF804FB 		ldr	pc, [sp], #4
 144              	.L5:
 145              	.LCFI3:
 146              		.cfi_restore_state
  61:../02_OS/Core_ADC/adc.c ****   }
 147              		.loc 1 61 5 is_stmt 1 view .LVU52
 148 006a FFF7FEFF 		bl	Error_Handler
 149              	.LVL2:
ARM GAS  C:\Users\minde\AppData\Local\Temp\ccncrajo.s 			page 5


 150 006e E9E7     		b	.L2
 151              	.L6:
  73:../02_OS/Core_ADC/adc.c ****   }
 152              		.loc 1 73 5 view .LVU53
 153 0070 FFF7FEFF 		bl	Error_Handler
 154              	.LVL3:
 155              		.loc 1 79 1 is_stmt 0 view .LVU54
 156 0074 F6E7     		b	.L1
 157              	.L8:
 158 0076 00BF     		.align	2
 159              	.L7:
 160 0078 00000000 		.word	.LANCHOR0
 161 007c 00000450 		.word	1342439424
 162 0080 0080F03E 		.word	1055948800
 163              		.cfi_endproc
 164              	.LFE291:
 166              		.section	.text.HAL_ADC_MspInit,"ax",%progbits
 167              		.align	1
 168              		.global	HAL_ADC_MspInit
 169              		.syntax unified
 170              		.thumb
 171              		.thumb_func
 172              		.fpu fpv4-sp-d16
 174              	HAL_ADC_MspInit:
 175              	.LVL4:
 176              	.LFB292:
  80:../02_OS/Core_ADC/adc.c **** 
  81:../02_OS/Core_ADC/adc.c **** void HAL_ADC_MspInit(ADC_HandleTypeDef* adcHandle)
  82:../02_OS/Core_ADC/adc.c **** {
 177              		.loc 1 82 1 is_stmt 1 view -0
 178              		.cfi_startproc
 179              		@ args = 0, pretend = 0, frame = 32
 180              		@ frame_needed = 0, uses_anonymous_args = 0
 181              		.loc 1 82 1 is_stmt 0 view .LVU56
 182 0000 00B5     		push	{lr}
 183              	.LCFI4:
 184              		.cfi_def_cfa_offset 4
 185              		.cfi_offset 14, -4
 186 0002 89B0     		sub	sp, sp, #36
 187              	.LCFI5:
 188              		.cfi_def_cfa_offset 40
  83:../02_OS/Core_ADC/adc.c **** 
  84:../02_OS/Core_ADC/adc.c ****   GPIO_InitTypeDef GPIO_InitStruct = {0};
 189              		.loc 1 84 3 is_stmt 1 view .LVU57
 190              		.loc 1 84 20 is_stmt 0 view .LVU58
 191 0004 0023     		movs	r3, #0
 192 0006 0393     		str	r3, [sp, #12]
 193 0008 0493     		str	r3, [sp, #16]
 194 000a 0593     		str	r3, [sp, #20]
 195 000c 0693     		str	r3, [sp, #24]
 196 000e 0793     		str	r3, [sp, #28]
  85:../02_OS/Core_ADC/adc.c ****   if(adcHandle->Instance==ADC1)
 197              		.loc 1 85 3 is_stmt 1 view .LVU59
 198              		.loc 1 85 15 is_stmt 0 view .LVU60
 199 0010 0268     		ldr	r2, [r0]
 200              		.loc 1 85 5 view .LVU61
 201 0012 124B     		ldr	r3, .L13
ARM GAS  C:\Users\minde\AppData\Local\Temp\ccncrajo.s 			page 6


 202 0014 9A42     		cmp	r2, r3
 203 0016 02D0     		beq	.L12
 204              	.LVL5:
 205              	.L9:
  86:../02_OS/Core_ADC/adc.c ****   {
  87:../02_OS/Core_ADC/adc.c ****   /* USER CODE BEGIN ADC1_MspInit 0 */
  88:../02_OS/Core_ADC/adc.c **** 
  89:../02_OS/Core_ADC/adc.c ****   /* USER CODE END ADC1_MspInit 0 */
  90:../02_OS/Core_ADC/adc.c ****     /* ADC1 clock enable */
  91:../02_OS/Core_ADC/adc.c ****     __HAL_RCC_ADC_CLK_ENABLE();
  92:../02_OS/Core_ADC/adc.c **** 
  93:../02_OS/Core_ADC/adc.c ****     __HAL_RCC_GPIOB_CLK_ENABLE();
  94:../02_OS/Core_ADC/adc.c ****     /**ADC1 GPIO Configuration
  95:../02_OS/Core_ADC/adc.c ****     PB0     ------> ADC1_IN15
  96:../02_OS/Core_ADC/adc.c ****     PB1     ------> ADC1_IN16
  97:../02_OS/Core_ADC/adc.c ****     */
  98:../02_OS/Core_ADC/adc.c ****     GPIO_InitStruct.Pin = MOD0_Pin|MOD1_Pin;
  99:../02_OS/Core_ADC/adc.c ****     GPIO_InitStruct.Mode = GPIO_MODE_ANALOG_ADC_CONTROL;
 100:../02_OS/Core_ADC/adc.c ****     GPIO_InitStruct.Pull = GPIO_NOPULL;
 101:../02_OS/Core_ADC/adc.c ****     HAL_GPIO_Init(GPIOB, &GPIO_InitStruct);
 102:../02_OS/Core_ADC/adc.c **** 
 103:../02_OS/Core_ADC/adc.c ****   /* USER CODE BEGIN ADC1_MspInit 1 */
 104:../02_OS/Core_ADC/adc.c **** 
 105:../02_OS/Core_ADC/adc.c ****   /* USER CODE END ADC1_MspInit 1 */
 106:../02_OS/Core_ADC/adc.c ****   }
 107:../02_OS/Core_ADC/adc.c **** }
 206              		.loc 1 107 1 view .LVU62
 207 0018 09B0     		add	sp, sp, #36
 208              	.LCFI6:
 209              		.cfi_remember_state
 210              		.cfi_def_cfa_offset 4
 211              		@ sp needed
 212 001a 5DF804FB 		ldr	pc, [sp], #4
 213              	.LVL6:
 214              	.L12:
 215              	.LCFI7:
 216              		.cfi_restore_state
  91:../02_OS/Core_ADC/adc.c **** 
 217              		.loc 1 91 5 is_stmt 1 view .LVU63
 218              	.LBB2:
  91:../02_OS/Core_ADC/adc.c **** 
 219              		.loc 1 91 5 view .LVU64
  91:../02_OS/Core_ADC/adc.c **** 
 220              		.loc 1 91 5 view .LVU65
 221 001e 03F17043 		add	r3, r3, #-268435456
 222 0022 A3F5F833 		sub	r3, r3, #126976
 223 0026 DA6C     		ldr	r2, [r3, #76]
 224 0028 42F40052 		orr	r2, r2, #8192
 225 002c DA64     		str	r2, [r3, #76]
  91:../02_OS/Core_ADC/adc.c **** 
 226              		.loc 1 91 5 view .LVU66
 227 002e DA6C     		ldr	r2, [r3, #76]
 228 0030 02F40052 		and	r2, r2, #8192
 229 0034 0192     		str	r2, [sp, #4]
  91:../02_OS/Core_ADC/adc.c **** 
 230              		.loc 1 91 5 view .LVU67
 231 0036 019A     		ldr	r2, [sp, #4]
ARM GAS  C:\Users\minde\AppData\Local\Temp\ccncrajo.s 			page 7


 232              	.LBE2:
  91:../02_OS/Core_ADC/adc.c **** 
 233              		.loc 1 91 5 view .LVU68
  93:../02_OS/Core_ADC/adc.c ****     /**ADC1 GPIO Configuration
 234              		.loc 1 93 5 view .LVU69
 235              	.LBB3:
  93:../02_OS/Core_ADC/adc.c ****     /**ADC1 GPIO Configuration
 236              		.loc 1 93 5 view .LVU70
  93:../02_OS/Core_ADC/adc.c ****     /**ADC1 GPIO Configuration
 237              		.loc 1 93 5 view .LVU71
 238 0038 DA6C     		ldr	r2, [r3, #76]
 239 003a 42F00202 		orr	r2, r2, #2
 240 003e DA64     		str	r2, [r3, #76]
  93:../02_OS/Core_ADC/adc.c ****     /**ADC1 GPIO Configuration
 241              		.loc 1 93 5 view .LVU72
 242 0040 DB6C     		ldr	r3, [r3, #76]
 243 0042 03F00203 		and	r3, r3, #2
 244 0046 0293     		str	r3, [sp, #8]
  93:../02_OS/Core_ADC/adc.c ****     /**ADC1 GPIO Configuration
 245              		.loc 1 93 5 view .LVU73
 246 0048 029B     		ldr	r3, [sp, #8]
 247              	.LBE3:
  93:../02_OS/Core_ADC/adc.c ****     /**ADC1 GPIO Configuration
 248              		.loc 1 93 5 view .LVU74
  98:../02_OS/Core_ADC/adc.c ****     GPIO_InitStruct.Mode = GPIO_MODE_ANALOG_ADC_CONTROL;
 249              		.loc 1 98 5 view .LVU75
  98:../02_OS/Core_ADC/adc.c ****     GPIO_InitStruct.Mode = GPIO_MODE_ANALOG_ADC_CONTROL;
 250              		.loc 1 98 25 is_stmt 0 view .LVU76
 251 004a 0323     		movs	r3, #3
 252 004c 0393     		str	r3, [sp, #12]
  99:../02_OS/Core_ADC/adc.c ****     GPIO_InitStruct.Pull = GPIO_NOPULL;
 253              		.loc 1 99 5 is_stmt 1 view .LVU77
  99:../02_OS/Core_ADC/adc.c ****     GPIO_InitStruct.Pull = GPIO_NOPULL;
 254              		.loc 1 99 26 is_stmt 0 view .LVU78
 255 004e 0B23     		movs	r3, #11
 256 0050 0493     		str	r3, [sp, #16]
 100:../02_OS/Core_ADC/adc.c ****     HAL_GPIO_Init(GPIOB, &GPIO_InitStruct);
 257              		.loc 1 100 5 is_stmt 1 view .LVU79
 101:../02_OS/Core_ADC/adc.c **** 
 258              		.loc 1 101 5 view .LVU80
 259 0052 03A9     		add	r1, sp, #12
 260 0054 0248     		ldr	r0, .L13+4
 261              	.LVL7:
 101:../02_OS/Core_ADC/adc.c **** 
 262              		.loc 1 101 5 is_stmt 0 view .LVU81
 263 0056 FFF7FEFF 		bl	HAL_GPIO_Init
 264              	.LVL8:
 265              		.loc 1 107 1 view .LVU82
 266 005a DDE7     		b	.L9
 267              	.L14:
 268              		.align	2
 269              	.L13:
 270 005c 00000450 		.word	1342439424
 271 0060 00040048 		.word	1207960576
 272              		.cfi_endproc
 273              	.LFE292:
 275              		.section	.text.HAL_ADC_MspDeInit,"ax",%progbits
ARM GAS  C:\Users\minde\AppData\Local\Temp\ccncrajo.s 			page 8


 276              		.align	1
 277              		.global	HAL_ADC_MspDeInit
 278              		.syntax unified
 279              		.thumb
 280              		.thumb_func
 281              		.fpu fpv4-sp-d16
 283              	HAL_ADC_MspDeInit:
 284              	.LVL9:
 285              	.LFB293:
 108:../02_OS/Core_ADC/adc.c **** 
 109:../02_OS/Core_ADC/adc.c **** void HAL_ADC_MspDeInit(ADC_HandleTypeDef* adcHandle)
 110:../02_OS/Core_ADC/adc.c **** {
 286              		.loc 1 110 1 is_stmt 1 view -0
 287              		.cfi_startproc
 288              		@ args = 0, pretend = 0, frame = 0
 289              		@ frame_needed = 0, uses_anonymous_args = 0
 290              		.loc 1 110 1 is_stmt 0 view .LVU84
 291 0000 08B5     		push	{r3, lr}
 292              	.LCFI8:
 293              		.cfi_def_cfa_offset 8
 294              		.cfi_offset 3, -8
 295              		.cfi_offset 14, -4
 111:../02_OS/Core_ADC/adc.c **** 
 112:../02_OS/Core_ADC/adc.c ****   if(adcHandle->Instance==ADC1)
 296              		.loc 1 112 3 is_stmt 1 view .LVU85
 297              		.loc 1 112 15 is_stmt 0 view .LVU86
 298 0002 0268     		ldr	r2, [r0]
 299              		.loc 1 112 5 view .LVU87
 300 0004 064B     		ldr	r3, .L19
 301 0006 9A42     		cmp	r2, r3
 302 0008 00D0     		beq	.L18
 303              	.LVL10:
 304              	.L15:
 113:../02_OS/Core_ADC/adc.c ****   {
 114:../02_OS/Core_ADC/adc.c ****   /* USER CODE BEGIN ADC1_MspDeInit 0 */
 115:../02_OS/Core_ADC/adc.c **** 
 116:../02_OS/Core_ADC/adc.c ****   /* USER CODE END ADC1_MspDeInit 0 */
 117:../02_OS/Core_ADC/adc.c ****     /* Peripheral clock disable */
 118:../02_OS/Core_ADC/adc.c ****     __HAL_RCC_ADC_CLK_DISABLE();
 119:../02_OS/Core_ADC/adc.c **** 
 120:../02_OS/Core_ADC/adc.c ****     /**ADC1 GPIO Configuration
 121:../02_OS/Core_ADC/adc.c ****     PB0     ------> ADC1_IN15
 122:../02_OS/Core_ADC/adc.c ****     PB1     ------> ADC1_IN16
 123:../02_OS/Core_ADC/adc.c ****     */
 124:../02_OS/Core_ADC/adc.c ****     HAL_GPIO_DeInit(GPIOB, MOD0_Pin|MOD1_Pin);
 125:../02_OS/Core_ADC/adc.c **** 
 126:../02_OS/Core_ADC/adc.c ****   /* USER CODE BEGIN ADC1_MspDeInit 1 */
 127:../02_OS/Core_ADC/adc.c **** 
 128:../02_OS/Core_ADC/adc.c ****   /* USER CODE END ADC1_MspDeInit 1 */
 129:../02_OS/Core_ADC/adc.c ****   }
 130:../02_OS/Core_ADC/adc.c **** }
 305              		.loc 1 130 1 view .LVU88
 306 000a 08BD     		pop	{r3, pc}
 307              	.LVL11:
 308              	.L18:
 118:../02_OS/Core_ADC/adc.c **** 
 309              		.loc 1 118 5 is_stmt 1 view .LVU89
ARM GAS  C:\Users\minde\AppData\Local\Temp\ccncrajo.s 			page 9


 310 000c 054A     		ldr	r2, .L19+4
 311 000e D36C     		ldr	r3, [r2, #76]
 312 0010 23F40053 		bic	r3, r3, #8192
 313 0014 D364     		str	r3, [r2, #76]
 124:../02_OS/Core_ADC/adc.c **** 
 314              		.loc 1 124 5 view .LVU90
 315 0016 0321     		movs	r1, #3
 316 0018 0348     		ldr	r0, .L19+8
 317              	.LVL12:
 124:../02_OS/Core_ADC/adc.c **** 
 318              		.loc 1 124 5 is_stmt 0 view .LVU91
 319 001a FFF7FEFF 		bl	HAL_GPIO_DeInit
 320              	.LVL13:
 321              		.loc 1 130 1 view .LVU92
 322 001e F4E7     		b	.L15
 323              	.L20:
 324              		.align	2
 325              	.L19:
 326 0020 00000450 		.word	1342439424
 327 0024 00100240 		.word	1073876992
 328 0028 00040048 		.word	1207960576
 329              		.cfi_endproc
 330              	.LFE293:
 332              		.global	hadc1
 333              		.section	.bss.hadc1,"aw",%nobits
 334              		.align	2
 335              		.set	.LANCHOR0,. + 0
 338              	hadc1:
 339 0000 00000000 		.space	100
 339      00000000 
 339      00000000 
 339      00000000 
 339      00000000 
 340              		.text
 341              	.Letext0:
 342              		.file 2 "c:\\gnu arm embedded toolchain\\10 2020-q4-major\\arm-none-eabi\\include\\machine\\_defau
 343              		.file 3 "c:\\gnu arm embedded toolchain\\10 2020-q4-major\\arm-none-eabi\\include\\sys\\_stdint.h"
 344              		.file 4 "../03_Drivers/CMSIS/Device/ST/STM32L4xx/Include/stm32l432xx.h"
 345              		.file 5 "../03_Drivers/CMSIS/Device/ST/STM32L4xx/Include/stm32l4xx.h"
 346              		.file 6 "../03_Drivers/STM32L4xx_HAL_Driver/Inc/stm32l4xx_hal_def.h"
 347              		.file 7 "../03_Drivers/STM32L4xx_HAL_Driver/Inc/stm32l4xx_hal_gpio.h"
 348              		.file 8 "../03_Drivers/STM32L4xx_HAL_Driver/Inc/stm32l4xx_hal_dma.h"
 349              		.file 9 "../03_Drivers/STM32L4xx_HAL_Driver/Inc/stm32l4xx_hal_adc.h"
 350              		.file 10 "../01_Appl/APPL_Main/main.h"
 351              		.file 11 "../02_OS/Core_ADC/adc.h"
ARM GAS  C:\Users\minde\AppData\Local\Temp\ccncrajo.s 			page 10


DEFINED SYMBOLS
                            *ABS*:00000000 adc.c
C:\Users\minde\AppData\Local\Temp\ccncrajo.s:18     .text.MX_ADC1_Init:00000000 $t
C:\Users\minde\AppData\Local\Temp\ccncrajo.s:26     .text.MX_ADC1_Init:00000000 MX_ADC1_Init
C:\Users\minde\AppData\Local\Temp\ccncrajo.s:160    .text.MX_ADC1_Init:00000078 $d
C:\Users\minde\AppData\Local\Temp\ccncrajo.s:167    .text.HAL_ADC_MspInit:00000000 $t
C:\Users\minde\AppData\Local\Temp\ccncrajo.s:174    .text.HAL_ADC_MspInit:00000000 HAL_ADC_MspInit
C:\Users\minde\AppData\Local\Temp\ccncrajo.s:270    .text.HAL_ADC_MspInit:0000005c $d
C:\Users\minde\AppData\Local\Temp\ccncrajo.s:276    .text.HAL_ADC_MspDeInit:00000000 $t
C:\Users\minde\AppData\Local\Temp\ccncrajo.s:283    .text.HAL_ADC_MspDeInit:00000000 HAL_ADC_MspDeInit
C:\Users\minde\AppData\Local\Temp\ccncrajo.s:326    .text.HAL_ADC_MspDeInit:00000020 $d
C:\Users\minde\AppData\Local\Temp\ccncrajo.s:338    .bss.hadc1:00000000 hadc1
C:\Users\minde\AppData\Local\Temp\ccncrajo.s:334    .bss.hadc1:00000000 $d

UNDEFINED SYMBOLS
HAL_ADC_Init
HAL_ADC_ConfigChannel
Error_Handler
HAL_GPIO_Init
HAL_GPIO_DeInit
