ARM GAS  C:\Users\minde\AppData\Local\Temp\cc6dS50Y.s 			page 1


   1              		.cpu cortex-m4
   2              		.eabi_attribute 27, 1
   3              		.eabi_attribute 28, 1
   4              		.eabi_attribute 20, 1
   5              		.eabi_attribute 21, 1
   6              		.eabi_attribute 23, 3
   7              		.eabi_attribute 24, 1
   8              		.eabi_attribute 25, 1
   9              		.eabi_attribute 26, 1
  10              		.eabi_attribute 30, 1
  11              		.eabi_attribute 34, 1
  12              		.eabi_attribute 18, 4
  13              		.file	"APPL_DAC80502.c"
  14              		.text
  15              	.Ltext0:
  16              		.cfi_sections	.debug_frame
  17              		.section	.text.APPL_DAC80502_init,"ax",%progbits
  18              		.align	1
  19              		.global	APPL_DAC80502_init
  20              		.arch armv7e-m
  21              		.syntax unified
  22              		.thumb
  23              		.thumb_func
  24              		.fpu fpv4-sp-d16
  26              	APPL_DAC80502_init:
  27              	.LFB291:
  28              		.file 1 "../01_Appl/APPL_DAC80502/APPL_DAC80502.c"
   1:../01_Appl/APPL_DAC80502/APPL_DAC80502.c **** /*
   2:../01_Appl/APPL_DAC80502/APPL_DAC80502.c ****  * APPL_DAC80502.c
   3:../01_Appl/APPL_DAC80502/APPL_DAC80502.c ****  *
   4:../01_Appl/APPL_DAC80502/APPL_DAC80502.c ****  *  Created on: Oct 18, 2021
   5:../01_Appl/APPL_DAC80502/APPL_DAC80502.c ****  *      Author: Eakawit
   6:../01_Appl/APPL_DAC80502/APPL_DAC80502.c ****  *      Email: mindek30@gmail.com
   7:../01_Appl/APPL_DAC80502/APPL_DAC80502.c ****  *
   8:../01_Appl/APPL_DAC80502/APPL_DAC80502.c ****  */
   9:../01_Appl/APPL_DAC80502/APPL_DAC80502.c **** 
  10:../01_Appl/APPL_DAC80502/APPL_DAC80502.c **** #include "main.h"
  11:../01_Appl/APPL_DAC80502/APPL_DAC80502.c **** 
  12:../01_Appl/APPL_DAC80502/APPL_DAC80502.c **** void APPL_DAC80502_init(void);
  13:../01_Appl/APPL_DAC80502/APPL_DAC80502.c **** HAL_StatusTypeDef APPL_DAC80502_write(uint8_t regAddr, uint16_t data);
  14:../01_Appl/APPL_DAC80502/APPL_DAC80502.c **** 
  15:../01_Appl/APPL_DAC80502/APPL_DAC80502.c **** /*******************************************************************************
  16:../01_Appl/APPL_DAC80502/APPL_DAC80502.c ****  * Function: APPL_DAC80502_init
  17:../01_Appl/APPL_DAC80502/APPL_DAC80502.c ****  *
  18:../01_Appl/APPL_DAC80502/APPL_DAC80502.c ****  * Parameters:      -
  19:../01_Appl/APPL_DAC80502/APPL_DAC80502.c ****  * Returned value:  -
  20:../01_Appl/APPL_DAC80502/APPL_DAC80502.c ****  *
  21:../01_Appl/APPL_DAC80502/APPL_DAC80502.c ****  * Description:
  22:../01_Appl/APPL_DAC80502/APPL_DAC80502.c ****  *
  23:../01_Appl/APPL_DAC80502/APPL_DAC80502.c ****  * Calling:
  24:../01_Appl/APPL_DAC80502/APPL_DAC80502.c ****  ******************************************************************************/
  25:../01_Appl/APPL_DAC80502/APPL_DAC80502.c **** void APPL_DAC80502_init(void)
  26:../01_Appl/APPL_DAC80502/APPL_DAC80502.c **** {
  29              		.loc 1 26 1 view -0
  30              		.cfi_startproc
  31              		@ args = 0, pretend = 0, frame = 0
  32              		@ frame_needed = 0, uses_anonymous_args = 0
ARM GAS  C:\Users\minde\AppData\Local\Temp\cc6dS50Y.s 			page 2


  33              		@ link register save eliminated.
  27:../01_Appl/APPL_DAC80502/APPL_DAC80502.c **** 
  28:../01_Appl/APPL_DAC80502/APPL_DAC80502.c **** }
  34              		.loc 1 28 1 view .LVU1
  35 0000 7047     		bx	lr
  36              		.cfi_endproc
  37              	.LFE291:
  39              		.section	.rodata.APPL_DAC80502_write.str1.4,"aMS",%progbits,1
  40              		.align	2
  41              	.LC0:
  42 0000 53656E64 		.ascii	"Send = %02X,%02X,%02X\015\012\000"
  42      203D2025 
  42      3032582C 
  42      25303258 
  42      2C253032 
  43              		.section	.text.APPL_DAC80502_write,"ax",%progbits
  44              		.align	1
  45              		.global	APPL_DAC80502_write
  46              		.syntax unified
  47              		.thumb
  48              		.thumb_func
  49              		.fpu fpv4-sp-d16
  51              	APPL_DAC80502_write:
  52              	.LVL0:
  53              	.LFB292:
  29:../01_Appl/APPL_DAC80502/APPL_DAC80502.c **** 
  30:../01_Appl/APPL_DAC80502/APPL_DAC80502.c **** HAL_StatusTypeDef APPL_DAC80502_write(uint8_t regAddr, uint16_t data)
  31:../01_Appl/APPL_DAC80502/APPL_DAC80502.c **** {
  54              		.loc 1 31 1 view -0
  55              		.cfi_startproc
  56              		@ args = 0, pretend = 0, frame = 8
  57              		@ frame_needed = 0, uses_anonymous_args = 0
  58              		.loc 1 31 1 is_stmt 0 view .LVU3
  59 0000 00B5     		push	{lr}
  60              	.LCFI0:
  61              		.cfi_def_cfa_offset 4
  62              		.cfi_offset 14, -4
  63 0002 85B0     		sub	sp, sp, #20
  64              	.LCFI1:
  65              		.cfi_def_cfa_offset 24
  32:../01_Appl/APPL_DAC80502/APPL_DAC80502.c ****   HAL_StatusTypeDef ret;
  66              		.loc 1 32 3 is_stmt 1 view .LVU4
  33:../01_Appl/APPL_DAC80502/APPL_DAC80502.c ****   Bit16ToBit8_t temp;
  67              		.loc 1 33 3 view .LVU5
  34:../01_Appl/APPL_DAC80502/APPL_DAC80502.c ****   uint8_t send[3];
  68              		.loc 1 34 3 view .LVU6
  35:../01_Appl/APPL_DAC80502/APPL_DAC80502.c ****   temp.REG = data;
  69              		.loc 1 35 3 view .LVU7
  36:../01_Appl/APPL_DAC80502/APPL_DAC80502.c ****   send[0] = regAddr;
  70              		.loc 1 36 3 view .LVU8
  71              		.loc 1 36 11 is_stmt 0 view .LVU9
  72 0004 8DF80C00 		strb	r0, [sp, #12]
  37:../01_Appl/APPL_DAC80502/APPL_DAC80502.c ****   send[1] = temp.HREG;
  73              		.loc 1 37 3 is_stmt 1 view .LVU10
  74 0008 C1F30723 		ubfx	r3, r1, #8, #8
  75              		.loc 1 37 11 is_stmt 0 view .LVU11
  76 000c 8DF80D30 		strb	r3, [sp, #13]
ARM GAS  C:\Users\minde\AppData\Local\Temp\cc6dS50Y.s 			page 3


  38:../01_Appl/APPL_DAC80502/APPL_DAC80502.c ****   send[2] = temp.LREG;
  77              		.loc 1 38 3 is_stmt 1 view .LVU12
  78 0010 CBB2     		uxtb	r3, r1
  79              		.loc 1 38 11 is_stmt 0 view .LVU13
  80 0012 8DF80E30 		strb	r3, [sp, #14]
  39:../01_Appl/APPL_DAC80502/APPL_DAC80502.c ****   APPL_CMD_printf("Send = %02X,%02X,%02X\r\n", send[0], send[1], send[2]);
  81              		.loc 1 39 3 is_stmt 1 view .LVU14
  82 0016 0A0A     		lsrs	r2, r1, #8
  83 0018 0146     		mov	r1, r0
  84              	.LVL1:
  85              		.loc 1 39 3 is_stmt 0 view .LVU15
  86 001a 0748     		ldr	r0, .L4
  87              	.LVL2:
  88              		.loc 1 39 3 view .LVU16
  89 001c FFF7FEFF 		bl	APPL_CMD_printf
  90              	.LVL3:
  40:../01_Appl/APPL_DAC80502/APPL_DAC80502.c ****   ret = HAL_I2C_Master_Transmit(&hi2c1, APPL_DAC80502_ADD, send, 3, 100);
  91              		.loc 1 40 3 is_stmt 1 view .LVU17
  92              		.loc 1 40 9 is_stmt 0 view .LVU18
  93 0020 6423     		movs	r3, #100
  94 0022 0093     		str	r3, [sp]
  95 0024 0323     		movs	r3, #3
  96 0026 03AA     		add	r2, sp, #12
  97 0028 9221     		movs	r1, #146
  98 002a 0448     		ldr	r0, .L4+4
  99 002c FFF7FEFF 		bl	HAL_I2C_Master_Transmit
 100              	.LVL4:
  41:../01_Appl/APPL_DAC80502/APPL_DAC80502.c ****   return ret;
 101              		.loc 1 41 3 is_stmt 1 view .LVU19
  42:../01_Appl/APPL_DAC80502/APPL_DAC80502.c **** }
 102              		.loc 1 42 1 is_stmt 0 view .LVU20
 103 0030 05B0     		add	sp, sp, #20
 104              	.LCFI2:
 105              		.cfi_def_cfa_offset 4
 106              		@ sp needed
 107 0032 5DF804FB 		ldr	pc, [sp], #4
 108              	.L5:
 109 0036 00BF     		.align	2
 110              	.L4:
 111 0038 00000000 		.word	.LC0
 112 003c 00000000 		.word	hi2c1
 113              		.cfi_endproc
 114              	.LFE292:
 116              		.text
 117              	.Letext0:
 118              		.file 2 "c:\\gnu arm embedded toolchain\\10 2020-q4-major\\arm-none-eabi\\include\\machine\\_defau
 119              		.file 3 "c:\\gnu arm embedded toolchain\\10 2020-q4-major\\arm-none-eabi\\include\\sys\\_stdint.h"
 120              		.file 4 "../03_Drivers/CMSIS/Device/ST/STM32L4xx/Include/stm32l432xx.h"
 121              		.file 5 "../03_Drivers/STM32L4xx_HAL_Driver/Inc/stm32l4xx_hal_def.h"
 122              		.file 6 "../03_Drivers/STM32L4xx_HAL_Driver/Inc/stm32l4xx_hal_dma.h"
 123              		.file 7 "../03_Drivers/STM32L4xx_HAL_Driver/Inc/stm32l4xx_hal_i2c.h"
 124              		.file 8 "../02_OS/EKM_Modbus/EKM_Modbus.h"
 125              		.file 9 "../01_Appl/APPL_CMD/Appl_CMD.h"
 126              		.file 10 "../02_OS/Core_I2C/i2c.h"
ARM GAS  C:\Users\minde\AppData\Local\Temp\cc6dS50Y.s 			page 4


DEFINED SYMBOLS
                            *ABS*:00000000 APPL_DAC80502.c
C:\Users\minde\AppData\Local\Temp\cc6dS50Y.s:18     .text.APPL_DAC80502_init:00000000 $t
C:\Users\minde\AppData\Local\Temp\cc6dS50Y.s:26     .text.APPL_DAC80502_init:00000000 APPL_DAC80502_init
C:\Users\minde\AppData\Local\Temp\cc6dS50Y.s:40     .rodata.APPL_DAC80502_write.str1.4:00000000 $d
C:\Users\minde\AppData\Local\Temp\cc6dS50Y.s:44     .text.APPL_DAC80502_write:00000000 $t
C:\Users\minde\AppData\Local\Temp\cc6dS50Y.s:51     .text.APPL_DAC80502_write:00000000 APPL_DAC80502_write
C:\Users\minde\AppData\Local\Temp\cc6dS50Y.s:111    .text.APPL_DAC80502_write:00000038 $d

UNDEFINED SYMBOLS
APPL_CMD_printf
HAL_I2C_Master_Transmit
hi2c1
