ARM GAS  C:\Users\minde\AppData\Local\Temp\cca17BWN.s 			page 1


   1              		.cpu cortex-m4
   2              		.eabi_attribute 27, 1
   3              		.eabi_attribute 28, 1
   4              		.eabi_attribute 20, 1
   5              		.eabi_attribute 21, 1
   6              		.eabi_attribute 23, 3
   7              		.eabi_attribute 24, 1
   8              		.eabi_attribute 25, 1
   9              		.eabi_attribute 26, 1
  10              		.eabi_attribute 30, 1
  11              		.eabi_attribute 34, 1
  12              		.eabi_attribute 18, 4
  13              		.file	"i2c.c"
  14              		.text
  15              	.Ltext0:
  16              		.cfi_sections	.debug_frame
  17              		.section	.text.MX_I2C1_Init,"ax",%progbits
  18              		.align	1
  19              		.global	MX_I2C1_Init
  20              		.arch armv7e-m
  21              		.syntax unified
  22              		.thumb
  23              		.thumb_func
  24              		.fpu fpv4-sp-d16
  26              	MX_I2C1_Init:
  27              	.LFB291:
  28              		.file 1 "../02_OS/Core_I2C/i2c.c"
   1:../02_OS/Core_I2C/i2c.c **** /**
   2:../02_OS/Core_I2C/i2c.c ****   ******************************************************************************
   3:../02_OS/Core_I2C/i2c.c ****   * @file    i2c.c
   4:../02_OS/Core_I2C/i2c.c ****   * @brief   This file provides code for the configuration
   5:../02_OS/Core_I2C/i2c.c ****   *          of the I2C instances.
   6:../02_OS/Core_I2C/i2c.c ****   ******************************************************************************
   7:../02_OS/Core_I2C/i2c.c ****   * @attention
   8:../02_OS/Core_I2C/i2c.c ****   *
   9:../02_OS/Core_I2C/i2c.c ****   * <h2><center>&copy; Copyright (c) 2021 STMicroelectronics.
  10:../02_OS/Core_I2C/i2c.c ****   * All rights reserved.</center></h2>
  11:../02_OS/Core_I2C/i2c.c ****   *
  12:../02_OS/Core_I2C/i2c.c ****   * This software component is licensed by ST under BSD 3-Clause license,
  13:../02_OS/Core_I2C/i2c.c ****   * the "License"; You may not use this file except in compliance with the
  14:../02_OS/Core_I2C/i2c.c ****   * License. You may obtain a copy of the License at:
  15:../02_OS/Core_I2C/i2c.c ****   *                        opensource.org/licenses/BSD-3-Clause
  16:../02_OS/Core_I2C/i2c.c ****   *
  17:../02_OS/Core_I2C/i2c.c ****   ******************************************************************************
  18:../02_OS/Core_I2C/i2c.c ****   */
  19:../02_OS/Core_I2C/i2c.c **** 
  20:../02_OS/Core_I2C/i2c.c **** /* Includes ------------------------------------------------------------------*/
  21:../02_OS/Core_I2C/i2c.c **** #include "i2c.h"
  22:../02_OS/Core_I2C/i2c.c **** 
  23:../02_OS/Core_I2C/i2c.c **** /* USER CODE BEGIN 0 */
  24:../02_OS/Core_I2C/i2c.c **** 
  25:../02_OS/Core_I2C/i2c.c **** /* USER CODE END 0 */
  26:../02_OS/Core_I2C/i2c.c **** 
  27:../02_OS/Core_I2C/i2c.c **** I2C_HandleTypeDef hi2c1;
  28:../02_OS/Core_I2C/i2c.c **** 
  29:../02_OS/Core_I2C/i2c.c **** /* I2C1 init function */
  30:../02_OS/Core_I2C/i2c.c **** void MX_I2C1_Init(void)
ARM GAS  C:\Users\minde\AppData\Local\Temp\cca17BWN.s 			page 2


  31:../02_OS/Core_I2C/i2c.c **** {
  29              		.loc 1 31 1 view -0
  30              		.cfi_startproc
  31              		@ args = 0, pretend = 0, frame = 0
  32              		@ frame_needed = 0, uses_anonymous_args = 0
  33 0000 08B5     		push	{r3, lr}
  34              	.LCFI0:
  35              		.cfi_def_cfa_offset 8
  36              		.cfi_offset 3, -8
  37              		.cfi_offset 14, -4
  32:../02_OS/Core_I2C/i2c.c **** 
  33:../02_OS/Core_I2C/i2c.c ****   /* USER CODE BEGIN I2C1_Init 0 */
  34:../02_OS/Core_I2C/i2c.c **** 
  35:../02_OS/Core_I2C/i2c.c ****   /* USER CODE END I2C1_Init 0 */
  36:../02_OS/Core_I2C/i2c.c **** 
  37:../02_OS/Core_I2C/i2c.c ****   /* USER CODE BEGIN I2C1_Init 1 */
  38:../02_OS/Core_I2C/i2c.c **** 
  39:../02_OS/Core_I2C/i2c.c ****   /* USER CODE END I2C1_Init 1 */
  40:../02_OS/Core_I2C/i2c.c ****   hi2c1.Instance = I2C1;
  38              		.loc 1 40 3 view .LVU1
  39              		.loc 1 40 18 is_stmt 0 view .LVU2
  40 0002 1248     		ldr	r0, .L9
  41 0004 124B     		ldr	r3, .L9+4
  42 0006 0360     		str	r3, [r0]
  41:../02_OS/Core_I2C/i2c.c ****   hi2c1.Init.Timing = 0x10909CEC;
  43              		.loc 1 41 3 is_stmt 1 view .LVU3
  44              		.loc 1 41 21 is_stmt 0 view .LVU4
  45 0008 124B     		ldr	r3, .L9+8
  46 000a 4360     		str	r3, [r0, #4]
  42:../02_OS/Core_I2C/i2c.c ****   hi2c1.Init.OwnAddress1 = 0;
  47              		.loc 1 42 3 is_stmt 1 view .LVU5
  48              		.loc 1 42 26 is_stmt 0 view .LVU6
  49 000c 0023     		movs	r3, #0
  50 000e 8360     		str	r3, [r0, #8]
  43:../02_OS/Core_I2C/i2c.c ****   hi2c1.Init.AddressingMode = I2C_ADDRESSINGMODE_7BIT;
  51              		.loc 1 43 3 is_stmt 1 view .LVU7
  52              		.loc 1 43 29 is_stmt 0 view .LVU8
  53 0010 0122     		movs	r2, #1
  54 0012 C260     		str	r2, [r0, #12]
  44:../02_OS/Core_I2C/i2c.c ****   hi2c1.Init.DualAddressMode = I2C_DUALADDRESS_DISABLE;
  55              		.loc 1 44 3 is_stmt 1 view .LVU9
  56              		.loc 1 44 30 is_stmt 0 view .LVU10
  57 0014 0361     		str	r3, [r0, #16]
  45:../02_OS/Core_I2C/i2c.c ****   hi2c1.Init.OwnAddress2 = 0;
  58              		.loc 1 45 3 is_stmt 1 view .LVU11
  59              		.loc 1 45 26 is_stmt 0 view .LVU12
  60 0016 4361     		str	r3, [r0, #20]
  46:../02_OS/Core_I2C/i2c.c ****   hi2c1.Init.OwnAddress2Masks = I2C_OA2_NOMASK;
  61              		.loc 1 46 3 is_stmt 1 view .LVU13
  62              		.loc 1 46 31 is_stmt 0 view .LVU14
  63 0018 8361     		str	r3, [r0, #24]
  47:../02_OS/Core_I2C/i2c.c ****   hi2c1.Init.GeneralCallMode = I2C_GENERALCALL_DISABLE;
  64              		.loc 1 47 3 is_stmt 1 view .LVU15
  65              		.loc 1 47 30 is_stmt 0 view .LVU16
  66 001a C361     		str	r3, [r0, #28]
  48:../02_OS/Core_I2C/i2c.c ****   hi2c1.Init.NoStretchMode = I2C_NOSTRETCH_DISABLE;
  67              		.loc 1 48 3 is_stmt 1 view .LVU17
ARM GAS  C:\Users\minde\AppData\Local\Temp\cca17BWN.s 			page 3


  68              		.loc 1 48 28 is_stmt 0 view .LVU18
  69 001c 0362     		str	r3, [r0, #32]
  49:../02_OS/Core_I2C/i2c.c ****   if (HAL_I2C_Init(&hi2c1) != HAL_OK)
  70              		.loc 1 49 3 is_stmt 1 view .LVU19
  71              		.loc 1 49 7 is_stmt 0 view .LVU20
  72 001e FFF7FEFF 		bl	HAL_I2C_Init
  73              	.LVL0:
  74              		.loc 1 49 6 view .LVU21
  75 0022 50B9     		cbnz	r0, .L6
  76              	.L2:
  50:../02_OS/Core_I2C/i2c.c ****   {
  51:../02_OS/Core_I2C/i2c.c ****     Error_Handler();
  52:../02_OS/Core_I2C/i2c.c ****   }
  53:../02_OS/Core_I2C/i2c.c ****   /** Configure Analogue filter
  54:../02_OS/Core_I2C/i2c.c ****   */
  55:../02_OS/Core_I2C/i2c.c ****   if (HAL_I2CEx_ConfigAnalogFilter(&hi2c1, I2C_ANALOGFILTER_ENABLE) != HAL_OK)
  77              		.loc 1 55 3 is_stmt 1 view .LVU22
  78              		.loc 1 55 7 is_stmt 0 view .LVU23
  79 0024 0021     		movs	r1, #0
  80 0026 0948     		ldr	r0, .L9
  81 0028 FFF7FEFF 		bl	HAL_I2CEx_ConfigAnalogFilter
  82              	.LVL1:
  83              		.loc 1 55 6 view .LVU24
  84 002c 40B9     		cbnz	r0, .L7
  85              	.L3:
  56:../02_OS/Core_I2C/i2c.c ****   {
  57:../02_OS/Core_I2C/i2c.c ****     Error_Handler();
  58:../02_OS/Core_I2C/i2c.c ****   }
  59:../02_OS/Core_I2C/i2c.c ****   /** Configure Digital filter
  60:../02_OS/Core_I2C/i2c.c ****   */
  61:../02_OS/Core_I2C/i2c.c ****   if (HAL_I2CEx_ConfigDigitalFilter(&hi2c1, 0) != HAL_OK)
  86              		.loc 1 61 3 is_stmt 1 view .LVU25
  87              		.loc 1 61 7 is_stmt 0 view .LVU26
  88 002e 0021     		movs	r1, #0
  89 0030 0648     		ldr	r0, .L9
  90 0032 FFF7FEFF 		bl	HAL_I2CEx_ConfigDigitalFilter
  91              	.LVL2:
  92              		.loc 1 61 6 view .LVU27
  93 0036 30B9     		cbnz	r0, .L8
  94              	.L1:
  62:../02_OS/Core_I2C/i2c.c ****   {
  63:../02_OS/Core_I2C/i2c.c ****     Error_Handler();
  64:../02_OS/Core_I2C/i2c.c ****   }
  65:../02_OS/Core_I2C/i2c.c ****   /* USER CODE BEGIN I2C1_Init 2 */
  66:../02_OS/Core_I2C/i2c.c **** 
  67:../02_OS/Core_I2C/i2c.c ****   /* USER CODE END I2C1_Init 2 */
  68:../02_OS/Core_I2C/i2c.c **** 
  69:../02_OS/Core_I2C/i2c.c **** }
  95              		.loc 1 69 1 view .LVU28
  96 0038 08BD     		pop	{r3, pc}
  97              	.L6:
  51:../02_OS/Core_I2C/i2c.c ****   }
  98              		.loc 1 51 5 is_stmt 1 view .LVU29
  99 003a FFF7FEFF 		bl	Error_Handler
 100              	.LVL3:
 101 003e F1E7     		b	.L2
 102              	.L7:
ARM GAS  C:\Users\minde\AppData\Local\Temp\cca17BWN.s 			page 4


  57:../02_OS/Core_I2C/i2c.c ****   }
 103              		.loc 1 57 5 view .LVU30
 104 0040 FFF7FEFF 		bl	Error_Handler
 105              	.LVL4:
 106 0044 F3E7     		b	.L3
 107              	.L8:
  63:../02_OS/Core_I2C/i2c.c ****   }
 108              		.loc 1 63 5 view .LVU31
 109 0046 FFF7FEFF 		bl	Error_Handler
 110              	.LVL5:
 111              		.loc 1 69 1 is_stmt 0 view .LVU32
 112 004a F5E7     		b	.L1
 113              	.L10:
 114              		.align	2
 115              	.L9:
 116 004c 00000000 		.word	.LANCHOR0
 117 0050 00540040 		.word	1073763328
 118 0054 EC9C9010 		.word	277912812
 119              		.cfi_endproc
 120              	.LFE291:
 122              		.section	.text.HAL_I2C_MspInit,"ax",%progbits
 123              		.align	1
 124              		.global	HAL_I2C_MspInit
 125              		.syntax unified
 126              		.thumb
 127              		.thumb_func
 128              		.fpu fpv4-sp-d16
 130              	HAL_I2C_MspInit:
 131              	.LVL6:
 132              	.LFB292:
  70:../02_OS/Core_I2C/i2c.c **** 
  71:../02_OS/Core_I2C/i2c.c **** void HAL_I2C_MspInit(I2C_HandleTypeDef* i2cHandle)
  72:../02_OS/Core_I2C/i2c.c **** {
 133              		.loc 1 72 1 is_stmt 1 view -0
 134              		.cfi_startproc
 135              		@ args = 0, pretend = 0, frame = 32
 136              		@ frame_needed = 0, uses_anonymous_args = 0
 137              		.loc 1 72 1 is_stmt 0 view .LVU34
 138 0000 10B5     		push	{r4, lr}
 139              	.LCFI1:
 140              		.cfi_def_cfa_offset 8
 141              		.cfi_offset 4, -8
 142              		.cfi_offset 14, -4
 143 0002 88B0     		sub	sp, sp, #32
 144              	.LCFI2:
 145              		.cfi_def_cfa_offset 40
  73:../02_OS/Core_I2C/i2c.c **** 
  74:../02_OS/Core_I2C/i2c.c ****   GPIO_InitTypeDef GPIO_InitStruct = {0};
 146              		.loc 1 74 3 is_stmt 1 view .LVU35
 147              		.loc 1 74 20 is_stmt 0 view .LVU36
 148 0004 0023     		movs	r3, #0
 149 0006 0393     		str	r3, [sp, #12]
 150 0008 0493     		str	r3, [sp, #16]
 151 000a 0593     		str	r3, [sp, #20]
 152 000c 0693     		str	r3, [sp, #24]
 153 000e 0793     		str	r3, [sp, #28]
  75:../02_OS/Core_I2C/i2c.c ****   if(i2cHandle->Instance==I2C1)
ARM GAS  C:\Users\minde\AppData\Local\Temp\cca17BWN.s 			page 5


 154              		.loc 1 75 3 is_stmt 1 view .LVU37
 155              		.loc 1 75 15 is_stmt 0 view .LVU38
 156 0010 0268     		ldr	r2, [r0]
 157              		.loc 1 75 5 view .LVU39
 158 0012 134B     		ldr	r3, .L15
 159 0014 9A42     		cmp	r2, r3
 160 0016 01D0     		beq	.L14
 161              	.LVL7:
 162              	.L11:
  76:../02_OS/Core_I2C/i2c.c ****   {
  77:../02_OS/Core_I2C/i2c.c ****   /* USER CODE BEGIN I2C1_MspInit 0 */
  78:../02_OS/Core_I2C/i2c.c **** 
  79:../02_OS/Core_I2C/i2c.c ****   /* USER CODE END I2C1_MspInit 0 */
  80:../02_OS/Core_I2C/i2c.c **** 
  81:../02_OS/Core_I2C/i2c.c ****     __HAL_RCC_GPIOB_CLK_ENABLE();
  82:../02_OS/Core_I2C/i2c.c ****     /**I2C1 GPIO Configuration
  83:../02_OS/Core_I2C/i2c.c ****     PB6     ------> I2C1_SCL
  84:../02_OS/Core_I2C/i2c.c ****     PB7     ------> I2C1_SDA
  85:../02_OS/Core_I2C/i2c.c ****     */
  86:../02_OS/Core_I2C/i2c.c ****     GPIO_InitStruct.Pin = GPIO_PIN_6|GPIO_PIN_7;
  87:../02_OS/Core_I2C/i2c.c ****     GPIO_InitStruct.Mode = GPIO_MODE_AF_OD;
  88:../02_OS/Core_I2C/i2c.c ****     GPIO_InitStruct.Pull = GPIO_PULLUP;
  89:../02_OS/Core_I2C/i2c.c ****     GPIO_InitStruct.Speed = GPIO_SPEED_FREQ_VERY_HIGH;
  90:../02_OS/Core_I2C/i2c.c ****     GPIO_InitStruct.Alternate = GPIO_AF4_I2C1;
  91:../02_OS/Core_I2C/i2c.c ****     HAL_GPIO_Init(GPIOB, &GPIO_InitStruct);
  92:../02_OS/Core_I2C/i2c.c **** 
  93:../02_OS/Core_I2C/i2c.c ****     /* I2C1 clock enable */
  94:../02_OS/Core_I2C/i2c.c ****     __HAL_RCC_I2C1_CLK_ENABLE();
  95:../02_OS/Core_I2C/i2c.c ****   /* USER CODE BEGIN I2C1_MspInit 1 */
  96:../02_OS/Core_I2C/i2c.c **** 
  97:../02_OS/Core_I2C/i2c.c ****   /* USER CODE END I2C1_MspInit 1 */
  98:../02_OS/Core_I2C/i2c.c ****   }
  99:../02_OS/Core_I2C/i2c.c **** }
 163              		.loc 1 99 1 view .LVU40
 164 0018 08B0     		add	sp, sp, #32
 165              	.LCFI3:
 166              		.cfi_remember_state
 167              		.cfi_def_cfa_offset 8
 168              		@ sp needed
 169 001a 10BD     		pop	{r4, pc}
 170              	.LVL8:
 171              	.L14:
 172              	.LCFI4:
 173              		.cfi_restore_state
  81:../02_OS/Core_I2C/i2c.c ****     /**I2C1 GPIO Configuration
 174              		.loc 1 81 5 is_stmt 1 view .LVU41
 175              	.LBB2:
  81:../02_OS/Core_I2C/i2c.c ****     /**I2C1 GPIO Configuration
 176              		.loc 1 81 5 view .LVU42
  81:../02_OS/Core_I2C/i2c.c ****     /**I2C1 GPIO Configuration
 177              		.loc 1 81 5 view .LVU43
 178 001c 114C     		ldr	r4, .L15+4
 179 001e E36C     		ldr	r3, [r4, #76]
 180 0020 43F00203 		orr	r3, r3, #2
 181 0024 E364     		str	r3, [r4, #76]
  81:../02_OS/Core_I2C/i2c.c ****     /**I2C1 GPIO Configuration
 182              		.loc 1 81 5 view .LVU44
ARM GAS  C:\Users\minde\AppData\Local\Temp\cca17BWN.s 			page 6


 183 0026 E36C     		ldr	r3, [r4, #76]
 184 0028 03F00203 		and	r3, r3, #2
 185 002c 0193     		str	r3, [sp, #4]
  81:../02_OS/Core_I2C/i2c.c ****     /**I2C1 GPIO Configuration
 186              		.loc 1 81 5 view .LVU45
 187 002e 019B     		ldr	r3, [sp, #4]
 188              	.LBE2:
  81:../02_OS/Core_I2C/i2c.c ****     /**I2C1 GPIO Configuration
 189              		.loc 1 81 5 view .LVU46
  86:../02_OS/Core_I2C/i2c.c ****     GPIO_InitStruct.Mode = GPIO_MODE_AF_OD;
 190              		.loc 1 86 5 view .LVU47
  86:../02_OS/Core_I2C/i2c.c ****     GPIO_InitStruct.Mode = GPIO_MODE_AF_OD;
 191              		.loc 1 86 25 is_stmt 0 view .LVU48
 192 0030 C023     		movs	r3, #192
 193 0032 0393     		str	r3, [sp, #12]
  87:../02_OS/Core_I2C/i2c.c ****     GPIO_InitStruct.Pull = GPIO_PULLUP;
 194              		.loc 1 87 5 is_stmt 1 view .LVU49
  87:../02_OS/Core_I2C/i2c.c ****     GPIO_InitStruct.Pull = GPIO_PULLUP;
 195              		.loc 1 87 26 is_stmt 0 view .LVU50
 196 0034 1223     		movs	r3, #18
 197 0036 0493     		str	r3, [sp, #16]
  88:../02_OS/Core_I2C/i2c.c ****     GPIO_InitStruct.Speed = GPIO_SPEED_FREQ_VERY_HIGH;
 198              		.loc 1 88 5 is_stmt 1 view .LVU51
  88:../02_OS/Core_I2C/i2c.c ****     GPIO_InitStruct.Speed = GPIO_SPEED_FREQ_VERY_HIGH;
 199              		.loc 1 88 26 is_stmt 0 view .LVU52
 200 0038 0123     		movs	r3, #1
 201 003a 0593     		str	r3, [sp, #20]
  89:../02_OS/Core_I2C/i2c.c ****     GPIO_InitStruct.Alternate = GPIO_AF4_I2C1;
 202              		.loc 1 89 5 is_stmt 1 view .LVU53
  89:../02_OS/Core_I2C/i2c.c ****     GPIO_InitStruct.Alternate = GPIO_AF4_I2C1;
 203              		.loc 1 89 27 is_stmt 0 view .LVU54
 204 003c 0323     		movs	r3, #3
 205 003e 0693     		str	r3, [sp, #24]
  90:../02_OS/Core_I2C/i2c.c ****     HAL_GPIO_Init(GPIOB, &GPIO_InitStruct);
 206              		.loc 1 90 5 is_stmt 1 view .LVU55
  90:../02_OS/Core_I2C/i2c.c ****     HAL_GPIO_Init(GPIOB, &GPIO_InitStruct);
 207              		.loc 1 90 31 is_stmt 0 view .LVU56
 208 0040 0423     		movs	r3, #4
 209 0042 0793     		str	r3, [sp, #28]
  91:../02_OS/Core_I2C/i2c.c **** 
 210              		.loc 1 91 5 is_stmt 1 view .LVU57
 211 0044 03A9     		add	r1, sp, #12
 212 0046 0848     		ldr	r0, .L15+8
 213              	.LVL9:
  91:../02_OS/Core_I2C/i2c.c **** 
 214              		.loc 1 91 5 is_stmt 0 view .LVU58
 215 0048 FFF7FEFF 		bl	HAL_GPIO_Init
 216              	.LVL10:
  94:../02_OS/Core_I2C/i2c.c ****   /* USER CODE BEGIN I2C1_MspInit 1 */
 217              		.loc 1 94 5 is_stmt 1 view .LVU59
 218              	.LBB3:
  94:../02_OS/Core_I2C/i2c.c ****   /* USER CODE BEGIN I2C1_MspInit 1 */
 219              		.loc 1 94 5 view .LVU60
  94:../02_OS/Core_I2C/i2c.c ****   /* USER CODE BEGIN I2C1_MspInit 1 */
 220              		.loc 1 94 5 view .LVU61
 221 004c A36D     		ldr	r3, [r4, #88]
 222 004e 43F40013 		orr	r3, r3, #2097152
ARM GAS  C:\Users\minde\AppData\Local\Temp\cca17BWN.s 			page 7


 223 0052 A365     		str	r3, [r4, #88]
  94:../02_OS/Core_I2C/i2c.c ****   /* USER CODE BEGIN I2C1_MspInit 1 */
 224              		.loc 1 94 5 view .LVU62
 225 0054 A36D     		ldr	r3, [r4, #88]
 226 0056 03F40013 		and	r3, r3, #2097152
 227 005a 0293     		str	r3, [sp, #8]
  94:../02_OS/Core_I2C/i2c.c ****   /* USER CODE BEGIN I2C1_MspInit 1 */
 228              		.loc 1 94 5 view .LVU63
 229 005c 029B     		ldr	r3, [sp, #8]
 230              	.LBE3:
  94:../02_OS/Core_I2C/i2c.c ****   /* USER CODE BEGIN I2C1_MspInit 1 */
 231              		.loc 1 94 5 view .LVU64
 232              		.loc 1 99 1 is_stmt 0 view .LVU65
 233 005e DBE7     		b	.L11
 234              	.L16:
 235              		.align	2
 236              	.L15:
 237 0060 00540040 		.word	1073763328
 238 0064 00100240 		.word	1073876992
 239 0068 00040048 		.word	1207960576
 240              		.cfi_endproc
 241              	.LFE292:
 243              		.section	.text.HAL_I2C_MspDeInit,"ax",%progbits
 244              		.align	1
 245              		.global	HAL_I2C_MspDeInit
 246              		.syntax unified
 247              		.thumb
 248              		.thumb_func
 249              		.fpu fpv4-sp-d16
 251              	HAL_I2C_MspDeInit:
 252              	.LVL11:
 253              	.LFB293:
 100:../02_OS/Core_I2C/i2c.c **** 
 101:../02_OS/Core_I2C/i2c.c **** void HAL_I2C_MspDeInit(I2C_HandleTypeDef* i2cHandle)
 102:../02_OS/Core_I2C/i2c.c **** {
 254              		.loc 1 102 1 is_stmt 1 view -0
 255              		.cfi_startproc
 256              		@ args = 0, pretend = 0, frame = 0
 257              		@ frame_needed = 0, uses_anonymous_args = 0
 103:../02_OS/Core_I2C/i2c.c **** 
 104:../02_OS/Core_I2C/i2c.c ****   if(i2cHandle->Instance==I2C1)
 258              		.loc 1 104 3 view .LVU67
 259              		.loc 1 104 15 is_stmt 0 view .LVU68
 260 0000 0268     		ldr	r2, [r0]
 261              		.loc 1 104 5 view .LVU69
 262 0002 0A4B     		ldr	r3, .L24
 263 0004 9A42     		cmp	r2, r3
 264 0006 00D0     		beq	.L23
 265 0008 7047     		bx	lr
 266              	.L23:
 102:../02_OS/Core_I2C/i2c.c **** 
 267              		.loc 1 102 1 view .LVU70
 268 000a 10B5     		push	{r4, lr}
 269              	.LCFI5:
 270              		.cfi_def_cfa_offset 8
 271              		.cfi_offset 4, -8
 272              		.cfi_offset 14, -4
ARM GAS  C:\Users\minde\AppData\Local\Temp\cca17BWN.s 			page 8


 105:../02_OS/Core_I2C/i2c.c ****   {
 106:../02_OS/Core_I2C/i2c.c ****   /* USER CODE BEGIN I2C1_MspDeInit 0 */
 107:../02_OS/Core_I2C/i2c.c **** 
 108:../02_OS/Core_I2C/i2c.c ****   /* USER CODE END I2C1_MspDeInit 0 */
 109:../02_OS/Core_I2C/i2c.c ****     /* Peripheral clock disable */
 110:../02_OS/Core_I2C/i2c.c ****     __HAL_RCC_I2C1_CLK_DISABLE();
 273              		.loc 1 110 5 is_stmt 1 view .LVU71
 274 000c 084A     		ldr	r2, .L24+4
 275 000e 936D     		ldr	r3, [r2, #88]
 276 0010 23F40013 		bic	r3, r3, #2097152
 277 0014 9365     		str	r3, [r2, #88]
 111:../02_OS/Core_I2C/i2c.c **** 
 112:../02_OS/Core_I2C/i2c.c ****     /**I2C1 GPIO Configuration
 113:../02_OS/Core_I2C/i2c.c ****     PB6     ------> I2C1_SCL
 114:../02_OS/Core_I2C/i2c.c ****     PB7     ------> I2C1_SDA
 115:../02_OS/Core_I2C/i2c.c ****     */
 116:../02_OS/Core_I2C/i2c.c ****     HAL_GPIO_DeInit(GPIOB, GPIO_PIN_6);
 278              		.loc 1 116 5 view .LVU72
 279 0016 074C     		ldr	r4, .L24+8
 280 0018 4021     		movs	r1, #64
 281 001a 2046     		mov	r0, r4
 282              	.LVL12:
 283              		.loc 1 116 5 is_stmt 0 view .LVU73
 284 001c FFF7FEFF 		bl	HAL_GPIO_DeInit
 285              	.LVL13:
 117:../02_OS/Core_I2C/i2c.c **** 
 118:../02_OS/Core_I2C/i2c.c ****     HAL_GPIO_DeInit(GPIOB, GPIO_PIN_7);
 286              		.loc 1 118 5 is_stmt 1 view .LVU74
 287 0020 8021     		movs	r1, #128
 288 0022 2046     		mov	r0, r4
 289 0024 FFF7FEFF 		bl	HAL_GPIO_DeInit
 290              	.LVL14:
 119:../02_OS/Core_I2C/i2c.c **** 
 120:../02_OS/Core_I2C/i2c.c ****   /* USER CODE BEGIN I2C1_MspDeInit 1 */
 121:../02_OS/Core_I2C/i2c.c **** 
 122:../02_OS/Core_I2C/i2c.c ****   /* USER CODE END I2C1_MspDeInit 1 */
 123:../02_OS/Core_I2C/i2c.c ****   }
 124:../02_OS/Core_I2C/i2c.c **** }
 291              		.loc 1 124 1 is_stmt 0 view .LVU75
 292 0028 10BD     		pop	{r4, pc}
 293              	.L25:
 294 002a 00BF     		.align	2
 295              	.L24:
 296 002c 00540040 		.word	1073763328
 297 0030 00100240 		.word	1073876992
 298 0034 00040048 		.word	1207960576
 299              		.cfi_endproc
 300              	.LFE293:
 302              		.global	hi2c1
 303              		.section	.bss.hi2c1,"aw",%nobits
 304              		.align	2
 305              		.set	.LANCHOR0,. + 0
 308              	hi2c1:
 309 0000 00000000 		.space	76
 309      00000000 
 309      00000000 
 309      00000000 
ARM GAS  C:\Users\minde\AppData\Local\Temp\cca17BWN.s 			page 9


 309      00000000 
 310              		.text
 311              	.Letext0:
 312              		.file 2 "c:\\gnu arm embedded toolchain\\10 2020-q4-major\\arm-none-eabi\\include\\machine\\_defau
 313              		.file 3 "c:\\gnu arm embedded toolchain\\10 2020-q4-major\\arm-none-eabi\\include\\sys\\_stdint.h"
 314              		.file 4 "../03_Drivers/CMSIS/Device/ST/STM32L4xx/Include/stm32l432xx.h"
 315              		.file 5 "../03_Drivers/STM32L4xx_HAL_Driver/Inc/stm32l4xx_hal_def.h"
 316              		.file 6 "../03_Drivers/STM32L4xx_HAL_Driver/Inc/stm32l4xx_hal_gpio.h"
 317              		.file 7 "../03_Drivers/STM32L4xx_HAL_Driver/Inc/stm32l4xx_hal_dma.h"
 318              		.file 8 "../03_Drivers/STM32L4xx_HAL_Driver/Inc/stm32l4xx_hal_i2c.h"
 319              		.file 9 "../03_Drivers/STM32L4xx_HAL_Driver/Inc/stm32l4xx_hal_i2c_ex.h"
 320              		.file 10 "../01_Appl/APPL_Main/main.h"
 321              		.file 11 "../02_OS/Core_I2C/i2c.h"
ARM GAS  C:\Users\minde\AppData\Local\Temp\cca17BWN.s 			page 10


DEFINED SYMBOLS
                            *ABS*:00000000 i2c.c
C:\Users\minde\AppData\Local\Temp\cca17BWN.s:18     .text.MX_I2C1_Init:00000000 $t
C:\Users\minde\AppData\Local\Temp\cca17BWN.s:26     .text.MX_I2C1_Init:00000000 MX_I2C1_Init
C:\Users\minde\AppData\Local\Temp\cca17BWN.s:116    .text.MX_I2C1_Init:0000004c $d
C:\Users\minde\AppData\Local\Temp\cca17BWN.s:123    .text.HAL_I2C_MspInit:00000000 $t
C:\Users\minde\AppData\Local\Temp\cca17BWN.s:130    .text.HAL_I2C_MspInit:00000000 HAL_I2C_MspInit
C:\Users\minde\AppData\Local\Temp\cca17BWN.s:237    .text.HAL_I2C_MspInit:00000060 $d
C:\Users\minde\AppData\Local\Temp\cca17BWN.s:244    .text.HAL_I2C_MspDeInit:00000000 $t
C:\Users\minde\AppData\Local\Temp\cca17BWN.s:251    .text.HAL_I2C_MspDeInit:00000000 HAL_I2C_MspDeInit
C:\Users\minde\AppData\Local\Temp\cca17BWN.s:296    .text.HAL_I2C_MspDeInit:0000002c $d
C:\Users\minde\AppData\Local\Temp\cca17BWN.s:308    .bss.hi2c1:00000000 hi2c1
C:\Users\minde\AppData\Local\Temp\cca17BWN.s:304    .bss.hi2c1:00000000 $d

UNDEFINED SYMBOLS
HAL_I2C_Init
HAL_I2CEx_ConfigAnalogFilter
HAL_I2CEx_ConfigDigitalFilter
Error_Handler
HAL_GPIO_Init
HAL_GPIO_DeInit
