ARM GAS  C:\Users\minde\AppData\Local\Temp\cc9N6hCC.s 			page 1


   1              		.cpu cortex-m4
   2              		.eabi_attribute 27, 1
   3              		.eabi_attribute 28, 1
   4              		.eabi_attribute 20, 1
   5              		.eabi_attribute 21, 1
   6              		.eabi_attribute 23, 3
   7              		.eabi_attribute 24, 1
   8              		.eabi_attribute 25, 1
   9              		.eabi_attribute 26, 1
  10              		.eabi_attribute 30, 1
  11              		.eabi_attribute 34, 1
  12              		.eabi_attribute 18, 4
  13              		.file	"stm32l4xx_it.c"
  14              		.text
  15              	.Ltext0:
  16              		.cfi_sections	.debug_frame
  17              		.section	.rodata.NMI_Handler.str1.4,"aMS",%progbits,1
  18              		.align	2
  19              	.LC0:
  20 0000 4E4D495F 		.ascii	"NMI_Handler\000"
  20      48616E64 
  20      6C657200 
  21              		.section	.text.NMI_Handler,"ax",%progbits
  22              		.align	1
  23              		.global	NMI_Handler
  24              		.arch armv7e-m
  25              		.syntax unified
  26              		.thumb
  27              		.thumb_func
  28              		.fpu fpv4-sp-d16
  30              	NMI_Handler:
  31              	.LFB291:
  32              		.file 1 "../02_OS/Core_Reg/stm32l4xx_it.c"
   1:../02_OS/Core_Reg/stm32l4xx_it.c **** /* USER CODE BEGIN Header */
   2:../02_OS/Core_Reg/stm32l4xx_it.c **** /**
   3:../02_OS/Core_Reg/stm32l4xx_it.c ****  ******************************************************************************
   4:../02_OS/Core_Reg/stm32l4xx_it.c ****  * @file    stm32l4xx_it.c
   5:../02_OS/Core_Reg/stm32l4xx_it.c ****  * @brief   Interrupt Service Routines.
   6:../02_OS/Core_Reg/stm32l4xx_it.c ****  ******************************************************************************
   7:../02_OS/Core_Reg/stm32l4xx_it.c ****  * @attention
   8:../02_OS/Core_Reg/stm32l4xx_it.c ****  *
   9:../02_OS/Core_Reg/stm32l4xx_it.c ****  * <h2><center>&copy; Copyright (c) 2021 STMicroelectronics.
  10:../02_OS/Core_Reg/stm32l4xx_it.c ****  * All rights reserved.</center></h2>
  11:../02_OS/Core_Reg/stm32l4xx_it.c ****  *
  12:../02_OS/Core_Reg/stm32l4xx_it.c ****  * This software component is licensed by ST under BSD 3-Clause license,
  13:../02_OS/Core_Reg/stm32l4xx_it.c ****  * the "License"; You may not use this file except in compliance with the
  14:../02_OS/Core_Reg/stm32l4xx_it.c ****  * License. You may obtain a copy of the License at:
  15:../02_OS/Core_Reg/stm32l4xx_it.c ****  *                        opensource.org/licenses/BSD-3-Clause
  16:../02_OS/Core_Reg/stm32l4xx_it.c ****  *
  17:../02_OS/Core_Reg/stm32l4xx_it.c ****  ******************************************************************************
  18:../02_OS/Core_Reg/stm32l4xx_it.c ****  */
  19:../02_OS/Core_Reg/stm32l4xx_it.c **** /* USER CODE END Header */
  20:../02_OS/Core_Reg/stm32l4xx_it.c **** 
  21:../02_OS/Core_Reg/stm32l4xx_it.c **** /* Includes ------------------------------------------------------------------*/
  22:../02_OS/Core_Reg/stm32l4xx_it.c **** #include "main.h"
  23:../02_OS/Core_Reg/stm32l4xx_it.c **** #include "stm32l4xx_it.h"
  24:../02_OS/Core_Reg/stm32l4xx_it.c **** /* Private includes ----------------------------------------------------------*/
ARM GAS  C:\Users\minde\AppData\Local\Temp\cc9N6hCC.s 			page 2


  25:../02_OS/Core_Reg/stm32l4xx_it.c **** /* USER CODE BEGIN Includes */
  26:../02_OS/Core_Reg/stm32l4xx_it.c **** /* USER CODE END Includes */
  27:../02_OS/Core_Reg/stm32l4xx_it.c **** 
  28:../02_OS/Core_Reg/stm32l4xx_it.c **** /* Private typedef -----------------------------------------------------------*/
  29:../02_OS/Core_Reg/stm32l4xx_it.c **** /* USER CODE BEGIN TD */
  30:../02_OS/Core_Reg/stm32l4xx_it.c **** 
  31:../02_OS/Core_Reg/stm32l4xx_it.c **** /* USER CODE END TD */
  32:../02_OS/Core_Reg/stm32l4xx_it.c **** 
  33:../02_OS/Core_Reg/stm32l4xx_it.c **** /* Private define ------------------------------------------------------------*/
  34:../02_OS/Core_Reg/stm32l4xx_it.c **** /* USER CODE BEGIN PD */
  35:../02_OS/Core_Reg/stm32l4xx_it.c **** 
  36:../02_OS/Core_Reg/stm32l4xx_it.c **** /* USER CODE END PD */
  37:../02_OS/Core_Reg/stm32l4xx_it.c **** 
  38:../02_OS/Core_Reg/stm32l4xx_it.c **** /* Private macro -------------------------------------------------------------*/
  39:../02_OS/Core_Reg/stm32l4xx_it.c **** /* USER CODE BEGIN PM */
  40:../02_OS/Core_Reg/stm32l4xx_it.c **** 
  41:../02_OS/Core_Reg/stm32l4xx_it.c **** /* USER CODE END PM */
  42:../02_OS/Core_Reg/stm32l4xx_it.c **** 
  43:../02_OS/Core_Reg/stm32l4xx_it.c **** /* Private variables ---------------------------------------------------------*/
  44:../02_OS/Core_Reg/stm32l4xx_it.c **** /* USER CODE BEGIN PV */
  45:../02_OS/Core_Reg/stm32l4xx_it.c **** 
  46:../02_OS/Core_Reg/stm32l4xx_it.c **** /* USER CODE END PV */
  47:../02_OS/Core_Reg/stm32l4xx_it.c **** 
  48:../02_OS/Core_Reg/stm32l4xx_it.c **** /* Private function prototypes -----------------------------------------------*/
  49:../02_OS/Core_Reg/stm32l4xx_it.c **** /* USER CODE BEGIN PFP */
  50:../02_OS/Core_Reg/stm32l4xx_it.c **** 
  51:../02_OS/Core_Reg/stm32l4xx_it.c **** /* USER CODE END PFP */
  52:../02_OS/Core_Reg/stm32l4xx_it.c **** 
  53:../02_OS/Core_Reg/stm32l4xx_it.c **** /* Private user code ---------------------------------------------------------*/
  54:../02_OS/Core_Reg/stm32l4xx_it.c **** /* USER CODE BEGIN 0 */
  55:../02_OS/Core_Reg/stm32l4xx_it.c **** 
  56:../02_OS/Core_Reg/stm32l4xx_it.c **** /* USER CODE END 0 */
  57:../02_OS/Core_Reg/stm32l4xx_it.c **** 
  58:../02_OS/Core_Reg/stm32l4xx_it.c **** /* External variables --------------------------------------------------------*/
  59:../02_OS/Core_Reg/stm32l4xx_it.c **** extern UART_HandleTypeDef huart1;
  60:../02_OS/Core_Reg/stm32l4xx_it.c **** extern UART_HandleTypeDef huart2;
  61:../02_OS/Core_Reg/stm32l4xx_it.c **** /* USER CODE BEGIN EV */
  62:../02_OS/Core_Reg/stm32l4xx_it.c **** 
  63:../02_OS/Core_Reg/stm32l4xx_it.c **** /* USER CODE END EV */
  64:../02_OS/Core_Reg/stm32l4xx_it.c **** 
  65:../02_OS/Core_Reg/stm32l4xx_it.c **** /******************************************************************************/
  66:../02_OS/Core_Reg/stm32l4xx_it.c **** /*           Cortex-M4 Processor Interruption and Exception Handlers          */
  67:../02_OS/Core_Reg/stm32l4xx_it.c **** /******************************************************************************/
  68:../02_OS/Core_Reg/stm32l4xx_it.c **** /**
  69:../02_OS/Core_Reg/stm32l4xx_it.c ****  * @brief This function handles Non maskable interrupt.
  70:../02_OS/Core_Reg/stm32l4xx_it.c ****  */
  71:../02_OS/Core_Reg/stm32l4xx_it.c **** void NMI_Handler(void)
  72:../02_OS/Core_Reg/stm32l4xx_it.c **** {
  33              		.loc 1 72 1 view -0
  34              		.cfi_startproc
  35              		@ Volatile: function does not return.
  36              		@ args = 0, pretend = 0, frame = 0
  37              		@ frame_needed = 0, uses_anonymous_args = 0
  38 0000 08B5     		push	{r3, lr}
  39              	.LCFI0:
  40              		.cfi_def_cfa_offset 8
  41              		.cfi_offset 3, -8
ARM GAS  C:\Users\minde\AppData\Local\Temp\cc9N6hCC.s 			page 3


  42              		.cfi_offset 14, -4
  73:../02_OS/Core_Reg/stm32l4xx_it.c ****   /* USER CODE BEGIN NonMaskableInt_IRQn 0 */
  74:../02_OS/Core_Reg/stm32l4xx_it.c ****   APPL_CMD_printf("NMI_Handler");
  43              		.loc 1 74 3 view .LVU1
  44 0002 0248     		ldr	r0, .L4
  45 0004 FFF7FEFF 		bl	APPL_CMD_printf
  46              	.LVL0:
  47              	.L2:
  75:../02_OS/Core_Reg/stm32l4xx_it.c ****   /* USER CODE END NonMaskableInt_IRQn 0 */
  76:../02_OS/Core_Reg/stm32l4xx_it.c ****   /* USER CODE BEGIN NonMaskableInt_IRQn 1 */
  77:../02_OS/Core_Reg/stm32l4xx_it.c ****   while (1)
  48              		.loc 1 77 3 discriminator 1 view .LVU2
  78:../02_OS/Core_Reg/stm32l4xx_it.c ****   {
  79:../02_OS/Core_Reg/stm32l4xx_it.c ****   }
  49              		.loc 1 79 3 discriminator 1 view .LVU3
  77:../02_OS/Core_Reg/stm32l4xx_it.c ****   {
  50              		.loc 1 77 9 discriminator 1 view .LVU4
  51 0008 FEE7     		b	.L2
  52              	.L5:
  53 000a 00BF     		.align	2
  54              	.L4:
  55 000c 00000000 		.word	.LC0
  56              		.cfi_endproc
  57              	.LFE291:
  59              		.section	.rodata.HardFault_Handler.str1.4,"aMS",%progbits,1
  60              		.align	2
  61              	.LC1:
  62 0000 48617264 		.ascii	"HardFault_Handler\000"
  62      4661756C 
  62      745F4861 
  62      6E646C65 
  62      7200
  63              		.section	.text.HardFault_Handler,"ax",%progbits
  64              		.align	1
  65              		.global	HardFault_Handler
  66              		.syntax unified
  67              		.thumb
  68              		.thumb_func
  69              		.fpu fpv4-sp-d16
  71              	HardFault_Handler:
  72              	.LFB292:
  80:../02_OS/Core_Reg/stm32l4xx_it.c ****   /* USER CODE END NonMaskableInt_IRQn 1 */
  81:../02_OS/Core_Reg/stm32l4xx_it.c **** }
  82:../02_OS/Core_Reg/stm32l4xx_it.c **** 
  83:../02_OS/Core_Reg/stm32l4xx_it.c **** /**
  84:../02_OS/Core_Reg/stm32l4xx_it.c ****  * @brief This function handles Hard fault interrupt.
  85:../02_OS/Core_Reg/stm32l4xx_it.c ****  */
  86:../02_OS/Core_Reg/stm32l4xx_it.c **** void HardFault_Handler(void)
  87:../02_OS/Core_Reg/stm32l4xx_it.c **** {
  73              		.loc 1 87 1 view -0
  74              		.cfi_startproc
  75              		@ Volatile: function does not return.
  76              		@ args = 0, pretend = 0, frame = 0
  77              		@ frame_needed = 0, uses_anonymous_args = 0
  78 0000 08B5     		push	{r3, lr}
  79              	.LCFI1:
  80              		.cfi_def_cfa_offset 8
ARM GAS  C:\Users\minde\AppData\Local\Temp\cc9N6hCC.s 			page 4


  81              		.cfi_offset 3, -8
  82              		.cfi_offset 14, -4
  88:../02_OS/Core_Reg/stm32l4xx_it.c ****   /* USER CODE BEGIN HardFault_IRQn 0 */
  89:../02_OS/Core_Reg/stm32l4xx_it.c ****   APPL_CMD_printf("HardFault_Handler");
  83              		.loc 1 89 3 view .LVU6
  84 0002 0348     		ldr	r0, .L9
  85 0004 FFF7FEFF 		bl	APPL_CMD_printf
  86              	.LVL1:
  90:../02_OS/Core_Reg/stm32l4xx_it.c ****   HAL_NVIC_SystemReset();
  87              		.loc 1 90 3 view .LVU7
  88 0008 FFF7FEFF 		bl	HAL_NVIC_SystemReset
  89              	.LVL2:
  90              	.L7:
  91:../02_OS/Core_Reg/stm32l4xx_it.c ****   /* USER CODE END HardFault_IRQn 0 */
  92:../02_OS/Core_Reg/stm32l4xx_it.c ****   while (1)
  91              		.loc 1 92 3 discriminator 1 view .LVU8
  93:../02_OS/Core_Reg/stm32l4xx_it.c ****   {
  94:../02_OS/Core_Reg/stm32l4xx_it.c ****     /* USER CODE BEGIN W1_HardFault_IRQn 0 */
  95:../02_OS/Core_Reg/stm32l4xx_it.c ****     /* USER CODE END W1_HardFault_IRQn 0 */
  96:../02_OS/Core_Reg/stm32l4xx_it.c ****   }
  92              		.loc 1 96 3 discriminator 1 view .LVU9
  92:../02_OS/Core_Reg/stm32l4xx_it.c ****   {
  93              		.loc 1 92 9 discriminator 1 view .LVU10
  94 000c FEE7     		b	.L7
  95              	.L10:
  96 000e 00BF     		.align	2
  97              	.L9:
  98 0010 00000000 		.word	.LC1
  99              		.cfi_endproc
 100              	.LFE292:
 102              		.section	.rodata.MemManage_Handler.str1.4,"aMS",%progbits,1
 103              		.align	2
 104              	.LC2:
 105 0000 4D656D4D 		.ascii	"MemManage_Handler\000"
 105      616E6167 
 105      655F4861 
 105      6E646C65 
 105      7200
 106              		.section	.text.MemManage_Handler,"ax",%progbits
 107              		.align	1
 108              		.global	MemManage_Handler
 109              		.syntax unified
 110              		.thumb
 111              		.thumb_func
 112              		.fpu fpv4-sp-d16
 114              	MemManage_Handler:
 115              	.LFB293:
  97:../02_OS/Core_Reg/stm32l4xx_it.c **** }
  98:../02_OS/Core_Reg/stm32l4xx_it.c **** 
  99:../02_OS/Core_Reg/stm32l4xx_it.c **** /**
 100:../02_OS/Core_Reg/stm32l4xx_it.c ****  * @brief This function handles Memory management fault.
 101:../02_OS/Core_Reg/stm32l4xx_it.c ****  */
 102:../02_OS/Core_Reg/stm32l4xx_it.c **** void MemManage_Handler(void)
 103:../02_OS/Core_Reg/stm32l4xx_it.c **** {
 116              		.loc 1 103 1 view -0
 117              		.cfi_startproc
 118              		@ Volatile: function does not return.
ARM GAS  C:\Users\minde\AppData\Local\Temp\cc9N6hCC.s 			page 5


 119              		@ args = 0, pretend = 0, frame = 0
 120              		@ frame_needed = 0, uses_anonymous_args = 0
 121 0000 08B5     		push	{r3, lr}
 122              	.LCFI2:
 123              		.cfi_def_cfa_offset 8
 124              		.cfi_offset 3, -8
 125              		.cfi_offset 14, -4
 104:../02_OS/Core_Reg/stm32l4xx_it.c ****   /* USER CODE BEGIN MemoryManagement_IRQn 0 */
 105:../02_OS/Core_Reg/stm32l4xx_it.c ****   APPL_CMD_printf("MemManage_Handler");
 126              		.loc 1 105 3 view .LVU12
 127 0002 0348     		ldr	r0, .L14
 128 0004 FFF7FEFF 		bl	APPL_CMD_printf
 129              	.LVL3:
 106:../02_OS/Core_Reg/stm32l4xx_it.c ****   HAL_NVIC_SystemReset();
 130              		.loc 1 106 3 view .LVU13
 131 0008 FFF7FEFF 		bl	HAL_NVIC_SystemReset
 132              	.LVL4:
 133              	.L12:
 107:../02_OS/Core_Reg/stm32l4xx_it.c ****   /* USER CODE END MemoryManagement_IRQn 0 */
 108:../02_OS/Core_Reg/stm32l4xx_it.c ****   while (1)
 134              		.loc 1 108 3 discriminator 1 view .LVU14
 109:../02_OS/Core_Reg/stm32l4xx_it.c ****   {
 110:../02_OS/Core_Reg/stm32l4xx_it.c ****     /* USER CODE BEGIN W1_MemoryManagement_IRQn 0 */
 111:../02_OS/Core_Reg/stm32l4xx_it.c ****     /* USER CODE END W1_MemoryManagement_IRQn 0 */
 112:../02_OS/Core_Reg/stm32l4xx_it.c ****   }
 135              		.loc 1 112 3 discriminator 1 view .LVU15
 108:../02_OS/Core_Reg/stm32l4xx_it.c ****   {
 136              		.loc 1 108 9 discriminator 1 view .LVU16
 137 000c FEE7     		b	.L12
 138              	.L15:
 139 000e 00BF     		.align	2
 140              	.L14:
 141 0010 00000000 		.word	.LC2
 142              		.cfi_endproc
 143              	.LFE293:
 145              		.section	.rodata.BusFault_Handler.str1.4,"aMS",%progbits,1
 146              		.align	2
 147              	.LC3:
 148 0000 42757346 		.ascii	"BusFault_Handler\000"
 148      61756C74 
 148      5F48616E 
 148      646C6572 
 148      00
 149              		.section	.text.BusFault_Handler,"ax",%progbits
 150              		.align	1
 151              		.global	BusFault_Handler
 152              		.syntax unified
 153              		.thumb
 154              		.thumb_func
 155              		.fpu fpv4-sp-d16
 157              	BusFault_Handler:
 158              	.LFB294:
 113:../02_OS/Core_Reg/stm32l4xx_it.c **** }
 114:../02_OS/Core_Reg/stm32l4xx_it.c **** 
 115:../02_OS/Core_Reg/stm32l4xx_it.c **** /**
 116:../02_OS/Core_Reg/stm32l4xx_it.c ****  * @brief This function handles Prefetch fault, memory access fault.
 117:../02_OS/Core_Reg/stm32l4xx_it.c ****  */
ARM GAS  C:\Users\minde\AppData\Local\Temp\cc9N6hCC.s 			page 6


 118:../02_OS/Core_Reg/stm32l4xx_it.c **** void BusFault_Handler(void)
 119:../02_OS/Core_Reg/stm32l4xx_it.c **** {
 159              		.loc 1 119 1 view -0
 160              		.cfi_startproc
 161              		@ Volatile: function does not return.
 162              		@ args = 0, pretend = 0, frame = 0
 163              		@ frame_needed = 0, uses_anonymous_args = 0
 164 0000 08B5     		push	{r3, lr}
 165              	.LCFI3:
 166              		.cfi_def_cfa_offset 8
 167              		.cfi_offset 3, -8
 168              		.cfi_offset 14, -4
 120:../02_OS/Core_Reg/stm32l4xx_it.c ****   /* USER CODE BEGIN BusFault_IRQn 0 */
 121:../02_OS/Core_Reg/stm32l4xx_it.c ****   APPL_CMD_printf("BusFault_Handler");
 169              		.loc 1 121 3 view .LVU18
 170 0002 0348     		ldr	r0, .L19
 171 0004 FFF7FEFF 		bl	APPL_CMD_printf
 172              	.LVL5:
 122:../02_OS/Core_Reg/stm32l4xx_it.c ****   HAL_NVIC_SystemReset();
 173              		.loc 1 122 3 view .LVU19
 174 0008 FFF7FEFF 		bl	HAL_NVIC_SystemReset
 175              	.LVL6:
 176              	.L17:
 123:../02_OS/Core_Reg/stm32l4xx_it.c ****   /* USER CODE END BusFault_IRQn 0 */
 124:../02_OS/Core_Reg/stm32l4xx_it.c ****   while (1)
 177              		.loc 1 124 3 discriminator 1 view .LVU20
 125:../02_OS/Core_Reg/stm32l4xx_it.c ****   {
 126:../02_OS/Core_Reg/stm32l4xx_it.c ****     /* USER CODE BEGIN W1_BusFault_IRQn 0 */
 127:../02_OS/Core_Reg/stm32l4xx_it.c ****     /* USER CODE END W1_BusFault_IRQn 0 */
 128:../02_OS/Core_Reg/stm32l4xx_it.c ****   }
 178              		.loc 1 128 3 discriminator 1 view .LVU21
 124:../02_OS/Core_Reg/stm32l4xx_it.c ****   {
 179              		.loc 1 124 9 discriminator 1 view .LVU22
 180 000c FEE7     		b	.L17
 181              	.L20:
 182 000e 00BF     		.align	2
 183              	.L19:
 184 0010 00000000 		.word	.LC3
 185              		.cfi_endproc
 186              	.LFE294:
 188              		.section	.rodata.UsageFault_Handler.str1.4,"aMS",%progbits,1
 189              		.align	2
 190              	.LC4:
 191 0000 55736167 		.ascii	"UsageFault_Handler\000"
 191      65466175 
 191      6C745F48 
 191      616E646C 
 191      657200
 192              		.section	.text.UsageFault_Handler,"ax",%progbits
 193              		.align	1
 194              		.global	UsageFault_Handler
 195              		.syntax unified
 196              		.thumb
 197              		.thumb_func
 198              		.fpu fpv4-sp-d16
 200              	UsageFault_Handler:
 201              	.LFB295:
ARM GAS  C:\Users\minde\AppData\Local\Temp\cc9N6hCC.s 			page 7


 129:../02_OS/Core_Reg/stm32l4xx_it.c **** }
 130:../02_OS/Core_Reg/stm32l4xx_it.c **** 
 131:../02_OS/Core_Reg/stm32l4xx_it.c **** /**
 132:../02_OS/Core_Reg/stm32l4xx_it.c ****  * @brief This function handles Undefined instruction or illegal state.
 133:../02_OS/Core_Reg/stm32l4xx_it.c ****  */
 134:../02_OS/Core_Reg/stm32l4xx_it.c **** void UsageFault_Handler(void)
 135:../02_OS/Core_Reg/stm32l4xx_it.c **** {
 202              		.loc 1 135 1 view -0
 203              		.cfi_startproc
 204              		@ Volatile: function does not return.
 205              		@ args = 0, pretend = 0, frame = 0
 206              		@ frame_needed = 0, uses_anonymous_args = 0
 207 0000 08B5     		push	{r3, lr}
 208              	.LCFI4:
 209              		.cfi_def_cfa_offset 8
 210              		.cfi_offset 3, -8
 211              		.cfi_offset 14, -4
 136:../02_OS/Core_Reg/stm32l4xx_it.c ****   /* USER CODE BEGIN UsageFault_IRQn 0 */
 137:../02_OS/Core_Reg/stm32l4xx_it.c ****   APPL_CMD_printf("UsageFault_Handler");
 212              		.loc 1 137 3 view .LVU24
 213 0002 0248     		ldr	r0, .L24
 214 0004 FFF7FEFF 		bl	APPL_CMD_printf
 215              	.LVL7:
 216              	.L22:
 138:../02_OS/Core_Reg/stm32l4xx_it.c ****   /* USER CODE END UsageFault_IRQn 0 */
 139:../02_OS/Core_Reg/stm32l4xx_it.c ****   while (1)
 217              		.loc 1 139 3 discriminator 1 view .LVU25
 140:../02_OS/Core_Reg/stm32l4xx_it.c ****   {
 141:../02_OS/Core_Reg/stm32l4xx_it.c ****     /* USER CODE BEGIN W1_UsageFault_IRQn 0 */
 142:../02_OS/Core_Reg/stm32l4xx_it.c ****     /* USER CODE END W1_UsageFault_IRQn 0 */
 143:../02_OS/Core_Reg/stm32l4xx_it.c ****   }
 218              		.loc 1 143 3 discriminator 1 view .LVU26
 139:../02_OS/Core_Reg/stm32l4xx_it.c ****   {
 219              		.loc 1 139 9 discriminator 1 view .LVU27
 220 0008 FEE7     		b	.L22
 221              	.L25:
 222 000a 00BF     		.align	2
 223              	.L24:
 224 000c 00000000 		.word	.LC4
 225              		.cfi_endproc
 226              	.LFE295:
 228              		.section	.rodata.SVC_Handler.str1.4,"aMS",%progbits,1
 229              		.align	2
 230              	.LC5:
 231 0000 5356435F 		.ascii	"SVC_Handler\000"
 231      48616E64 
 231      6C657200 
 232              		.section	.text.SVC_Handler,"ax",%progbits
 233              		.align	1
 234              		.global	SVC_Handler
 235              		.syntax unified
 236              		.thumb
 237              		.thumb_func
 238              		.fpu fpv4-sp-d16
 240              	SVC_Handler:
 241              	.LFB296:
 144:../02_OS/Core_Reg/stm32l4xx_it.c **** }
ARM GAS  C:\Users\minde\AppData\Local\Temp\cc9N6hCC.s 			page 8


 145:../02_OS/Core_Reg/stm32l4xx_it.c **** 
 146:../02_OS/Core_Reg/stm32l4xx_it.c **** /**
 147:../02_OS/Core_Reg/stm32l4xx_it.c ****  * @brief This function handles System service call via SWI instruction.
 148:../02_OS/Core_Reg/stm32l4xx_it.c ****  */
 149:../02_OS/Core_Reg/stm32l4xx_it.c **** void SVC_Handler(void)
 150:../02_OS/Core_Reg/stm32l4xx_it.c **** {
 242              		.loc 1 150 1 view -0
 243              		.cfi_startproc
 244              		@ args = 0, pretend = 0, frame = 0
 245              		@ frame_needed = 0, uses_anonymous_args = 0
 246 0000 08B5     		push	{r3, lr}
 247              	.LCFI5:
 248              		.cfi_def_cfa_offset 8
 249              		.cfi_offset 3, -8
 250              		.cfi_offset 14, -4
 151:../02_OS/Core_Reg/stm32l4xx_it.c ****   /* USER CODE BEGIN SVCall_IRQn 0 */
 152:../02_OS/Core_Reg/stm32l4xx_it.c ****   APPL_CMD_printf("SVC_Handler");
 251              		.loc 1 152 3 view .LVU29
 252 0002 0248     		ldr	r0, .L28
 253 0004 FFF7FEFF 		bl	APPL_CMD_printf
 254              	.LVL8:
 153:../02_OS/Core_Reg/stm32l4xx_it.c ****   /* USER CODE END SVCall_IRQn 0 */
 154:../02_OS/Core_Reg/stm32l4xx_it.c ****   /* USER CODE BEGIN SVCall_IRQn 1 */
 155:../02_OS/Core_Reg/stm32l4xx_it.c **** 
 156:../02_OS/Core_Reg/stm32l4xx_it.c ****   /* USER CODE END SVCall_IRQn 1 */
 157:../02_OS/Core_Reg/stm32l4xx_it.c **** }
 255              		.loc 1 157 1 is_stmt 0 view .LVU30
 256 0008 08BD     		pop	{r3, pc}
 257              	.L29:
 258 000a 00BF     		.align	2
 259              	.L28:
 260 000c 00000000 		.word	.LC5
 261              		.cfi_endproc
 262              	.LFE296:
 264              		.section	.rodata.DebugMon_Handler.str1.4,"aMS",%progbits,1
 265              		.align	2
 266              	.LC6:
 267 0000 44656275 		.ascii	"DebugMon_Handler\000"
 267      674D6F6E 
 267      5F48616E 
 267      646C6572 
 267      00
 268              		.section	.text.DebugMon_Handler,"ax",%progbits
 269              		.align	1
 270              		.global	DebugMon_Handler
 271              		.syntax unified
 272              		.thumb
 273              		.thumb_func
 274              		.fpu fpv4-sp-d16
 276              	DebugMon_Handler:
 277              	.LFB297:
 158:../02_OS/Core_Reg/stm32l4xx_it.c **** 
 159:../02_OS/Core_Reg/stm32l4xx_it.c **** /**
 160:../02_OS/Core_Reg/stm32l4xx_it.c ****  * @brief This function handles Debug monitor.
 161:../02_OS/Core_Reg/stm32l4xx_it.c ****  */
 162:../02_OS/Core_Reg/stm32l4xx_it.c **** void DebugMon_Handler(void)
 163:../02_OS/Core_Reg/stm32l4xx_it.c **** {
ARM GAS  C:\Users\minde\AppData\Local\Temp\cc9N6hCC.s 			page 9


 278              		.loc 1 163 1 is_stmt 1 view -0
 279              		.cfi_startproc
 280              		@ args = 0, pretend = 0, frame = 0
 281              		@ frame_needed = 0, uses_anonymous_args = 0
 282 0000 08B5     		push	{r3, lr}
 283              	.LCFI6:
 284              		.cfi_def_cfa_offset 8
 285              		.cfi_offset 3, -8
 286              		.cfi_offset 14, -4
 164:../02_OS/Core_Reg/stm32l4xx_it.c ****   /* USER CODE BEGIN DebugMonitor_IRQn 0 */
 165:../02_OS/Core_Reg/stm32l4xx_it.c ****   APPL_CMD_printf("DebugMon_Handler");
 287              		.loc 1 165 3 view .LVU32
 288 0002 0248     		ldr	r0, .L32
 289 0004 FFF7FEFF 		bl	APPL_CMD_printf
 290              	.LVL9:
 166:../02_OS/Core_Reg/stm32l4xx_it.c ****   /* USER CODE END DebugMonitor_IRQn 0 */
 167:../02_OS/Core_Reg/stm32l4xx_it.c ****   /* USER CODE BEGIN DebugMonitor_IRQn 1 */
 168:../02_OS/Core_Reg/stm32l4xx_it.c **** 
 169:../02_OS/Core_Reg/stm32l4xx_it.c ****   /* USER CODE END DebugMonitor_IRQn 1 */
 170:../02_OS/Core_Reg/stm32l4xx_it.c **** }
 291              		.loc 1 170 1 is_stmt 0 view .LVU33
 292 0008 08BD     		pop	{r3, pc}
 293              	.L33:
 294 000a 00BF     		.align	2
 295              	.L32:
 296 000c 00000000 		.word	.LC6
 297              		.cfi_endproc
 298              	.LFE297:
 300              		.section	.rodata.PendSV_Handler.str1.4,"aMS",%progbits,1
 301              		.align	2
 302              	.LC7:
 303 0000 50656E64 		.ascii	"PendSV_Handler\000"
 303      53565F48 
 303      616E646C 
 303      657200
 304              		.section	.text.PendSV_Handler,"ax",%progbits
 305              		.align	1
 306              		.global	PendSV_Handler
 307              		.syntax unified
 308              		.thumb
 309              		.thumb_func
 310              		.fpu fpv4-sp-d16
 312              	PendSV_Handler:
 313              	.LFB298:
 171:../02_OS/Core_Reg/stm32l4xx_it.c **** 
 172:../02_OS/Core_Reg/stm32l4xx_it.c **** /**
 173:../02_OS/Core_Reg/stm32l4xx_it.c ****  * @brief This function handles Pendable request for system service.
 174:../02_OS/Core_Reg/stm32l4xx_it.c ****  */
 175:../02_OS/Core_Reg/stm32l4xx_it.c **** void PendSV_Handler(void)
 176:../02_OS/Core_Reg/stm32l4xx_it.c **** {
 314              		.loc 1 176 1 is_stmt 1 view -0
 315              		.cfi_startproc
 316              		@ args = 0, pretend = 0, frame = 0
 317              		@ frame_needed = 0, uses_anonymous_args = 0
 318 0000 08B5     		push	{r3, lr}
 319              	.LCFI7:
 320              		.cfi_def_cfa_offset 8
ARM GAS  C:\Users\minde\AppData\Local\Temp\cc9N6hCC.s 			page 10


 321              		.cfi_offset 3, -8
 322              		.cfi_offset 14, -4
 177:../02_OS/Core_Reg/stm32l4xx_it.c ****   /* USER CODE BEGIN PendSV_IRQn 0 */
 178:../02_OS/Core_Reg/stm32l4xx_it.c ****   APPL_CMD_printf("PendSV_Handler");
 323              		.loc 1 178 3 view .LVU35
 324 0002 0248     		ldr	r0, .L36
 325 0004 FFF7FEFF 		bl	APPL_CMD_printf
 326              	.LVL10:
 179:../02_OS/Core_Reg/stm32l4xx_it.c ****   /* USER CODE END PendSV_IRQn 0 */
 180:../02_OS/Core_Reg/stm32l4xx_it.c ****   /* USER CODE BEGIN PendSV_IRQn 1 */
 181:../02_OS/Core_Reg/stm32l4xx_it.c **** 
 182:../02_OS/Core_Reg/stm32l4xx_it.c ****   /* USER CODE END PendSV_IRQn 1 */
 183:../02_OS/Core_Reg/stm32l4xx_it.c **** }
 327              		.loc 1 183 1 is_stmt 0 view .LVU36
 328 0008 08BD     		pop	{r3, pc}
 329              	.L37:
 330 000a 00BF     		.align	2
 331              	.L36:
 332 000c 00000000 		.word	.LC7
 333              		.cfi_endproc
 334              	.LFE298:
 336              		.section	.text.SysTick_Handler,"ax",%progbits
 337              		.align	1
 338              		.global	SysTick_Handler
 339              		.syntax unified
 340              		.thumb
 341              		.thumb_func
 342              		.fpu fpv4-sp-d16
 344              	SysTick_Handler:
 345              	.LFB299:
 184:../02_OS/Core_Reg/stm32l4xx_it.c **** 
 185:../02_OS/Core_Reg/stm32l4xx_it.c **** /**
 186:../02_OS/Core_Reg/stm32l4xx_it.c ****  * @brief This function handles System tick timer.
 187:../02_OS/Core_Reg/stm32l4xx_it.c ****  */
 188:../02_OS/Core_Reg/stm32l4xx_it.c **** void SysTick_Handler(void)
 189:../02_OS/Core_Reg/stm32l4xx_it.c **** {
 346              		.loc 1 189 1 is_stmt 1 view -0
 347              		.cfi_startproc
 348              		@ args = 0, pretend = 0, frame = 0
 349              		@ frame_needed = 0, uses_anonymous_args = 0
 350 0000 08B5     		push	{r3, lr}
 351              	.LCFI8:
 352              		.cfi_def_cfa_offset 8
 353              		.cfi_offset 3, -8
 354              		.cfi_offset 14, -4
 190:../02_OS/Core_Reg/stm32l4xx_it.c ****   /* USER CODE BEGIN SysTick_IRQn 0 */
 191:../02_OS/Core_Reg/stm32l4xx_it.c ****   Systick_count++;
 355              		.loc 1 191 3 view .LVU38
 356              		.loc 1 191 16 is_stmt 0 view .LVU39
 357 0002 034A     		ldr	r2, .L40
 358 0004 1378     		ldrb	r3, [r2]	@ zero_extendqisi2
 359 0006 0133     		adds	r3, r3, #1
 360 0008 1370     		strb	r3, [r2]
 192:../02_OS/Core_Reg/stm32l4xx_it.c ****   /* USER CODE END SysTick_IRQn 0 */
 193:../02_OS/Core_Reg/stm32l4xx_it.c ****   HAL_IncTick();
 361              		.loc 1 193 3 is_stmt 1 view .LVU40
 362 000a FFF7FEFF 		bl	HAL_IncTick
ARM GAS  C:\Users\minde\AppData\Local\Temp\cc9N6hCC.s 			page 11


 363              	.LVL11:
 194:../02_OS/Core_Reg/stm32l4xx_it.c ****   /* USER CODE BEGIN SysTick_IRQn 1 */
 195:../02_OS/Core_Reg/stm32l4xx_it.c **** 
 196:../02_OS/Core_Reg/stm32l4xx_it.c ****   /* USER CODE END SysTick_IRQn 1 */
 197:../02_OS/Core_Reg/stm32l4xx_it.c **** }
 364              		.loc 1 197 1 is_stmt 0 view .LVU41
 365 000e 08BD     		pop	{r3, pc}
 366              	.L41:
 367              		.align	2
 368              	.L40:
 369 0010 00000000 		.word	Systick_count
 370              		.cfi_endproc
 371              	.LFE299:
 373              		.section	.text.USART1_IRQHandler,"ax",%progbits
 374              		.align	1
 375              		.global	USART1_IRQHandler
 376              		.syntax unified
 377              		.thumb
 378              		.thumb_func
 379              		.fpu fpv4-sp-d16
 381              	USART1_IRQHandler:
 382              	.LFB300:
 198:../02_OS/Core_Reg/stm32l4xx_it.c **** 
 199:../02_OS/Core_Reg/stm32l4xx_it.c **** /******************************************************************************/
 200:../02_OS/Core_Reg/stm32l4xx_it.c **** /* STM32L4xx Peripheral Interrupt Handlers                                    */
 201:../02_OS/Core_Reg/stm32l4xx_it.c **** /* Add here the Interrupt Handlers for the used peripherals.                  */
 202:../02_OS/Core_Reg/stm32l4xx_it.c **** /* For the available peripheral interrupt handler names,                      */
 203:../02_OS/Core_Reg/stm32l4xx_it.c **** /* please refer to the startup file (startup_stm32l4xx.s).                    */
 204:../02_OS/Core_Reg/stm32l4xx_it.c **** /******************************************************************************/
 205:../02_OS/Core_Reg/stm32l4xx_it.c **** 
 206:../02_OS/Core_Reg/stm32l4xx_it.c **** /**
 207:../02_OS/Core_Reg/stm32l4xx_it.c ****  * @brief This function handles USART1 global interrupt.
 208:../02_OS/Core_Reg/stm32l4xx_it.c ****  */
 209:../02_OS/Core_Reg/stm32l4xx_it.c **** void USART1_IRQHandler(void)
 210:../02_OS/Core_Reg/stm32l4xx_it.c **** {
 383              		.loc 1 210 1 is_stmt 1 view -0
 384              		.cfi_startproc
 385              		@ args = 0, pretend = 0, frame = 0
 386              		@ frame_needed = 0, uses_anonymous_args = 0
 387 0000 08B5     		push	{r3, lr}
 388              	.LCFI9:
 389              		.cfi_def_cfa_offset 8
 390              		.cfi_offset 3, -8
 391              		.cfi_offset 14, -4
 211:../02_OS/Core_Reg/stm32l4xx_it.c ****   /* USER CODE BEGIN USART1_IRQn 0 */
 212:../02_OS/Core_Reg/stm32l4xx_it.c ****   uint8_t c = huart1.Instance->RDR;
 392              		.loc 1 212 3 view .LVU43
 393              		.loc 1 212 21 is_stmt 0 view .LVU44
 394 0002 054B     		ldr	r3, .L46
 395 0004 1B68     		ldr	r3, [r3]
 396              		.loc 1 212 30 view .LVU45
 397 0006 998C     		ldrh	r1, [r3, #36]
 398              		.loc 1 212 11 view .LVU46
 399 0008 C9B2     		uxtb	r1, r1
 400              	.LVL12:
 213:../02_OS/Core_Reg/stm32l4xx_it.c ****   if (c != 0x0d)
 401              		.loc 1 213 3 is_stmt 1 view .LVU47
ARM GAS  C:\Users\minde\AppData\Local\Temp\cc9N6hCC.s 			page 12


 402              		.loc 1 213 6 is_stmt 0 view .LVU48
 403 000a 0D29     		cmp	r1, #13
 404 000c 00D1     		bne	.L45
 405              	.LVL13:
 406              	.L42:
 214:../02_OS/Core_Reg/stm32l4xx_it.c ****   {
 215:../02_OS/Core_Reg/stm32l4xx_it.c ****     EKM_Buffer_Set(&APPL_CMD_Rx, c);
 216:../02_OS/Core_Reg/stm32l4xx_it.c ****   }
 217:../02_OS/Core_Reg/stm32l4xx_it.c ****   return;
 218:../02_OS/Core_Reg/stm32l4xx_it.c ****   /* USER CODE END USART1_IRQn 0 */
 219:../02_OS/Core_Reg/stm32l4xx_it.c ****   HAL_UART_IRQHandler(&huart1);
 220:../02_OS/Core_Reg/stm32l4xx_it.c ****   /* USER CODE BEGIN USART1_IRQn 1 */
 221:../02_OS/Core_Reg/stm32l4xx_it.c **** 
 222:../02_OS/Core_Reg/stm32l4xx_it.c ****   /* USER CODE END USART1_IRQn 1 */
 223:../02_OS/Core_Reg/stm32l4xx_it.c **** }
 407              		.loc 1 223 1 view .LVU49
 408 000e 08BD     		pop	{r3, pc}
 409              	.LVL14:
 410              	.L45:
 215:../02_OS/Core_Reg/stm32l4xx_it.c ****   }
 411              		.loc 1 215 5 is_stmt 1 view .LVU50
 412 0010 0248     		ldr	r0, .L46+4
 413 0012 FFF7FEFF 		bl	EKM_Buffer_Set
 414              	.LVL15:
 217:../02_OS/Core_Reg/stm32l4xx_it.c ****   /* USER CODE END USART1_IRQn 0 */
 415              		.loc 1 217 3 view .LVU51
 416 0016 FAE7     		b	.L42
 417              	.L47:
 418              		.align	2
 419              	.L46:
 420 0018 00000000 		.word	huart1
 421 001c 00000000 		.word	APPL_CMD_Rx
 422              		.cfi_endproc
 423              	.LFE300:
 425              		.section	.text.USART2_IRQHandler,"ax",%progbits
 426              		.align	1
 427              		.global	USART2_IRQHandler
 428              		.syntax unified
 429              		.thumb
 430              		.thumb_func
 431              		.fpu fpv4-sp-d16
 433              	USART2_IRQHandler:
 434              	.LFB301:
 224:../02_OS/Core_Reg/stm32l4xx_it.c **** 
 225:../02_OS/Core_Reg/stm32l4xx_it.c **** /**
 226:../02_OS/Core_Reg/stm32l4xx_it.c ****  * @brief This function handles USART2 global interrupt.
 227:../02_OS/Core_Reg/stm32l4xx_it.c ****  */
 228:../02_OS/Core_Reg/stm32l4xx_it.c **** void USART2_IRQHandler(void)
 229:../02_OS/Core_Reg/stm32l4xx_it.c **** {
 435              		.loc 1 229 1 view -0
 436              		.cfi_startproc
 437              		@ args = 0, pretend = 0, frame = 0
 438              		@ frame_needed = 0, uses_anonymous_args = 0
 439 0000 10B5     		push	{r4, lr}
 440              	.LCFI10:
 441              		.cfi_def_cfa_offset 8
 442              		.cfi_offset 4, -8
ARM GAS  C:\Users\minde\AppData\Local\Temp\cc9N6hCC.s 			page 13


 443              		.cfi_offset 14, -4
 230:../02_OS/Core_Reg/stm32l4xx_it.c ****   /* USER CODE BEGIN USART2_IRQn 0 */
 231:../02_OS/Core_Reg/stm32l4xx_it.c ****   uint8_t c = huart2.Instance->RDR;
 444              		.loc 1 231 3 view .LVU53
 445              		.loc 1 231 21 is_stmt 0 view .LVU54
 446 0002 074C     		ldr	r4, .L50
 447 0004 2368     		ldr	r3, [r4]
 448              		.loc 1 231 30 view .LVU55
 449 0006 998C     		ldrh	r1, [r3, #36]
 450              	.LVL16:
 232:../02_OS/Core_Reg/stm32l4xx_it.c ****   EKM_MODBUS_Receiver_Set(&APPL_Module_MODBUS_RX, c);
 451              		.loc 1 232 3 is_stmt 1 view .LVU56
 452 0008 C9B2     		uxtb	r1, r1
 453              		.loc 1 232 3 is_stmt 0 view .LVU57
 454 000a 0648     		ldr	r0, .L50+4
 455 000c FFF7FEFF 		bl	EKM_MODBUS_Receiver_Set
 456              	.LVL17:
 233:../02_OS/Core_Reg/stm32l4xx_it.c ****   APPL_Module_EN_INTERVAL = 1;
 457              		.loc 1 233 3 is_stmt 1 view .LVU58
 458              		.loc 1 233 27 is_stmt 0 view .LVU59
 459 0010 054B     		ldr	r3, .L50+8
 460 0012 0122     		movs	r2, #1
 461 0014 1A70     		strb	r2, [r3]
 234:../02_OS/Core_Reg/stm32l4xx_it.c ****   /* USER CODE END USART2_IRQn 0 */
 235:../02_OS/Core_Reg/stm32l4xx_it.c ****   HAL_UART_IRQHandler(&huart2);
 462              		.loc 1 235 3 is_stmt 1 view .LVU60
 463 0016 2046     		mov	r0, r4
 464 0018 FFF7FEFF 		bl	HAL_UART_IRQHandler
 465              	.LVL18:
 236:../02_OS/Core_Reg/stm32l4xx_it.c ****   /* USER CODE BEGIN USART2_IRQn 1 */
 237:../02_OS/Core_Reg/stm32l4xx_it.c **** 
 238:../02_OS/Core_Reg/stm32l4xx_it.c ****   /* USER CODE END USART2_IRQn 1 */
 239:../02_OS/Core_Reg/stm32l4xx_it.c **** }
 466              		.loc 1 239 1 is_stmt 0 view .LVU61
 467 001c 10BD     		pop	{r4, pc}
 468              	.L51:
 469 001e 00BF     		.align	2
 470              	.L50:
 471 0020 00000000 		.word	huart2
 472 0024 00000000 		.word	APPL_Module_MODBUS_RX
 473 0028 00000000 		.word	APPL_Module_EN_INTERVAL
 474              		.cfi_endproc
 475              	.LFE301:
 477              		.text
 478              	.Letext0:
 479              		.file 2 "c:\\gnu arm embedded toolchain\\10 2020-q4-major\\arm-none-eabi\\include\\machine\\_defau
 480              		.file 3 "c:\\gnu arm embedded toolchain\\10 2020-q4-major\\arm-none-eabi\\include\\sys\\_stdint.h"
 481              		.file 4 "../03_Drivers/CMSIS/Device/ST/STM32L4xx/Include/stm32l432xx.h"
 482              		.file 5 "../03_Drivers/STM32L4xx_HAL_Driver/Inc/stm32l4xx_hal_def.h"
 483              		.file 6 "../03_Drivers/STM32L4xx_HAL_Driver/Inc/stm32l4xx_hal_dma.h"
 484              		.file 7 "../03_Drivers/STM32L4xx_HAL_Driver/Inc/stm32l4xx_hal_uart.h"
 485              		.file 8 "../02_OS/EKM_Buffer/EKM_Buffer.h"
 486              		.file 9 "../02_OS/EKM_Modbus/EKM_Modbus.h"
 487              		.file 10 "../02_OS/Core_UART/usart.h"
 488              		.file 11 "../01_Appl/APPL_CMD/Appl_CMD.h"
 489              		.file 12 "../01_Appl/APPL_Module/Appl_Module.h"
 490              		.file 13 "../01_Appl/APPL_Main/main.h"
ARM GAS  C:\Users\minde\AppData\Local\Temp\cc9N6hCC.s 			page 14


 491              		.file 14 "../03_Drivers/STM32L4xx_HAL_Driver/Inc/stm32l4xx_hal.h"
 492              		.file 15 "../03_Drivers/STM32L4xx_HAL_Driver/Inc/stm32l4xx_hal_cortex.h"
ARM GAS  C:\Users\minde\AppData\Local\Temp\cc9N6hCC.s 			page 15


DEFINED SYMBOLS
                            *ABS*:00000000 stm32l4xx_it.c
C:\Users\minde\AppData\Local\Temp\cc9N6hCC.s:18     .rodata.NMI_Handler.str1.4:00000000 $d
C:\Users\minde\AppData\Local\Temp\cc9N6hCC.s:22     .text.NMI_Handler:00000000 $t
C:\Users\minde\AppData\Local\Temp\cc9N6hCC.s:30     .text.NMI_Handler:00000000 NMI_Handler
C:\Users\minde\AppData\Local\Temp\cc9N6hCC.s:55     .text.NMI_Handler:0000000c $d
C:\Users\minde\AppData\Local\Temp\cc9N6hCC.s:60     .rodata.HardFault_Handler.str1.4:00000000 $d
C:\Users\minde\AppData\Local\Temp\cc9N6hCC.s:64     .text.HardFault_Handler:00000000 $t
C:\Users\minde\AppData\Local\Temp\cc9N6hCC.s:71     .text.HardFault_Handler:00000000 HardFault_Handler
C:\Users\minde\AppData\Local\Temp\cc9N6hCC.s:98     .text.HardFault_Handler:00000010 $d
C:\Users\minde\AppData\Local\Temp\cc9N6hCC.s:103    .rodata.MemManage_Handler.str1.4:00000000 $d
C:\Users\minde\AppData\Local\Temp\cc9N6hCC.s:107    .text.MemManage_Handler:00000000 $t
C:\Users\minde\AppData\Local\Temp\cc9N6hCC.s:114    .text.MemManage_Handler:00000000 MemManage_Handler
C:\Users\minde\AppData\Local\Temp\cc9N6hCC.s:141    .text.MemManage_Handler:00000010 $d
C:\Users\minde\AppData\Local\Temp\cc9N6hCC.s:146    .rodata.BusFault_Handler.str1.4:00000000 $d
C:\Users\minde\AppData\Local\Temp\cc9N6hCC.s:150    .text.BusFault_Handler:00000000 $t
C:\Users\minde\AppData\Local\Temp\cc9N6hCC.s:157    .text.BusFault_Handler:00000000 BusFault_Handler
C:\Users\minde\AppData\Local\Temp\cc9N6hCC.s:184    .text.BusFault_Handler:00000010 $d
C:\Users\minde\AppData\Local\Temp\cc9N6hCC.s:189    .rodata.UsageFault_Handler.str1.4:00000000 $d
C:\Users\minde\AppData\Local\Temp\cc9N6hCC.s:193    .text.UsageFault_Handler:00000000 $t
C:\Users\minde\AppData\Local\Temp\cc9N6hCC.s:200    .text.UsageFault_Handler:00000000 UsageFault_Handler
C:\Users\minde\AppData\Local\Temp\cc9N6hCC.s:224    .text.UsageFault_Handler:0000000c $d
C:\Users\minde\AppData\Local\Temp\cc9N6hCC.s:229    .rodata.SVC_Handler.str1.4:00000000 $d
C:\Users\minde\AppData\Local\Temp\cc9N6hCC.s:233    .text.SVC_Handler:00000000 $t
C:\Users\minde\AppData\Local\Temp\cc9N6hCC.s:240    .text.SVC_Handler:00000000 SVC_Handler
C:\Users\minde\AppData\Local\Temp\cc9N6hCC.s:260    .text.SVC_Handler:0000000c $d
C:\Users\minde\AppData\Local\Temp\cc9N6hCC.s:265    .rodata.DebugMon_Handler.str1.4:00000000 $d
C:\Users\minde\AppData\Local\Temp\cc9N6hCC.s:269    .text.DebugMon_Handler:00000000 $t
C:\Users\minde\AppData\Local\Temp\cc9N6hCC.s:276    .text.DebugMon_Handler:00000000 DebugMon_Handler
C:\Users\minde\AppData\Local\Temp\cc9N6hCC.s:296    .text.DebugMon_Handler:0000000c $d
C:\Users\minde\AppData\Local\Temp\cc9N6hCC.s:301    .rodata.PendSV_Handler.str1.4:00000000 $d
C:\Users\minde\AppData\Local\Temp\cc9N6hCC.s:305    .text.PendSV_Handler:00000000 $t
C:\Users\minde\AppData\Local\Temp\cc9N6hCC.s:312    .text.PendSV_Handler:00000000 PendSV_Handler
C:\Users\minde\AppData\Local\Temp\cc9N6hCC.s:332    .text.PendSV_Handler:0000000c $d
C:\Users\minde\AppData\Local\Temp\cc9N6hCC.s:337    .text.SysTick_Handler:00000000 $t
C:\Users\minde\AppData\Local\Temp\cc9N6hCC.s:344    .text.SysTick_Handler:00000000 SysTick_Handler
C:\Users\minde\AppData\Local\Temp\cc9N6hCC.s:369    .text.SysTick_Handler:00000010 $d
C:\Users\minde\AppData\Local\Temp\cc9N6hCC.s:374    .text.USART1_IRQHandler:00000000 $t
C:\Users\minde\AppData\Local\Temp\cc9N6hCC.s:381    .text.USART1_IRQHandler:00000000 USART1_IRQHandler
C:\Users\minde\AppData\Local\Temp\cc9N6hCC.s:420    .text.USART1_IRQHandler:00000018 $d
C:\Users\minde\AppData\Local\Temp\cc9N6hCC.s:426    .text.USART2_IRQHandler:00000000 $t
C:\Users\minde\AppData\Local\Temp\cc9N6hCC.s:433    .text.USART2_IRQHandler:00000000 USART2_IRQHandler
C:\Users\minde\AppData\Local\Temp\cc9N6hCC.s:471    .text.USART2_IRQHandler:00000020 $d

UNDEFINED SYMBOLS
APPL_CMD_printf
HAL_NVIC_SystemReset
HAL_IncTick
Systick_count
EKM_Buffer_Set
huart1
APPL_CMD_Rx
EKM_MODBUS_Receiver_Set
HAL_UART_IRQHandler
huart2
APPL_Module_MODBUS_RX
APPL_Module_EN_INTERVAL
ARM GAS  C:\Users\minde\AppData\Local\Temp\cc9N6hCC.s 			page 16


