ARM GAS  C:\Users\minde\AppData\Local\Temp\ccMqDm7g.s 			page 1


   1              		.cpu cortex-m4
   2              		.eabi_attribute 27, 1
   3              		.eabi_attribute 28, 1
   4              		.eabi_attribute 20, 1
   5              		.eabi_attribute 21, 1
   6              		.eabi_attribute 23, 3
   7              		.eabi_attribute 24, 1
   8              		.eabi_attribute 25, 1
   9              		.eabi_attribute 26, 1
  10              		.eabi_attribute 30, 1
  11              		.eabi_attribute 34, 1
  12              		.eabi_attribute 18, 4
  13              		.file	"stm32l4xx_hal_i2c_ex.c"
  14              		.text
  15              	.Ltext0:
  16              		.cfi_sections	.debug_frame
  17              		.section	.rodata.HAL_I2CEx_ConfigAnalogFilter.str1.4,"aMS",%progbits,1
  18              		.align	2
  19              	.LC0:
  20 0000 2E2E2F30 		.ascii	"../03_Drivers/STM32L4xx_HAL_Driver/Src/stm32l4xx_ha"
  20      335F4472 
  20      69766572 
  20      732F5354 
  20      4D33324C 
  21 0033 6C5F6932 		.ascii	"l_i2c_ex.c\000"
  21      635F6578 
  21      2E6300
  22              		.section	.text.HAL_I2CEx_ConfigAnalogFilter,"ax",%progbits
  23              		.align	1
  24              		.global	HAL_I2CEx_ConfigAnalogFilter
  25              		.arch armv7e-m
  26              		.syntax unified
  27              		.thumb
  28              		.thumb_func
  29              		.fpu fpv4-sp-d16
  31              	HAL_I2CEx_ConfigAnalogFilter:
  32              	.LVL0:
  33              	.LFB288:
  34              		.file 1 "../03_Drivers/STM32L4xx_HAL_Driver/Src/stm32l4xx_hal_i2c_ex.c"
   1:../03_Drivers/STM32L4xx_HAL_Driver/Src/stm32l4xx_hal_i2c_ex.c **** /**
   2:../03_Drivers/STM32L4xx_HAL_Driver/Src/stm32l4xx_hal_i2c_ex.c ****   ******************************************************************************
   3:../03_Drivers/STM32L4xx_HAL_Driver/Src/stm32l4xx_hal_i2c_ex.c ****   * @file    stm32l4xx_hal_i2c_ex.c
   4:../03_Drivers/STM32L4xx_HAL_Driver/Src/stm32l4xx_hal_i2c_ex.c ****   * @author  MCD Application Team
   5:../03_Drivers/STM32L4xx_HAL_Driver/Src/stm32l4xx_hal_i2c_ex.c ****   * @brief   I2C Extended HAL module driver.
   6:../03_Drivers/STM32L4xx_HAL_Driver/Src/stm32l4xx_hal_i2c_ex.c ****   *          This file provides firmware functions to manage the following
   7:../03_Drivers/STM32L4xx_HAL_Driver/Src/stm32l4xx_hal_i2c_ex.c ****   *          functionalities of I2C Extended peripheral:
   8:../03_Drivers/STM32L4xx_HAL_Driver/Src/stm32l4xx_hal_i2c_ex.c ****   *           + Extended features functions
   9:../03_Drivers/STM32L4xx_HAL_Driver/Src/stm32l4xx_hal_i2c_ex.c ****   *
  10:../03_Drivers/STM32L4xx_HAL_Driver/Src/stm32l4xx_hal_i2c_ex.c ****   @verbatim
  11:../03_Drivers/STM32L4xx_HAL_Driver/Src/stm32l4xx_hal_i2c_ex.c ****   ==============================================================================
  12:../03_Drivers/STM32L4xx_HAL_Driver/Src/stm32l4xx_hal_i2c_ex.c ****                ##### I2C peripheral Extended features  #####
  13:../03_Drivers/STM32L4xx_HAL_Driver/Src/stm32l4xx_hal_i2c_ex.c ****   ==============================================================================
  14:../03_Drivers/STM32L4xx_HAL_Driver/Src/stm32l4xx_hal_i2c_ex.c **** 
  15:../03_Drivers/STM32L4xx_HAL_Driver/Src/stm32l4xx_hal_i2c_ex.c ****   [..] Comparing to other previous devices, the I2C interface for STM32L4xx
  16:../03_Drivers/STM32L4xx_HAL_Driver/Src/stm32l4xx_hal_i2c_ex.c ****        devices contains the following additional features
  17:../03_Drivers/STM32L4xx_HAL_Driver/Src/stm32l4xx_hal_i2c_ex.c **** 
  18:../03_Drivers/STM32L4xx_HAL_Driver/Src/stm32l4xx_hal_i2c_ex.c ****        (+) Possibility to disable or enable Analog Noise Filter
ARM GAS  C:\Users\minde\AppData\Local\Temp\ccMqDm7g.s 			page 2


  19:../03_Drivers/STM32L4xx_HAL_Driver/Src/stm32l4xx_hal_i2c_ex.c ****        (+) Use of a configured Digital Noise Filter
  20:../03_Drivers/STM32L4xx_HAL_Driver/Src/stm32l4xx_hal_i2c_ex.c ****        (+) Disable or enable wakeup from Stop mode(s)
  21:../03_Drivers/STM32L4xx_HAL_Driver/Src/stm32l4xx_hal_i2c_ex.c ****        (+) Disable or enable Fast Mode Plus
  22:../03_Drivers/STM32L4xx_HAL_Driver/Src/stm32l4xx_hal_i2c_ex.c **** 
  23:../03_Drivers/STM32L4xx_HAL_Driver/Src/stm32l4xx_hal_i2c_ex.c ****                      ##### How to use this driver #####
  24:../03_Drivers/STM32L4xx_HAL_Driver/Src/stm32l4xx_hal_i2c_ex.c ****   ==============================================================================
  25:../03_Drivers/STM32L4xx_HAL_Driver/Src/stm32l4xx_hal_i2c_ex.c ****   [..] This driver provides functions to configure Noise Filter and Wake Up Feature
  26:../03_Drivers/STM32L4xx_HAL_Driver/Src/stm32l4xx_hal_i2c_ex.c ****     (#) Configure I2C Analog noise filter using the function HAL_I2CEx_ConfigAnalogFilter()
  27:../03_Drivers/STM32L4xx_HAL_Driver/Src/stm32l4xx_hal_i2c_ex.c ****     (#) Configure I2C Digital noise filter using the function HAL_I2CEx_ConfigDigitalFilter()
  28:../03_Drivers/STM32L4xx_HAL_Driver/Src/stm32l4xx_hal_i2c_ex.c ****     (#) Configure the enable or disable of I2C Wake Up Mode using the functions :
  29:../03_Drivers/STM32L4xx_HAL_Driver/Src/stm32l4xx_hal_i2c_ex.c ****           (++) HAL_I2CEx_EnableWakeUp()
  30:../03_Drivers/STM32L4xx_HAL_Driver/Src/stm32l4xx_hal_i2c_ex.c ****           (++) HAL_I2CEx_DisableWakeUp()
  31:../03_Drivers/STM32L4xx_HAL_Driver/Src/stm32l4xx_hal_i2c_ex.c ****     (#) Configure the enable or disable of fast mode plus driving capability using the functions :
  32:../03_Drivers/STM32L4xx_HAL_Driver/Src/stm32l4xx_hal_i2c_ex.c ****           (++) HAL_I2CEx_EnableFastModePlus()
  33:../03_Drivers/STM32L4xx_HAL_Driver/Src/stm32l4xx_hal_i2c_ex.c ****           (++) HAL_I2CEx_DisableFastModePlus()
  34:../03_Drivers/STM32L4xx_HAL_Driver/Src/stm32l4xx_hal_i2c_ex.c ****   @endverbatim
  35:../03_Drivers/STM32L4xx_HAL_Driver/Src/stm32l4xx_hal_i2c_ex.c ****   ******************************************************************************
  36:../03_Drivers/STM32L4xx_HAL_Driver/Src/stm32l4xx_hal_i2c_ex.c ****   * @attention
  37:../03_Drivers/STM32L4xx_HAL_Driver/Src/stm32l4xx_hal_i2c_ex.c ****   *
  38:../03_Drivers/STM32L4xx_HAL_Driver/Src/stm32l4xx_hal_i2c_ex.c ****   * <h2><center>&copy; Copyright (c) 2017 STMicroelectronics.
  39:../03_Drivers/STM32L4xx_HAL_Driver/Src/stm32l4xx_hal_i2c_ex.c ****   * All rights reserved.</center></h2>
  40:../03_Drivers/STM32L4xx_HAL_Driver/Src/stm32l4xx_hal_i2c_ex.c ****   *
  41:../03_Drivers/STM32L4xx_HAL_Driver/Src/stm32l4xx_hal_i2c_ex.c ****   * This software component is licensed by ST under BSD 3-Clause license,
  42:../03_Drivers/STM32L4xx_HAL_Driver/Src/stm32l4xx_hal_i2c_ex.c ****   * the "License"; You may not use this file except in compliance with the
  43:../03_Drivers/STM32L4xx_HAL_Driver/Src/stm32l4xx_hal_i2c_ex.c ****   * License. You may obtain a copy of the License at:
  44:../03_Drivers/STM32L4xx_HAL_Driver/Src/stm32l4xx_hal_i2c_ex.c ****   *                        opensource.org/licenses/BSD-3-Clause
  45:../03_Drivers/STM32L4xx_HAL_Driver/Src/stm32l4xx_hal_i2c_ex.c ****   *
  46:../03_Drivers/STM32L4xx_HAL_Driver/Src/stm32l4xx_hal_i2c_ex.c ****   ******************************************************************************
  47:../03_Drivers/STM32L4xx_HAL_Driver/Src/stm32l4xx_hal_i2c_ex.c ****   */
  48:../03_Drivers/STM32L4xx_HAL_Driver/Src/stm32l4xx_hal_i2c_ex.c **** 
  49:../03_Drivers/STM32L4xx_HAL_Driver/Src/stm32l4xx_hal_i2c_ex.c **** /* Includes ------------------------------------------------------------------*/
  50:../03_Drivers/STM32L4xx_HAL_Driver/Src/stm32l4xx_hal_i2c_ex.c **** #include "stm32l4xx_hal.h"
  51:../03_Drivers/STM32L4xx_HAL_Driver/Src/stm32l4xx_hal_i2c_ex.c **** 
  52:../03_Drivers/STM32L4xx_HAL_Driver/Src/stm32l4xx_hal_i2c_ex.c **** /** @addtogroup STM32L4xx_HAL_Driver
  53:../03_Drivers/STM32L4xx_HAL_Driver/Src/stm32l4xx_hal_i2c_ex.c ****   * @{
  54:../03_Drivers/STM32L4xx_HAL_Driver/Src/stm32l4xx_hal_i2c_ex.c ****   */
  55:../03_Drivers/STM32L4xx_HAL_Driver/Src/stm32l4xx_hal_i2c_ex.c **** 
  56:../03_Drivers/STM32L4xx_HAL_Driver/Src/stm32l4xx_hal_i2c_ex.c **** /** @defgroup I2CEx I2CEx
  57:../03_Drivers/STM32L4xx_HAL_Driver/Src/stm32l4xx_hal_i2c_ex.c ****   * @brief I2C Extended HAL module driver
  58:../03_Drivers/STM32L4xx_HAL_Driver/Src/stm32l4xx_hal_i2c_ex.c ****   * @{
  59:../03_Drivers/STM32L4xx_HAL_Driver/Src/stm32l4xx_hal_i2c_ex.c ****   */
  60:../03_Drivers/STM32L4xx_HAL_Driver/Src/stm32l4xx_hal_i2c_ex.c **** 
  61:../03_Drivers/STM32L4xx_HAL_Driver/Src/stm32l4xx_hal_i2c_ex.c **** #ifdef HAL_I2C_MODULE_ENABLED
  62:../03_Drivers/STM32L4xx_HAL_Driver/Src/stm32l4xx_hal_i2c_ex.c **** 
  63:../03_Drivers/STM32L4xx_HAL_Driver/Src/stm32l4xx_hal_i2c_ex.c **** /* Private typedef -----------------------------------------------------------*/
  64:../03_Drivers/STM32L4xx_HAL_Driver/Src/stm32l4xx_hal_i2c_ex.c **** /* Private define ------------------------------------------------------------*/
  65:../03_Drivers/STM32L4xx_HAL_Driver/Src/stm32l4xx_hal_i2c_ex.c **** /* Private macro -------------------------------------------------------------*/
  66:../03_Drivers/STM32L4xx_HAL_Driver/Src/stm32l4xx_hal_i2c_ex.c **** /* Private variables ---------------------------------------------------------*/
  67:../03_Drivers/STM32L4xx_HAL_Driver/Src/stm32l4xx_hal_i2c_ex.c **** /* Private function prototypes -----------------------------------------------*/
  68:../03_Drivers/STM32L4xx_HAL_Driver/Src/stm32l4xx_hal_i2c_ex.c **** /* Private functions ---------------------------------------------------------*/
  69:../03_Drivers/STM32L4xx_HAL_Driver/Src/stm32l4xx_hal_i2c_ex.c **** 
  70:../03_Drivers/STM32L4xx_HAL_Driver/Src/stm32l4xx_hal_i2c_ex.c **** /** @defgroup I2CEx_Exported_Functions I2C Extended Exported Functions
  71:../03_Drivers/STM32L4xx_HAL_Driver/Src/stm32l4xx_hal_i2c_ex.c ****   * @{
  72:../03_Drivers/STM32L4xx_HAL_Driver/Src/stm32l4xx_hal_i2c_ex.c ****   */
  73:../03_Drivers/STM32L4xx_HAL_Driver/Src/stm32l4xx_hal_i2c_ex.c **** 
  74:../03_Drivers/STM32L4xx_HAL_Driver/Src/stm32l4xx_hal_i2c_ex.c **** /** @defgroup I2CEx_Exported_Functions_Group1 Extended features functions
  75:../03_Drivers/STM32L4xx_HAL_Driver/Src/stm32l4xx_hal_i2c_ex.c ****   * @brief    Extended features functions
ARM GAS  C:\Users\minde\AppData\Local\Temp\ccMqDm7g.s 			page 3


  76:../03_Drivers/STM32L4xx_HAL_Driver/Src/stm32l4xx_hal_i2c_ex.c ****   *
  77:../03_Drivers/STM32L4xx_HAL_Driver/Src/stm32l4xx_hal_i2c_ex.c **** @verbatim
  78:../03_Drivers/STM32L4xx_HAL_Driver/Src/stm32l4xx_hal_i2c_ex.c ****  ===============================================================================
  79:../03_Drivers/STM32L4xx_HAL_Driver/Src/stm32l4xx_hal_i2c_ex.c ****                       ##### Extended features functions #####
  80:../03_Drivers/STM32L4xx_HAL_Driver/Src/stm32l4xx_hal_i2c_ex.c ****  ===============================================================================
  81:../03_Drivers/STM32L4xx_HAL_Driver/Src/stm32l4xx_hal_i2c_ex.c ****     [..] This section provides functions allowing to:
  82:../03_Drivers/STM32L4xx_HAL_Driver/Src/stm32l4xx_hal_i2c_ex.c ****       (+) Configure Noise Filters
  83:../03_Drivers/STM32L4xx_HAL_Driver/Src/stm32l4xx_hal_i2c_ex.c ****       (+) Configure Wake Up Feature
  84:../03_Drivers/STM32L4xx_HAL_Driver/Src/stm32l4xx_hal_i2c_ex.c ****       (+) Configure Fast Mode Plus
  85:../03_Drivers/STM32L4xx_HAL_Driver/Src/stm32l4xx_hal_i2c_ex.c **** 
  86:../03_Drivers/STM32L4xx_HAL_Driver/Src/stm32l4xx_hal_i2c_ex.c **** @endverbatim
  87:../03_Drivers/STM32L4xx_HAL_Driver/Src/stm32l4xx_hal_i2c_ex.c ****   * @{
  88:../03_Drivers/STM32L4xx_HAL_Driver/Src/stm32l4xx_hal_i2c_ex.c ****   */
  89:../03_Drivers/STM32L4xx_HAL_Driver/Src/stm32l4xx_hal_i2c_ex.c **** 
  90:../03_Drivers/STM32L4xx_HAL_Driver/Src/stm32l4xx_hal_i2c_ex.c **** /**
  91:../03_Drivers/STM32L4xx_HAL_Driver/Src/stm32l4xx_hal_i2c_ex.c ****   * @brief  Configure I2C Analog noise filter.
  92:../03_Drivers/STM32L4xx_HAL_Driver/Src/stm32l4xx_hal_i2c_ex.c ****   * @param  hi2c Pointer to a I2C_HandleTypeDef structure that contains
  93:../03_Drivers/STM32L4xx_HAL_Driver/Src/stm32l4xx_hal_i2c_ex.c ****   *                the configuration information for the specified I2Cx peripheral.
  94:../03_Drivers/STM32L4xx_HAL_Driver/Src/stm32l4xx_hal_i2c_ex.c ****   * @param  AnalogFilter New state of the Analog filter.
  95:../03_Drivers/STM32L4xx_HAL_Driver/Src/stm32l4xx_hal_i2c_ex.c ****   * @retval HAL status
  96:../03_Drivers/STM32L4xx_HAL_Driver/Src/stm32l4xx_hal_i2c_ex.c ****   */
  97:../03_Drivers/STM32L4xx_HAL_Driver/Src/stm32l4xx_hal_i2c_ex.c **** HAL_StatusTypeDef HAL_I2CEx_ConfigAnalogFilter(I2C_HandleTypeDef *hi2c, uint32_t AnalogFilter)
  98:../03_Drivers/STM32L4xx_HAL_Driver/Src/stm32l4xx_hal_i2c_ex.c **** {
  35              		.loc 1 98 1 view -0
  36              		.cfi_startproc
  37              		@ args = 0, pretend = 0, frame = 0
  38              		@ frame_needed = 0, uses_anonymous_args = 0
  39              		.loc 1 98 1 is_stmt 0 view .LVU1
  40 0000 38B5     		push	{r3, r4, r5, lr}
  41              	.LCFI0:
  42              		.cfi_def_cfa_offset 16
  43              		.cfi_offset 3, -16
  44              		.cfi_offset 4, -12
  45              		.cfi_offset 5, -8
  46              		.cfi_offset 14, -4
  47 0002 0446     		mov	r4, r0
  48 0004 0D46     		mov	r5, r1
  99:../03_Drivers/STM32L4xx_HAL_Driver/Src/stm32l4xx_hal_i2c_ex.c ****   /* Check the parameters */
 100:../03_Drivers/STM32L4xx_HAL_Driver/Src/stm32l4xx_hal_i2c_ex.c ****   assert_param(IS_I2C_ALL_INSTANCE(hi2c->Instance));
  49              		.loc 1 100 3 is_stmt 1 view .LVU2
  50 0006 0368     		ldr	r3, [r0]
  51 0008 204A     		ldr	r2, .L9
  52 000a 9342     		cmp	r3, r2
  53 000c 07D0     		beq	.L2
  54              		.loc 1 100 3 is_stmt 0 discriminator 1 view .LVU3
  55 000e 02F50062 		add	r2, r2, #2048
  56 0012 9342     		cmp	r3, r2
  57 0014 03D0     		beq	.L2
  58              		.loc 1 100 3 discriminator 2 view .LVU4
  59 0016 6421     		movs	r1, #100
  60              	.LVL1:
  61              		.loc 1 100 3 discriminator 2 view .LVU5
  62 0018 1D48     		ldr	r0, .L9+4
  63              	.LVL2:
  64              		.loc 1 100 3 discriminator 2 view .LVU6
  65 001a FFF7FEFF 		bl	assert_failed
  66              	.LVL3:
ARM GAS  C:\Users\minde\AppData\Local\Temp\ccMqDm7g.s 			page 4


  67              	.L2:
 101:../03_Drivers/STM32L4xx_HAL_Driver/Src/stm32l4xx_hal_i2c_ex.c ****   assert_param(IS_I2C_ANALOG_FILTER(AnalogFilter));
  68              		.loc 1 101 3 is_stmt 1 view .LVU7
  69 001e 15B1     		cbz	r5, .L3
  70              		.loc 1 101 3 is_stmt 0 discriminator 1 view .LVU8
  71 0020 B5F5805F 		cmp	r5, #4096
  72 0024 28D1     		bne	.L8
  73              	.L3:
 102:../03_Drivers/STM32L4xx_HAL_Driver/Src/stm32l4xx_hal_i2c_ex.c **** 
 103:../03_Drivers/STM32L4xx_HAL_Driver/Src/stm32l4xx_hal_i2c_ex.c ****   if (hi2c->State == HAL_I2C_STATE_READY)
  74              		.loc 1 103 3 is_stmt 1 view .LVU9
  75              		.loc 1 103 11 is_stmt 0 view .LVU10
  76 0026 94F84130 		ldrb	r3, [r4, #65]	@ zero_extendqisi2
  77 002a DBB2     		uxtb	r3, r3
  78              		.loc 1 103 6 view .LVU11
  79 002c 202B     		cmp	r3, #32
  80 002e 28D1     		bne	.L5
 104:../03_Drivers/STM32L4xx_HAL_Driver/Src/stm32l4xx_hal_i2c_ex.c ****   {
 105:../03_Drivers/STM32L4xx_HAL_Driver/Src/stm32l4xx_hal_i2c_ex.c ****     /* Process Locked */
 106:../03_Drivers/STM32L4xx_HAL_Driver/Src/stm32l4xx_hal_i2c_ex.c ****     __HAL_LOCK(hi2c);
  81              		.loc 1 106 5 is_stmt 1 view .LVU12
  82              		.loc 1 106 5 view .LVU13
  83 0030 94F84030 		ldrb	r3, [r4, #64]	@ zero_extendqisi2
  84 0034 012B     		cmp	r3, #1
  85 0036 26D0     		beq	.L6
  86              		.loc 1 106 5 discriminator 2 view .LVU14
  87 0038 0123     		movs	r3, #1
  88 003a 84F84030 		strb	r3, [r4, #64]
  89              		.loc 1 106 5 discriminator 2 view .LVU15
 107:../03_Drivers/STM32L4xx_HAL_Driver/Src/stm32l4xx_hal_i2c_ex.c **** 
 108:../03_Drivers/STM32L4xx_HAL_Driver/Src/stm32l4xx_hal_i2c_ex.c ****     hi2c->State = HAL_I2C_STATE_BUSY;
  90              		.loc 1 108 5 discriminator 2 view .LVU16
  91              		.loc 1 108 17 is_stmt 0 discriminator 2 view .LVU17
  92 003e 2423     		movs	r3, #36
  93 0040 84F84130 		strb	r3, [r4, #65]
 109:../03_Drivers/STM32L4xx_HAL_Driver/Src/stm32l4xx_hal_i2c_ex.c **** 
 110:../03_Drivers/STM32L4xx_HAL_Driver/Src/stm32l4xx_hal_i2c_ex.c ****     /* Disable the selected I2C peripheral */
 111:../03_Drivers/STM32L4xx_HAL_Driver/Src/stm32l4xx_hal_i2c_ex.c ****     __HAL_I2C_DISABLE(hi2c);
  94              		.loc 1 111 5 is_stmt 1 discriminator 2 view .LVU18
  95 0044 2268     		ldr	r2, [r4]
  96 0046 1368     		ldr	r3, [r2]
  97 0048 23F00103 		bic	r3, r3, #1
  98 004c 1360     		str	r3, [r2]
 112:../03_Drivers/STM32L4xx_HAL_Driver/Src/stm32l4xx_hal_i2c_ex.c **** 
 113:../03_Drivers/STM32L4xx_HAL_Driver/Src/stm32l4xx_hal_i2c_ex.c ****     /* Reset I2Cx ANOFF bit */
 114:../03_Drivers/STM32L4xx_HAL_Driver/Src/stm32l4xx_hal_i2c_ex.c ****     hi2c->Instance->CR1 &= ~(I2C_CR1_ANFOFF);
  99              		.loc 1 114 5 discriminator 2 view .LVU19
 100              		.loc 1 114 9 is_stmt 0 discriminator 2 view .LVU20
 101 004e 2268     		ldr	r2, [r4]
 102              		.loc 1 114 25 discriminator 2 view .LVU21
 103 0050 1368     		ldr	r3, [r2]
 104 0052 23F48053 		bic	r3, r3, #4096
 105 0056 1360     		str	r3, [r2]
 115:../03_Drivers/STM32L4xx_HAL_Driver/Src/stm32l4xx_hal_i2c_ex.c **** 
 116:../03_Drivers/STM32L4xx_HAL_Driver/Src/stm32l4xx_hal_i2c_ex.c ****     /* Set analog filter bit*/
 117:../03_Drivers/STM32L4xx_HAL_Driver/Src/stm32l4xx_hal_i2c_ex.c ****     hi2c->Instance->CR1 |= AnalogFilter;
 106              		.loc 1 117 5 is_stmt 1 discriminator 2 view .LVU22
ARM GAS  C:\Users\minde\AppData\Local\Temp\ccMqDm7g.s 			page 5


 107              		.loc 1 117 9 is_stmt 0 discriminator 2 view .LVU23
 108 0058 2368     		ldr	r3, [r4]
 109              		.loc 1 117 25 discriminator 2 view .LVU24
 110 005a 1968     		ldr	r1, [r3]
 111 005c 0D43     		orrs	r5, r5, r1
 112              	.LVL4:
 113              		.loc 1 117 25 discriminator 2 view .LVU25
 114 005e 1D60     		str	r5, [r3]
 118:../03_Drivers/STM32L4xx_HAL_Driver/Src/stm32l4xx_hal_i2c_ex.c **** 
 119:../03_Drivers/STM32L4xx_HAL_Driver/Src/stm32l4xx_hal_i2c_ex.c ****     __HAL_I2C_ENABLE(hi2c);
 115              		.loc 1 119 5 is_stmt 1 discriminator 2 view .LVU26
 116 0060 2268     		ldr	r2, [r4]
 117 0062 1368     		ldr	r3, [r2]
 118 0064 43F00103 		orr	r3, r3, #1
 119 0068 1360     		str	r3, [r2]
 120:../03_Drivers/STM32L4xx_HAL_Driver/Src/stm32l4xx_hal_i2c_ex.c **** 
 121:../03_Drivers/STM32L4xx_HAL_Driver/Src/stm32l4xx_hal_i2c_ex.c ****     hi2c->State = HAL_I2C_STATE_READY;
 120              		.loc 1 121 5 discriminator 2 view .LVU27
 121              		.loc 1 121 17 is_stmt 0 discriminator 2 view .LVU28
 122 006a 2023     		movs	r3, #32
 123 006c 84F84130 		strb	r3, [r4, #65]
 122:../03_Drivers/STM32L4xx_HAL_Driver/Src/stm32l4xx_hal_i2c_ex.c **** 
 123:../03_Drivers/STM32L4xx_HAL_Driver/Src/stm32l4xx_hal_i2c_ex.c ****     /* Process Unlocked */
 124:../03_Drivers/STM32L4xx_HAL_Driver/Src/stm32l4xx_hal_i2c_ex.c ****     __HAL_UNLOCK(hi2c);
 124              		.loc 1 124 5 is_stmt 1 discriminator 2 view .LVU29
 125              		.loc 1 124 5 discriminator 2 view .LVU30
 126 0070 0020     		movs	r0, #0
 127 0072 84F84000 		strb	r0, [r4, #64]
 128              		.loc 1 124 5 discriminator 2 view .LVU31
 125:../03_Drivers/STM32L4xx_HAL_Driver/Src/stm32l4xx_hal_i2c_ex.c **** 
 126:../03_Drivers/STM32L4xx_HAL_Driver/Src/stm32l4xx_hal_i2c_ex.c ****     return HAL_OK;
 129              		.loc 1 126 5 discriminator 2 view .LVU32
 130              	.L4:
 127:../03_Drivers/STM32L4xx_HAL_Driver/Src/stm32l4xx_hal_i2c_ex.c ****   }
 128:../03_Drivers/STM32L4xx_HAL_Driver/Src/stm32l4xx_hal_i2c_ex.c ****   else
 129:../03_Drivers/STM32L4xx_HAL_Driver/Src/stm32l4xx_hal_i2c_ex.c ****   {
 130:../03_Drivers/STM32L4xx_HAL_Driver/Src/stm32l4xx_hal_i2c_ex.c ****     return HAL_BUSY;
 131:../03_Drivers/STM32L4xx_HAL_Driver/Src/stm32l4xx_hal_i2c_ex.c ****   }
 132:../03_Drivers/STM32L4xx_HAL_Driver/Src/stm32l4xx_hal_i2c_ex.c **** }
 131              		.loc 1 132 1 is_stmt 0 view .LVU33
 132 0076 38BD     		pop	{r3, r4, r5, pc}
 133              	.LVL5:
 134              	.L8:
 101:../03_Drivers/STM32L4xx_HAL_Driver/Src/stm32l4xx_hal_i2c_ex.c **** 
 135              		.loc 1 101 3 discriminator 2 view .LVU34
 136 0078 6521     		movs	r1, #101
 137 007a 0548     		ldr	r0, .L9+4
 138 007c FFF7FEFF 		bl	assert_failed
 139              	.LVL6:
 140 0080 D1E7     		b	.L3
 141              	.L5:
 130:../03_Drivers/STM32L4xx_HAL_Driver/Src/stm32l4xx_hal_i2c_ex.c ****   }
 142              		.loc 1 130 12 view .LVU35
 143 0082 0220     		movs	r0, #2
 144 0084 F7E7     		b	.L4
 145              	.L6:
 106:../03_Drivers/STM32L4xx_HAL_Driver/Src/stm32l4xx_hal_i2c_ex.c **** 
ARM GAS  C:\Users\minde\AppData\Local\Temp\ccMqDm7g.s 			page 6


 146              		.loc 1 106 5 view .LVU36
 147 0086 0220     		movs	r0, #2
 148 0088 F5E7     		b	.L4
 149              	.L10:
 150 008a 00BF     		.align	2
 151              	.L9:
 152 008c 00540040 		.word	1073763328
 153 0090 00000000 		.word	.LC0
 154              		.cfi_endproc
 155              	.LFE288:
 157              		.section	.text.HAL_I2CEx_ConfigDigitalFilter,"ax",%progbits
 158              		.align	1
 159              		.global	HAL_I2CEx_ConfigDigitalFilter
 160              		.syntax unified
 161              		.thumb
 162              		.thumb_func
 163              		.fpu fpv4-sp-d16
 165              	HAL_I2CEx_ConfigDigitalFilter:
 166              	.LVL7:
 167              	.LFB289:
 133:../03_Drivers/STM32L4xx_HAL_Driver/Src/stm32l4xx_hal_i2c_ex.c **** 
 134:../03_Drivers/STM32L4xx_HAL_Driver/Src/stm32l4xx_hal_i2c_ex.c **** /**
 135:../03_Drivers/STM32L4xx_HAL_Driver/Src/stm32l4xx_hal_i2c_ex.c ****   * @brief  Configure I2C Digital noise filter.
 136:../03_Drivers/STM32L4xx_HAL_Driver/Src/stm32l4xx_hal_i2c_ex.c ****   * @param  hi2c Pointer to a I2C_HandleTypeDef structure that contains
 137:../03_Drivers/STM32L4xx_HAL_Driver/Src/stm32l4xx_hal_i2c_ex.c ****   *                the configuration information for the specified I2Cx peripheral.
 138:../03_Drivers/STM32L4xx_HAL_Driver/Src/stm32l4xx_hal_i2c_ex.c ****   * @param  DigitalFilter Coefficient of digital noise filter between Min_Data=0x00 and Max_Data=0x
 139:../03_Drivers/STM32L4xx_HAL_Driver/Src/stm32l4xx_hal_i2c_ex.c ****   * @retval HAL status
 140:../03_Drivers/STM32L4xx_HAL_Driver/Src/stm32l4xx_hal_i2c_ex.c ****   */
 141:../03_Drivers/STM32L4xx_HAL_Driver/Src/stm32l4xx_hal_i2c_ex.c **** HAL_StatusTypeDef HAL_I2CEx_ConfigDigitalFilter(I2C_HandleTypeDef *hi2c, uint32_t DigitalFilter)
 142:../03_Drivers/STM32L4xx_HAL_Driver/Src/stm32l4xx_hal_i2c_ex.c **** {
 168              		.loc 1 142 1 is_stmt 1 view -0
 169              		.cfi_startproc
 170              		@ args = 0, pretend = 0, frame = 0
 171              		@ frame_needed = 0, uses_anonymous_args = 0
 172              		.loc 1 142 1 is_stmt 0 view .LVU38
 173 0000 38B5     		push	{r3, r4, r5, lr}
 174              	.LCFI1:
 175              		.cfi_def_cfa_offset 16
 176              		.cfi_offset 3, -16
 177              		.cfi_offset 4, -12
 178              		.cfi_offset 5, -8
 179              		.cfi_offset 14, -4
 180 0002 0446     		mov	r4, r0
 181 0004 0D46     		mov	r5, r1
 143:../03_Drivers/STM32L4xx_HAL_Driver/Src/stm32l4xx_hal_i2c_ex.c ****   uint32_t tmpreg;
 182              		.loc 1 143 3 is_stmt 1 view .LVU39
 144:../03_Drivers/STM32L4xx_HAL_Driver/Src/stm32l4xx_hal_i2c_ex.c **** 
 145:../03_Drivers/STM32L4xx_HAL_Driver/Src/stm32l4xx_hal_i2c_ex.c ****   /* Check the parameters */
 146:../03_Drivers/STM32L4xx_HAL_Driver/Src/stm32l4xx_hal_i2c_ex.c ****   assert_param(IS_I2C_ALL_INSTANCE(hi2c->Instance));
 183              		.loc 1 146 3 view .LVU40
 184 0006 0368     		ldr	r3, [r0]
 185 0008 1E4A     		ldr	r2, .L19
 186 000a 9342     		cmp	r3, r2
 187 000c 07D0     		beq	.L12
 188              		.loc 1 146 3 is_stmt 0 discriminator 1 view .LVU41
 189 000e 02F50062 		add	r2, r2, #2048
 190 0012 9342     		cmp	r3, r2
ARM GAS  C:\Users\minde\AppData\Local\Temp\ccMqDm7g.s 			page 7


 191 0014 03D0     		beq	.L12
 192              		.loc 1 146 3 discriminator 2 view .LVU42
 193 0016 9221     		movs	r1, #146
 194              	.LVL8:
 195              		.loc 1 146 3 discriminator 2 view .LVU43
 196 0018 1B48     		ldr	r0, .L19+4
 197              	.LVL9:
 198              		.loc 1 146 3 discriminator 2 view .LVU44
 199 001a FFF7FEFF 		bl	assert_failed
 200              	.LVL10:
 201              	.L12:
 147:../03_Drivers/STM32L4xx_HAL_Driver/Src/stm32l4xx_hal_i2c_ex.c ****   assert_param(IS_I2C_DIGITAL_FILTER(DigitalFilter));
 202              		.loc 1 147 3 is_stmt 1 view .LVU45
 203 001e 0F2D     		cmp	r5, #15
 204 0020 26D8     		bhi	.L18
 205              	.L13:
 148:../03_Drivers/STM32L4xx_HAL_Driver/Src/stm32l4xx_hal_i2c_ex.c **** 
 149:../03_Drivers/STM32L4xx_HAL_Driver/Src/stm32l4xx_hal_i2c_ex.c ****   if (hi2c->State == HAL_I2C_STATE_READY)
 206              		.loc 1 149 3 view .LVU46
 207              		.loc 1 149 11 is_stmt 0 view .LVU47
 208 0022 94F84130 		ldrb	r3, [r4, #65]	@ zero_extendqisi2
 209 0026 DBB2     		uxtb	r3, r3
 210              		.loc 1 149 6 view .LVU48
 211 0028 202B     		cmp	r3, #32
 212 002a 26D1     		bne	.L15
 150:../03_Drivers/STM32L4xx_HAL_Driver/Src/stm32l4xx_hal_i2c_ex.c ****   {
 151:../03_Drivers/STM32L4xx_HAL_Driver/Src/stm32l4xx_hal_i2c_ex.c ****     /* Process Locked */
 152:../03_Drivers/STM32L4xx_HAL_Driver/Src/stm32l4xx_hal_i2c_ex.c ****     __HAL_LOCK(hi2c);
 213              		.loc 1 152 5 is_stmt 1 view .LVU49
 214              		.loc 1 152 5 view .LVU50
 215 002c 94F84030 		ldrb	r3, [r4, #64]	@ zero_extendqisi2
 216 0030 012B     		cmp	r3, #1
 217 0032 24D0     		beq	.L16
 218              		.loc 1 152 5 discriminator 2 view .LVU51
 219 0034 0123     		movs	r3, #1
 220 0036 84F84030 		strb	r3, [r4, #64]
 221              		.loc 1 152 5 discriminator 2 view .LVU52
 153:../03_Drivers/STM32L4xx_HAL_Driver/Src/stm32l4xx_hal_i2c_ex.c **** 
 154:../03_Drivers/STM32L4xx_HAL_Driver/Src/stm32l4xx_hal_i2c_ex.c ****     hi2c->State = HAL_I2C_STATE_BUSY;
 222              		.loc 1 154 5 discriminator 2 view .LVU53
 223              		.loc 1 154 17 is_stmt 0 discriminator 2 view .LVU54
 224 003a 2423     		movs	r3, #36
 225 003c 84F84130 		strb	r3, [r4, #65]
 155:../03_Drivers/STM32L4xx_HAL_Driver/Src/stm32l4xx_hal_i2c_ex.c **** 
 156:../03_Drivers/STM32L4xx_HAL_Driver/Src/stm32l4xx_hal_i2c_ex.c ****     /* Disable the selected I2C peripheral */
 157:../03_Drivers/STM32L4xx_HAL_Driver/Src/stm32l4xx_hal_i2c_ex.c ****     __HAL_I2C_DISABLE(hi2c);
 226              		.loc 1 157 5 is_stmt 1 discriminator 2 view .LVU55
 227 0040 2268     		ldr	r2, [r4]
 228 0042 1368     		ldr	r3, [r2]
 229 0044 23F00103 		bic	r3, r3, #1
 230 0048 1360     		str	r3, [r2]
 158:../03_Drivers/STM32L4xx_HAL_Driver/Src/stm32l4xx_hal_i2c_ex.c **** 
 159:../03_Drivers/STM32L4xx_HAL_Driver/Src/stm32l4xx_hal_i2c_ex.c ****     /* Get the old register value */
 160:../03_Drivers/STM32L4xx_HAL_Driver/Src/stm32l4xx_hal_i2c_ex.c ****     tmpreg = hi2c->Instance->CR1;
 231              		.loc 1 160 5 discriminator 2 view .LVU56
 232              		.loc 1 160 18 is_stmt 0 discriminator 2 view .LVU57
 233 004a 2368     		ldr	r3, [r4]
ARM GAS  C:\Users\minde\AppData\Local\Temp\ccMqDm7g.s 			page 8


 234              		.loc 1 160 12 discriminator 2 view .LVU58
 235 004c 1968     		ldr	r1, [r3]
 236              	.LVL11:
 161:../03_Drivers/STM32L4xx_HAL_Driver/Src/stm32l4xx_hal_i2c_ex.c **** 
 162:../03_Drivers/STM32L4xx_HAL_Driver/Src/stm32l4xx_hal_i2c_ex.c ****     /* Reset I2Cx DNF bits [11:8] */
 163:../03_Drivers/STM32L4xx_HAL_Driver/Src/stm32l4xx_hal_i2c_ex.c ****     tmpreg &= ~(I2C_CR1_DNF);
 237              		.loc 1 163 5 is_stmt 1 discriminator 2 view .LVU59
 238              		.loc 1 163 12 is_stmt 0 discriminator 2 view .LVU60
 239 004e 21F47061 		bic	r1, r1, #3840
 240              	.LVL12:
 164:../03_Drivers/STM32L4xx_HAL_Driver/Src/stm32l4xx_hal_i2c_ex.c **** 
 165:../03_Drivers/STM32L4xx_HAL_Driver/Src/stm32l4xx_hal_i2c_ex.c ****     /* Set I2Cx DNF coefficient */
 166:../03_Drivers/STM32L4xx_HAL_Driver/Src/stm32l4xx_hal_i2c_ex.c ****     tmpreg |= DigitalFilter << 8U;
 241              		.loc 1 166 5 is_stmt 1 discriminator 2 view .LVU61
 242              		.loc 1 166 12 is_stmt 0 discriminator 2 view .LVU62
 243 0052 41EA0525 		orr	r5, r1, r5, lsl #8
 244              	.LVL13:
 167:../03_Drivers/STM32L4xx_HAL_Driver/Src/stm32l4xx_hal_i2c_ex.c **** 
 168:../03_Drivers/STM32L4xx_HAL_Driver/Src/stm32l4xx_hal_i2c_ex.c ****     /* Store the new register value */
 169:../03_Drivers/STM32L4xx_HAL_Driver/Src/stm32l4xx_hal_i2c_ex.c ****     hi2c->Instance->CR1 = tmpreg;
 245              		.loc 1 169 5 is_stmt 1 discriminator 2 view .LVU63
 246              		.loc 1 169 25 is_stmt 0 discriminator 2 view .LVU64
 247 0056 1D60     		str	r5, [r3]
 170:../03_Drivers/STM32L4xx_HAL_Driver/Src/stm32l4xx_hal_i2c_ex.c **** 
 171:../03_Drivers/STM32L4xx_HAL_Driver/Src/stm32l4xx_hal_i2c_ex.c ****     __HAL_I2C_ENABLE(hi2c);
 248              		.loc 1 171 5 is_stmt 1 discriminator 2 view .LVU65
 249 0058 2268     		ldr	r2, [r4]
 250 005a 1368     		ldr	r3, [r2]
 251 005c 43F00103 		orr	r3, r3, #1
 252 0060 1360     		str	r3, [r2]
 172:../03_Drivers/STM32L4xx_HAL_Driver/Src/stm32l4xx_hal_i2c_ex.c **** 
 173:../03_Drivers/STM32L4xx_HAL_Driver/Src/stm32l4xx_hal_i2c_ex.c ****     hi2c->State = HAL_I2C_STATE_READY;
 253              		.loc 1 173 5 discriminator 2 view .LVU66
 254              		.loc 1 173 17 is_stmt 0 discriminator 2 view .LVU67
 255 0062 2023     		movs	r3, #32
 256 0064 84F84130 		strb	r3, [r4, #65]
 174:../03_Drivers/STM32L4xx_HAL_Driver/Src/stm32l4xx_hal_i2c_ex.c **** 
 175:../03_Drivers/STM32L4xx_HAL_Driver/Src/stm32l4xx_hal_i2c_ex.c ****     /* Process Unlocked */
 176:../03_Drivers/STM32L4xx_HAL_Driver/Src/stm32l4xx_hal_i2c_ex.c ****     __HAL_UNLOCK(hi2c);
 257              		.loc 1 176 5 is_stmt 1 discriminator 2 view .LVU68
 258              		.loc 1 176 5 discriminator 2 view .LVU69
 259 0068 0020     		movs	r0, #0
 260 006a 84F84000 		strb	r0, [r4, #64]
 261              		.loc 1 176 5 discriminator 2 view .LVU70
 177:../03_Drivers/STM32L4xx_HAL_Driver/Src/stm32l4xx_hal_i2c_ex.c **** 
 178:../03_Drivers/STM32L4xx_HAL_Driver/Src/stm32l4xx_hal_i2c_ex.c ****     return HAL_OK;
 262              		.loc 1 178 5 discriminator 2 view .LVU71
 263              	.LVL14:
 264              	.L14:
 179:../03_Drivers/STM32L4xx_HAL_Driver/Src/stm32l4xx_hal_i2c_ex.c ****   }
 180:../03_Drivers/STM32L4xx_HAL_Driver/Src/stm32l4xx_hal_i2c_ex.c ****   else
 181:../03_Drivers/STM32L4xx_HAL_Driver/Src/stm32l4xx_hal_i2c_ex.c ****   {
 182:../03_Drivers/STM32L4xx_HAL_Driver/Src/stm32l4xx_hal_i2c_ex.c ****     return HAL_BUSY;
 183:../03_Drivers/STM32L4xx_HAL_Driver/Src/stm32l4xx_hal_i2c_ex.c ****   }
 184:../03_Drivers/STM32L4xx_HAL_Driver/Src/stm32l4xx_hal_i2c_ex.c **** }
 265              		.loc 1 184 1 is_stmt 0 view .LVU72
 266 006e 38BD     		pop	{r3, r4, r5, pc}
ARM GAS  C:\Users\minde\AppData\Local\Temp\ccMqDm7g.s 			page 9


 267              	.LVL15:
 268              	.L18:
 147:../03_Drivers/STM32L4xx_HAL_Driver/Src/stm32l4xx_hal_i2c_ex.c **** 
 269              		.loc 1 147 3 discriminator 1 view .LVU73
 270 0070 9321     		movs	r1, #147
 271 0072 0548     		ldr	r0, .L19+4
 272 0074 FFF7FEFF 		bl	assert_failed
 273              	.LVL16:
 274 0078 D3E7     		b	.L13
 275              	.L15:
 182:../03_Drivers/STM32L4xx_HAL_Driver/Src/stm32l4xx_hal_i2c_ex.c ****   }
 276              		.loc 1 182 12 view .LVU74
 277 007a 0220     		movs	r0, #2
 278 007c F7E7     		b	.L14
 279              	.L16:
 152:../03_Drivers/STM32L4xx_HAL_Driver/Src/stm32l4xx_hal_i2c_ex.c **** 
 280              		.loc 1 152 5 view .LVU75
 281 007e 0220     		movs	r0, #2
 282 0080 F5E7     		b	.L14
 283              	.L20:
 284 0082 00BF     		.align	2
 285              	.L19:
 286 0084 00540040 		.word	1073763328
 287 0088 00000000 		.word	.LC0
 288              		.cfi_endproc
 289              	.LFE289:
 291              		.section	.text.HAL_I2CEx_EnableWakeUp,"ax",%progbits
 292              		.align	1
 293              		.global	HAL_I2CEx_EnableWakeUp
 294              		.syntax unified
 295              		.thumb
 296              		.thumb_func
 297              		.fpu fpv4-sp-d16
 299              	HAL_I2CEx_EnableWakeUp:
 300              	.LVL17:
 301              	.LFB290:
 185:../03_Drivers/STM32L4xx_HAL_Driver/Src/stm32l4xx_hal_i2c_ex.c **** 
 186:../03_Drivers/STM32L4xx_HAL_Driver/Src/stm32l4xx_hal_i2c_ex.c **** /**
 187:../03_Drivers/STM32L4xx_HAL_Driver/Src/stm32l4xx_hal_i2c_ex.c ****   * @brief  Enable I2C wakeup from Stop mode(s).
 188:../03_Drivers/STM32L4xx_HAL_Driver/Src/stm32l4xx_hal_i2c_ex.c ****   * @param  hi2c Pointer to a I2C_HandleTypeDef structure that contains
 189:../03_Drivers/STM32L4xx_HAL_Driver/Src/stm32l4xx_hal_i2c_ex.c ****   *                the configuration information for the specified I2Cx peripheral.
 190:../03_Drivers/STM32L4xx_HAL_Driver/Src/stm32l4xx_hal_i2c_ex.c ****   * @retval HAL status
 191:../03_Drivers/STM32L4xx_HAL_Driver/Src/stm32l4xx_hal_i2c_ex.c ****   */
 192:../03_Drivers/STM32L4xx_HAL_Driver/Src/stm32l4xx_hal_i2c_ex.c **** HAL_StatusTypeDef HAL_I2CEx_EnableWakeUp(I2C_HandleTypeDef *hi2c)
 193:../03_Drivers/STM32L4xx_HAL_Driver/Src/stm32l4xx_hal_i2c_ex.c **** {
 302              		.loc 1 193 1 is_stmt 1 view -0
 303              		.cfi_startproc
 304              		@ args = 0, pretend = 0, frame = 0
 305              		@ frame_needed = 0, uses_anonymous_args = 0
 306              		.loc 1 193 1 is_stmt 0 view .LVU77
 307 0000 10B5     		push	{r4, lr}
 308              	.LCFI2:
 309              		.cfi_def_cfa_offset 8
 310              		.cfi_offset 4, -8
 311              		.cfi_offset 14, -4
 312 0002 0446     		mov	r4, r0
 194:../03_Drivers/STM32L4xx_HAL_Driver/Src/stm32l4xx_hal_i2c_ex.c ****   /* Check the parameters */
ARM GAS  C:\Users\minde\AppData\Local\Temp\ccMqDm7g.s 			page 10


 195:../03_Drivers/STM32L4xx_HAL_Driver/Src/stm32l4xx_hal_i2c_ex.c ****   assert_param(IS_I2C_WAKEUP_FROMSTOP_INSTANCE(hi2c->Instance));
 313              		.loc 1 195 3 is_stmt 1 view .LVU78
 314 0004 0368     		ldr	r3, [r0]
 315 0006 1A4A     		ldr	r2, .L27
 316 0008 9342     		cmp	r3, r2
 317 000a 07D0     		beq	.L22
 318              		.loc 1 195 3 is_stmt 0 discriminator 1 view .LVU79
 319 000c 02F50062 		add	r2, r2, #2048
 320 0010 9342     		cmp	r3, r2
 321 0012 03D0     		beq	.L22
 322              		.loc 1 195 3 discriminator 2 view .LVU80
 323 0014 C321     		movs	r1, #195
 324 0016 1748     		ldr	r0, .L27+4
 325              	.LVL18:
 326              		.loc 1 195 3 discriminator 2 view .LVU81
 327 0018 FFF7FEFF 		bl	assert_failed
 328              	.LVL19:
 329              	.L22:
 196:../03_Drivers/STM32L4xx_HAL_Driver/Src/stm32l4xx_hal_i2c_ex.c **** 
 197:../03_Drivers/STM32L4xx_HAL_Driver/Src/stm32l4xx_hal_i2c_ex.c ****   if (hi2c->State == HAL_I2C_STATE_READY)
 330              		.loc 1 197 3 is_stmt 1 view .LVU82
 331              		.loc 1 197 11 is_stmt 0 view .LVU83
 332 001c 94F84130 		ldrb	r3, [r4, #65]	@ zero_extendqisi2
 333 0020 DBB2     		uxtb	r3, r3
 334              		.loc 1 197 6 view .LVU84
 335 0022 202B     		cmp	r3, #32
 336 0024 1FD1     		bne	.L24
 198:../03_Drivers/STM32L4xx_HAL_Driver/Src/stm32l4xx_hal_i2c_ex.c ****   {
 199:../03_Drivers/STM32L4xx_HAL_Driver/Src/stm32l4xx_hal_i2c_ex.c ****     /* Process Locked */
 200:../03_Drivers/STM32L4xx_HAL_Driver/Src/stm32l4xx_hal_i2c_ex.c ****     __HAL_LOCK(hi2c);
 337              		.loc 1 200 5 is_stmt 1 view .LVU85
 338              		.loc 1 200 5 view .LVU86
 339 0026 94F84030 		ldrb	r3, [r4, #64]	@ zero_extendqisi2
 340 002a 012B     		cmp	r3, #1
 341 002c 1DD0     		beq	.L25
 342              		.loc 1 200 5 discriminator 2 view .LVU87
 343 002e 0123     		movs	r3, #1
 344 0030 84F84030 		strb	r3, [r4, #64]
 345              		.loc 1 200 5 discriminator 2 view .LVU88
 201:../03_Drivers/STM32L4xx_HAL_Driver/Src/stm32l4xx_hal_i2c_ex.c **** 
 202:../03_Drivers/STM32L4xx_HAL_Driver/Src/stm32l4xx_hal_i2c_ex.c ****     hi2c->State = HAL_I2C_STATE_BUSY;
 346              		.loc 1 202 5 discriminator 2 view .LVU89
 347              		.loc 1 202 17 is_stmt 0 discriminator 2 view .LVU90
 348 0034 2423     		movs	r3, #36
 349 0036 84F84130 		strb	r3, [r4, #65]
 203:../03_Drivers/STM32L4xx_HAL_Driver/Src/stm32l4xx_hal_i2c_ex.c **** 
 204:../03_Drivers/STM32L4xx_HAL_Driver/Src/stm32l4xx_hal_i2c_ex.c ****     /* Disable the selected I2C peripheral */
 205:../03_Drivers/STM32L4xx_HAL_Driver/Src/stm32l4xx_hal_i2c_ex.c ****     __HAL_I2C_DISABLE(hi2c);
 350              		.loc 1 205 5 is_stmt 1 discriminator 2 view .LVU91
 351 003a 2268     		ldr	r2, [r4]
 352 003c 1368     		ldr	r3, [r2]
 353 003e 23F00103 		bic	r3, r3, #1
 354 0042 1360     		str	r3, [r2]
 206:../03_Drivers/STM32L4xx_HAL_Driver/Src/stm32l4xx_hal_i2c_ex.c **** 
 207:../03_Drivers/STM32L4xx_HAL_Driver/Src/stm32l4xx_hal_i2c_ex.c ****     /* Enable wakeup from stop mode */
 208:../03_Drivers/STM32L4xx_HAL_Driver/Src/stm32l4xx_hal_i2c_ex.c ****     hi2c->Instance->CR1 |= I2C_CR1_WUPEN;
 355              		.loc 1 208 5 discriminator 2 view .LVU92
ARM GAS  C:\Users\minde\AppData\Local\Temp\ccMqDm7g.s 			page 11


 356              		.loc 1 208 9 is_stmt 0 discriminator 2 view .LVU93
 357 0044 2268     		ldr	r2, [r4]
 358              		.loc 1 208 25 discriminator 2 view .LVU94
 359 0046 1368     		ldr	r3, [r2]
 360 0048 43F48023 		orr	r3, r3, #262144
 361 004c 1360     		str	r3, [r2]
 209:../03_Drivers/STM32L4xx_HAL_Driver/Src/stm32l4xx_hal_i2c_ex.c **** 
 210:../03_Drivers/STM32L4xx_HAL_Driver/Src/stm32l4xx_hal_i2c_ex.c ****     __HAL_I2C_ENABLE(hi2c);
 362              		.loc 1 210 5 is_stmt 1 discriminator 2 view .LVU95
 363 004e 2268     		ldr	r2, [r4]
 364 0050 1368     		ldr	r3, [r2]
 365 0052 43F00103 		orr	r3, r3, #1
 366 0056 1360     		str	r3, [r2]
 211:../03_Drivers/STM32L4xx_HAL_Driver/Src/stm32l4xx_hal_i2c_ex.c **** 
 212:../03_Drivers/STM32L4xx_HAL_Driver/Src/stm32l4xx_hal_i2c_ex.c ****     hi2c->State = HAL_I2C_STATE_READY;
 367              		.loc 1 212 5 discriminator 2 view .LVU96
 368              		.loc 1 212 17 is_stmt 0 discriminator 2 view .LVU97
 369 0058 2023     		movs	r3, #32
 370 005a 84F84130 		strb	r3, [r4, #65]
 213:../03_Drivers/STM32L4xx_HAL_Driver/Src/stm32l4xx_hal_i2c_ex.c **** 
 214:../03_Drivers/STM32L4xx_HAL_Driver/Src/stm32l4xx_hal_i2c_ex.c ****     /* Process Unlocked */
 215:../03_Drivers/STM32L4xx_HAL_Driver/Src/stm32l4xx_hal_i2c_ex.c ****     __HAL_UNLOCK(hi2c);
 371              		.loc 1 215 5 is_stmt 1 discriminator 2 view .LVU98
 372              		.loc 1 215 5 discriminator 2 view .LVU99
 373 005e 0020     		movs	r0, #0
 374 0060 84F84000 		strb	r0, [r4, #64]
 375              		.loc 1 215 5 discriminator 2 view .LVU100
 216:../03_Drivers/STM32L4xx_HAL_Driver/Src/stm32l4xx_hal_i2c_ex.c **** 
 217:../03_Drivers/STM32L4xx_HAL_Driver/Src/stm32l4xx_hal_i2c_ex.c ****     return HAL_OK;
 376              		.loc 1 217 5 discriminator 2 view .LVU101
 377              	.L23:
 218:../03_Drivers/STM32L4xx_HAL_Driver/Src/stm32l4xx_hal_i2c_ex.c ****   }
 219:../03_Drivers/STM32L4xx_HAL_Driver/Src/stm32l4xx_hal_i2c_ex.c ****   else
 220:../03_Drivers/STM32L4xx_HAL_Driver/Src/stm32l4xx_hal_i2c_ex.c ****   {
 221:../03_Drivers/STM32L4xx_HAL_Driver/Src/stm32l4xx_hal_i2c_ex.c ****     return HAL_BUSY;
 222:../03_Drivers/STM32L4xx_HAL_Driver/Src/stm32l4xx_hal_i2c_ex.c ****   }
 223:../03_Drivers/STM32L4xx_HAL_Driver/Src/stm32l4xx_hal_i2c_ex.c **** }
 378              		.loc 1 223 1 is_stmt 0 view .LVU102
 379 0064 10BD     		pop	{r4, pc}
 380              	.LVL20:
 381              	.L24:
 221:../03_Drivers/STM32L4xx_HAL_Driver/Src/stm32l4xx_hal_i2c_ex.c ****   }
 382              		.loc 1 221 12 view .LVU103
 383 0066 0220     		movs	r0, #2
 384 0068 FCE7     		b	.L23
 385              	.L25:
 200:../03_Drivers/STM32L4xx_HAL_Driver/Src/stm32l4xx_hal_i2c_ex.c **** 
 386              		.loc 1 200 5 view .LVU104
 387 006a 0220     		movs	r0, #2
 388 006c FAE7     		b	.L23
 389              	.L28:
 390 006e 00BF     		.align	2
 391              	.L27:
 392 0070 00540040 		.word	1073763328
 393 0074 00000000 		.word	.LC0
 394              		.cfi_endproc
 395              	.LFE290:
ARM GAS  C:\Users\minde\AppData\Local\Temp\ccMqDm7g.s 			page 12


 397              		.section	.text.HAL_I2CEx_DisableWakeUp,"ax",%progbits
 398              		.align	1
 399              		.global	HAL_I2CEx_DisableWakeUp
 400              		.syntax unified
 401              		.thumb
 402              		.thumb_func
 403              		.fpu fpv4-sp-d16
 405              	HAL_I2CEx_DisableWakeUp:
 406              	.LVL21:
 407              	.LFB291:
 224:../03_Drivers/STM32L4xx_HAL_Driver/Src/stm32l4xx_hal_i2c_ex.c **** 
 225:../03_Drivers/STM32L4xx_HAL_Driver/Src/stm32l4xx_hal_i2c_ex.c **** /**
 226:../03_Drivers/STM32L4xx_HAL_Driver/Src/stm32l4xx_hal_i2c_ex.c ****   * @brief  Disable I2C wakeup from Stop mode(s).
 227:../03_Drivers/STM32L4xx_HAL_Driver/Src/stm32l4xx_hal_i2c_ex.c ****   * @param  hi2c Pointer to a I2C_HandleTypeDef structure that contains
 228:../03_Drivers/STM32L4xx_HAL_Driver/Src/stm32l4xx_hal_i2c_ex.c ****   *                the configuration information for the specified I2Cx peripheral.
 229:../03_Drivers/STM32L4xx_HAL_Driver/Src/stm32l4xx_hal_i2c_ex.c ****   * @retval HAL status
 230:../03_Drivers/STM32L4xx_HAL_Driver/Src/stm32l4xx_hal_i2c_ex.c ****   */
 231:../03_Drivers/STM32L4xx_HAL_Driver/Src/stm32l4xx_hal_i2c_ex.c **** HAL_StatusTypeDef HAL_I2CEx_DisableWakeUp(I2C_HandleTypeDef *hi2c)
 232:../03_Drivers/STM32L4xx_HAL_Driver/Src/stm32l4xx_hal_i2c_ex.c **** {
 408              		.loc 1 232 1 is_stmt 1 view -0
 409              		.cfi_startproc
 410              		@ args = 0, pretend = 0, frame = 0
 411              		@ frame_needed = 0, uses_anonymous_args = 0
 412              		.loc 1 232 1 is_stmt 0 view .LVU106
 413 0000 10B5     		push	{r4, lr}
 414              	.LCFI3:
 415              		.cfi_def_cfa_offset 8
 416              		.cfi_offset 4, -8
 417              		.cfi_offset 14, -4
 418 0002 0446     		mov	r4, r0
 233:../03_Drivers/STM32L4xx_HAL_Driver/Src/stm32l4xx_hal_i2c_ex.c ****   /* Check the parameters */
 234:../03_Drivers/STM32L4xx_HAL_Driver/Src/stm32l4xx_hal_i2c_ex.c ****   assert_param(IS_I2C_WAKEUP_FROMSTOP_INSTANCE(hi2c->Instance));
 419              		.loc 1 234 3 is_stmt 1 view .LVU107
 420 0004 0368     		ldr	r3, [r0]
 421 0006 1A4A     		ldr	r2, .L35
 422 0008 9342     		cmp	r3, r2
 423 000a 07D0     		beq	.L30
 424              		.loc 1 234 3 is_stmt 0 discriminator 1 view .LVU108
 425 000c 02F50062 		add	r2, r2, #2048
 426 0010 9342     		cmp	r3, r2
 427 0012 03D0     		beq	.L30
 428              		.loc 1 234 3 discriminator 2 view .LVU109
 429 0014 EA21     		movs	r1, #234
 430 0016 1748     		ldr	r0, .L35+4
 431              	.LVL22:
 432              		.loc 1 234 3 discriminator 2 view .LVU110
 433 0018 FFF7FEFF 		bl	assert_failed
 434              	.LVL23:
 435              	.L30:
 235:../03_Drivers/STM32L4xx_HAL_Driver/Src/stm32l4xx_hal_i2c_ex.c **** 
 236:../03_Drivers/STM32L4xx_HAL_Driver/Src/stm32l4xx_hal_i2c_ex.c ****   if (hi2c->State == HAL_I2C_STATE_READY)
 436              		.loc 1 236 3 is_stmt 1 view .LVU111
 437              		.loc 1 236 11 is_stmt 0 view .LVU112
 438 001c 94F84130 		ldrb	r3, [r4, #65]	@ zero_extendqisi2
 439 0020 DBB2     		uxtb	r3, r3
 440              		.loc 1 236 6 view .LVU113
 441 0022 202B     		cmp	r3, #32
ARM GAS  C:\Users\minde\AppData\Local\Temp\ccMqDm7g.s 			page 13


 442 0024 1FD1     		bne	.L32
 237:../03_Drivers/STM32L4xx_HAL_Driver/Src/stm32l4xx_hal_i2c_ex.c ****   {
 238:../03_Drivers/STM32L4xx_HAL_Driver/Src/stm32l4xx_hal_i2c_ex.c ****     /* Process Locked */
 239:../03_Drivers/STM32L4xx_HAL_Driver/Src/stm32l4xx_hal_i2c_ex.c ****     __HAL_LOCK(hi2c);
 443              		.loc 1 239 5 is_stmt 1 view .LVU114
 444              		.loc 1 239 5 view .LVU115
 445 0026 94F84030 		ldrb	r3, [r4, #64]	@ zero_extendqisi2
 446 002a 012B     		cmp	r3, #1
 447 002c 1DD0     		beq	.L33
 448              		.loc 1 239 5 discriminator 2 view .LVU116
 449 002e 0123     		movs	r3, #1
 450 0030 84F84030 		strb	r3, [r4, #64]
 451              		.loc 1 239 5 discriminator 2 view .LVU117
 240:../03_Drivers/STM32L4xx_HAL_Driver/Src/stm32l4xx_hal_i2c_ex.c **** 
 241:../03_Drivers/STM32L4xx_HAL_Driver/Src/stm32l4xx_hal_i2c_ex.c ****     hi2c->State = HAL_I2C_STATE_BUSY;
 452              		.loc 1 241 5 discriminator 2 view .LVU118
 453              		.loc 1 241 17 is_stmt 0 discriminator 2 view .LVU119
 454 0034 2423     		movs	r3, #36
 455 0036 84F84130 		strb	r3, [r4, #65]
 242:../03_Drivers/STM32L4xx_HAL_Driver/Src/stm32l4xx_hal_i2c_ex.c **** 
 243:../03_Drivers/STM32L4xx_HAL_Driver/Src/stm32l4xx_hal_i2c_ex.c ****     /* Disable the selected I2C peripheral */
 244:../03_Drivers/STM32L4xx_HAL_Driver/Src/stm32l4xx_hal_i2c_ex.c ****     __HAL_I2C_DISABLE(hi2c);
 456              		.loc 1 244 5 is_stmt 1 discriminator 2 view .LVU120
 457 003a 2268     		ldr	r2, [r4]
 458 003c 1368     		ldr	r3, [r2]
 459 003e 23F00103 		bic	r3, r3, #1
 460 0042 1360     		str	r3, [r2]
 245:../03_Drivers/STM32L4xx_HAL_Driver/Src/stm32l4xx_hal_i2c_ex.c **** 
 246:../03_Drivers/STM32L4xx_HAL_Driver/Src/stm32l4xx_hal_i2c_ex.c ****     /* Enable wakeup from stop mode */
 247:../03_Drivers/STM32L4xx_HAL_Driver/Src/stm32l4xx_hal_i2c_ex.c ****     hi2c->Instance->CR1 &= ~(I2C_CR1_WUPEN);
 461              		.loc 1 247 5 discriminator 2 view .LVU121
 462              		.loc 1 247 9 is_stmt 0 discriminator 2 view .LVU122
 463 0044 2268     		ldr	r2, [r4]
 464              		.loc 1 247 25 discriminator 2 view .LVU123
 465 0046 1368     		ldr	r3, [r2]
 466 0048 23F48023 		bic	r3, r3, #262144
 467 004c 1360     		str	r3, [r2]
 248:../03_Drivers/STM32L4xx_HAL_Driver/Src/stm32l4xx_hal_i2c_ex.c **** 
 249:../03_Drivers/STM32L4xx_HAL_Driver/Src/stm32l4xx_hal_i2c_ex.c ****     __HAL_I2C_ENABLE(hi2c);
 468              		.loc 1 249 5 is_stmt 1 discriminator 2 view .LVU124
 469 004e 2268     		ldr	r2, [r4]
 470 0050 1368     		ldr	r3, [r2]
 471 0052 43F00103 		orr	r3, r3, #1
 472 0056 1360     		str	r3, [r2]
 250:../03_Drivers/STM32L4xx_HAL_Driver/Src/stm32l4xx_hal_i2c_ex.c **** 
 251:../03_Drivers/STM32L4xx_HAL_Driver/Src/stm32l4xx_hal_i2c_ex.c ****     hi2c->State = HAL_I2C_STATE_READY;
 473              		.loc 1 251 5 discriminator 2 view .LVU125
 474              		.loc 1 251 17 is_stmt 0 discriminator 2 view .LVU126
 475 0058 2023     		movs	r3, #32
 476 005a 84F84130 		strb	r3, [r4, #65]
 252:../03_Drivers/STM32L4xx_HAL_Driver/Src/stm32l4xx_hal_i2c_ex.c **** 
 253:../03_Drivers/STM32L4xx_HAL_Driver/Src/stm32l4xx_hal_i2c_ex.c ****     /* Process Unlocked */
 254:../03_Drivers/STM32L4xx_HAL_Driver/Src/stm32l4xx_hal_i2c_ex.c ****     __HAL_UNLOCK(hi2c);
 477              		.loc 1 254 5 is_stmt 1 discriminator 2 view .LVU127
 478              		.loc 1 254 5 discriminator 2 view .LVU128
 479 005e 0020     		movs	r0, #0
 480 0060 84F84000 		strb	r0, [r4, #64]
ARM GAS  C:\Users\minde\AppData\Local\Temp\ccMqDm7g.s 			page 14


 481              		.loc 1 254 5 discriminator 2 view .LVU129
 255:../03_Drivers/STM32L4xx_HAL_Driver/Src/stm32l4xx_hal_i2c_ex.c **** 
 256:../03_Drivers/STM32L4xx_HAL_Driver/Src/stm32l4xx_hal_i2c_ex.c ****     return HAL_OK;
 482              		.loc 1 256 5 discriminator 2 view .LVU130
 483              	.L31:
 257:../03_Drivers/STM32L4xx_HAL_Driver/Src/stm32l4xx_hal_i2c_ex.c ****   }
 258:../03_Drivers/STM32L4xx_HAL_Driver/Src/stm32l4xx_hal_i2c_ex.c ****   else
 259:../03_Drivers/STM32L4xx_HAL_Driver/Src/stm32l4xx_hal_i2c_ex.c ****   {
 260:../03_Drivers/STM32L4xx_HAL_Driver/Src/stm32l4xx_hal_i2c_ex.c ****     return HAL_BUSY;
 261:../03_Drivers/STM32L4xx_HAL_Driver/Src/stm32l4xx_hal_i2c_ex.c ****   }
 262:../03_Drivers/STM32L4xx_HAL_Driver/Src/stm32l4xx_hal_i2c_ex.c **** }
 484              		.loc 1 262 1 is_stmt 0 view .LVU131
 485 0064 10BD     		pop	{r4, pc}
 486              	.LVL24:
 487              	.L32:
 260:../03_Drivers/STM32L4xx_HAL_Driver/Src/stm32l4xx_hal_i2c_ex.c ****   }
 488              		.loc 1 260 12 view .LVU132
 489 0066 0220     		movs	r0, #2
 490 0068 FCE7     		b	.L31
 491              	.L33:
 239:../03_Drivers/STM32L4xx_HAL_Driver/Src/stm32l4xx_hal_i2c_ex.c **** 
 492              		.loc 1 239 5 view .LVU133
 493 006a 0220     		movs	r0, #2
 494 006c FAE7     		b	.L31
 495              	.L36:
 496 006e 00BF     		.align	2
 497              	.L35:
 498 0070 00540040 		.word	1073763328
 499 0074 00000000 		.word	.LC0
 500              		.cfi_endproc
 501              	.LFE291:
 503              		.section	.text.HAL_I2CEx_EnableFastModePlus,"ax",%progbits
 504              		.align	1
 505              		.global	HAL_I2CEx_EnableFastModePlus
 506              		.syntax unified
 507              		.thumb
 508              		.thumb_func
 509              		.fpu fpv4-sp-d16
 511              	HAL_I2CEx_EnableFastModePlus:
 512              	.LVL25:
 513              	.LFB292:
 263:../03_Drivers/STM32L4xx_HAL_Driver/Src/stm32l4xx_hal_i2c_ex.c **** 
 264:../03_Drivers/STM32L4xx_HAL_Driver/Src/stm32l4xx_hal_i2c_ex.c **** /**
 265:../03_Drivers/STM32L4xx_HAL_Driver/Src/stm32l4xx_hal_i2c_ex.c ****   * @brief Enable the I2C fast mode plus driving capability.
 266:../03_Drivers/STM32L4xx_HAL_Driver/Src/stm32l4xx_hal_i2c_ex.c ****   * @param ConfigFastModePlus Selects the pin.
 267:../03_Drivers/STM32L4xx_HAL_Driver/Src/stm32l4xx_hal_i2c_ex.c ****   *   This parameter can be one of the @ref I2CEx_FastModePlus values
 268:../03_Drivers/STM32L4xx_HAL_Driver/Src/stm32l4xx_hal_i2c_ex.c ****   * @note  For I2C1, fast mode plus driving capability can be enabled on all selected
 269:../03_Drivers/STM32L4xx_HAL_Driver/Src/stm32l4xx_hal_i2c_ex.c ****   *        I2C1 pins using I2C_FASTMODEPLUS_I2C1 parameter or independently
 270:../03_Drivers/STM32L4xx_HAL_Driver/Src/stm32l4xx_hal_i2c_ex.c ****   *        on each one of the following pins PB6, PB7, PB8 and PB9.
 271:../03_Drivers/STM32L4xx_HAL_Driver/Src/stm32l4xx_hal_i2c_ex.c ****   * @note  For remaining I2C1 pins (PA14, PA15...) fast mode plus driving capability
 272:../03_Drivers/STM32L4xx_HAL_Driver/Src/stm32l4xx_hal_i2c_ex.c ****   *        can be enabled only by using I2C_FASTMODEPLUS_I2C1 parameter.
 273:../03_Drivers/STM32L4xx_HAL_Driver/Src/stm32l4xx_hal_i2c_ex.c ****   * @note  For all I2C2 pins fast mode plus driving capability can be enabled
 274:../03_Drivers/STM32L4xx_HAL_Driver/Src/stm32l4xx_hal_i2c_ex.c ****   *        only by using I2C_FASTMODEPLUS_I2C2 parameter.
 275:../03_Drivers/STM32L4xx_HAL_Driver/Src/stm32l4xx_hal_i2c_ex.c ****   * @note  For all I2C3 pins fast mode plus driving capability can be enabled
 276:../03_Drivers/STM32L4xx_HAL_Driver/Src/stm32l4xx_hal_i2c_ex.c ****   *        only by using I2C_FASTMODEPLUS_I2C3 parameter.
 277:../03_Drivers/STM32L4xx_HAL_Driver/Src/stm32l4xx_hal_i2c_ex.c ****   * @note  For all I2C4 pins fast mode plus driving capability can be enabled
 278:../03_Drivers/STM32L4xx_HAL_Driver/Src/stm32l4xx_hal_i2c_ex.c ****   *        only by using I2C_FASTMODEPLUS_I2C4 parameter.
ARM GAS  C:\Users\minde\AppData\Local\Temp\ccMqDm7g.s 			page 15


 279:../03_Drivers/STM32L4xx_HAL_Driver/Src/stm32l4xx_hal_i2c_ex.c ****   * @retval None
 280:../03_Drivers/STM32L4xx_HAL_Driver/Src/stm32l4xx_hal_i2c_ex.c ****   */
 281:../03_Drivers/STM32L4xx_HAL_Driver/Src/stm32l4xx_hal_i2c_ex.c **** void HAL_I2CEx_EnableFastModePlus(uint32_t ConfigFastModePlus)
 282:../03_Drivers/STM32L4xx_HAL_Driver/Src/stm32l4xx_hal_i2c_ex.c **** {
 514              		.loc 1 282 1 is_stmt 1 view -0
 515              		.cfi_startproc
 516              		@ args = 0, pretend = 0, frame = 8
 517              		@ frame_needed = 0, uses_anonymous_args = 0
 518              		.loc 1 282 1 is_stmt 0 view .LVU135
 519 0000 10B5     		push	{r4, lr}
 520              	.LCFI4:
 521              		.cfi_def_cfa_offset 8
 522              		.cfi_offset 4, -8
 523              		.cfi_offset 14, -4
 524 0002 82B0     		sub	sp, sp, #8
 525              	.LCFI5:
 526              		.cfi_def_cfa_offset 16
 527 0004 0446     		mov	r4, r0
 283:../03_Drivers/STM32L4xx_HAL_Driver/Src/stm32l4xx_hal_i2c_ex.c ****   /* Check the parameter */
 284:../03_Drivers/STM32L4xx_HAL_Driver/Src/stm32l4xx_hal_i2c_ex.c ****   assert_param(IS_I2C_FASTMODEPLUS(ConfigFastModePlus));
 528              		.loc 1 284 3 is_stmt 1 view .LVU136
 529 0006 164B     		ldr	r3, .L41
 530 0008 8343     		bics	r3, r3, r0
 531 000a 14D0     		beq	.L38
 532              		.loc 1 284 3 is_stmt 0 discriminator 2 view .LVU137
 533 000c 10F4403F 		tst	r0, #196608
 534 0010 16D1     		bne	.L39
 535              		.loc 1 284 3 discriminator 3 view .LVU138
 536 0012 144B     		ldr	r3, .L41+4
 537 0014 8343     		bics	r3, r3, r0
 538 0016 13D0     		beq	.L39
 539              		.loc 1 284 3 discriminator 4 view .LVU139
 540 0018 134B     		ldr	r3, .L41+8
 541 001a 8343     		bics	r3, r3, r0
 542 001c 10D0     		beq	.L39
 543              		.loc 1 284 3 discriminator 5 view .LVU140
 544 001e 10F4801F 		tst	r0, #1048576
 545 0022 0DD1     		bne	.L39
 546              		.loc 1 284 3 discriminator 6 view .LVU141
 547 0024 114B     		ldr	r3, .L41+12
 548 0026 8343     		bics	r3, r3, r0
 549 0028 0AD0     		beq	.L39
 550              		.loc 1 284 3 discriminator 7 view .LVU142
 551 002a 10F4800F 		tst	r0, #4194304
 552 002e 07D1     		bne	.L39
 553              		.loc 1 284 3 discriminator 8 view .LVU143
 554 0030 0F4B     		ldr	r3, .L41+16
 555 0032 8343     		bics	r3, r3, r0
 556 0034 04D0     		beq	.L39
 557              	.L38:
 558              		.loc 1 284 3 discriminator 9 view .LVU144
 559 0036 4FF48E71 		mov	r1, #284
 560 003a 0E48     		ldr	r0, .L41+20
 561              	.LVL26:
 562              		.loc 1 284 3 discriminator 9 view .LVU145
 563 003c FFF7FEFF 		bl	assert_failed
 564              	.LVL27:
ARM GAS  C:\Users\minde\AppData\Local\Temp\ccMqDm7g.s 			page 16


 565              	.L39:
 285:../03_Drivers/STM32L4xx_HAL_Driver/Src/stm32l4xx_hal_i2c_ex.c **** 
 286:../03_Drivers/STM32L4xx_HAL_Driver/Src/stm32l4xx_hal_i2c_ex.c ****   /* Enable SYSCFG clock */
 287:../03_Drivers/STM32L4xx_HAL_Driver/Src/stm32l4xx_hal_i2c_ex.c ****   __HAL_RCC_SYSCFG_CLK_ENABLE();
 566              		.loc 1 287 3 is_stmt 1 view .LVU146
 567              	.LBB2:
 568              		.loc 1 287 3 view .LVU147
 569              		.loc 1 287 3 view .LVU148
 570 0040 0D4B     		ldr	r3, .L41+24
 571 0042 1A6E     		ldr	r2, [r3, #96]
 572 0044 42F00102 		orr	r2, r2, #1
 573 0048 1A66     		str	r2, [r3, #96]
 574              		.loc 1 287 3 view .LVU149
 575 004a 1B6E     		ldr	r3, [r3, #96]
 576 004c 03F00103 		and	r3, r3, #1
 577 0050 0193     		str	r3, [sp, #4]
 578              		.loc 1 287 3 view .LVU150
 579 0052 019B     		ldr	r3, [sp, #4]
 580              	.LBE2:
 581              		.loc 1 287 3 view .LVU151
 288:../03_Drivers/STM32L4xx_HAL_Driver/Src/stm32l4xx_hal_i2c_ex.c **** 
 289:../03_Drivers/STM32L4xx_HAL_Driver/Src/stm32l4xx_hal_i2c_ex.c ****   /* Enable fast mode plus driving capability for selected pin */
 290:../03_Drivers/STM32L4xx_HAL_Driver/Src/stm32l4xx_hal_i2c_ex.c ****   SET_BIT(SYSCFG->CFGR1, (uint32_t)ConfigFastModePlus);
 582              		.loc 1 290 3 view .LVU152
 583 0054 094B     		ldr	r3, .L41+28
 584 0056 5868     		ldr	r0, [r3, #4]
 585 0058 0443     		orrs	r4, r4, r0
 586              	.LVL28:
 587              		.loc 1 290 3 is_stmt 0 view .LVU153
 588 005a 5C60     		str	r4, [r3, #4]
 291:../03_Drivers/STM32L4xx_HAL_Driver/Src/stm32l4xx_hal_i2c_ex.c **** }
 589              		.loc 1 291 1 view .LVU154
 590 005c 02B0     		add	sp, sp, #8
 591              	.LCFI6:
 592              		.cfi_def_cfa_offset 8
 593              		@ sp needed
 594 005e 10BD     		pop	{r4, pc}
 595              	.L42:
 596              		.align	2
 597              	.L41:
 598 0060 0000AAAA 		.word	-1431699456
 599 0064 1000AAAA 		.word	-1431699440
 600 0068 1200AAAA 		.word	-1431699438
 601 006c 0002AAAA 		.word	-1431698944
 602 0070 0008AAAA 		.word	-1431697408
 603 0074 00000000 		.word	.LC0
 604 0078 00100240 		.word	1073876992
 605 007c 00000140 		.word	1073807360
 606              		.cfi_endproc
 607              	.LFE292:
 609              		.section	.text.HAL_I2CEx_DisableFastModePlus,"ax",%progbits
 610              		.align	1
 611              		.global	HAL_I2CEx_DisableFastModePlus
 612              		.syntax unified
 613              		.thumb
 614              		.thumb_func
 615              		.fpu fpv4-sp-d16
ARM GAS  C:\Users\minde\AppData\Local\Temp\ccMqDm7g.s 			page 17


 617              	HAL_I2CEx_DisableFastModePlus:
 618              	.LVL29:
 619              	.LFB293:
 292:../03_Drivers/STM32L4xx_HAL_Driver/Src/stm32l4xx_hal_i2c_ex.c **** 
 293:../03_Drivers/STM32L4xx_HAL_Driver/Src/stm32l4xx_hal_i2c_ex.c **** /**
 294:../03_Drivers/STM32L4xx_HAL_Driver/Src/stm32l4xx_hal_i2c_ex.c ****   * @brief Disable the I2C fast mode plus driving capability.
 295:../03_Drivers/STM32L4xx_HAL_Driver/Src/stm32l4xx_hal_i2c_ex.c ****   * @param ConfigFastModePlus Selects the pin.
 296:../03_Drivers/STM32L4xx_HAL_Driver/Src/stm32l4xx_hal_i2c_ex.c ****   *   This parameter can be one of the @ref I2CEx_FastModePlus values
 297:../03_Drivers/STM32L4xx_HAL_Driver/Src/stm32l4xx_hal_i2c_ex.c ****   * @note  For I2C1, fast mode plus driving capability can be disabled on all selected
 298:../03_Drivers/STM32L4xx_HAL_Driver/Src/stm32l4xx_hal_i2c_ex.c ****   *        I2C1 pins using I2C_FASTMODEPLUS_I2C1 parameter or independently
 299:../03_Drivers/STM32L4xx_HAL_Driver/Src/stm32l4xx_hal_i2c_ex.c ****   *        on each one of the following pins PB6, PB7, PB8 and PB9.
 300:../03_Drivers/STM32L4xx_HAL_Driver/Src/stm32l4xx_hal_i2c_ex.c ****   * @note  For remaining I2C1 pins (PA14, PA15...) fast mode plus driving capability
 301:../03_Drivers/STM32L4xx_HAL_Driver/Src/stm32l4xx_hal_i2c_ex.c ****   *        can be disabled only by using I2C_FASTMODEPLUS_I2C1 parameter.
 302:../03_Drivers/STM32L4xx_HAL_Driver/Src/stm32l4xx_hal_i2c_ex.c ****   * @note  For all I2C2 pins fast mode plus driving capability can be disabled
 303:../03_Drivers/STM32L4xx_HAL_Driver/Src/stm32l4xx_hal_i2c_ex.c ****   *        only by using I2C_FASTMODEPLUS_I2C2 parameter.
 304:../03_Drivers/STM32L4xx_HAL_Driver/Src/stm32l4xx_hal_i2c_ex.c ****   * @note  For all I2C3 pins fast mode plus driving capability can be disabled
 305:../03_Drivers/STM32L4xx_HAL_Driver/Src/stm32l4xx_hal_i2c_ex.c ****   *        only by using I2C_FASTMODEPLUS_I2C3 parameter.
 306:../03_Drivers/STM32L4xx_HAL_Driver/Src/stm32l4xx_hal_i2c_ex.c ****   * @note  For all I2C4 pins fast mode plus driving capability can be disabled
 307:../03_Drivers/STM32L4xx_HAL_Driver/Src/stm32l4xx_hal_i2c_ex.c ****   *        only by using I2C_FASTMODEPLUS_I2C4 parameter.
 308:../03_Drivers/STM32L4xx_HAL_Driver/Src/stm32l4xx_hal_i2c_ex.c ****   * @retval None
 309:../03_Drivers/STM32L4xx_HAL_Driver/Src/stm32l4xx_hal_i2c_ex.c ****   */
 310:../03_Drivers/STM32L4xx_HAL_Driver/Src/stm32l4xx_hal_i2c_ex.c **** void HAL_I2CEx_DisableFastModePlus(uint32_t ConfigFastModePlus)
 311:../03_Drivers/STM32L4xx_HAL_Driver/Src/stm32l4xx_hal_i2c_ex.c **** {
 620              		.loc 1 311 1 is_stmt 1 view -0
 621              		.cfi_startproc
 622              		@ args = 0, pretend = 0, frame = 8
 623              		@ frame_needed = 0, uses_anonymous_args = 0
 624              		.loc 1 311 1 is_stmt 0 view .LVU156
 625 0000 10B5     		push	{r4, lr}
 626              	.LCFI7:
 627              		.cfi_def_cfa_offset 8
 628              		.cfi_offset 4, -8
 629              		.cfi_offset 14, -4
 630 0002 82B0     		sub	sp, sp, #8
 631              	.LCFI8:
 632              		.cfi_def_cfa_offset 16
 633 0004 0446     		mov	r4, r0
 312:../03_Drivers/STM32L4xx_HAL_Driver/Src/stm32l4xx_hal_i2c_ex.c ****   /* Check the parameter */
 313:../03_Drivers/STM32L4xx_HAL_Driver/Src/stm32l4xx_hal_i2c_ex.c ****   assert_param(IS_I2C_FASTMODEPLUS(ConfigFastModePlus));
 634              		.loc 1 313 3 is_stmt 1 view .LVU157
 635 0006 174B     		ldr	r3, .L47
 636 0008 8343     		bics	r3, r3, r0
 637 000a 14D0     		beq	.L44
 638              		.loc 1 313 3 is_stmt 0 discriminator 2 view .LVU158
 639 000c 10F4403F 		tst	r0, #196608
 640 0010 16D1     		bne	.L45
 641              		.loc 1 313 3 discriminator 3 view .LVU159
 642 0012 154B     		ldr	r3, .L47+4
 643 0014 8343     		bics	r3, r3, r0
 644 0016 13D0     		beq	.L45
 645              		.loc 1 313 3 discriminator 4 view .LVU160
 646 0018 144B     		ldr	r3, .L47+8
 647 001a 8343     		bics	r3, r3, r0
 648 001c 10D0     		beq	.L45
 649              		.loc 1 313 3 discriminator 5 view .LVU161
 650 001e 10F4801F 		tst	r0, #1048576
 651 0022 0DD1     		bne	.L45
ARM GAS  C:\Users\minde\AppData\Local\Temp\ccMqDm7g.s 			page 18


 652              		.loc 1 313 3 discriminator 6 view .LVU162
 653 0024 124B     		ldr	r3, .L47+12
 654 0026 8343     		bics	r3, r3, r0
 655 0028 0AD0     		beq	.L45
 656              		.loc 1 313 3 discriminator 7 view .LVU163
 657 002a 10F4800F 		tst	r0, #4194304
 658 002e 07D1     		bne	.L45
 659              		.loc 1 313 3 discriminator 8 view .LVU164
 660 0030 104B     		ldr	r3, .L47+16
 661 0032 8343     		bics	r3, r3, r0
 662 0034 04D0     		beq	.L45
 663              	.L44:
 664              		.loc 1 313 3 discriminator 9 view .LVU165
 665 0036 40F23911 		movw	r1, #313
 666 003a 0F48     		ldr	r0, .L47+20
 667              	.LVL30:
 668              		.loc 1 313 3 discriminator 9 view .LVU166
 669 003c FFF7FEFF 		bl	assert_failed
 670              	.LVL31:
 671              	.L45:
 314:../03_Drivers/STM32L4xx_HAL_Driver/Src/stm32l4xx_hal_i2c_ex.c **** 
 315:../03_Drivers/STM32L4xx_HAL_Driver/Src/stm32l4xx_hal_i2c_ex.c ****   /* Enable SYSCFG clock */
 316:../03_Drivers/STM32L4xx_HAL_Driver/Src/stm32l4xx_hal_i2c_ex.c ****   __HAL_RCC_SYSCFG_CLK_ENABLE();
 672              		.loc 1 316 3 is_stmt 1 view .LVU167
 673              	.LBB3:
 674              		.loc 1 316 3 view .LVU168
 675              		.loc 1 316 3 view .LVU169
 676 0040 0E4B     		ldr	r3, .L47+24
 677 0042 1A6E     		ldr	r2, [r3, #96]
 678 0044 42F00102 		orr	r2, r2, #1
 679 0048 1A66     		str	r2, [r3, #96]
 680              		.loc 1 316 3 view .LVU170
 681 004a 1B6E     		ldr	r3, [r3, #96]
 682 004c 03F00103 		and	r3, r3, #1
 683 0050 0193     		str	r3, [sp, #4]
 684              		.loc 1 316 3 view .LVU171
 685 0052 019B     		ldr	r3, [sp, #4]
 686              	.LBE3:
 687              		.loc 1 316 3 view .LVU172
 317:../03_Drivers/STM32L4xx_HAL_Driver/Src/stm32l4xx_hal_i2c_ex.c **** 
 318:../03_Drivers/STM32L4xx_HAL_Driver/Src/stm32l4xx_hal_i2c_ex.c ****   /* Disable fast mode plus driving capability for selected pin */
 319:../03_Drivers/STM32L4xx_HAL_Driver/Src/stm32l4xx_hal_i2c_ex.c ****   CLEAR_BIT(SYSCFG->CFGR1, (uint32_t)ConfigFastModePlus);
 688              		.loc 1 319 3 view .LVU173
 689 0054 0A4B     		ldr	r3, .L47+28
 690 0056 5868     		ldr	r0, [r3, #4]
 691 0058 20EA0404 		bic	r4, r0, r4
 692              	.LVL32:
 693              		.loc 1 319 3 is_stmt 0 view .LVU174
 694 005c 5C60     		str	r4, [r3, #4]
 320:../03_Drivers/STM32L4xx_HAL_Driver/Src/stm32l4xx_hal_i2c_ex.c **** }
 695              		.loc 1 320 1 view .LVU175
 696 005e 02B0     		add	sp, sp, #8
 697              	.LCFI9:
 698              		.cfi_def_cfa_offset 8
 699              		@ sp needed
 700 0060 10BD     		pop	{r4, pc}
 701              	.L48:
ARM GAS  C:\Users\minde\AppData\Local\Temp\ccMqDm7g.s 			page 19


 702 0062 00BF     		.align	2
 703              	.L47:
 704 0064 0000AAAA 		.word	-1431699456
 705 0068 1000AAAA 		.word	-1431699440
 706 006c 1200AAAA 		.word	-1431699438
 707 0070 0002AAAA 		.word	-1431698944
 708 0074 0008AAAA 		.word	-1431697408
 709 0078 00000000 		.word	.LC0
 710 007c 00100240 		.word	1073876992
 711 0080 00000140 		.word	1073807360
 712              		.cfi_endproc
 713              	.LFE293:
 715              		.text
 716              	.Letext0:
 717              		.file 2 "c:\\gnu arm embedded toolchain\\10 2020-q4-major\\arm-none-eabi\\include\\machine\\_defau
 718              		.file 3 "c:\\gnu arm embedded toolchain\\10 2020-q4-major\\arm-none-eabi\\include\\sys\\_stdint.h"
 719              		.file 4 "../03_Drivers/CMSIS/Device/ST/STM32L4xx/Include/stm32l432xx.h"
 720              		.file 5 "../03_Drivers/STM32L4xx_HAL_Driver/Inc/stm32l4xx_hal_def.h"
 721              		.file 6 "../03_Drivers/STM32L4xx_HAL_Driver/Inc/stm32l4xx_hal_dma.h"
 722              		.file 7 "../03_Drivers/STM32L4xx_HAL_Driver/Inc/stm32l4xx_hal_i2c.h"
 723              		.file 8 "../02_OS/Core_Reg/stm32l4xx_hal_conf.h"
ARM GAS  C:\Users\minde\AppData\Local\Temp\ccMqDm7g.s 			page 20


DEFINED SYMBOLS
                            *ABS*:00000000 stm32l4xx_hal_i2c_ex.c
C:\Users\minde\AppData\Local\Temp\ccMqDm7g.s:18     .rodata.HAL_I2CEx_ConfigAnalogFilter.str1.4:00000000 $d
C:\Users\minde\AppData\Local\Temp\ccMqDm7g.s:23     .text.HAL_I2CEx_ConfigAnalogFilter:00000000 $t
C:\Users\minde\AppData\Local\Temp\ccMqDm7g.s:31     .text.HAL_I2CEx_ConfigAnalogFilter:00000000 HAL_I2CEx_ConfigAnalogFilter
C:\Users\minde\AppData\Local\Temp\ccMqDm7g.s:152    .text.HAL_I2CEx_ConfigAnalogFilter:0000008c $d
C:\Users\minde\AppData\Local\Temp\ccMqDm7g.s:158    .text.HAL_I2CEx_ConfigDigitalFilter:00000000 $t
C:\Users\minde\AppData\Local\Temp\ccMqDm7g.s:165    .text.HAL_I2CEx_ConfigDigitalFilter:00000000 HAL_I2CEx_ConfigDigitalFilter
C:\Users\minde\AppData\Local\Temp\ccMqDm7g.s:286    .text.HAL_I2CEx_ConfigDigitalFilter:00000084 $d
C:\Users\minde\AppData\Local\Temp\ccMqDm7g.s:292    .text.HAL_I2CEx_EnableWakeUp:00000000 $t
C:\Users\minde\AppData\Local\Temp\ccMqDm7g.s:299    .text.HAL_I2CEx_EnableWakeUp:00000000 HAL_I2CEx_EnableWakeUp
C:\Users\minde\AppData\Local\Temp\ccMqDm7g.s:392    .text.HAL_I2CEx_EnableWakeUp:00000070 $d
C:\Users\minde\AppData\Local\Temp\ccMqDm7g.s:398    .text.HAL_I2CEx_DisableWakeUp:00000000 $t
C:\Users\minde\AppData\Local\Temp\ccMqDm7g.s:405    .text.HAL_I2CEx_DisableWakeUp:00000000 HAL_I2CEx_DisableWakeUp
C:\Users\minde\AppData\Local\Temp\ccMqDm7g.s:498    .text.HAL_I2CEx_DisableWakeUp:00000070 $d
C:\Users\minde\AppData\Local\Temp\ccMqDm7g.s:504    .text.HAL_I2CEx_EnableFastModePlus:00000000 $t
C:\Users\minde\AppData\Local\Temp\ccMqDm7g.s:511    .text.HAL_I2CEx_EnableFastModePlus:00000000 HAL_I2CEx_EnableFastModePlus
C:\Users\minde\AppData\Local\Temp\ccMqDm7g.s:598    .text.HAL_I2CEx_EnableFastModePlus:00000060 $d
C:\Users\minde\AppData\Local\Temp\ccMqDm7g.s:610    .text.HAL_I2CEx_DisableFastModePlus:00000000 $t
C:\Users\minde\AppData\Local\Temp\ccMqDm7g.s:617    .text.HAL_I2CEx_DisableFastModePlus:00000000 HAL_I2CEx_DisableFastModePlus
C:\Users\minde\AppData\Local\Temp\ccMqDm7g.s:704    .text.HAL_I2CEx_DisableFastModePlus:00000064 $d

UNDEFINED SYMBOLS
assert_failed
