ARM GAS  C:\Users\minde\AppData\Local\Temp\ccAM1fWh.s 			page 1


   1              		.cpu cortex-m4
   2              		.eabi_attribute 27, 1
   3              		.eabi_attribute 28, 1
   4              		.eabi_attribute 20, 1
   5              		.eabi_attribute 21, 1
   6              		.eabi_attribute 23, 3
   7              		.eabi_attribute 24, 1
   8              		.eabi_attribute 25, 1
   9              		.eabi_attribute 26, 1
  10              		.eabi_attribute 30, 1
  11              		.eabi_attribute 34, 1
  12              		.eabi_attribute 18, 4
  13              		.file	"usart.c"
  14              		.text
  15              	.Ltext0:
  16              		.cfi_sections	.debug_frame
  17              		.section	.text.MX_USART1_UART_Init,"ax",%progbits
  18              		.align	1
  19              		.global	MX_USART1_UART_Init
  20              		.arch armv7e-m
  21              		.syntax unified
  22              		.thumb
  23              		.thumb_func
  24              		.fpu fpv4-sp-d16
  26              	MX_USART1_UART_Init:
  27              	.LFB291:
  28              		.file 1 "../02_OS/Core_UART/usart.c"
   1:../02_OS/Core_UART/usart.c **** /**
   2:../02_OS/Core_UART/usart.c ****   ******************************************************************************
   3:../02_OS/Core_UART/usart.c ****   * @file    usart.c
   4:../02_OS/Core_UART/usart.c ****   * @brief   This file provides code for the configuration
   5:../02_OS/Core_UART/usart.c ****   *          of the USART instances.
   6:../02_OS/Core_UART/usart.c ****   ******************************************************************************
   7:../02_OS/Core_UART/usart.c ****   * @attention
   8:../02_OS/Core_UART/usart.c ****   *
   9:../02_OS/Core_UART/usart.c ****   * <h2><center>&copy; Copyright (c) 2021 STMicroelectronics.
  10:../02_OS/Core_UART/usart.c ****   * All rights reserved.</center></h2>
  11:../02_OS/Core_UART/usart.c ****   *
  12:../02_OS/Core_UART/usart.c ****   * This software component is licensed by ST under BSD 3-Clause license,
  13:../02_OS/Core_UART/usart.c ****   * the "License"; You may not use this file except in compliance with the
  14:../02_OS/Core_UART/usart.c ****   * License. You may obtain a copy of the License at:
  15:../02_OS/Core_UART/usart.c ****   *                        opensource.org/licenses/BSD-3-Clause
  16:../02_OS/Core_UART/usart.c ****   *
  17:../02_OS/Core_UART/usart.c ****   ******************************************************************************
  18:../02_OS/Core_UART/usart.c ****   */
  19:../02_OS/Core_UART/usart.c **** 
  20:../02_OS/Core_UART/usart.c **** /* Includes ------------------------------------------------------------------*/
  21:../02_OS/Core_UART/usart.c **** #include "usart.h"
  22:../02_OS/Core_UART/usart.c **** 
  23:../02_OS/Core_UART/usart.c **** /* USER CODE BEGIN 0 */
  24:../02_OS/Core_UART/usart.c **** 
  25:../02_OS/Core_UART/usart.c **** /* USER CODE END 0 */
  26:../02_OS/Core_UART/usart.c **** 
  27:../02_OS/Core_UART/usart.c **** UART_HandleTypeDef huart1;
  28:../02_OS/Core_UART/usart.c **** UART_HandleTypeDef huart2;
  29:../02_OS/Core_UART/usart.c **** 
  30:../02_OS/Core_UART/usart.c **** /* USART1 init function */
ARM GAS  C:\Users\minde\AppData\Local\Temp\ccAM1fWh.s 			page 2


  31:../02_OS/Core_UART/usart.c **** 
  32:../02_OS/Core_UART/usart.c **** void MX_USART1_UART_Init(void)
  33:../02_OS/Core_UART/usart.c **** {
  29              		.loc 1 33 1 view -0
  30              		.cfi_startproc
  31              		@ args = 0, pretend = 0, frame = 0
  32              		@ frame_needed = 0, uses_anonymous_args = 0
  33 0000 08B5     		push	{r3, lr}
  34              	.LCFI0:
  35              		.cfi_def_cfa_offset 8
  36              		.cfi_offset 3, -8
  37              		.cfi_offset 14, -4
  34:../02_OS/Core_UART/usart.c **** 
  35:../02_OS/Core_UART/usart.c ****   /* USER CODE BEGIN USART1_Init 0 */
  36:../02_OS/Core_UART/usart.c **** 
  37:../02_OS/Core_UART/usart.c ****   /* USER CODE END USART1_Init 0 */
  38:../02_OS/Core_UART/usart.c **** 
  39:../02_OS/Core_UART/usart.c ****   /* USER CODE BEGIN USART1_Init 1 */
  40:../02_OS/Core_UART/usart.c **** 
  41:../02_OS/Core_UART/usart.c ****   /* USER CODE END USART1_Init 1 */
  42:../02_OS/Core_UART/usart.c ****   huart1.Instance = USART1;
  38              		.loc 1 42 3 view .LVU1
  39              		.loc 1 42 19 is_stmt 0 view .LVU2
  40 0002 1248     		ldr	r0, .L5
  41 0004 124B     		ldr	r3, .L5+4
  42 0006 0360     		str	r3, [r0]
  43:../02_OS/Core_UART/usart.c ****   huart1.Init.BaudRate = 115200;
  43              		.loc 1 43 3 is_stmt 1 view .LVU3
  44              		.loc 1 43 24 is_stmt 0 view .LVU4
  45 0008 4FF4E133 		mov	r3, #115200
  46 000c 4360     		str	r3, [r0, #4]
  44:../02_OS/Core_UART/usart.c ****   huart1.Init.WordLength = UART_WORDLENGTH_8B;
  47              		.loc 1 44 3 is_stmt 1 view .LVU5
  48              		.loc 1 44 26 is_stmt 0 view .LVU6
  49 000e 0023     		movs	r3, #0
  50 0010 8360     		str	r3, [r0, #8]
  45:../02_OS/Core_UART/usart.c ****   huart1.Init.StopBits = UART_STOPBITS_1;
  51              		.loc 1 45 3 is_stmt 1 view .LVU7
  52              		.loc 1 45 24 is_stmt 0 view .LVU8
  53 0012 C360     		str	r3, [r0, #12]
  46:../02_OS/Core_UART/usart.c ****   huart1.Init.Parity = UART_PARITY_NONE;
  54              		.loc 1 46 3 is_stmt 1 view .LVU9
  55              		.loc 1 46 22 is_stmt 0 view .LVU10
  56 0014 0361     		str	r3, [r0, #16]
  47:../02_OS/Core_UART/usart.c ****   huart1.Init.Mode = UART_MODE_TX_RX;
  57              		.loc 1 47 3 is_stmt 1 view .LVU11
  58              		.loc 1 47 20 is_stmt 0 view .LVU12
  59 0016 0C22     		movs	r2, #12
  60 0018 4261     		str	r2, [r0, #20]
  48:../02_OS/Core_UART/usart.c ****   huart1.Init.HwFlowCtl = UART_HWCONTROL_NONE;
  61              		.loc 1 48 3 is_stmt 1 view .LVU13
  62              		.loc 1 48 25 is_stmt 0 view .LVU14
  63 001a 8361     		str	r3, [r0, #24]
  49:../02_OS/Core_UART/usart.c ****   huart1.Init.OverSampling = UART_OVERSAMPLING_16;
  64              		.loc 1 49 3 is_stmt 1 view .LVU15
  65              		.loc 1 49 28 is_stmt 0 view .LVU16
  66 001c C361     		str	r3, [r0, #28]
ARM GAS  C:\Users\minde\AppData\Local\Temp\ccAM1fWh.s 			page 3


  50:../02_OS/Core_UART/usart.c ****   huart1.Init.OneBitSampling = UART_ONE_BIT_SAMPLE_DISABLE;
  67              		.loc 1 50 3 is_stmt 1 view .LVU17
  68              		.loc 1 50 30 is_stmt 0 view .LVU18
  69 001e 0362     		str	r3, [r0, #32]
  51:../02_OS/Core_UART/usart.c ****   huart1.AdvancedInit.AdvFeatureInit = UART_ADVFEATURE_NO_INIT;
  70              		.loc 1 51 3 is_stmt 1 view .LVU19
  71              		.loc 1 51 38 is_stmt 0 view .LVU20
  72 0020 4362     		str	r3, [r0, #36]
  52:../02_OS/Core_UART/usart.c ****   if (HAL_UART_Init(&huart1) != HAL_OK)
  73              		.loc 1 52 3 is_stmt 1 view .LVU21
  74              		.loc 1 52 7 is_stmt 0 view .LVU22
  75 0022 FFF7FEFF 		bl	HAL_UART_Init
  76              	.LVL0:
  77              		.loc 1 52 6 view .LVU23
  78 0026 70B9     		cbnz	r0, .L4
  79              	.L2:
  53:../02_OS/Core_UART/usart.c ****   {
  54:../02_OS/Core_UART/usart.c ****     Error_Handler();
  55:../02_OS/Core_UART/usart.c ****   }
  56:../02_OS/Core_UART/usart.c ****   /* USER CODE BEGIN USART1_Init 2 */
  57:../02_OS/Core_UART/usart.c ****   __HAL_UART_ENABLE_IT(&huart1, UART_IT_RXNE);
  80              		.loc 1 57 3 is_stmt 1 view .LVU24
  81 0028 084B     		ldr	r3, .L5
  82 002a 1A68     		ldr	r2, [r3]
  83 002c 1368     		ldr	r3, [r2]
  84 002e 43F02003 		orr	r3, r3, #32
  85 0032 1360     		str	r3, [r2]
  58:../02_OS/Core_UART/usart.c ****   HAL_NVIC_SetPriority(USART1_IRQn, 0, 0);
  86              		.loc 1 58 3 view .LVU25
  87 0034 0022     		movs	r2, #0
  88 0036 1146     		mov	r1, r2
  89 0038 2520     		movs	r0, #37
  90 003a FFF7FEFF 		bl	HAL_NVIC_SetPriority
  91              	.LVL1:
  59:../02_OS/Core_UART/usart.c ****   HAL_NVIC_EnableIRQ(USART1_IRQn);
  92              		.loc 1 59 3 view .LVU26
  93 003e 2520     		movs	r0, #37
  94 0040 FFF7FEFF 		bl	HAL_NVIC_EnableIRQ
  95              	.LVL2:
  60:../02_OS/Core_UART/usart.c ****   /* USER CODE END USART1_Init 2 */
  61:../02_OS/Core_UART/usart.c **** }
  96              		.loc 1 61 1 is_stmt 0 view .LVU27
  97 0044 08BD     		pop	{r3, pc}
  98              	.L4:
  54:../02_OS/Core_UART/usart.c ****   }
  99              		.loc 1 54 5 is_stmt 1 view .LVU28
 100 0046 FFF7FEFF 		bl	Error_Handler
 101              	.LVL3:
 102 004a EDE7     		b	.L2
 103              	.L6:
 104              		.align	2
 105              	.L5:
 106 004c 00000000 		.word	.LANCHOR0
 107 0050 00380140 		.word	1073821696
 108              		.cfi_endproc
 109              	.LFE291:
 111              		.section	.text.MX_USART2_UART_Init,"ax",%progbits
ARM GAS  C:\Users\minde\AppData\Local\Temp\ccAM1fWh.s 			page 4


 112              		.align	1
 113              		.global	MX_USART2_UART_Init
 114              		.syntax unified
 115              		.thumb
 116              		.thumb_func
 117              		.fpu fpv4-sp-d16
 119              	MX_USART2_UART_Init:
 120              	.LFB292:
  62:../02_OS/Core_UART/usart.c **** /* USART2 init function */
  63:../02_OS/Core_UART/usart.c **** 
  64:../02_OS/Core_UART/usart.c **** void MX_USART2_UART_Init(void)
  65:../02_OS/Core_UART/usart.c **** {
 121              		.loc 1 65 1 view -0
 122              		.cfi_startproc
 123              		@ args = 0, pretend = 0, frame = 0
 124              		@ frame_needed = 0, uses_anonymous_args = 0
 125 0000 08B5     		push	{r3, lr}
 126              	.LCFI1:
 127              		.cfi_def_cfa_offset 8
 128              		.cfi_offset 3, -8
 129              		.cfi_offset 14, -4
  66:../02_OS/Core_UART/usart.c **** 
  67:../02_OS/Core_UART/usart.c ****   /* USER CODE BEGIN USART2_Init 0 */
  68:../02_OS/Core_UART/usart.c **** 
  69:../02_OS/Core_UART/usart.c ****   /* USER CODE END USART2_Init 0 */
  70:../02_OS/Core_UART/usart.c **** 
  71:../02_OS/Core_UART/usart.c ****   /* USER CODE BEGIN USART2_Init 1 */
  72:../02_OS/Core_UART/usart.c **** 
  73:../02_OS/Core_UART/usart.c ****   /* USER CODE END USART2_Init 1 */
  74:../02_OS/Core_UART/usart.c ****   huart2.Instance = USART2;
 130              		.loc 1 74 3 view .LVU30
 131              		.loc 1 74 19 is_stmt 0 view .LVU31
 132 0002 1448     		ldr	r0, .L11
 133 0004 144B     		ldr	r3, .L11+4
 134 0006 0360     		str	r3, [r0]
  75:../02_OS/Core_UART/usart.c ****   huart2.Init.BaudRate = 2400;
 135              		.loc 1 75 3 is_stmt 1 view .LVU32
 136              		.loc 1 75 24 is_stmt 0 view .LVU33
 137 0008 4FF41663 		mov	r3, #2400
 138 000c 4360     		str	r3, [r0, #4]
  76:../02_OS/Core_UART/usart.c ****   huart2.Init.WordLength = UART_WORDLENGTH_9B;
 139              		.loc 1 76 3 is_stmt 1 view .LVU34
 140              		.loc 1 76 26 is_stmt 0 view .LVU35
 141 000e 4FF48053 		mov	r3, #4096
 142 0012 8360     		str	r3, [r0, #8]
  77:../02_OS/Core_UART/usart.c ****   huart2.Init.StopBits = UART_STOPBITS_1;
 143              		.loc 1 77 3 is_stmt 1 view .LVU36
 144              		.loc 1 77 24 is_stmt 0 view .LVU37
 145 0014 0023     		movs	r3, #0
 146 0016 C360     		str	r3, [r0, #12]
  78:../02_OS/Core_UART/usart.c ****   huart2.Init.Parity = UART_PARITY_EVEN;
 147              		.loc 1 78 3 is_stmt 1 view .LVU38
 148              		.loc 1 78 22 is_stmt 0 view .LVU39
 149 0018 4FF48062 		mov	r2, #1024
 150 001c 0261     		str	r2, [r0, #16]
  79:../02_OS/Core_UART/usart.c ****   huart2.Init.Mode = UART_MODE_TX_RX;
 151              		.loc 1 79 3 is_stmt 1 view .LVU40
ARM GAS  C:\Users\minde\AppData\Local\Temp\ccAM1fWh.s 			page 5


 152              		.loc 1 79 20 is_stmt 0 view .LVU41
 153 001e 0C22     		movs	r2, #12
 154 0020 4261     		str	r2, [r0, #20]
  80:../02_OS/Core_UART/usart.c ****   huart2.Init.HwFlowCtl = UART_HWCONTROL_NONE;
 155              		.loc 1 80 3 is_stmt 1 view .LVU42
 156              		.loc 1 80 25 is_stmt 0 view .LVU43
 157 0022 8361     		str	r3, [r0, #24]
  81:../02_OS/Core_UART/usart.c ****   huart2.Init.OverSampling = UART_OVERSAMPLING_16;
 158              		.loc 1 81 3 is_stmt 1 view .LVU44
 159              		.loc 1 81 28 is_stmt 0 view .LVU45
 160 0024 C361     		str	r3, [r0, #28]
  82:../02_OS/Core_UART/usart.c ****   huart2.Init.OneBitSampling = UART_ONE_BIT_SAMPLE_DISABLE;
 161              		.loc 1 82 3 is_stmt 1 view .LVU46
 162              		.loc 1 82 30 is_stmt 0 view .LVU47
 163 0026 0362     		str	r3, [r0, #32]
  83:../02_OS/Core_UART/usart.c ****   huart2.AdvancedInit.AdvFeatureInit = UART_ADVFEATURE_NO_INIT;
 164              		.loc 1 83 3 is_stmt 1 view .LVU48
 165              		.loc 1 83 38 is_stmt 0 view .LVU49
 166 0028 4362     		str	r3, [r0, #36]
  84:../02_OS/Core_UART/usart.c ****   if (HAL_UART_Init(&huart2) != HAL_OK)
 167              		.loc 1 84 3 is_stmt 1 view .LVU50
 168              		.loc 1 84 7 is_stmt 0 view .LVU51
 169 002a FFF7FEFF 		bl	HAL_UART_Init
 170              	.LVL4:
 171              		.loc 1 84 6 view .LVU52
 172 002e 70B9     		cbnz	r0, .L10
 173              	.L8:
  85:../02_OS/Core_UART/usart.c ****   {
  86:../02_OS/Core_UART/usart.c ****     Error_Handler();
  87:../02_OS/Core_UART/usart.c ****   }
  88:../02_OS/Core_UART/usart.c ****   /* USER CODE BEGIN USART2_Init 2 */
  89:../02_OS/Core_UART/usart.c ****   __HAL_UART_ENABLE_IT(&huart2, UART_IT_RXNE);
 174              		.loc 1 89 3 is_stmt 1 view .LVU53
 175 0030 084B     		ldr	r3, .L11
 176 0032 1A68     		ldr	r2, [r3]
 177 0034 1368     		ldr	r3, [r2]
 178 0036 43F02003 		orr	r3, r3, #32
 179 003a 1360     		str	r3, [r2]
  90:../02_OS/Core_UART/usart.c ****   HAL_NVIC_SetPriority(USART2_IRQn, 1, 0);
 180              		.loc 1 90 3 view .LVU54
 181 003c 0022     		movs	r2, #0
 182 003e 0121     		movs	r1, #1
 183 0040 2620     		movs	r0, #38
 184 0042 FFF7FEFF 		bl	HAL_NVIC_SetPriority
 185              	.LVL5:
  91:../02_OS/Core_UART/usart.c ****   HAL_NVIC_EnableIRQ(USART2_IRQn);
 186              		.loc 1 91 3 view .LVU55
 187 0046 2620     		movs	r0, #38
 188 0048 FFF7FEFF 		bl	HAL_NVIC_EnableIRQ
 189              	.LVL6:
  92:../02_OS/Core_UART/usart.c ****   /* USER CODE END USART2_Init 2 */
  93:../02_OS/Core_UART/usart.c **** }
 190              		.loc 1 93 1 is_stmt 0 view .LVU56
 191 004c 08BD     		pop	{r3, pc}
 192              	.L10:
  86:../02_OS/Core_UART/usart.c ****   }
 193              		.loc 1 86 5 is_stmt 1 view .LVU57
ARM GAS  C:\Users\minde\AppData\Local\Temp\ccAM1fWh.s 			page 6


 194 004e FFF7FEFF 		bl	Error_Handler
 195              	.LVL7:
 196 0052 EDE7     		b	.L8
 197              	.L12:
 198              		.align	2
 199              	.L11:
 200 0054 00000000 		.word	.LANCHOR1
 201 0058 00440040 		.word	1073759232
 202              		.cfi_endproc
 203              	.LFE292:
 205              		.section	.text.HAL_UART_MspInit,"ax",%progbits
 206              		.align	1
 207              		.global	HAL_UART_MspInit
 208              		.syntax unified
 209              		.thumb
 210              		.thumb_func
 211              		.fpu fpv4-sp-d16
 213              	HAL_UART_MspInit:
 214              	.LVL8:
 215              	.LFB293:
  94:../02_OS/Core_UART/usart.c **** 
  95:../02_OS/Core_UART/usart.c **** void HAL_UART_MspInit(UART_HandleTypeDef *uartHandle)
  96:../02_OS/Core_UART/usart.c **** {
 216              		.loc 1 96 1 view -0
 217              		.cfi_startproc
 218              		@ args = 0, pretend = 0, frame = 40
 219              		@ frame_needed = 0, uses_anonymous_args = 0
 220              		.loc 1 96 1 is_stmt 0 view .LVU59
 221 0000 00B5     		push	{lr}
 222              	.LCFI2:
 223              		.cfi_def_cfa_offset 4
 224              		.cfi_offset 14, -4
 225 0002 8BB0     		sub	sp, sp, #44
 226              	.LCFI3:
 227              		.cfi_def_cfa_offset 48
  97:../02_OS/Core_UART/usart.c **** 
  98:../02_OS/Core_UART/usart.c ****   GPIO_InitTypeDef GPIO_InitStruct = {0};
 228              		.loc 1 98 3 is_stmt 1 view .LVU60
 229              		.loc 1 98 20 is_stmt 0 view .LVU61
 230 0004 0023     		movs	r3, #0
 231 0006 0593     		str	r3, [sp, #20]
 232 0008 0693     		str	r3, [sp, #24]
 233 000a 0793     		str	r3, [sp, #28]
 234 000c 0893     		str	r3, [sp, #32]
 235 000e 0993     		str	r3, [sp, #36]
  99:../02_OS/Core_UART/usart.c ****   if (uartHandle->Instance == USART1)
 236              		.loc 1 99 3 is_stmt 1 view .LVU62
 237              		.loc 1 99 17 is_stmt 0 view .LVU63
 238 0010 0368     		ldr	r3, [r0]
 239              		.loc 1 99 6 view .LVU64
 240 0012 2E4A     		ldr	r2, .L19
 241 0014 9342     		cmp	r3, r2
 242 0016 05D0     		beq	.L17
 100:../02_OS/Core_UART/usart.c ****   {
 101:../02_OS/Core_UART/usart.c ****     /* USER CODE BEGIN USART1_MspInit 0 */
 102:../02_OS/Core_UART/usart.c **** 
 103:../02_OS/Core_UART/usart.c ****     /* USER CODE END USART1_MspInit 0 */
ARM GAS  C:\Users\minde\AppData\Local\Temp\ccAM1fWh.s 			page 7


 104:../02_OS/Core_UART/usart.c ****     /* USART1 clock enable */
 105:../02_OS/Core_UART/usart.c ****     __HAL_RCC_USART1_CLK_ENABLE();
 106:../02_OS/Core_UART/usart.c **** 
 107:../02_OS/Core_UART/usart.c ****     __HAL_RCC_GPIOA_CLK_ENABLE();
 108:../02_OS/Core_UART/usart.c ****     /**USART1 GPIO Configuration
 109:../02_OS/Core_UART/usart.c ****     PA9     ------> USART1_TX
 110:../02_OS/Core_UART/usart.c ****     PA10     ------> USART1_RX
 111:../02_OS/Core_UART/usart.c ****     */
 112:../02_OS/Core_UART/usart.c ****     GPIO_InitStruct.Pin = GPIO_PIN_9 | GPIO_PIN_10;
 113:../02_OS/Core_UART/usart.c ****     GPIO_InitStruct.Mode = GPIO_MODE_AF_PP;
 114:../02_OS/Core_UART/usart.c ****     GPIO_InitStruct.Pull = GPIO_NOPULL;
 115:../02_OS/Core_UART/usart.c ****     GPIO_InitStruct.Speed = GPIO_SPEED_FREQ_VERY_HIGH;
 116:../02_OS/Core_UART/usart.c ****     GPIO_InitStruct.Alternate = GPIO_AF7_USART1;
 117:../02_OS/Core_UART/usart.c ****     HAL_GPIO_Init(GPIOA, &GPIO_InitStruct);
 118:../02_OS/Core_UART/usart.c **** 
 119:../02_OS/Core_UART/usart.c ****     /* USART1 interrupt Init */
 120:../02_OS/Core_UART/usart.c ****     HAL_NVIC_SetPriority(USART1_IRQn, 0, 0);
 121:../02_OS/Core_UART/usart.c ****     HAL_NVIC_EnableIRQ(USART1_IRQn);
 122:../02_OS/Core_UART/usart.c ****     /* USER CODE BEGIN USART1_MspInit 1 */
 123:../02_OS/Core_UART/usart.c **** 
 124:../02_OS/Core_UART/usart.c ****     /* USER CODE END USART1_MspInit 1 */
 125:../02_OS/Core_UART/usart.c ****   }
 126:../02_OS/Core_UART/usart.c ****   else if (uartHandle->Instance == USART2)
 243              		.loc 1 126 8 is_stmt 1 view .LVU65
 244              		.loc 1 126 11 is_stmt 0 view .LVU66
 245 0018 2D4A     		ldr	r2, .L19+4
 246 001a 9342     		cmp	r3, r2
 247 001c 2CD0     		beq	.L18
 248              	.LVL9:
 249              	.L13:
 127:../02_OS/Core_UART/usart.c ****   {
 128:../02_OS/Core_UART/usart.c ****     /* USER CODE BEGIN USART2_MspInit 0 */
 129:../02_OS/Core_UART/usart.c **** 
 130:../02_OS/Core_UART/usart.c ****     /* USER CODE END USART2_MspInit 0 */
 131:../02_OS/Core_UART/usart.c ****     /* USART2 clock enable */
 132:../02_OS/Core_UART/usart.c ****     __HAL_RCC_USART2_CLK_ENABLE();
 133:../02_OS/Core_UART/usart.c **** 
 134:../02_OS/Core_UART/usart.c ****     __HAL_RCC_GPIOA_CLK_ENABLE();
 135:../02_OS/Core_UART/usart.c ****     /**USART2 GPIO Configuration
 136:../02_OS/Core_UART/usart.c ****     PA2     ------> USART2_TX
 137:../02_OS/Core_UART/usart.c ****     PA3     ------> USART2_RX
 138:../02_OS/Core_UART/usart.c ****     */
 139:../02_OS/Core_UART/usart.c ****     GPIO_InitStruct.Pin = GPIO_PIN_2 | GPIO_PIN_3;
 140:../02_OS/Core_UART/usart.c ****     GPIO_InitStruct.Mode = GPIO_MODE_AF_PP;
 141:../02_OS/Core_UART/usart.c ****     GPIO_InitStruct.Pull = GPIO_NOPULL;
 142:../02_OS/Core_UART/usart.c ****     GPIO_InitStruct.Speed = GPIO_SPEED_FREQ_VERY_HIGH;
 143:../02_OS/Core_UART/usart.c ****     GPIO_InitStruct.Alternate = GPIO_AF7_USART2;
 144:../02_OS/Core_UART/usart.c ****     HAL_GPIO_Init(GPIOA, &GPIO_InitStruct);
 145:../02_OS/Core_UART/usart.c **** 
 146:../02_OS/Core_UART/usart.c ****     /* USART2 interrupt Init */
 147:../02_OS/Core_UART/usart.c ****     HAL_NVIC_SetPriority(USART2_IRQn, 0, 0);
 148:../02_OS/Core_UART/usart.c ****     HAL_NVIC_EnableIRQ(USART2_IRQn);
 149:../02_OS/Core_UART/usart.c ****     /* USER CODE BEGIN USART2_MspInit 1 */
 150:../02_OS/Core_UART/usart.c **** 
 151:../02_OS/Core_UART/usart.c ****     /* USER CODE END USART2_MspInit 1 */
 152:../02_OS/Core_UART/usart.c ****   }
 153:../02_OS/Core_UART/usart.c **** }
ARM GAS  C:\Users\minde\AppData\Local\Temp\ccAM1fWh.s 			page 8


 250              		.loc 1 153 1 view .LVU67
 251 001e 0BB0     		add	sp, sp, #44
 252              	.LCFI4:
 253              		.cfi_remember_state
 254              		.cfi_def_cfa_offset 4
 255              		@ sp needed
 256 0020 5DF804FB 		ldr	pc, [sp], #4
 257              	.LVL10:
 258              	.L17:
 259              	.LCFI5:
 260              		.cfi_restore_state
 105:../02_OS/Core_UART/usart.c **** 
 261              		.loc 1 105 5 is_stmt 1 view .LVU68
 262              	.LBB2:
 105:../02_OS/Core_UART/usart.c **** 
 263              		.loc 1 105 5 view .LVU69
 105:../02_OS/Core_UART/usart.c **** 
 264              		.loc 1 105 5 view .LVU70
 265 0024 2B4B     		ldr	r3, .L19+8
 266 0026 1A6E     		ldr	r2, [r3, #96]
 267 0028 42F48042 		orr	r2, r2, #16384
 268 002c 1A66     		str	r2, [r3, #96]
 105:../02_OS/Core_UART/usart.c **** 
 269              		.loc 1 105 5 view .LVU71
 270 002e 1A6E     		ldr	r2, [r3, #96]
 271 0030 02F48042 		and	r2, r2, #16384
 272 0034 0192     		str	r2, [sp, #4]
 105:../02_OS/Core_UART/usart.c **** 
 273              		.loc 1 105 5 view .LVU72
 274 0036 019A     		ldr	r2, [sp, #4]
 275              	.LBE2:
 105:../02_OS/Core_UART/usart.c **** 
 276              		.loc 1 105 5 view .LVU73
 107:../02_OS/Core_UART/usart.c ****     /**USART1 GPIO Configuration
 277              		.loc 1 107 5 view .LVU74
 278              	.LBB3:
 107:../02_OS/Core_UART/usart.c ****     /**USART1 GPIO Configuration
 279              		.loc 1 107 5 view .LVU75
 107:../02_OS/Core_UART/usart.c ****     /**USART1 GPIO Configuration
 280              		.loc 1 107 5 view .LVU76
 281 0038 DA6C     		ldr	r2, [r3, #76]
 282 003a 42F00102 		orr	r2, r2, #1
 283 003e DA64     		str	r2, [r3, #76]
 107:../02_OS/Core_UART/usart.c ****     /**USART1 GPIO Configuration
 284              		.loc 1 107 5 view .LVU77
 285 0040 DB6C     		ldr	r3, [r3, #76]
 286 0042 03F00103 		and	r3, r3, #1
 287 0046 0293     		str	r3, [sp, #8]
 107:../02_OS/Core_UART/usart.c ****     /**USART1 GPIO Configuration
 288              		.loc 1 107 5 view .LVU78
 289 0048 029B     		ldr	r3, [sp, #8]
 290              	.LBE3:
 107:../02_OS/Core_UART/usart.c ****     /**USART1 GPIO Configuration
 291              		.loc 1 107 5 view .LVU79
 112:../02_OS/Core_UART/usart.c ****     GPIO_InitStruct.Mode = GPIO_MODE_AF_PP;
 292              		.loc 1 112 5 view .LVU80
 112:../02_OS/Core_UART/usart.c ****     GPIO_InitStruct.Mode = GPIO_MODE_AF_PP;
ARM GAS  C:\Users\minde\AppData\Local\Temp\ccAM1fWh.s 			page 9


 293              		.loc 1 112 25 is_stmt 0 view .LVU81
 294 004a 4FF4C063 		mov	r3, #1536
 295 004e 0593     		str	r3, [sp, #20]
 113:../02_OS/Core_UART/usart.c ****     GPIO_InitStruct.Pull = GPIO_NOPULL;
 296              		.loc 1 113 5 is_stmt 1 view .LVU82
 113:../02_OS/Core_UART/usart.c ****     GPIO_InitStruct.Pull = GPIO_NOPULL;
 297              		.loc 1 113 26 is_stmt 0 view .LVU83
 298 0050 0223     		movs	r3, #2
 299 0052 0693     		str	r3, [sp, #24]
 114:../02_OS/Core_UART/usart.c ****     GPIO_InitStruct.Speed = GPIO_SPEED_FREQ_VERY_HIGH;
 300              		.loc 1 114 5 is_stmt 1 view .LVU84
 115:../02_OS/Core_UART/usart.c ****     GPIO_InitStruct.Alternate = GPIO_AF7_USART1;
 301              		.loc 1 115 5 view .LVU85
 115:../02_OS/Core_UART/usart.c ****     GPIO_InitStruct.Alternate = GPIO_AF7_USART1;
 302              		.loc 1 115 27 is_stmt 0 view .LVU86
 303 0054 0323     		movs	r3, #3
 304 0056 0893     		str	r3, [sp, #32]
 116:../02_OS/Core_UART/usart.c ****     HAL_GPIO_Init(GPIOA, &GPIO_InitStruct);
 305              		.loc 1 116 5 is_stmt 1 view .LVU87
 116:../02_OS/Core_UART/usart.c ****     HAL_GPIO_Init(GPIOA, &GPIO_InitStruct);
 306              		.loc 1 116 31 is_stmt 0 view .LVU88
 307 0058 0723     		movs	r3, #7
 308 005a 0993     		str	r3, [sp, #36]
 117:../02_OS/Core_UART/usart.c **** 
 309              		.loc 1 117 5 is_stmt 1 view .LVU89
 310 005c 05A9     		add	r1, sp, #20
 311 005e 4FF09040 		mov	r0, #1207959552
 312              	.LVL11:
 117:../02_OS/Core_UART/usart.c **** 
 313              		.loc 1 117 5 is_stmt 0 view .LVU90
 314 0062 FFF7FEFF 		bl	HAL_GPIO_Init
 315              	.LVL12:
 120:../02_OS/Core_UART/usart.c ****     HAL_NVIC_EnableIRQ(USART1_IRQn);
 316              		.loc 1 120 5 is_stmt 1 view .LVU91
 317 0066 0022     		movs	r2, #0
 318 0068 1146     		mov	r1, r2
 319 006a 2520     		movs	r0, #37
 320 006c FFF7FEFF 		bl	HAL_NVIC_SetPriority
 321              	.LVL13:
 121:../02_OS/Core_UART/usart.c ****     /* USER CODE BEGIN USART1_MspInit 1 */
 322              		.loc 1 121 5 view .LVU92
 323 0070 2520     		movs	r0, #37
 324 0072 FFF7FEFF 		bl	HAL_NVIC_EnableIRQ
 325              	.LVL14:
 326 0076 D2E7     		b	.L13
 327              	.LVL15:
 328              	.L18:
 132:../02_OS/Core_UART/usart.c **** 
 329              		.loc 1 132 5 view .LVU93
 330              	.LBB4:
 132:../02_OS/Core_UART/usart.c **** 
 331              		.loc 1 132 5 view .LVU94
 132:../02_OS/Core_UART/usart.c **** 
 332              		.loc 1 132 5 view .LVU95
 333 0078 164B     		ldr	r3, .L19+8
 334 007a 9A6D     		ldr	r2, [r3, #88]
 335 007c 42F40032 		orr	r2, r2, #131072
ARM GAS  C:\Users\minde\AppData\Local\Temp\ccAM1fWh.s 			page 10


 336 0080 9A65     		str	r2, [r3, #88]
 132:../02_OS/Core_UART/usart.c **** 
 337              		.loc 1 132 5 view .LVU96
 338 0082 9A6D     		ldr	r2, [r3, #88]
 339 0084 02F40032 		and	r2, r2, #131072
 340 0088 0392     		str	r2, [sp, #12]
 132:../02_OS/Core_UART/usart.c **** 
 341              		.loc 1 132 5 view .LVU97
 342 008a 039A     		ldr	r2, [sp, #12]
 343              	.LBE4:
 132:../02_OS/Core_UART/usart.c **** 
 344              		.loc 1 132 5 view .LVU98
 134:../02_OS/Core_UART/usart.c ****     /**USART2 GPIO Configuration
 345              		.loc 1 134 5 view .LVU99
 346              	.LBB5:
 134:../02_OS/Core_UART/usart.c ****     /**USART2 GPIO Configuration
 347              		.loc 1 134 5 view .LVU100
 134:../02_OS/Core_UART/usart.c ****     /**USART2 GPIO Configuration
 348              		.loc 1 134 5 view .LVU101
 349 008c DA6C     		ldr	r2, [r3, #76]
 350 008e 42F00102 		orr	r2, r2, #1
 351 0092 DA64     		str	r2, [r3, #76]
 134:../02_OS/Core_UART/usart.c ****     /**USART2 GPIO Configuration
 352              		.loc 1 134 5 view .LVU102
 353 0094 DB6C     		ldr	r3, [r3, #76]
 354 0096 03F00103 		and	r3, r3, #1
 355 009a 0493     		str	r3, [sp, #16]
 134:../02_OS/Core_UART/usart.c ****     /**USART2 GPIO Configuration
 356              		.loc 1 134 5 view .LVU103
 357 009c 049B     		ldr	r3, [sp, #16]
 358              	.LBE5:
 134:../02_OS/Core_UART/usart.c ****     /**USART2 GPIO Configuration
 359              		.loc 1 134 5 view .LVU104
 139:../02_OS/Core_UART/usart.c ****     GPIO_InitStruct.Mode = GPIO_MODE_AF_PP;
 360              		.loc 1 139 5 view .LVU105
 139:../02_OS/Core_UART/usart.c ****     GPIO_InitStruct.Mode = GPIO_MODE_AF_PP;
 361              		.loc 1 139 25 is_stmt 0 view .LVU106
 362 009e 0C23     		movs	r3, #12
 363 00a0 0593     		str	r3, [sp, #20]
 140:../02_OS/Core_UART/usart.c ****     GPIO_InitStruct.Pull = GPIO_NOPULL;
 364              		.loc 1 140 5 is_stmt 1 view .LVU107
 140:../02_OS/Core_UART/usart.c ****     GPIO_InitStruct.Pull = GPIO_NOPULL;
 365              		.loc 1 140 26 is_stmt 0 view .LVU108
 366 00a2 0223     		movs	r3, #2
 367 00a4 0693     		str	r3, [sp, #24]
 141:../02_OS/Core_UART/usart.c ****     GPIO_InitStruct.Speed = GPIO_SPEED_FREQ_VERY_HIGH;
 368              		.loc 1 141 5 is_stmt 1 view .LVU109
 142:../02_OS/Core_UART/usart.c ****     GPIO_InitStruct.Alternate = GPIO_AF7_USART2;
 369              		.loc 1 142 5 view .LVU110
 142:../02_OS/Core_UART/usart.c ****     GPIO_InitStruct.Alternate = GPIO_AF7_USART2;
 370              		.loc 1 142 27 is_stmt 0 view .LVU111
 371 00a6 0323     		movs	r3, #3
 372 00a8 0893     		str	r3, [sp, #32]
 143:../02_OS/Core_UART/usart.c ****     HAL_GPIO_Init(GPIOA, &GPIO_InitStruct);
 373              		.loc 1 143 5 is_stmt 1 view .LVU112
 143:../02_OS/Core_UART/usart.c ****     HAL_GPIO_Init(GPIOA, &GPIO_InitStruct);
 374              		.loc 1 143 31 is_stmt 0 view .LVU113
ARM GAS  C:\Users\minde\AppData\Local\Temp\ccAM1fWh.s 			page 11


 375 00aa 0723     		movs	r3, #7
 376 00ac 0993     		str	r3, [sp, #36]
 144:../02_OS/Core_UART/usart.c **** 
 377              		.loc 1 144 5 is_stmt 1 view .LVU114
 378 00ae 05A9     		add	r1, sp, #20
 379 00b0 4FF09040 		mov	r0, #1207959552
 380              	.LVL16:
 144:../02_OS/Core_UART/usart.c **** 
 381              		.loc 1 144 5 is_stmt 0 view .LVU115
 382 00b4 FFF7FEFF 		bl	HAL_GPIO_Init
 383              	.LVL17:
 147:../02_OS/Core_UART/usart.c ****     HAL_NVIC_EnableIRQ(USART2_IRQn);
 384              		.loc 1 147 5 is_stmt 1 view .LVU116
 385 00b8 0022     		movs	r2, #0
 386 00ba 1146     		mov	r1, r2
 387 00bc 2620     		movs	r0, #38
 388 00be FFF7FEFF 		bl	HAL_NVIC_SetPriority
 389              	.LVL18:
 148:../02_OS/Core_UART/usart.c ****     /* USER CODE BEGIN USART2_MspInit 1 */
 390              		.loc 1 148 5 view .LVU117
 391 00c2 2620     		movs	r0, #38
 392 00c4 FFF7FEFF 		bl	HAL_NVIC_EnableIRQ
 393              	.LVL19:
 394              		.loc 1 153 1 is_stmt 0 view .LVU118
 395 00c8 A9E7     		b	.L13
 396              	.L20:
 397 00ca 00BF     		.align	2
 398              	.L19:
 399 00cc 00380140 		.word	1073821696
 400 00d0 00440040 		.word	1073759232
 401 00d4 00100240 		.word	1073876992
 402              		.cfi_endproc
 403              	.LFE293:
 405              		.section	.text.HAL_UART_MspDeInit,"ax",%progbits
 406              		.align	1
 407              		.global	HAL_UART_MspDeInit
 408              		.syntax unified
 409              		.thumb
 410              		.thumb_func
 411              		.fpu fpv4-sp-d16
 413              	HAL_UART_MspDeInit:
 414              	.LVL20:
 415              	.LFB294:
 154:../02_OS/Core_UART/usart.c **** 
 155:../02_OS/Core_UART/usart.c **** void HAL_UART_MspDeInit(UART_HandleTypeDef *uartHandle)
 156:../02_OS/Core_UART/usart.c **** {
 416              		.loc 1 156 1 is_stmt 1 view -0
 417              		.cfi_startproc
 418              		@ args = 0, pretend = 0, frame = 0
 419              		@ frame_needed = 0, uses_anonymous_args = 0
 420              		.loc 1 156 1 is_stmt 0 view .LVU120
 421 0000 08B5     		push	{r3, lr}
 422              	.LCFI6:
 423              		.cfi_def_cfa_offset 8
 424              		.cfi_offset 3, -8
 425              		.cfi_offset 14, -4
 157:../02_OS/Core_UART/usart.c **** 
ARM GAS  C:\Users\minde\AppData\Local\Temp\ccAM1fWh.s 			page 12


 158:../02_OS/Core_UART/usart.c ****   if (uartHandle->Instance == USART1)
 426              		.loc 1 158 3 is_stmt 1 view .LVU121
 427              		.loc 1 158 17 is_stmt 0 view .LVU122
 428 0002 0368     		ldr	r3, [r0]
 429              		.loc 1 158 6 view .LVU123
 430 0004 124A     		ldr	r2, .L27
 431 0006 9342     		cmp	r3, r2
 432 0008 03D0     		beq	.L25
 159:../02_OS/Core_UART/usart.c ****   {
 160:../02_OS/Core_UART/usart.c ****     /* USER CODE BEGIN USART1_MspDeInit 0 */
 161:../02_OS/Core_UART/usart.c **** 
 162:../02_OS/Core_UART/usart.c ****     /* USER CODE END USART1_MspDeInit 0 */
 163:../02_OS/Core_UART/usart.c ****     /* Peripheral clock disable */
 164:../02_OS/Core_UART/usart.c ****     __HAL_RCC_USART1_CLK_DISABLE();
 165:../02_OS/Core_UART/usart.c **** 
 166:../02_OS/Core_UART/usart.c ****     /**USART1 GPIO Configuration
 167:../02_OS/Core_UART/usart.c ****     PA9     ------> USART1_TX
 168:../02_OS/Core_UART/usart.c ****     PA10     ------> USART1_RX
 169:../02_OS/Core_UART/usart.c ****     */
 170:../02_OS/Core_UART/usart.c ****     HAL_GPIO_DeInit(GPIOA, GPIO_PIN_9 | GPIO_PIN_10);
 171:../02_OS/Core_UART/usart.c **** 
 172:../02_OS/Core_UART/usart.c ****     /* USART1 interrupt Deinit */
 173:../02_OS/Core_UART/usart.c ****     HAL_NVIC_DisableIRQ(USART1_IRQn);
 174:../02_OS/Core_UART/usart.c ****     /* USER CODE BEGIN USART1_MspDeInit 1 */
 175:../02_OS/Core_UART/usart.c **** 
 176:../02_OS/Core_UART/usart.c ****     /* USER CODE END USART1_MspDeInit 1 */
 177:../02_OS/Core_UART/usart.c ****   }
 178:../02_OS/Core_UART/usart.c ****   else if (uartHandle->Instance == USART2)
 433              		.loc 1 178 8 is_stmt 1 view .LVU124
 434              		.loc 1 178 11 is_stmt 0 view .LVU125
 435 000a 124A     		ldr	r2, .L27+4
 436 000c 9342     		cmp	r3, r2
 437 000e 10D0     		beq	.L26
 438              	.LVL21:
 439              	.L21:
 179:../02_OS/Core_UART/usart.c ****   {
 180:../02_OS/Core_UART/usart.c ****     /* USER CODE BEGIN USART2_MspDeInit 0 */
 181:../02_OS/Core_UART/usart.c **** 
 182:../02_OS/Core_UART/usart.c ****     /* USER CODE END USART2_MspDeInit 0 */
 183:../02_OS/Core_UART/usart.c ****     /* Peripheral clock disable */
 184:../02_OS/Core_UART/usart.c ****     __HAL_RCC_USART2_CLK_DISABLE();
 185:../02_OS/Core_UART/usart.c **** 
 186:../02_OS/Core_UART/usart.c ****     /**USART2 GPIO Configuration
 187:../02_OS/Core_UART/usart.c ****     PA2     ------> USART2_TX
 188:../02_OS/Core_UART/usart.c ****     PA3     ------> USART2_RX
 189:../02_OS/Core_UART/usart.c ****     */
 190:../02_OS/Core_UART/usart.c ****     HAL_GPIO_DeInit(GPIOA, GPIO_PIN_2 | GPIO_PIN_3);
 191:../02_OS/Core_UART/usart.c **** 
 192:../02_OS/Core_UART/usart.c ****     /* USART2 interrupt Deinit */
 193:../02_OS/Core_UART/usart.c ****     HAL_NVIC_DisableIRQ(USART2_IRQn);
 194:../02_OS/Core_UART/usart.c ****     /* USER CODE BEGIN USART2_MspDeInit 1 */
 195:../02_OS/Core_UART/usart.c **** 
 196:../02_OS/Core_UART/usart.c ****     /* USER CODE END USART2_MspDeInit 1 */
 197:../02_OS/Core_UART/usart.c ****   }
 198:../02_OS/Core_UART/usart.c **** }
 440              		.loc 1 198 1 view .LVU126
 441 0010 08BD     		pop	{r3, pc}
ARM GAS  C:\Users\minde\AppData\Local\Temp\ccAM1fWh.s 			page 13


 442              	.LVL22:
 443              	.L25:
 164:../02_OS/Core_UART/usart.c **** 
 444              		.loc 1 164 5 is_stmt 1 view .LVU127
 445 0012 02F55842 		add	r2, r2, #55296
 446 0016 136E     		ldr	r3, [r2, #96]
 447 0018 23F48043 		bic	r3, r3, #16384
 448 001c 1366     		str	r3, [r2, #96]
 170:../02_OS/Core_UART/usart.c **** 
 449              		.loc 1 170 5 view .LVU128
 450 001e 4FF4C061 		mov	r1, #1536
 451 0022 4FF09040 		mov	r0, #1207959552
 452              	.LVL23:
 170:../02_OS/Core_UART/usart.c **** 
 453              		.loc 1 170 5 is_stmt 0 view .LVU129
 454 0026 FFF7FEFF 		bl	HAL_GPIO_DeInit
 455              	.LVL24:
 173:../02_OS/Core_UART/usart.c ****     /* USER CODE BEGIN USART1_MspDeInit 1 */
 456              		.loc 1 173 5 is_stmt 1 view .LVU130
 457 002a 2520     		movs	r0, #37
 458 002c FFF7FEFF 		bl	HAL_NVIC_DisableIRQ
 459              	.LVL25:
 460 0030 EEE7     		b	.L21
 461              	.LVL26:
 462              	.L26:
 184:../02_OS/Core_UART/usart.c **** 
 463              		.loc 1 184 5 view .LVU131
 464 0032 02F5E632 		add	r2, r2, #117760
 465 0036 936D     		ldr	r3, [r2, #88]
 466 0038 23F40033 		bic	r3, r3, #131072
 467 003c 9365     		str	r3, [r2, #88]
 190:../02_OS/Core_UART/usart.c **** 
 468              		.loc 1 190 5 view .LVU132
 469 003e 0C21     		movs	r1, #12
 470 0040 4FF09040 		mov	r0, #1207959552
 471              	.LVL27:
 190:../02_OS/Core_UART/usart.c **** 
 472              		.loc 1 190 5 is_stmt 0 view .LVU133
 473 0044 FFF7FEFF 		bl	HAL_GPIO_DeInit
 474              	.LVL28:
 193:../02_OS/Core_UART/usart.c ****     /* USER CODE BEGIN USART2_MspDeInit 1 */
 475              		.loc 1 193 5 is_stmt 1 view .LVU134
 476 0048 2620     		movs	r0, #38
 477 004a FFF7FEFF 		bl	HAL_NVIC_DisableIRQ
 478              	.LVL29:
 479              		.loc 1 198 1 is_stmt 0 view .LVU135
 480 004e DFE7     		b	.L21
 481              	.L28:
 482              		.align	2
 483              	.L27:
 484 0050 00380140 		.word	1073821696
 485 0054 00440040 		.word	1073759232
 486              		.cfi_endproc
 487              	.LFE294:
 489              		.global	huart2
 490              		.global	huart1
 491              		.section	.bss.huart1,"aw",%nobits
ARM GAS  C:\Users\minde\AppData\Local\Temp\ccAM1fWh.s 			page 14


 492              		.align	2
 493              		.set	.LANCHOR0,. + 0
 496              	huart1:
 497 0000 00000000 		.space	132
 497      00000000 
 497      00000000 
 497      00000000 
 497      00000000 
 498              		.section	.bss.huart2,"aw",%nobits
 499              		.align	2
 500              		.set	.LANCHOR1,. + 0
 503              	huart2:
 504 0000 00000000 		.space	132
 504      00000000 
 504      00000000 
 504      00000000 
 504      00000000 
 505              		.text
 506              	.Letext0:
 507              		.file 2 "c:\\gnu arm embedded toolchain\\10 2020-q4-major\\arm-none-eabi\\include\\machine\\_defau
 508              		.file 3 "c:\\gnu arm embedded toolchain\\10 2020-q4-major\\arm-none-eabi\\include\\sys\\_stdint.h"
 509              		.file 4 "../03_Drivers/CMSIS/Device/ST/STM32L4xx/Include/stm32l432xx.h"
 510              		.file 5 "../03_Drivers/STM32L4xx_HAL_Driver/Inc/stm32l4xx_hal_def.h"
 511              		.file 6 "../03_Drivers/STM32L4xx_HAL_Driver/Inc/stm32l4xx_hal_gpio.h"
 512              		.file 7 "../03_Drivers/STM32L4xx_HAL_Driver/Inc/stm32l4xx_hal_dma.h"
 513              		.file 8 "../03_Drivers/STM32L4xx_HAL_Driver/Inc/stm32l4xx_hal_uart.h"
 514              		.file 9 "../02_OS/Core_UART/usart.h"
 515              		.file 10 "../03_Drivers/STM32L4xx_HAL_Driver/Inc/stm32l4xx_hal_cortex.h"
 516              		.file 11 "../01_Appl/APPL_Main/main.h"
ARM GAS  C:\Users\minde\AppData\Local\Temp\ccAM1fWh.s 			page 15


DEFINED SYMBOLS
                            *ABS*:00000000 usart.c
C:\Users\minde\AppData\Local\Temp\ccAM1fWh.s:18     .text.MX_USART1_UART_Init:00000000 $t
C:\Users\minde\AppData\Local\Temp\ccAM1fWh.s:26     .text.MX_USART1_UART_Init:00000000 MX_USART1_UART_Init
C:\Users\minde\AppData\Local\Temp\ccAM1fWh.s:106    .text.MX_USART1_UART_Init:0000004c $d
C:\Users\minde\AppData\Local\Temp\ccAM1fWh.s:112    .text.MX_USART2_UART_Init:00000000 $t
C:\Users\minde\AppData\Local\Temp\ccAM1fWh.s:119    .text.MX_USART2_UART_Init:00000000 MX_USART2_UART_Init
C:\Users\minde\AppData\Local\Temp\ccAM1fWh.s:200    .text.MX_USART2_UART_Init:00000054 $d
C:\Users\minde\AppData\Local\Temp\ccAM1fWh.s:206    .text.HAL_UART_MspInit:00000000 $t
C:\Users\minde\AppData\Local\Temp\ccAM1fWh.s:213    .text.HAL_UART_MspInit:00000000 HAL_UART_MspInit
C:\Users\minde\AppData\Local\Temp\ccAM1fWh.s:399    .text.HAL_UART_MspInit:000000cc $d
C:\Users\minde\AppData\Local\Temp\ccAM1fWh.s:406    .text.HAL_UART_MspDeInit:00000000 $t
C:\Users\minde\AppData\Local\Temp\ccAM1fWh.s:413    .text.HAL_UART_MspDeInit:00000000 HAL_UART_MspDeInit
C:\Users\minde\AppData\Local\Temp\ccAM1fWh.s:484    .text.HAL_UART_MspDeInit:00000050 $d
C:\Users\minde\AppData\Local\Temp\ccAM1fWh.s:503    .bss.huart2:00000000 huart2
C:\Users\minde\AppData\Local\Temp\ccAM1fWh.s:496    .bss.huart1:00000000 huart1
C:\Users\minde\AppData\Local\Temp\ccAM1fWh.s:492    .bss.huart1:00000000 $d
C:\Users\minde\AppData\Local\Temp\ccAM1fWh.s:499    .bss.huart2:00000000 $d

UNDEFINED SYMBOLS
HAL_UART_Init
HAL_NVIC_SetPriority
HAL_NVIC_EnableIRQ
Error_Handler
HAL_GPIO_Init
HAL_GPIO_DeInit
HAL_NVIC_DisableIRQ
