T498C 21176:029.344   SEGGER J-Link V7.64b Log File
T498C 21176:029.456   DLL Compiled: Apr  8 2022 15:25:37
T498C 21176:029.485   Logging started @ 2022-06-21 21:46
T498C 21176:029.506 - 59.643ms
T498C 21176:035.779 JLINK_ExecCommand("Device = AT91SAM4SA16C", ...). 
T498C 21176:036.235   Device "ATSAM4SA16CA" selected.
T498C 21176:036.758 - 0.959ms returns 0x00
T498C 21176:036.809 JLINK_TIF_Select(JLINKARM_TIF_SWD)
T498C 21176:037.285 - 0.499ms returns 0x00
T498C 21176:037.326 JLINK_SetSpeed(4000)
T498C 21176:037.389 - 0.082ms
T498C 21176:037.424 JLINK_ResetPullsRESET(OFF)
T498C 21176:037.447 - 0.033ms
T498C 21176:037.471 JLINK_Connect()
T498C 21176:038.040   Found SW-DP with ID 0x2BA01477
T498C 21176:039.702   DPIDR: 0x2BA01477
T498C 21176:040.037   CoreSight SoC-400 or earlier
T498C 21176:040.125   Scanning AP map to find all available APs
T498C 21176:040.525   AP[1]: Stopped AP scan as end of AP map has been reached
T498C 21176:040.573   AP[0]: AHB-AP (IDR: 0x24770011)
T498C 21176:040.617   Iterating through AP map to find AHB-AP to use
T498C 21176:041.084   AP[0]: Core found
T498C 21176:041.120   AP[0]: AHB-AP ROM base: 0xE00FF000
T498C 21176:041.449   CPUID register: 0x410FC241. Implementer code: 0x41 (ARM)
T498C 21176:041.497   Found Cortex-M4 r0p1, Little endian.
T498C 21176:142.588   -- Max. mem block: 0x0000DCF8
T498C 21176:142.705   CPU_ReadMem(4 bytes @ 0xE000EDF0)
T498C 21176:142.972   CPU_WriteMem(4 bytes @ 0xE000EDF0)
T498C 21176:143.251   CPU_ReadMem(4 bytes @ 0xE0002000)
T498C 21176:143.561   FPUnit: 6 code (BP) slots and 2 literal slots
T498C 21176:143.580   CPU_ReadMem(4 bytes @ 0xE000EDFC)
T498C 21176:143.815   CPU_WriteMem(4 bytes @ 0xE000EDFC)
T498C 21176:144.118   CPU_ReadMem(4 bytes @ 0xE0001000)
T498C 21176:144.384   CPU_WriteMem(4 bytes @ 0xE0001000)
T498C 21176:144.610   CPU_ReadMem(4 bytes @ 0xE000ED88)
T498C 21176:144.838   CPU_WriteMem(4 bytes @ 0xE000ED88)
T498C 21176:145.090   CPU_ReadMem(4 bytes @ 0xE000ED88)
T498C 21176:145.313   CPU_WriteMem(4 bytes @ 0xE000ED88)
T498C 21176:145.569   CoreSight components:
T498C 21176:145.597   ROMTbl[0] @ E00FF000
T498C 21176:145.611   CPU_ReadMem(64 bytes @ 0xE00FF000)
T498C 21176:146.040   CPU_ReadMem(32 bytes @ 0xE000EFE0)
T498C 21176:146.389   [0][0]: E000E000 CID B105E00D PID 000BB000 SCS
T498C 21176:146.405   CPU_ReadMem(32 bytes @ 0xE0001FE0)
T498C 21176:146.758   [0][1]: E0001000 CID B105E00D PID 003BB002 DWT
T498C 21176:146.774   CPU_ReadMem(32 bytes @ 0xE0002FE0)
T498C 21176:147.111   [0][2]: E0002000 CID B105E00D PID 002BB003 FPB
T498C 21176:147.127   CPU_ReadMem(32 bytes @ 0xE0000FE0)
T498C 21176:147.457   [0][3]: E0000000 CID B105E00D PID 003BB001 ITM
T498C 21176:147.474   CPU_ReadMem(32 bytes @ 0xE0040FE0)
T498C 21176:147.816   [0][4]: E0040000 CID B105900D PID 000BB9A1 TPIU
T498C 21176:147.836 - 110.370ms returns 0x00
T498C 21176:147.905 JLINK_Halt()
T498C 21176:149.783 - 1.887ms returns 0x00
T498C 21176:149.908 JLINK_BeginDownload(Flags = 0x00000000)
T498C 21176:149.919 - 0.015ms
T498C 21176:149.946 JLINK_WriteMem(0x400E0A04, 0x4 Bytes, ...)
T498C 21176:149.962   Data:  0B 01 00 5A
T498C 21176:150.418   CPU_WriteMem(4 bytes @ 0x400E0A04)
T498C 21176:150.700 - 0.764ms returns 0x4
T498C 21176:150.747 JLINK_EndDownload()
T498C 21176:150.758 - 0.015ms returns 0 (0x0)
T498C 21176:150.769 JLINK_ReadMemHW(0x400E0A08, 0x0004 Bytes, ...)
T498C 21176:150.781   CPU_ReadMem(4 bytes @ 0x400E0A08)
T498C 21176:151.036   Data:  01 00 00 00
T498C 21176:151.054 - 0.289ms returns 0
T498C 21176:151.094 JLINK_SetResetType(JLINKARM_CM3_RESET_TYPE_NORMAL)
T498C 21176:151.104 - 0.014ms returns JLINKARM_CM3_RESET_TYPE_NORMAL
T498C 21176:151.114 JLINK_Reset()
T498C 21176:151.346   CPU_ReadMem(16 bytes @ 0x20000000)
T498C 21176:151.610   CPU_WriteMem(16 bytes @ 0x20000000)
T498C 21176:151.888   CPU_ReadMem(4 bytes @ 0xE000EDFC)
T498C 21176:152.107   CPU_WriteMem(4 bytes @ 0xE000EDFC)
T498C 21176:152.336   CPU_ReadMem(4 bytes @ 0xE0001000)
T498C 21176:166.144   CPU_WriteMem(4 bytes @ 0xE000EDFC)
T498C 21176:166.481   CPU_WriteMem(16 bytes @ 0x20000000)
T498C 21176:168.580   CPU_WriteMem(4 bytes @ 0xE0002000)
T498C 21176:168.832   CPU_ReadMem(4 bytes @ 0xE000EDFC)
T498C 21176:169.060   CPU_ReadMem(4 bytes @ 0xE0001000)
T498C 21176:169.292 - 18.186ms
T498C 21176:170.689 JLINK_JTAG_GetDeviceID(DeviceIndex = 0)
T498C 21176:170.707 - 0.024ms returns 0
T498C 21176:170.721 JLINK_ReadMemU32(0x400E0740, 0x1 Items)
T498C 21176:170.742   CPU_ReadMem(4 bytes @ 0x400E0740)
T498C 21176:170.993   Data:  E0 0C A7 28
T498C 21176:171.017 - 0.301ms returns 1 (0x1)
T498C 21176:171.064 JLINK_ReadMemU32(0x400E0744, 0x1 Items)
T498C 21176:171.086   CPU_ReadMem(4 bytes @ 0x400E0744)
T498C 21176:171.318   Data:  00 00 00 00
T498C 21176:171.336 - 0.277ms returns 1 (0x1)
T7DB4 21176:180.164 JLINK_IsHalted()
T7DB4 21176:180.186 - 0.027ms returns TRUE
T7DB4 21176:180.202 JLINK_GetMOEs(...)
T7DB4 21176:180.216   CPU_ReadMem(4 bytes @ 0xE000ED30)
T7DB4 21176:180.463 - 0.269ms returns 0x01
T7DB4 21176:180.481 JLINK_ReadReg(R15 (PC))
T7DB4 21176:180.495 - 0.018ms returns 0xFFFFFFFE
T498C 21176:181.557 JLINK_BeginDownload(Flags = 0x00000000)
T498C 21176:181.585 - 0.036ms
T498C 21176:181.634 JLINK_WriteMem(0x00400000, 0x4000 Bytes, ...)
T498C 21176:181.654   Data:  08 10 00 20 E1 12 40 00 BD 12 40 00 BD 12 40 00 ...
T498C 21176:182.477   completely In flash
T498C 21176:182.501 - 0.871ms returns 0x4000
T498C 21176:182.550 JLINK_WriteMem(0x00404000, 0x3478 Bytes, ...)
T498C 21176:182.560   Data:  0A FA 05 F0 74 E6 0E 90 3C E6 24 9B 01 2B 40 F3 ...
T498C 21176:182.585   completely In flash
T498C 21176:182.600 - 0.055ms returns 0x3478
T498C 21176:182.923 JLINK_WriteMem(0x00407478, 0x8 Bytes, ...)
T498C 21176:182.946   Data:  18 F3 FF 7F 01 00 00 00
T498C 21176:182.970   completely In flash
T498C 21176:182.992 - 0.077ms returns 0x8
T498C 21176:183.160 JLINK_WriteMem(0x00407480, 0x9B4 Bytes, ...)
T498C 21176:183.176   Data:  08 00 00 20 00 00 00 00 00 00 00 00 F4 02 00 20 ...
T498C 21176:183.197   completely In flash
T498C 21176:183.214 - 0.059ms returns 0x9B4
T498C 21176:185.427 JLINK_EndDownload()
T498C 21176:185.598   CPU_ReadMem(4 bytes @ 0xE000ED90)
T498C 21176:185.869   CPU_ReadMem(4 bytes @ 0xE000ED94)
T498C 21176:186.119    -- --------------------------------------
T498C 21176:186.147   Flash bank @ 0x00400000: Default: L2 verify disabled because algorithm performs L1 verify
T498C 21176:186.167    -- Start of determining dirty areas in flash cache
T498C 21176:186.568    -- End of determining dirty areas
T498C 21176:186.587    -- Start of preparing flash programming
T498C 21176:186.604    -- Calculating RAM usage
T498C 21176:186.628    -- RAM usage = 3916 Bytes
T498C 21176:186.645    -- Preserving CPU registers
T498C 21176:186.688    -- Preparing memory
T498C 21176:186.709    -- Preparing target
T498C 21176:341.316    -- Preserving target RAM temporarily used for programming
T498C 21176:354.571    -- Downloading RAMCode
T498C 21176:365.459    -- Preparing RAMCode
T498C 21176:369.195    -- Checking target RAM
T498C 21176:370.250    -- End of preparing flash programming
T498C 21176:370.591   Looking for J-Link GUI Server exe at: C:\Program Files (x86)\Atmel\Studio\7.0\atbackend\JLinkGUIServer.exe
T498C 21176:370.823   Looking for J-Link GUI Server exe at: C:\Program Files (x86)\SEGGER\JLink\JLinkGUIServer.exe
T498C 21176:370.996   Forking J-Link GUI Server: C:\Program Files (x86)\SEGGER\JLink\JLinkGUIServer.exe
T498C 21176:410.825   J-Link GUI Server info: "J-Link GUI server V7.64b "
T498C 21176:428.540    -- CPU is running at 90000 kHz.
T498C 21176:428.567    -- Start of comparing flash
T498C 21176:428.580    -- CRC check was estimated as fastest method
T498C 21176:491.346    -- Comparing range 0x400000 - 0x403FFF (32 Sectors, 16 KB), using multi-block CRC calculation
T498C 21176:508.544    -- CRC does not match for sectors 0-31
T498C 21176:509.021    -- Comparing range 0x404000 - 0x407FFF (4 Sectors, 16 KB), using multi-block CRC calculation
T498C 21176:517.912    -- CRC does not match for sectors 0-3
T498C 21176:518.014    -- End of comparing flash
T498C 21176:518.030    -- Start of erasing sectors
T498C 21176:518.043    -- End of erasing sectors
T498C 21176:518.057    -- Start of flash programming
T498C 21176:518.071    -- Programming range 0x00400000 - 0x00403FFF ( 32 Sectors, 16 KB)
T498C 21176:648.799    -- Programming range 0x00404000 - 0x00407FFF (  4 Sectors, 16 KB)
T498C 21176:766.788    -- End of flash programming
T498C 21176:766.815    -- 0x400000 - 0x403FFF ( 32 Sectors, 16 KoB)
T498C 21176:766.830    -- 0x404000 - 0x407FFF (  4 Sectors, 16 KoB)
T498C 21176:766.845    -- Start of restoring
T498C 21176:766.859    -- Restoring RAMCode
T498C 21176:777.935    -- Restoring target memory
T498C 21176:790.337    -- Restore target
T498C 21176:841.849    -- Restore memory
T498C 21176:841.872    -- Restoring CPU registers
T498C 21176:841.899    -- End of restoring
T498C 21176:841.955    -- Bank 0 @ 0x00400000: 2 ranges affected (32768 bytes)
T498C 21176:841.981    -- Total: 0.655s (Prepare: 0.241s, Compare: 0.089s, Erase: 0.000s, Program & Verify: 0.256s, Restore: 0.067s)
T498C 21176:842.004    -- Program & Verify speed: 125 KB/s
T498C 21176:847.850 - 662.436ms returns 32768 (0x8000)
T498C 21176:847.938 JLINK_SetResetType(JLINKARM_CM3_RESET_TYPE_NORMAL)
T498C 21176:847.950 - 0.016ms returns JLINKARM_CM3_RESET_TYPE_NORMAL
T498C 21176:847.961 JLINK_Reset()
T498C 21176:848.229   CPU_ReadMem(16 bytes @ 0x20000000)
T498C 21176:848.525   CPU_WriteMem(16 bytes @ 0x20000000)
T498C 21176:848.815   CPU_ReadMem(4 bytes @ 0xE000EDFC)
T498C 21176:849.064   CPU_WriteMem(4 bytes @ 0xE000EDFC)
T498C 21176:849.319   CPU_ReadMem(4 bytes @ 0xE0001000)
T498C 21176:863.400   CPU_WriteMem(4 bytes @ 0xE000EDFC)
T498C 21176:863.694   CPU_WriteMem(16 bytes @ 0x20000000)
T498C 21176:865.882   CPU_WriteMem(4 bytes @ 0xE0002000)
T498C 21176:866.141   CPU_ReadMem(4 bytes @ 0xE000EDFC)
T498C 21176:866.390   CPU_ReadMem(4 bytes @ 0xE0001000)
T498C 21176:866.643 - 18.691ms
T7DB4 21176:983.521 JLINK_IsHalted()
T7DB4 21176:983.624 - 0.116ms returns TRUE
TCB24 21177:046.622 JLINK_Halt()
TCB24 21177:046.654 - 0.037ms returns 0x00
TCB24 21177:046.690 JLINK_ReadReg(R15 (PC))
TCB24 21177:046.703 - 0.017ms returns 0x004012E0
TCB24 21177:046.718 JLINK_ReadReg(R13 (SP))
TCB24 21177:046.728 - 0.013ms returns 0x20001008
TCB24 21177:051.971 JLINK_ReadMemHW(0x004012E0, 0x0004 Bytes, ...)
TCB24 21177:052.010   CPU_ReadMem(4 bytes @ 0x004012E0)
TCB24 21177:052.299   Data:  08 B5 10 4B
TCB24 21177:052.318 - 0.353ms returns 0
TCB24 21177:052.601 JLINK_ReadReg(R0)
TCB24 21177:052.633 - 0.041ms returns 0x400E1400
TCB24 21177:052.662 JLINK_ReadReg(R1)
TCB24 21177:052.681 - 0.027ms returns 0x40C00000
TCB24 21177:052.707 JLINK_ReadReg(R2)
TCB24 21177:052.724 - 0.025ms returns 0xA5000005
TCB24 21177:052.748 JLINK_ReadReg(R3)
TCB24 21177:052.765 - 0.025ms returns 0x00000000
TCB24 21177:052.789 JLINK_ReadReg(R4)
TCB24 21177:052.806 - 0.025ms returns 0x5DF74ED2
TCB24 21177:052.831 JLINK_ReadReg(R5)
TCB24 21177:052.847 - 0.025ms returns 0x3556CB74
TCB24 21177:052.872 JLINK_ReadReg(R6)
TCB24 21177:052.888 - 0.025ms returns 0xCFFE597C
TCB24 21177:052.912 JLINK_ReadReg(R7)
TCB24 21177:052.929 - 0.025ms returns 0xDFEFF4FF
TCB24 21177:052.953 JLINK_ReadReg(R8)
TCB24 21177:052.973 - 0.027ms returns 0xB9FB967F
TCB24 21177:053.000 JLINK_ReadReg(R9)
TCB24 21177:053.017 - 0.025ms returns 0x5B8EB911
TCB24 21177:053.041 JLINK_ReadReg(R10)
TCB24 21177:053.058 - 0.025ms returns 0xFBE637B8
TCB24 21177:053.083 JLINK_ReadReg(R11)
TCB24 21177:053.097 - 0.017ms returns 0xBDFEB6FF
TCB24 21177:053.112 JLINK_ReadReg(R12)
TCB24 21177:053.122 - 0.013ms returns 0x00000000
TCB24 21177:053.134 JLINK_ReadReg(R13 (SP))
TCB24 21177:053.144 - 0.013ms returns 0x20001008
TCB24 21177:053.157 JLINK_ReadReg(R14)
TCB24 21177:053.165 - 0.012ms returns 0xFFFFFFFF
TCB24 21177:053.178 JLINK_ReadReg(R15 (PC))
TCB24 21177:053.187 - 0.013ms returns 0x004012E0
TCB24 21177:053.210 JLINK_ReadReg(XPSR)
TCB24 21177:053.218 - 0.016ms returns 0x01000000
TCB24 21177:053.237 JLINK_ReadReg(MSP)
TCB24 21177:053.246 - 0.013ms returns 0x20001008
TCB24 21177:053.258 JLINK_ReadReg(PSP)
TCB24 21177:053.267 - 0.012ms returns 0x22E24608
TCB24 21177:053.280 JLINK_ReadReg(PRIMASK)
TCB24 21177:053.289 - 0.013ms returns 0x00000000
TCB24 21177:053.302 JLINK_ReadReg(BASEPRI)
TCB24 21177:053.311 - 0.013ms returns 0x00000000
TCB24 21177:053.323 JLINK_ReadReg(FAULTMASK)
TCB24 21177:053.332 - 0.012ms returns 0x00000000
TCB24 21177:053.345 JLINK_ReadReg(CONTROL)
TCB24 21177:053.353 - 0.012ms returns 0x00000000
TCB24 21177:053.690 JLINK_ReadMemHW(0x004012E0, 0x0002 Bytes, ...)
TCB24 21177:053.713   CPU_ReadMem(2 bytes @ 0x004012E0)
TCB24 21177:053.969   Data:  08 B5
TCB24 21177:053.987 - 0.301ms returns 0
TCB24 21177:096.188 JLINK_ReadReg(R0)
TCB24 21177:096.216 - 0.035ms returns 0x400E1400
TCB24 21177:096.240 JLINK_ReadReg(R1)
TCB24 21177:096.255 - 0.023ms returns 0x40C00000
TCB24 21177:096.279 JLINK_ReadReg(R2)
TCB24 21177:096.289 - 0.014ms returns 0xA5000005
TCB24 21177:096.302 JLINK_ReadReg(R3)
TCB24 21177:096.311 - 0.013ms returns 0x00000000
TCB24 21177:096.324 JLINK_ReadReg(R4)
TCB24 21177:096.333 - 0.013ms returns 0x5DF74ED2
TCB24 21177:096.345 JLINK_ReadReg(R5)
TCB24 21177:096.354 - 0.012ms returns 0x3556CB74
TCB24 21177:096.367 JLINK_ReadReg(R6)
TCB24 21177:096.375 - 0.012ms returns 0xCFFE597C
TCB24 21177:096.388 JLINK_ReadReg(R7)
TCB24 21177:096.397 - 0.013ms returns 0xDFEFF4FF
TCB24 21177:096.409 JLINK_ReadReg(R8)
TCB24 21177:096.418 - 0.013ms returns 0xB9FB967F
TCB24 21177:096.431 JLINK_ReadReg(R9)
TCB24 21177:096.439 - 0.012ms returns 0x5B8EB911
TCB24 21177:096.452 JLINK_ReadReg(R10)
TCB24 21177:096.461 - 0.012ms returns 0xFBE637B8
TCB24 21177:096.474 JLINK_ReadReg(R11)
TCB24 21177:096.482 - 0.013ms returns 0xBDFEB6FF
TCB24 21177:096.495 JLINK_ReadReg(R12)
TCB24 21177:096.503 - 0.012ms returns 0x00000000
TCB24 21177:096.516 JLINK_ReadReg(R13 (SP))
TCB24 21177:096.525 - 0.013ms returns 0x20001008
TCB24 21177:096.538 JLINK_ReadReg(R14)
TCB24 21177:096.547 - 0.012ms returns 0xFFFFFFFF
TCB24 21177:096.559 JLINK_ReadReg(R15 (PC))
TCB24 21177:096.569 - 0.013ms returns 0x004012E0
TCB24 21177:096.591 JLINK_ReadReg(XPSR)
TCB24 21177:096.600 - 0.013ms returns 0x01000000
TCB24 21177:096.613 JLINK_ReadReg(MSP)
TCB24 21177:096.622 - 0.012ms returns 0x20001008
TCB24 21177:096.634 JLINK_ReadReg(PSP)
TCB24 21177:096.643 - 0.012ms returns 0x22E24608
TCB24 21177:096.660 JLINK_ReadReg(PRIMASK)
TCB24 21177:096.669 - 0.013ms returns 0x00000000
TCB24 21177:096.684 JLINK_ReadReg(BASEPRI)
TCB24 21177:096.693 - 0.013ms returns 0x00000000
TCB24 21177:096.705 JLINK_ReadReg(FAULTMASK)
TCB24 21177:096.714 - 0.012ms returns 0x00000000
TCB24 21177:096.727 JLINK_ReadReg(CONTROL)
TCB24 21177:096.735 - 0.013ms returns 0x00000000
TCB24 21177:110.079 JLINK_ReadMemHW(0x004012E0, 0x0004 Bytes, ...)
TCB24 21177:110.114   CPU_ReadMem(4 bytes @ 0x004012E0)
TCB24 21177:110.394   Data:  08 B5 10 4B
TCB24 21177:110.421 - 0.349ms returns 0
TCB24 21177:138.888 JLINK_SetResetType(JLINKARM_CM3_RESET_TYPE_NORMAL)
TCB24 21177:138.917 - 0.038ms returns JLINKARM_CM3_RESET_TYPE_NORMAL
TCB24 21177:138.940 JLINK_Reset()
TCB24 21177:138.969   CPU_ReadMem(16 bytes @ 0x20000000)
TCB24 21177:139.275   CPU_WriteMem(16 bytes @ 0x20000000)
TCB24 21177:139.570   CPU_ReadMem(4 bytes @ 0xE000EDFC)
TCB24 21177:139.815   CPU_WriteMem(4 bytes @ 0xE000EDFC)
TCB24 21177:140.069   CPU_ReadMem(4 bytes @ 0xE0001000)
TCB24 21177:140.318   CPU_WriteMem(4 bytes @ 0xE0001004)
TCB24 21177:153.557   CPU_WriteMem(4 bytes @ 0xE000EDFC)
TCB24 21177:153.800   CPU_WriteMem(16 bytes @ 0x20000000)
TCB24 21177:155.946   CPU_WriteMem(4 bytes @ 0xE0002000)
TCB24 21177:156.195   CPU_ReadMem(4 bytes @ 0xE000EDFC)
TCB24 21177:156.433   CPU_ReadMem(4 bytes @ 0xE0001000)
TCB24 21177:156.664 - 17.733ms
T7DB4 21177:156.707 JLINK_IsHalted()
T7DB4 21177:156.728 - 0.027ms returns TRUE
T7DB4 21177:156.747 JLINK_GetMOEs(...)
T7DB4 21177:156.764   CPU_ReadMem(4 bytes @ 0xE000ED30)
T7DB4 21177:157.072 - 0.335ms returns 0x01
T7DB4 21177:157.100 JLINK_ReadReg(R15 (PC))
T7DB4 21177:157.117 - 0.021ms returns 0x004012E0
TCB24 21177:167.736 JLINK_ReadReg(R15 (PC))
TCB24 21177:167.760 - 0.029ms returns 0x004012E0
TCB24 21177:167.777 JLINK_ReadReg(R13 (SP))
TCB24 21177:167.787 - 0.014ms returns 0x20001008
TCB24 21177:168.112 JLINK_ReadMemHW(0x004012E0, 0x0004 Bytes, ...)
TCB24 21177:168.133   CPU_ReadMem(4 bytes @ 0x004012E0)
TCB24 21177:168.400   Data:  08 B5 10 4B
TCB24 21177:168.417 - 0.309ms returns 0
TCB24 21177:217.197 JLINK_ReadReg(R0)
TCB24 21177:217.227 - 0.035ms returns 0x400E1400
TCB24 21177:217.246 JLINK_ReadReg(R1)
TCB24 21177:217.256 - 0.013ms returns 0x40C00000
TCB24 21177:217.269 JLINK_ReadReg(R2)
TCB24 21177:217.287 - 0.027ms returns 0xA5000005
TCB24 21177:217.317 JLINK_ReadReg(R3)
TCB24 21177:217.333 - 0.023ms returns 0x00000000
TCB24 21177:217.357 JLINK_ReadReg(R4)
TCB24 21177:217.375 - 0.025ms returns 0x5DF74ED2
TCB24 21177:217.399 JLINK_ReadReg(R5)
TCB24 21177:217.416 - 0.024ms returns 0x3556CB74
TCB24 21177:217.439 JLINK_ReadReg(R6)
TCB24 21177:217.456 - 0.025ms returns 0xCFFE597C
TCB24 21177:217.480 JLINK_ReadReg(R7)
TCB24 21177:217.497 - 0.025ms returns 0xDFEFF4FF
TCB24 21177:217.528 JLINK_ReadReg(R8)
TCB24 21177:217.549 - 0.031ms returns 0xB9FB967F
TCB24 21177:217.576 JLINK_ReadReg(R9)
TCB24 21177:217.593 - 0.025ms returns 0x5B8EB911
TCB24 21177:217.618 JLINK_ReadReg(R10)
TCB24 21177:217.635 - 0.025ms returns 0xFBE637B8
TCB24 21177:217.659 JLINK_ReadReg(R11)
TCB24 21177:217.676 - 0.025ms returns 0xBDFEB6FF
TCB24 21177:217.700 JLINK_ReadReg(R12)
TCB24 21177:217.717 - 0.025ms returns 0x00000000
TCB24 21177:217.741 JLINK_ReadReg(R13 (SP))
TCB24 21177:217.758 - 0.025ms returns 0x20001008
TCB24 21177:217.782 JLINK_ReadReg(R14)
TCB24 21177:217.801 - 0.025ms returns 0xFFFFFFFF
TCB24 21177:217.819 JLINK_ReadReg(R15 (PC))
TCB24 21177:217.829 - 0.013ms returns 0x004012E0
TCB24 21177:217.852 JLINK_ReadReg(XPSR)
TCB24 21177:217.861 - 0.013ms returns 0x01000000
TCB24 21177:217.873 JLINK_ReadReg(MSP)
TCB24 21177:217.882 - 0.012ms returns 0x20001008
TCB24 21177:217.895 JLINK_ReadReg(PSP)
TCB24 21177:217.903 - 0.013ms returns 0x22E24608
TCB24 21177:217.916 JLINK_ReadReg(PRIMASK)
TCB24 21177:217.925 - 0.013ms returns 0x00000000
TCB24 21177:217.938 JLINK_ReadReg(BASEPRI)
TCB24 21177:217.947 - 0.013ms returns 0x00000000
TCB24 21177:217.960 JLINK_ReadReg(FAULTMASK)
TCB24 21177:217.968 - 0.013ms returns 0x00000000
TCB24 21177:217.981 JLINK_ReadReg(CONTROL)
TCB24 21177:217.990 - 0.013ms returns 0x00000000
TCB24 21177:246.026 JLINK_ReadMemHW(0x00401624, 0x0001 Bytes, ...)
TCB24 21177:246.056   CPU_ReadMem(1 bytes @ 0x00401624)
TCB24 21177:246.310   Data:  08
TCB24 21177:246.330 - 0.309ms returns 0
TCB24 21177:309.709 JLINK_ReadReg(R15 (PC))
TCB24 21177:309.738 - 0.036ms returns 0x004012E0
TCB24 21177:309.879 JLINK_GetNumBPUnits(Type = 0xFFFFFF02)
TCB24 21177:309.897 - 0.024ms returns 0x06
TCB24 21177:309.915 JLINK_SetBPEx(Addr = 0x00401624, Type = 0xFFFFFFF2)
TCB24 21177:309.934 - 0.028ms returns 0x00000001
TCB24 21177:309.954 JLINK_GetBPInfo(BPHandle = 1)
TCB24 21177:309.969 - 0.025ms returns 0x0
TCB24 21177:310.134 JLINK_Go()
TCB24 21177:310.162   CPU_WriteMem(4 bytes @ 0xE0002000)
TCB24 21177:310.428   CPU_ReadMem(4 bytes @ 0xE0001000)
TCB24 21177:310.687   CPU_WriteMem(4 bytes @ 0xE000ED30)
TCB24 21177:310.969   CPU_WriteMem(4 bytes @ 0xE0002008)
TCB24 21177:310.990   CPU_WriteMem(4 bytes @ 0xE000200C)
TCB24 21177:311.004   CPU_WriteMem(4 bytes @ 0xE0002010)
TCB24 21177:311.017   CPU_WriteMem(4 bytes @ 0xE0002014)
TCB24 21177:311.030   CPU_WriteMem(4 bytes @ 0xE0002018)
TCB24 21177:311.043   CPU_WriteMem(4 bytes @ 0xE000201C)
TCB24 21177:311.880   CPU_WriteMem(4 bytes @ 0xE0001004)
TCB24 21177:312.469 - 2.350ms
T7DB4 21177:312.549 JLINK_IsHalted()
T7DB4 21177:312.829 - 0.290ms returns FALSE
T7DB4 21177:334.266 JLINK_IsHalted()
T7DB4 21177:336.185 - 1.930ms returns TRUE
T7DB4 21177:336.210 JLINK_GetMOEs(...)
T7DB4 21177:336.227   CPU_ReadMem(4 bytes @ 0xE000ED30)
T7DB4 21177:336.492 - 0.292ms returns 0x01
T7DB4 21177:336.513 JLINK_ReadReg(R15 (PC))
T7DB4 21177:336.525 - 0.016ms returns 0x00401624
TCB24 21177:345.304 JLINK_ReadReg(R15 (PC))
TCB24 21177:345.330 - 0.030ms returns 0x00401624
TCB24 21177:345.347 JLINK_ReadReg(R13 (SP))
TCB24 21177:345.357 - 0.014ms returns 0x20001000
TCB24 21177:345.742 JLINK_ReadMemHW(0x00401624, 0x0004 Bytes, ...)
TCB24 21177:345.779   CPU_ReadMem(4 bytes @ 0x00401624)
TCB24 21177:346.106   Data:  08 B5 10 4B
TCB24 21177:346.125 - 0.387ms returns 0
TCB24 21177:388.626 JLINK_WriteU32_64(0xE000EDFC, 0x01000000)
TCB24 21177:388.650   Debug reg: DEMCR
TCB24 21177:389.175   CPU_WriteMem(4 bytes @ 0xE000EDFC)
TCB24 21177:389.476 - 0.872ms returns 0 (0x00000000)
TCB24 21177:389.516 JLINK_ReadMem(0xE0001000, 0x4 Bytes, ...)
TCB24 21177:389.538   CPU_ReadMem(4 bytes @ 0xE0001000)
TCB24 21177:389.775   Data:  01 00 00 40
TCB24 21177:389.799   Debug reg: DWT_CTRL
TCB24 21177:389.814 - 0.303ms returns 0
TCB24 21177:389.900 JLINK_WriteU32_64(0xE0001000, 0x40000001)
TCB24 21177:389.916   Debug reg: DWT_CTRL
TCB24 21177:389.991   CPU_WriteMem(4 bytes @ 0xE0001000)
TCB24 21177:390.271 - 0.382ms returns 0 (0x00000000)
TCB24 21177:390.328 JLINK_WriteU32_64(0xE0001028, 0x00000100)
TCB24 21177:390.344   Debug reg: DWT_FUNC[0]
TCB24 21177:390.367 - 0.046ms returns 0 (0x00000000)
TCB24 21177:390.384 JLINK_ReadMem(0xE0001028, 0x4 Bytes, ...)
TCB24 21177:390.401   CPU_WriteMem(4 bytes @ 0xE0001028)
TCB24 21177:390.680   CPU_ReadMem(4 bytes @ 0xE0001028)
TCB24 21177:390.915   Data:  00 00 00 00
TCB24 21177:390.937   Debug reg: DWT_FUNC[0]
TCB24 21177:390.954 - 0.575ms returns 0
TCB24 21177:391.017 JLINK_WriteU32_64(0xE0001024, 0x0000001F)
TCB24 21177:391.033   Debug reg: DWT_MASK[0]
TCB24 21177:391.061 - 0.050ms returns 0 (0x00000000)
TCB24 21177:391.078 JLINK_ReadMem(0xE0001024, 0x4 Bytes, ...)
TCB24 21177:391.093   CPU_WriteMem(4 bytes @ 0xE0001024)
TCB24 21177:391.335   CPU_ReadMem(4 bytes @ 0xE0001024)
TCB24 21177:391.585   Data:  0F 00 00 00
TCB24 21177:391.606   Debug reg: DWT_MASK[0]
TCB24 21177:391.621 - 0.547ms returns 0
TCB24 21177:391.684 JLINK_WriteU32_64(0xE0001038, 0x00000100)
TCB24 21177:391.700   Debug reg: DWT_FUNC[1]
TCB24 21177:391.724 - 0.046ms returns 0 (0x00000000)
TCB24 21177:391.744 JLINK_ReadMem(0xE0001038, 0x4 Bytes, ...)
TCB24 21177:391.761   CPU_WriteMem(4 bytes @ 0xE0001038)
TCB24 21177:392.028   CPU_ReadMem(4 bytes @ 0xE0001038)
TCB24 21177:392.268   Data:  00 03 00 00
TCB24 21177:392.291   Debug reg: DWT_FUNC[1]
TCB24 21177:392.308 - 0.569ms returns 0
TCB24 21177:392.370 JLINK_WriteU32_64(0xE0001034, 0x0000001F)
TCB24 21177:392.385   Debug reg: DWT_MASK[1]
TCB24 21177:392.407 - 0.043ms returns 0 (0x00000000)
TCB24 21177:392.425 JLINK_ReadMem(0xE0001034, 0x4 Bytes, ...)
TCB24 21177:392.441   CPU_WriteMem(4 bytes @ 0xE0001034)
TCB24 21177:392.713   CPU_ReadMem(4 bytes @ 0xE0001034)
TCB24 21177:392.969   Data:  0F 00 00 00
TCB24 21177:392.987   Debug reg: DWT_MASK[1]
TCB24 21177:392.999 - 0.578ms returns 0
TCB24 21177:393.124 JLINK_WriteU32_64(0xE0001048, 0x00000100)
TCB24 21177:393.150   Debug reg: DWT_FUNC[2]
TCB24 21177:393.185 - 0.070ms returns 0 (0x00000000)
TCB24 21177:393.209 JLINK_ReadMem(0xE0001048, 0x4 Bytes, ...)
TCB24 21177:393.231   CPU_WriteMem(4 bytes @ 0xE0001048)
TCB24 21177:393.518   CPU_ReadMem(4 bytes @ 0xE0001048)
TCB24 21177:393.819   Data:  00 00 00 00
TCB24 21177:393.838   Debug reg: DWT_FUNC[2]
TCB24 21177:393.850 - 0.645ms returns 0
TCB24 21177:393.895 JLINK_WriteU32_64(0xE0001044, 0x0000001F)
TCB24 21177:393.905   Debug reg: DWT_MASK[2]
TCB24 21177:393.922 - 0.032ms returns 0 (0x00000000)
TCB24 21177:393.934 JLINK_ReadMem(0xE0001044, 0x4 Bytes, ...)
TCB24 21177:393.946   CPU_WriteMem(4 bytes @ 0xE0001044)
TCB24 21177:394.199   CPU_ReadMem(4 bytes @ 0xE0001044)
TCB24 21177:394.476   Data:  0F 00 00 00
TCB24 21177:394.494   Debug reg: DWT_MASK[2]
TCB24 21177:394.507 - 0.576ms returns 0
TCB24 21177:394.569 JLINK_WriteU32_64(0xE0001058, 0x00000100)
TCB24 21177:394.586   Debug reg: DWT_FUNC[3]
TCB24 21177:394.603 - 0.038ms returns 0 (0x00000000)
TCB24 21177:394.615 JLINK_ReadMem(0xE0001058, 0x4 Bytes, ...)
TCB24 21177:394.626   CPU_WriteMem(4 bytes @ 0xE0001058)
TCB24 21177:394.893   CPU_ReadMem(4 bytes @ 0xE0001058)
TCB24 21177:395.118   Data:  00 00 00 00
TCB24 21177:395.136   Debug reg: DWT_FUNC[3]
TCB24 21177:395.149 - 0.538ms returns 0
TCB24 21177:395.194 JLINK_WriteU32_64(0xE0001054, 0x0000001F)
TCB24 21177:395.204   Debug reg: DWT_MASK[3]
TCB24 21177:395.225 - 0.041ms returns 0 (0x00000000)
TCB24 21177:395.249 JLINK_ReadMem(0xE0001054, 0x4 Bytes, ...)
TCB24 21177:395.274   CPU_WriteMem(4 bytes @ 0xE0001054)
TCB24 21177:395.574   CPU_ReadMem(4 bytes @ 0xE0001054)
TCB24 21177:395.845   Data:  0F 00 00 00
TCB24 21177:395.863   Debug reg: DWT_MASK[3]
TCB24 21177:395.875 - 0.630ms returns 0
TCB24 21177:395.926 JLINK_WriteU32_64(0xE0001020, 0x00000000)
TCB24 21177:395.937   Debug reg: DWT_COMP[0]
TCB24 21177:395.953 - 0.032ms returns 0 (0x00000000)
TCB24 21177:395.977 JLINK_WriteU32_64(0xE0001024, 0x00000000)
TCB24 21177:395.987   Debug reg: DWT_MASK[0]
TCB24 21177:396.001 - 0.029ms returns 0 (0x00000000)
TCB24 21177:396.025 JLINK_WriteU32_64(0xE0001028, 0x00000000)
TCB24 21177:396.035   Debug reg: DWT_FUNC[0]
TCB24 21177:396.059 - 0.044ms returns 0 (0x00000000)
TCB24 21177:396.096 JLINK_WriteU32_64(0xE0001030, 0x00000000)
TCB24 21177:396.106   Debug reg: DWT_COMP[1]
TCB24 21177:396.121 - 0.029ms returns 0 (0x00000000)
TCB24 21177:396.142 JLINK_WriteU32_64(0xE0001034, 0x00000000)
TCB24 21177:396.151   Debug reg: DWT_MASK[1]
TCB24 21177:396.164 - 0.026ms returns 0 (0x00000000)
TCB24 21177:396.184 JLINK_WriteU32_64(0xE0001038, 0x00000000)
TCB24 21177:396.193   Debug reg: DWT_FUNC[1]
TCB24 21177:396.206 - 0.026ms returns 0 (0x00000000)
TCB24 21177:396.227 JLINK_WriteU32_64(0xE0001040, 0x00000000)
TCB24 21177:396.236   Debug reg: DWT_COMP[2]
TCB24 21177:396.249 - 0.026ms returns 0 (0x00000000)
TCB24 21177:396.268 JLINK_WriteU32_64(0xE0001044, 0x00000000)
TCB24 21177:396.277   Debug reg: DWT_MASK[2]
TCB24 21177:396.290 - 0.026ms returns 0 (0x00000000)
TCB24 21177:396.310 JLINK_WriteU32_64(0xE0001048, 0x00000000)
TCB24 21177:396.319   Debug reg: DWT_FUNC[2]
TCB24 21177:396.332 - 0.026ms returns 0 (0x00000000)
TCB24 21177:396.351 JLINK_WriteU32_64(0xE0001050, 0x00000000)
TCB24 21177:396.360   Debug reg: DWT_COMP[3]
TCB24 21177:396.373 - 0.026ms returns 0 (0x00000000)
TCB24 21177:396.393 JLINK_WriteU32_64(0xE0001054, 0x00000000)
TCB24 21177:396.402   Debug reg: DWT_MASK[3]
TCB24 21177:396.416 - 0.026ms returns 0 (0x00000000)
TCB24 21177:396.435 JLINK_WriteU32_64(0xE0001058, 0x00000000)
TCB24 21177:396.444   Debug reg: DWT_FUNC[3]
TCB24 21177:396.457 - 0.026ms returns 0 (0x00000000)
TCB24 21177:396.469 JLINK_GetBPInfo(BPHandle = 1)
TCB24 21177:396.478 - 0.012ms returns 0x0
TCB24 21177:396.488 JLINK_ClrBPEx(BPHandle = 0x00000001)
TCB24 21177:396.497 - 0.013ms returns 0x00
TCB24 21177:396.530 JLINK_ReadReg(R15 (PC))
TCB24 21177:396.540 - 0.014ms returns 0x00401624
TCB24 21177:396.684 JLINK_Go()
TCB24 21177:396.715   CPU_ReadMem(4 bytes @ 0xE0001000)
TCB24 21177:396.995   CPU_WriteMem(4 bytes @ 0xE000ED30)
TCB24 21177:397.242   CPU_WriteMem(4 bytes @ 0xE0001020)
TCB24 21177:397.261   CPU_WriteMem(4 bytes @ 0xE0001030)
TCB24 21177:397.274   CPU_WriteMem(4 bytes @ 0xE0001040)
TCB24 21177:397.286   CPU_WriteMem(4 bytes @ 0xE0001050)
TCB24 21177:397.298   CPU_WriteMem(4 bytes @ 0xE0001024)
TCB24 21177:397.311   CPU_WriteMem(4 bytes @ 0xE0001034)
TCB24 21177:397.323   CPU_WriteMem(4 bytes @ 0xE0001044)
TCB24 21177:397.336   CPU_WriteMem(4 bytes @ 0xE0001054)
TCB24 21177:397.348   CPU_WriteMem(4 bytes @ 0xE0001028)
TCB24 21177:397.360   CPU_WriteMem(4 bytes @ 0xE0001038)
TCB24 21177:397.372   CPU_WriteMem(4 bytes @ 0xE0001048)
TCB24 21177:397.384   CPU_WriteMem(4 bytes @ 0xE0001058)
TCB24 21177:397.396   CPU_WriteMem(4 bytes @ 0xE0002008)
TCB24 21177:399.439 - 2.768ms
T7DB4 21177:399.475 JLINK_IsHalted()
T7DB4 21177:399.792 - 0.326ms returns FALSE
T7DB4 21177:439.989 JLINK_IsHalted()
T7DB4 21177:440.320 - 0.346ms returns FALSE
T7DB4 21177:600.545 JLINK_IsHalted()
T7DB4 21177:600.820 - 0.284ms returns FALSE
T7DB4 21177:802.972 JLINK_IsHalted()
T7DB4 21177:803.212 - 0.249ms returns FALSE
T7DB4 21178:003.435 JLINK_IsHalted()
T7DB4 21178:003.682 - 0.255ms returns FALSE
T7DB4 21178:203.903 JLINK_IsHalted()
T7DB4 21178:204.165 - 0.271ms returns FALSE
T7DB4 21178:404.395 JLINK_IsHalted()
T7DB4 21178:404.671 - 0.285ms returns FALSE
T7DB4 21178:604.882 JLINK_IsHalted()
T7DB4 21178:605.172 - 0.302ms returns FALSE
T7DB4 21178:806.346 JLINK_IsHalted()
T7DB4 21178:806.706 - 0.371ms returns FALSE
T7DB4 21179:007.763 JLINK_IsHalted()
T7DB4 21179:008.037 - 0.283ms returns FALSE
T7DB4 21179:208.255 JLINK_IsHalted()
T7DB4 21179:208.517 - 0.274ms returns FALSE
T7DB4 21179:412.679 JLINK_IsHalted()
T7DB4 21179:412.967 - 0.297ms returns FALSE
T7DB4 21179:615.093 JLINK_IsHalted()
T7DB4 21179:615.422 - 0.339ms returns FALSE
T7DB4 21179:815.573 JLINK_IsHalted()
T7DB4 21179:815.890 - 0.326ms returns FALSE
T7DB4 21180:017.000 JLINK_IsHalted()
T7DB4 21180:017.239 - 0.248ms returns FALSE
T7DB4 21180:218.484 JLINK_IsHalted()
T7DB4 21180:218.766 - 0.293ms returns FALSE
T7DB4 21180:423.939 JLINK_IsHalted()
T7DB4 21180:424.224 - 0.294ms returns FALSE
T7DB4 21180:624.398 JLINK_IsHalted()
T7DB4 21180:624.688 - 0.300ms returns FALSE
T7DB4 21180:824.893 JLINK_IsHalted()
T7DB4 21180:825.198 - 0.315ms returns FALSE
T7DB4 21181:026.315 JLINK_IsHalted()
T7DB4 21181:026.602 - 0.295ms returns FALSE
T7DB4 21181:226.790 JLINK_IsHalted()
T7DB4 21181:227.073 - 0.294ms returns FALSE
T7DB4 21181:429.283 JLINK_IsHalted()
T7DB4 21181:429.565 - 0.292ms returns FALSE
T7DB4 21181:630.696 JLINK_IsHalted()
T7DB4 21181:630.955 - 0.269ms returns FALSE
TCB24 21181:824.070 JLINK_Halt()
TCB24 21181:826.011 - 1.956ms returns 0x00
T7DB4 21181:832.321 JLINK_IsHalted()
T7DB4 21181:832.351 - 0.035ms returns TRUE
T7DB4 21181:832.369 JLINK_GetMOEs(...)
T7DB4 21181:832.389   CPU_ReadMem(4 bytes @ 0xE000ED30)
T7DB4 21181:832.687 - 0.332ms returns 0x01
T7DB4 21181:832.718 JLINK_ReadReg(R15 (PC))
T7DB4 21181:832.736 - 0.025ms returns 0x00401656
T7DB4 21182:033.781 JLINK_IsHalted()
T7DB4 21182:033.811 - 0.035ms returns TRUE
T498C 21182:034.394 JLINK_ResetPullsRESET(ON)
T498C 21182:034.411 - 0.022ms
T498C 21182:034.423 JLINK_ResetNoHalt()
T498C 21182:034.909   Found SW-DP with ID 0x2BA01477
T498C 21182:035.923   DPIDR: 0x2BA01477
T498C 21182:035.951   CoreSight SoC-400 or earlier
T498C 21182:035.974   AP map detection skipped. Manually configured AP map found.
T498C 21182:035.997   AP[0]: AHB-AP (IDR: Not set)
T498C 21182:036.400   AP[0]: Core found
T498C 21182:036.427   AP[0]: AHB-AP ROM base: 0xE00FF000
T498C 21182:036.671   CPUID register: 0x410FC241. Implementer code: 0x41 (ARM)
T498C 21182:036.697   Found Cortex-M4 r0p1, Little endian.
T498C 21182:137.450   -- Max. mem block: 0x0000D878
T498C 21182:137.478   CPU_ReadMem(4 bytes @ 0xE000EDF0)
T498C 21182:137.709   CPU_ReadMem(4 bytes @ 0xE0002000)
T498C 21182:138.076   FPUnit: 6 code (BP) slots and 2 literal slots
T498C 21182:138.488   CPU_ReadMem(4 bytes @ 0xE0001000)
T498C 21182:138.762   CPU_ReadMem(4 bytes @ 0xE000ED88)
T498C 21182:138.994   CPU_WriteMem(4 bytes @ 0xE000ED88)
T498C 21182:139.236   CPU_ReadMem(4 bytes @ 0xE000ED88)
T498C 21182:139.461   CPU_WriteMem(4 bytes @ 0xE000ED88)
T498C 21182:139.761   CoreSight components:
T498C 21182:139.805   ROMTbl[0] @ E00FF000
T498C 21182:139.827   CPU_ReadMem(64 bytes @ 0xE00FF000)
T498C 21182:140.267   CPU_ReadMem(32 bytes @ 0xE000EFE0)
T498C 21182:140.636   [0][0]: E000E000 CID B105E00D PID 000BB000 SCS
T498C 21182:140.655   CPU_ReadMem(32 bytes @ 0xE0001FE0)
T498C 21182:141.003   [0][1]: E0001000 CID B105E00D PID 003BB002 DWT
T498C 21182:141.021   CPU_ReadMem(32 bytes @ 0xE0002FE0)
T498C 21182:141.355   [0][2]: E0002000 CID B105E00D PID 002BB003 FPB
T498C 21182:141.422   CPU_ReadMem(32 bytes @ 0xE0000FE0)
T498C 21182:141.748   [0][3]: E0000000 CID B105E00D PID 003BB001 ITM
T498C 21182:141.766   CPU_ReadMem(32 bytes @ 0xE0040FE0)
T498C 21182:142.106   [0][4]: E0040000 CID B105900D PID 000BB9A1 TPIU
T498C 21182:142.131   JLINK_Reset()
T498C 21182:142.356     CPU_ReadMem(16 bytes @ 0x20000000)
T498C 21182:142.604     CPU_WriteMem(16 bytes @ 0x20000000)
T498C 21182:142.881     CPU_ReadMem(4 bytes @ 0xE000EDFC)
T498C 21182:143.100     CPU_WriteMem(4 bytes @ 0xE000EDFC)
T498C 21182:143.330     CPU_ReadMem(4 bytes @ 0xE0001000)
T498C 21182:157.220     CPU_WriteMem(4 bytes @ 0xE000EDFC)
T498C 21182:157.495     CPU_WriteMem(16 bytes @ 0x20000000)
T498C 21182:159.636     CPU_WriteMem(4 bytes @ 0xE0002000)
T498C 21182:159.884     CPU_ReadMem(4 bytes @ 0xE000EDFC)
T498C 21182:160.111     CPU_ReadMem(4 bytes @ 0xE0001000)
T498C 21182:160.345   - 18.222ms
T498C 21182:160.362   JLINK_Go()
T498C 21182:160.379     CPU_ReadMem(4 bytes @ 0xE0001000)
T498C 21182:160.608     CPU_WriteMem(4 bytes @ 0xE0002008)
T498C 21182:160.626     CPU_WriteMem(4 bytes @ 0xE000200C)
T498C 21182:160.638     CPU_WriteMem(4 bytes @ 0xE0002010)
T498C 21182:160.651     CPU_WriteMem(4 bytes @ 0xE0002014)
T498C 21182:160.663     CPU_WriteMem(4 bytes @ 0xE0002018)
T498C 21182:160.676     CPU_WriteMem(4 bytes @ 0xE000201C)
T498C 21182:161.512     CPU_WriteMem(4 bytes @ 0xE0001004)
T498C 21182:162.026   - 1.672ms
T498C 21182:162.039 - 127.620ms
T498C 21182:162.445 JLINK_Close()
T498C 21182:162.720   CPU is running
T498C 21182:162.740   CPU_WriteMem(4 bytes @ 0xE0002008)
T498C 21182:162.959   CPU is running
T498C 21182:162.977   CPU_WriteMem(4 bytes @ 0xE000200C)
T498C 21182:163.210   CPU is running
T498C 21182:163.231   CPU_WriteMem(4 bytes @ 0xE0002010)
T498C 21182:163.454   CPU is running
T498C 21182:163.471   CPU_WriteMem(4 bytes @ 0xE0002014)
T498C 21182:163.692   CPU is running
T498C 21182:163.709   CPU_WriteMem(4 bytes @ 0xE0002018)
T498C 21182:163.929   CPU is running
T498C 21182:163.946   CPU_WriteMem(4 bytes @ 0xE000201C)
T498C 21182:185.915 - 23.490ms
T498C 21182:185.943   
T498C 21182:185.958   Closed
