T498C 21170:867.266   SEGGER J-Link V7.64b Log File
T498C 21170:867.357   DLL Compiled: Apr  8 2022 15:25:37
T498C 21170:867.391   Logging started @ 2022-06-21 21:46
T498C 21170:867.421 - 89909.353ms
T498C 21170:872.485 JLINK_ExecCommand("Device = AT91SAM4SA16C", ...). 
T498C 21170:872.974   Device "ATSAM4SA16CA" selected.
T498C 21170:873.681 - 1.166ms returns 0x00
T498C 21171:260.122 JLINK_TIF_Select(JLINKARM_TIF_SWD)
T498C 21171:260.713 - 0.623ms returns 0x00
T498C 21171:260.773 JLINK_SetSpeed(4000)
T498C 21171:260.881 - 0.134ms
T498C 21171:260.930 JLINK_ResetPullsRESET(OFF)
T498C 21171:260.972 - 0.063ms
T498C 21171:261.035 JLINK_Connect()
T498C 21171:261.657   Found SW-DP with ID 0x2BA01477
T498C 21171:263.398   DPIDR: 0x2BA01477
T498C 21171:264.249   CoreSight SoC-400 or earlier
T498C 21171:264.276   Scanning AP map to find all available APs
T498C 21171:264.681   AP[1]: Stopped AP scan as end of AP map has been reached
T498C 21171:264.725   AP[0]: AHB-AP (IDR: 0x24770011)
T498C 21171:264.757   Iterating through AP map to find AHB-AP to use
T498C 21171:265.189   AP[0]: Core found
T498C 21171:265.225   AP[0]: AHB-AP ROM base: 0xE00FF000
T498C 21171:265.476   CPUID register: 0x410FC241. Implementer code: 0x41 (ARM)
T498C 21171:265.514   Found Cortex-M4 r0p1, Little endian.
T498C 21171:366.543   -- Max. mem block: 0x0000DCF8
T498C 21171:366.627   CPU_ReadMem(4 bytes @ 0xE000EDF0)
T498C 21171:366.899   CPU_WriteMem(4 bytes @ 0xE000EDF0)
T498C 21171:367.140   CPU_ReadMem(4 bytes @ 0xE0002000)
T498C 21171:367.414   FPUnit: 6 code (BP) slots and 2 literal slots
T498C 21171:367.432   CPU_ReadMem(4 bytes @ 0xE000EDFC)
T498C 21171:367.651   CPU_WriteMem(4 bytes @ 0xE000EDFC)
T498C 21171:367.893   CPU_ReadMem(4 bytes @ 0xE0001000)
T498C 21171:368.121   CPU_WriteMem(4 bytes @ 0xE0001000)
T498C 21171:368.352   CPU_ReadMem(4 bytes @ 0xE000ED88)
T498C 21171:368.591   CPU_WriteMem(4 bytes @ 0xE000ED88)
T498C 21171:368.825   CPU_ReadMem(4 bytes @ 0xE000ED88)
T498C 21171:369.041   CPU_WriteMem(4 bytes @ 0xE000ED88)
T498C 21171:369.312   CoreSight components:
T498C 21171:369.354   ROMTbl[0] @ E00FF000
T498C 21171:369.374   CPU_ReadMem(64 bytes @ 0xE00FF000)
T498C 21171:369.831   CPU_ReadMem(32 bytes @ 0xE000EFE0)
T498C 21171:370.172   [0][0]: E000E000 CID B105E00D PID 000BB000 SCS
T498C 21171:370.190   CPU_ReadMem(32 bytes @ 0xE0001FE0)
T498C 21171:370.575   [0][1]: E0001000 CID B105E00D PID 003BB002 DWT
T498C 21171:370.633   CPU_ReadMem(32 bytes @ 0xE0002FE0)
T498C 21171:371.018   [0][2]: E0002000 CID B105E00D PID 002BB003 FPB
T498C 21171:371.046   CPU_ReadMem(32 bytes @ 0xE0000FE0)
T498C 21171:371.389   [0][3]: E0000000 CID B105E00D PID 003BB001 ITM
T498C 21171:371.417   CPU_ReadMem(32 bytes @ 0xE0040FE0)
T498C 21171:371.771   [0][4]: E0040000 CID B105900D PID 000BB9A1 TPIU
T498C 21171:371.802 - 110.774ms returns 0x00
T498C 21171:371.886 JLINK_Halt()
T498C 21171:373.895 - 2.096ms returns 0x00
T498C 21171:374.251 JLINK_BeginDownload(Flags = 0x00000000)
T498C 21171:374.270 - 0.024ms
T498C 21171:374.308 JLINK_WriteMem(0x400E0A04, 0x4 Bytes, ...)
T498C 21171:374.321   Data:  0B 01 00 5A
T498C 21171:374.770   CPU_WriteMem(4 bytes @ 0x400E0A04)
T498C 21171:375.050 - 0.756ms returns 0x4
T498C 21171:375.122 JLINK_EndDownload()
T498C 21171:375.134 - 0.016ms returns 0 (0x0)
T498C 21171:375.146 JLINK_ReadMemHW(0x400E0A08, 0x0004 Bytes, ...)
T498C 21171:375.160   CPU_ReadMem(4 bytes @ 0x400E0A08)
T498C 21171:375.414   Data:  01 00 00 00
T498C 21171:375.440 - 0.300ms returns 0
T498C 21171:375.561 JLINK_SetResetType(JLINKARM_CM3_RESET_TYPE_NORMAL)
T498C 21171:375.577 - 0.021ms returns JLINKARM_CM3_RESET_TYPE_NORMAL
T498C 21171:375.592 JLINK_Reset()
T498C 21171:375.871   CPU_ReadMem(16 bytes @ 0x20000000)
T498C 21171:376.192   CPU_WriteMem(16 bytes @ 0x20000000)
T498C 21171:376.584   CPU_ReadMem(4 bytes @ 0xE000EDFC)
T498C 21171:376.888   CPU_WriteMem(4 bytes @ 0xE000EDFC)
T498C 21171:377.248   CPU_ReadMem(4 bytes @ 0xE0001000)
T498C 21171:391.119   CPU_WriteMem(4 bytes @ 0xE000EDFC)
T498C 21171:391.684   CPU_WriteMem(16 bytes @ 0x20000000)
T498C 21171:394.117   CPU_WriteMem(4 bytes @ 0xE0002000)
T498C 21171:394.464   CPU_ReadMem(4 bytes @ 0xE000EDFC)
T498C 21171:394.723   CPU_ReadMem(4 bytes @ 0xE0001000)
T498C 21171:394.971 - 19.390ms
T498C 21171:396.890 JLINK_JTAG_GetDeviceID(DeviceIndex = 0)
T498C 21171:396.914 - 0.031ms returns 0
T498C 21171:396.930 JLINK_ReadMemU32(0x400E0740, 0x1 Items)
T498C 21171:396.952   CPU_ReadMem(4 bytes @ 0x400E0740)
T498C 21171:397.217   Data:  E0 0C A7 28
T498C 21171:397.235 - 0.309ms returns 1 (0x1)
T498C 21171:397.307 JLINK_ReadMemU32(0x400E0744, 0x1 Items)
T498C 21171:397.340   CPU_ReadMem(4 bytes @ 0x400E0744)
T498C 21171:397.598   Data:  00 00 00 00
T498C 21171:397.624 - 0.324ms returns 1 (0x1)
T498C 21171:397.735 JLINK_BeginDownload(Flags = 0x00000000)
T498C 21171:397.753 - 0.025ms
T498C 21171:397.792 JLINK_WriteMem(0x400E0A04, 0x4 Bytes, ...)
T498C 21171:397.809   Data:  05 00 00 5A
T498C 21171:397.838   CPU_WriteMem(4 bytes @ 0x400E0A04)
T498C 21171:398.087 - 0.304ms returns 0x4
T498C 21171:398.133 JLINK_EndDownload()
T498C 21171:398.146 - 0.017ms returns 0 (0x0)
T498C 21171:398.158 JLINK_ReadMemHW(0x400E0A08, 0x0004 Bytes, ...)
T498C 21171:398.173   CPU_ReadMem(4 bytes @ 0x400E0A08)
T498C 21171:398.416   Data:  00 00 00 00
T498C 21171:398.435 - 0.282ms returns 0
T498C 21171:402.175 JLINK_ReadMemHW(0x400E0A08, 0x0004 Bytes, ...)
T498C 21171:402.214   CPU_ReadMem(4 bytes @ 0x400E0A08)
T498C 21171:402.538   Data:  00 00 00 00
T498C 21171:402.556 - 0.386ms returns 0
T39A8 21171:407.226 JLINK_IsHalted()
T39A8 21171:407.272 - 0.051ms returns TRUE
T39A8 21171:407.290 JLINK_GetMOEs(...)
T39A8 21171:407.308   CPU_ReadMem(4 bytes @ 0xE000ED30)
T39A8 21171:407.598 - 0.323ms returns 0x01
T39A8 21171:407.630 JLINK_ReadReg(R15 (PC))
T39A8 21171:407.644 - 0.019ms returns 0x004012F4
T498C 21171:407.668 JLINK_ReadMemHW(0x400E0A08, 0x0004 Bytes, ...)
T498C 21171:407.699   CPU_ReadMem(4 bytes @ 0x400E0A08)
T498C 21171:407.947   Data:  00 00 00 00
T498C 21171:407.998 - 0.345ms returns 0
T498C 21171:427.126 JLINK_ReadMemHW(0x400E0A08, 0x0004 Bytes, ...)
T498C 21171:427.202   CPU_ReadMem(4 bytes @ 0x400E0A08)
T498C 21171:427.488   Data:  00 00 00 00
T498C 21171:427.518 - 0.398ms returns 0
T498C 21171:492.955 JLINK_ReadMemHW(0x400E0A08, 0x0004 Bytes, ...)
T498C 21171:493.007   CPU_ReadMem(4 bytes @ 0x400E0A08)
T498C 21171:493.277   Data:  00 00 00 00
T498C 21171:493.296 - 0.346ms returns 0
T39A8 21171:607.630 JLINK_IsHalted()
T39A8 21171:607.660 - 0.035ms returns TRUE
T498C 21171:749.253 JLINK_ReadMemHW(0x400E0A08, 0x0004 Bytes, ...)
T498C 21171:749.297   CPU_ReadMem(4 bytes @ 0x400E0A08)
T498C 21171:749.551   Data:  00 00 00 00
T498C 21171:749.573 - 0.325ms returns 0
T39A8 21171:811.138 JLINK_IsHalted()
T39A8 21171:811.186 - 0.055ms returns TRUE
T39A8 21172:011.553 JLINK_IsHalted()
T39A8 21172:011.816 - 0.273ms returns TRUE
T39A8 21172:214.035 JLINK_IsHalted()
T39A8 21172:214.061 - 0.030ms returns TRUE
T39A8 21172:414.530 JLINK_IsHalted()
T39A8 21172:414.556 - 0.029ms returns TRUE
T39A8 21172:616.034 JLINK_IsHalted()
T39A8 21172:616.325 - 0.300ms returns TRUE
T498C 21172:750.662 JLINK_ReadMemHW(0x400E0A08, 0x0004 Bytes, ...)
T498C 21172:750.716   CPU_ReadMem(4 bytes @ 0x400E0A08)
T498C 21172:751.071   Data:  00 00 00 00
T498C 21172:751.134 - 0.478ms returns 0
T498C 21172:751.259 JLINK_ReadMemHW(0x400E0A08, 0x0004 Bytes, ...)
T498C 21172:751.279   CPU_ReadMem(4 bytes @ 0x400E0A08)
T498C 21172:751.562   Data:  00 00 00 00
T498C 21172:751.584 - 0.331ms returns 0
T498C 21172:755.585 JLINK_ReadMemHW(0x400E0A08, 0x0004 Bytes, ...)
T498C 21172:755.607   CPU_ReadMem(4 bytes @ 0x400E0A08)
T498C 21172:755.868   Data:  00 00 00 00
T498C 21172:755.884 - 0.303ms returns 0
T498C 21172:766.545 JLINK_ReadMemHW(0x400E0A08, 0x0004 Bytes, ...)
T498C 21172:766.572   CPU_ReadMem(4 bytes @ 0x400E0A08)
T498C 21172:766.791   Data:  00 00 00 00
T498C 21172:766.810 - 0.269ms returns 0
T498C 21172:785.515 JLINK_ReadMemHW(0x400E0A08, 0x0004 Bytes, ...)
T498C 21172:785.587   CPU_ReadMem(4 bytes @ 0x400E0A08)
T498C 21172:785.901   Data:  00 00 00 00
T498C 21172:785.918 - 0.407ms returns 0
T39A8 21172:820.396 JLINK_IsHalted()
T39A8 21172:820.422 - 0.033ms returns TRUE
T498C 21172:851.335 JLINK_ReadMemHW(0x400E0A08, 0x0004 Bytes, ...)
T498C 21172:851.368   CPU_ReadMem(4 bytes @ 0x400E0A08)
T498C 21172:851.623   Data:  00 00 00 00
T498C 21172:851.640 - 0.309ms returns 0
T39A8 21173:021.847 JLINK_IsHalted()
T39A8 21173:021.874 - 0.031ms returns TRUE
T498C 21173:108.647 JLINK_ReadMemHW(0x400E0A08, 0x0004 Bytes, ...)
T498C 21173:108.680   CPU_ReadMem(4 bytes @ 0x400E0A08)
T498C 21173:108.954   Data:  00 00 00 00
T498C 21173:108.971 - 0.328ms returns 0
T39A8 21173:223.358 JLINK_IsHalted()
T39A8 21173:223.650 - 0.306ms returns TRUE
T39A8 21173:423.804 JLINK_IsHalted()
T39A8 21173:423.831 - 0.031ms returns TRUE
T39A8 21173:624.033 JLINK_IsHalted()
T39A8 21173:624.059 - 0.030ms returns TRUE
T39A8 21173:824.487 JLINK_IsHalted()
T39A8 21173:824.840 - 0.360ms returns TRUE
T39A8 21174:025.919 JLINK_IsHalted()
T39A8 21174:025.946 - 0.031ms returns TRUE
T498C 21174:110.723 JLINK_ReadMemHW(0x400E0A08, 0x0004 Bytes, ...)
T498C 21174:110.755   CPU_ReadMem(4 bytes @ 0x400E0A08)
T498C 21174:111.024   Data:  00 00 00 00
T498C 21174:111.040 - 0.320ms returns 0
T498C 21174:111.130 JLINK_ReadMemHW(0x400E0A08, 0x0004 Bytes, ...)
T498C 21174:111.144   CPU_ReadMem(4 bytes @ 0x400E0A08)
T498C 21174:111.367   Data:  00 00 00 00
T498C 21174:111.392 - 0.266ms returns 0
T498C 21174:114.703 JLINK_ReadMemHW(0x400E0A08, 0x0004 Bytes, ...)
T498C 21174:114.721   CPU_ReadMem(4 bytes @ 0x400E0A08)
T498C 21174:114.950   Data:  00 00 00 00
T498C 21174:114.966 - 0.266ms returns 0
T498C 21174:123.691 JLINK_ReadMemHW(0x400E0A08, 0x0004 Bytes, ...)
T498C 21174:123.719   CPU_ReadMem(4 bytes @ 0x400E0A08)
T498C 21174:123.979   Data:  00 00 00 00
T498C 21174:123.995 - 0.308ms returns 0
T498C 21174:140.607 JLINK_ReadMemHW(0x400E0A08, 0x0004 Bytes, ...)
T498C 21174:140.641   CPU_ReadMem(4 bytes @ 0x400E0A08)
T498C 21174:140.871   Data:  00 00 00 00
T498C 21174:140.886 - 0.283ms returns 0
T498C 21174:205.439 JLINK_ReadMemHW(0x400E0A08, 0x0004 Bytes, ...)
T498C 21174:205.473   CPU_ReadMem(4 bytes @ 0x400E0A08)
T498C 21174:205.712   Data:  00 00 00 00
T498C 21174:205.727 - 0.291ms returns 0
T39A8 21174:226.376 JLINK_IsHalted()
T39A8 21174:226.400 - 0.030ms returns TRUE
T39A8 21174:426.839 JLINK_IsHalted()
T39A8 21174:427.090 - 0.265ms returns TRUE
T498C 21174:461.749 JLINK_ReadMemHW(0x400E0A08, 0x0004 Bytes, ...)
T498C 21174:461.777   CPU_ReadMem(4 bytes @ 0x400E0A08)
T498C 21174:462.061   Data:  00 00 00 00
T498C 21174:462.078 - 0.333ms returns 0
T39A8 21174:631.298 JLINK_IsHalted()
T39A8 21174:631.330 - 0.038ms returns TRUE
T39A8 21174:834.746 JLINK_IsHalted()
T39A8 21174:834.772 - 0.030ms returns TRUE
T39A8 21175:036.216 JLINK_IsHalted()
T39A8 21175:036.462 - 0.254ms returns TRUE
T39A8 21175:236.676 JLINK_IsHalted()
T39A8 21175:236.702 - 0.030ms returns TRUE
T39A8 21175:439.135 JLINK_IsHalted()
T39A8 21175:439.159 - 0.028ms returns TRUE
T498C 21175:465.106 JLINK_ReadMemHW(0x400E0A08, 0x0004 Bytes, ...)
T498C 21175:465.138   CPU_ReadMem(4 bytes @ 0x400E0A08)
T498C 21175:465.404   Data:  00 00 00 00
T498C 21175:465.422 - 0.320ms returns 0
T498C 21175:465.515 JLINK_ReadMemHW(0x400E0A08, 0x0004 Bytes, ...)
T498C 21175:465.529   CPU_ReadMem(4 bytes @ 0x400E0A08)
T498C 21175:465.769   Data:  00 00 00 00
T498C 21175:465.786 - 0.275ms returns 0
T498C 21175:467.166 JLINK_ReadMemHW(0x400E0A08, 0x0004 Bytes, ...)
T498C 21175:467.200   CPU_ReadMem(4 bytes @ 0x400E0A08)
T498C 21175:467.443   Data:  00 00 00 00
T498C 21175:467.469 - 0.309ms returns 0
T498C 21175:473.078 JLINK_ReadMemHW(0x400E0A08, 0x0004 Bytes, ...)
T498C 21175:473.107   CPU_ReadMem(4 bytes @ 0x400E0A08)
T498C 21175:473.371   Data:  00 00 00 00
T498C 21175:473.387 - 0.313ms returns 0
T498C 21175:492.004 JLINK_ReadMemHW(0x400E0A08, 0x0004 Bytes, ...)
T498C 21175:492.041   CPU_ReadMem(4 bytes @ 0x400E0A08)
T498C 21175:492.318   Data:  00 00 00 00
T498C 21175:492.336 - 0.336ms returns 0
T498C 21175:561.125 JLINK_ReadMemHW(0x400E0A08, 0x0004 Bytes, ...)
T498C 21175:561.178   CPU_ReadMem(4 bytes @ 0x400E0A08)
T498C 21175:561.474   Data:  00 00 00 00
T498C 21175:561.491 - 0.370ms returns 0
T39A8 21175:640.644 JLINK_IsHalted()
T39A8 21175:640.975 - 0.344ms returns TRUE
T498C 21175:817.125 JLINK_ReadMemHW(0x400E0A08, 0x0004 Bytes, ...)
T498C 21175:817.152   CPU_ReadMem(4 bytes @ 0x400E0A08)
T498C 21175:817.424   Data:  01 00 00 00
T498C 21175:817.442 - 0.321ms returns 0
T39A8 21175:841.059 JLINK_IsHalted()
T39A8 21175:841.084 - 0.029ms returns TRUE
T498C 21175:841.644 JLINK_ResetPullsRESET(ON)
T498C 21175:841.659 - 0.018ms
T498C 21175:841.669 JLINK_ResetNoHalt()
T498C 21175:842.236   Found SW-DP with ID 0x2BA01477
T498C 21175:843.448   DPIDR: 0x2BA01477
T498C 21175:843.474   CoreSight SoC-400 or earlier
T498C 21175:843.510   AP map detection skipped. Manually configured AP map found.
T498C 21175:843.553   AP[0]: AHB-AP (IDR: Not set)
T498C 21175:844.021   AP[0]: Core found
T498C 21175:844.070   AP[0]: AHB-AP ROM base: 0xE00FF000
T498C 21175:844.313   CPUID register: 0x410FC241. Implementer code: 0x41 (ARM)
T498C 21175:844.368   Found Cortex-M4 r0p1, Little endian.
T498C 21175:944.937   -- Max. mem block: 0x0000DA80
T498C 21175:944.968   CPU_ReadMem(4 bytes @ 0xE000EDF0)
T498C 21175:945.228   CPU_ReadMem(4 bytes @ 0xE0002000)
T498C 21175:945.532   FPUnit: 6 code (BP) slots and 2 literal slots
T498C 21175:945.556   CPU_ReadMem(4 bytes @ 0xE000EDFC)
T498C 21175:945.812   CPU_ReadMem(4 bytes @ 0xE0001000)
T498C 21175:946.065   CPU_WriteMem(4 bytes @ 0xE0001000)
T498C 21175:946.287   CPU_ReadMem(4 bytes @ 0xE000ED88)
T498C 21175:946.511   CPU_WriteMem(4 bytes @ 0xE000ED88)
T498C 21175:946.734   CPU_ReadMem(4 bytes @ 0xE000ED88)
T498C 21175:946.958   CPU_WriteMem(4 bytes @ 0xE000ED88)
T498C 21175:947.217   CoreSight components:
T498C 21175:947.244   ROMTbl[0] @ E00FF000
T498C 21175:947.257   CPU_ReadMem(64 bytes @ 0xE00FF000)
T498C 21175:947.685   CPU_ReadMem(32 bytes @ 0xE000EFE0)
T498C 21175:948.009   [0][0]: E000E000 CID B105E00D PID 000BB000 SCS
T498C 21175:948.026   CPU_ReadMem(32 bytes @ 0xE0001FE0)
T498C 21175:948.359   [0][1]: E0001000 CID B105E00D PID 003BB002 DWT
T498C 21175:948.379   CPU_ReadMem(32 bytes @ 0xE0002FE0)
T498C 21175:948.703   [0][2]: E0002000 CID B105E00D PID 002BB003 FPB
T498C 21175:948.722   CPU_ReadMem(32 bytes @ 0xE0000FE0)
T498C 21175:949.052   [0][3]: E0000000 CID B105E00D PID 003BB001 ITM
T498C 21175:949.070   CPU_ReadMem(32 bytes @ 0xE0040FE0)
T498C 21175:949.388   [0][4]: E0040000 CID B105900D PID 000BB9A1 TPIU
T498C 21175:949.412   JLINK_Reset()
T498C 21175:949.425     CPU_ReadMem(16 bytes @ 0x20000000)
T498C 21175:949.694     CPU_WriteMem(16 bytes @ 0x20000000)
T498C 21175:949.969     CPU_ReadMem(4 bytes @ 0xE000EDFC)
T498C 21175:950.189     CPU_WriteMem(4 bytes @ 0xE000EDFC)
T498C 21175:950.416     CPU_ReadMem(4 bytes @ 0xE0001000)
T498C 21175:950.676     CPU_WriteMem(4 bytes @ 0xE0001004)
T498C 21175:963.580     CPU_WriteMem(4 bytes @ 0xE000EDFC)
T498C 21175:963.872     CPU_WriteMem(16 bytes @ 0x20000000)
T498C 21175:966.051     CPU_WriteMem(4 bytes @ 0xE0002000)
T498C 21175:966.330     CPU_ReadMem(4 bytes @ 0xE000EDFC)
T498C 21175:966.596     CPU_ReadMem(4 bytes @ 0xE0001000)
T498C 21175:966.857   - 17.454ms
T498C 21175:966.875   JLINK_Go()
T498C 21175:966.888     CPU_ReadMem(4 bytes @ 0xE0001000)
T498C 21175:967.145     CPU_WriteMem(4 bytes @ 0xE0001004)
T498C 21175:967.724   - 0.859ms
T498C 21175:967.739 - 126.075ms
T498C 21175:969.874 JLINK_Close()
T498C 21175:994.215 - 24.371ms
T498C 21175:994.252   
T498C 21175:994.263   Closed
